This file contains any messages produced by compilers while
running configure, to aid debugging if configure makes a mistake.

It was created by mkdep configure noversion, which was
generated by GNU Autoconf 2.52.  Invocation command line was

  $ /Users/sidqian/Downloads/summer/L2S/netbsd-src/tools/host-mkdep/configure --cache-file=config.cache

## ---------- ##
## Platform.  ##
## ---------- ##

hostname = Sid-Qians-MacBook-Pro-2.local
uname -m = x86_64
uname -r = 22.1.0
uname -s = Darwin
uname -v = Darwin Kernel Version 22.1.0: Sun Oct  9 20:14:54 PDT 2022; root:xnu-8792.41.9~2/RELEASE_X86_64

/usr/bin/uname -p = i386
/bin/uname -X     = unknown

/bin/arch              = unknown
/usr/bin/arch -k       = unknown
/usr/convex/getsysinfo = unknown
hostinfo               = Mach kernel version:
	 Darwin Kernel Version 22.1.0: Sun Oct  9 20:14:54 PDT 2022; root:xnu-8792.41.9~2/RELEASE_X86_64
Kernel configured for up to 8 processors.
4 processors are physically available.
8 processors are logically available.
Processor type: x86_64h (Intel x86-64h Haswell)
Processors active: 0 1 2 3 4 5 6 7
Primary memory available: 16.00 gigabytes
Default processor set: 637 tasks, 2995 threads, 8 processors
Load average: 5.37, Mach factor: 2.87
/bin/machine           = unknown
/usr/bin/oslevel       = unknown
/bin/universe          = unknown

PATH = /usr/local/bin:/System/Cryptexes/App/usr/bin:/usr/bin:/bin:/usr/sbin:/sbin:/Library/Apple/usr/bin:/Users/sidqian/ch-darwin-amd64:/Users/sidqian/ch-darwin-amd64:/Users/sidqian/Downloads/flutter/bin

## ------------ ##
## Core tests.  ##
## ------------ ##

configure:843: creating cache config.cache
configure:914: PATH=".;."; conftest.sh
/Users/sidqian/Downloads/summer/L2S/netbsd-src/tools/host-mkdep/configure: line 915: conftest.sh: command not found
configure:917: $? = 127
configure:928: checking for sh
configure:956: result: /bin/sh
configure:975: checking for mawk
configure:1001: result: no
configure:975: checking for gawk
configure:1001: result: no
configure:975: checking for nawk
configure:1001: result: no
configure:975: checking for awk
configure:990: found /usr/bin/awk
configure:998: result: awk
configure:1051: checking for gcc
configure:1074: result: cc
configure:1302: checking for C compiler version
configure:1305: cc --version </dev/null >&5
Apple clang version 14.0.3 (clang-1403.0.22.14.1)
Target: x86_64-apple-darwin22.1.0
Thread model: posix
InstalledDir: /Applications/Xcode.app/Contents/Developer/Toolchains/XcodeDefault.xctoolchain/usr/bin
configure:1308: $? = 0
configure:1310: cc -v </dev/null >&5
Apple clang version 14.0.3 (clang-1403.0.22.14.1)
Target: x86_64-apple-darwin22.1.0
Thread model: posix
InstalledDir: /Applications/Xcode.app/Contents/Developer/Toolchains/XcodeDefault.xctoolchain/usr/bin
configure:1313: $? = 0
configure:1315: cc -V </dev/null >&5
clang: error: argument to '-V' is missing (expected 1 value)
clang: error: no input files
configure:1318: $? = 1
configure:1338: checking for C compiler default output
configure:1341: cc    conftest.c  >&5
configure:1344: $? = 0
configure:1373: result: a.out
configure:1378: checking whether the C compiler works
configure:1384: ./a.out
configure:1387: $? = 0
configure:1402: result: yes
configure:1409: checking whether we are cross compiling
configure:1411: result: no
configure:1414: checking for executable suffix
configure:1416: cc -o conftest    conftest.c  >&5
configure:1419: $? = 0
configure:1441: result: 
configure:1447: checking for object suffix
configure:1465: cc -c   conftest.c >&5
configure:1468: $? = 0
configure:1487: result: o
configure:1491: checking whether we are using the GNU C compiler
configure:1512: cc -c   conftest.c >&5
configure:1515: $? = 0
configure:1518: test -s conftest.o
configure:1521: $? = 0
configure:1533: result: yes
configure:1539: checking whether cc accepts -g
configure:1557: cc -c -g  conftest.c >&5
configure:1560: $? = 0
configure:1563: test -s conftest.o
configure:1566: $? = 0
configure:1576: result: yes
configure:1603: cc -c -g -O2  conftest.c >&5
conftest.c:2:3: error: unknown type name 'choke'
  choke me
  ^
conftest.c:2:11: error: expected ';' after top level declarator
  choke me
          ^
          ;
2 errors generated.
configure:1606: $? = 1
configure: failed program was:
#ifndef __cplusplus
  choke me
#endif
configure:1709: checking how to run the C preprocessor
configure:1735: cc -E  conftest.c
configure:1741: $? = 0
configure:1768: cc -E  conftest.c
configure:1765:10: fatal error: 'ac_nonexistent.h' file not found
#include <ac_nonexistent.h>
         ^~~~~~~~~~~~~~~~~~
1 error generated.
configure:1774: $? = 1
configure: failed program was:
#line 1764 "configure"
#include "confdefs.h"
#include <ac_nonexistent.h>
configure:1811: result: cc -E
configure:1826: cc -E  conftest.c
configure:1832: $? = 0
configure:1859: cc -E  conftest.c
configure:1856:10: fatal error: 'ac_nonexistent.h' file not found
#include <ac_nonexistent.h>
         ^~~~~~~~~~~~~~~~~~
1 error generated.
configure:1865: $? = 1
configure: failed program was:
#line 1855 "configure"
#include "confdefs.h"
#include <ac_nonexistent.h>
configure:2013: creating ./config.status

## ----------------------- ##
## Running config.status.  ##
## ----------------------- ##

This file was extended by config.status (mkdep noversion) 2.52, executed with
  CONFIG_FILES    = 
  CONFIG_HEADERS  = 
  CONFIG_LINKS    = 
  CONFIG_COMMANDS = 
  > ./config.status 
on Sid-Qians-MacBook-Pro-2.local

config.status:2434: creating host-mkdep

## ----------------- ##
## Cache variables.  ##
## ----------------- ##

ac_cv_c_compiler_gnu=yes
ac_cv_env_CC_set=set
ac_cv_env_CC_value=cc
ac_cv_env_CFLAGS_set=
ac_cv_env_CFLAGS_value=
ac_cv_env_CPPFLAGS_set=
ac_cv_env_CPPFLAGS_value=
ac_cv_env_CPP_set=
ac_cv_env_CPP_value=
ac_cv_env_LDFLAGS_set=
ac_cv_env_LDFLAGS_value=
ac_cv_env_build_alias_set=
ac_cv_env_build_alias_value=
ac_cv_env_host_alias_set=
ac_cv_env_host_alias_value=
ac_cv_env_target_alias_set=
ac_cv_env_target_alias_value=
ac_cv_objext=o
ac_cv_path_BSHELL=/bin/sh
ac_cv_prog_AWK=awk
ac_cv_prog_CPP='cc -E'
ac_cv_prog_ac_ct_CC=cc
ac_cv_prog_cc_g=yes


configure: exit 0
