This file contains any messages produced by compilers while
running configure, to aid debugging if configure makes a mistake.

It was created by libctf configure 1.2.0, which was
generated by GNU Autoconf 2.69.  Invocation command line was

  $ /Users/sidqian/Downloads/summer/L2S/netbsd-src/external/gpl3/binutils/dist/libctf/configure --srcdir=/Users/sidqian/Downloads/summer/L2S/netbsd-src/tools/binutils/../../external/gpl3/binutils/dist/libctf --cache-file=./config.cache --with-gnu-as --with-gnu-ld --disable-nls --disable-werror --enable-initfini-array=yes --enable-default-execstack=no --with-pkgversion=NetBSD Binutils nb1 --with-bugurl=http://www.NetBSD.org/support/send-pr.html --with-lib-path==/usr/lib --with-sysroot --prefix=/Users/sidqian/Downloads/summer/L2S/netbsd-src/build/obj/tooldir.Darwin-22.1.0-x86_64 --program-transform-name=s,^,m68k--netbsdelf-, --disable-option-checking --build=x86_64-apple-darwin22.1.0 --host=x86_64-apple-darwin22.1.0 --target=m68k--netbsdelf

## --------- ##
## Platform. ##
## --------- ##

hostname = Sid-Qians-MacBook-Pro-2.local
uname -m = x86_64
uname -r = 22.1.0
uname -s = Darwin
uname -v = Darwin Kernel Version 22.1.0: Sun Oct  9 20:14:54 PDT 2022; root:xnu-8792.41.9~2/RELEASE_X86_64

/usr/bin/uname -p = i386
/bin/uname -X     = unknown

/bin/arch              = unknown
/usr/bin/arch -k       = unknown
/usr/convex/getsysinfo = unknown
/usr/bin/hostinfo      = Mach kernel version:
	 Darwin Kernel Version 22.1.0: Sun Oct  9 20:14:54 PDT 2022; root:xnu-8792.41.9~2/RELEASE_X86_64
Kernel configured for up to 8 processors.
4 processors are physically available.
8 processors are logically available.
Processor type: x86_64h (Intel x86-64h Haswell)
Processors active: 0 1 2 3 4 5 6 7
Primary memory available: 16.00 gigabytes
Default processor set: 674 tasks, 3052 threads, 8 processors
Load average: 5.32, Mach factor: 2.85
/bin/machine           = unknown
/usr/bin/oslevel       = unknown
/bin/universe          = unknown

PATH: /Users/sidqian/Downloads/summer/L2S/netbsd-src/build/obj/tooldir.Darwin-22.1.0-x86_64/bin
PATH: /usr/local/bin
PATH: /System/Cryptexes/App/usr/bin
PATH: /usr/bin
PATH: /bin
PATH: /usr/sbin
PATH: /sbin
PATH: /Library/Apple/usr/bin
PATH: /Users/sidqian/ch-darwin-amd64
PATH: /Users/sidqian/ch-darwin-amd64
PATH: /Users/sidqian/Downloads/flutter/bin


## ----------- ##
## Core tests. ##
## ----------- ##

configure:2230: creating cache ./config.cache
configure:2347: checking build system type
configure:2361: result: x86_64-apple-darwin22.1.0
configure:2381: checking host system type
configure:2394: result: x86_64-apple-darwin22.1.0
configure:2414: checking target system type
configure:2427: result: m68k--netbsdelf
configure:2464: checking for x86_64-apple-darwin22.1.0-gcc
configure:2491: result: cc
configure:2760: checking for C compiler version
configure:2769: cc --version >&5
Apple clang version 14.0.3 (clang-1403.0.22.14.1)
Target: x86_64-apple-darwin22.1.0
Thread model: posix
InstalledDir: /Applications/Xcode.app/Contents/Developer/Toolchains/XcodeDefault.xctoolchain/usr/bin
configure:2780: $? = 0
configure:2769: cc -v >&5
Apple clang version 14.0.3 (clang-1403.0.22.14.1)
Target: x86_64-apple-darwin22.1.0
Thread model: posix
InstalledDir: /Applications/Xcode.app/Contents/Developer/Toolchains/XcodeDefault.xctoolchain/usr/bin
configure:2780: $? = 0
configure:2769: cc -V >&5
clang: error: argument to '-V' is missing (expected 1 value)
clang: error: no input files
configure:2780: $? = 1
configure:2769: cc -qversion >&5
clang: error: unknown argument '-qversion'; did you mean '--version'?
clang: error: no input files
configure:2780: $? = 1
configure:2800: checking whether the C compiler works
configure:2822: cc -O -O2 -no-cpp-precomp       conftest.c  >&5
configure:2826: $? = 0
configure:2874: result: yes
configure:2877: checking for C compiler default output file name
configure:2879: result: a.out
configure:2885: checking for suffix of executables
configure:2892: cc -o conftest -O -O2 -no-cpp-precomp       conftest.c  >&5
configure:2896: $? = 0
configure:2918: result: 
configure:2940: checking whether we are cross compiling
configure:2948: cc -o conftest -O -O2 -no-cpp-precomp       conftest.c  >&5
configure:2952: $? = 0
configure:2959: ./conftest
configure:2963: $? = 0
configure:2978: result: no
configure:2983: checking for suffix of object files
configure:3005: cc -c -O -O2 -no-cpp-precomp    conftest.c >&5
configure:3009: $? = 0
configure:3030: result: o
configure:3034: checking whether we are using the GNU C compiler
configure:3053: cc -c -O -O2 -no-cpp-precomp    conftest.c >&5
configure:3053: $? = 0
configure:3062: result: yes
configure:3071: checking whether cc accepts -g
configure:3091: cc -c -g  conftest.c >&5
configure:3091: $? = 0
configure:3132: result: yes
configure:3149: checking for cc option to accept ISO C89
configure:3212: cc  -c -O -O2 -no-cpp-precomp    conftest.c >&5
conftest.c:15:14: warning: a function declaration without a prototype is deprecated in all versions of C and is not supported in C2x [-Wdeprecated-non-prototype]
static char *e (p, i)
             ^
1 warning generated.
configure:3212: $? = 0
configure:3225: result: none needed
configure:3250: checking whether cc understands -c and -o together
configure:3272: cc -c conftest.c -o conftest2.o
configure:3275: $? = 0
configure:3272: cc -c conftest.c -o conftest2.o
configure:3275: $? = 0
configure:3287: result: yes
configure:3310: checking how to run the C preprocessor
configure:3341: cc -E  conftest.c
configure:3341: $? = 0
configure:3355: cc -E  conftest.c
conftest.c:9:10: fatal error: 'ac_nonexistent.h' file not found
#include <ac_nonexistent.h>
         ^~~~~~~~~~~~~~~~~~
1 error generated.
configure:3355: $? = 1
configure: failed program was:
| /* confdefs.h */
| #define PACKAGE_NAME "libctf"
| #define PACKAGE_TARNAME "libctf"
| #define PACKAGE_VERSION "1.2.0"
| #define PACKAGE_STRING "libctf 1.2.0"
| #define PACKAGE_BUGREPORT ""
| #define PACKAGE_URL ""
| /* end confdefs.h.  */
| #include <ac_nonexistent.h>
configure:3380: result: cc -E
configure:3400: cc -E  conftest.c
configure:3400: $? = 0
configure:3414: cc -E  conftest.c
conftest.c:9:10: fatal error: 'ac_nonexistent.h' file not found
#include <ac_nonexistent.h>
         ^~~~~~~~~~~~~~~~~~
1 error generated.
configure:3414: $? = 1
configure: failed program was:
| /* confdefs.h */
| #define PACKAGE_NAME "libctf"
| #define PACKAGE_TARNAME "libctf"
| #define PACKAGE_VERSION "1.2.0"
| #define PACKAGE_STRING "libctf 1.2.0"
| #define PACKAGE_BUGREPORT ""
| #define PACKAGE_URL ""
| /* end confdefs.h.  */
| #include <ac_nonexistent.h>
configure:3443: checking for grep that handles long lines and -e
configure:3501: result: /usr/bin/grep
configure:3506: checking for egrep
configure:3568: result: /usr/bin/grep -E
configure:3573: checking for ANSI C header files
configure:3593: cc -c -O -O2 -no-cpp-precomp    conftest.c >&5
configure:3593: $? = 0
configure:3666: cc -o conftest -O -O2 -no-cpp-precomp       conftest.c  >&5
configure:3666: $? = 0
configure:3666: ./conftest
configure:3666: $? = 0
configure:3677: result: yes
configure:3690: checking for sys/types.h
configure:3690: cc -c -O -O2 -no-cpp-precomp    conftest.c >&5
configure:3690: $? = 0
configure:3690: result: yes
configure:3690: checking for sys/stat.h
configure:3690: cc -c -O -O2 -no-cpp-precomp    conftest.c >&5
configure:3690: $? = 0
configure:3690: result: yes
configure:3690: checking for stdlib.h
configure:3690: cc -c -O -O2 -no-cpp-precomp    conftest.c >&5
configure:3690: $? = 0
configure:3690: result: yes
configure:3690: checking for string.h
configure:3690: cc -c -O -O2 -no-cpp-precomp    conftest.c >&5
configure:3690: $? = 0
configure:3690: result: yes
configure:3690: checking for memory.h
configure:3690: cc -c -O -O2 -no-cpp-precomp    conftest.c >&5
configure:3690: $? = 0
configure:3690: result: yes
configure:3690: checking for strings.h
configure:3690: cc -c -O -O2 -no-cpp-precomp    conftest.c >&5
configure:3690: $? = 0
configure:3690: result: yes
configure:3690: checking for inttypes.h
configure:3690: cc -c -O -O2 -no-cpp-precomp    conftest.c >&5
configure:3690: $? = 0
configure:3690: result: yes
configure:3690: checking for stdint.h
configure:3690: cc -c -O -O2 -no-cpp-precomp    conftest.c >&5
configure:3690: $? = 0
configure:3690: result: yes
configure:3690: checking for unistd.h
configure:3690: cc -c -O -O2 -no-cpp-precomp    conftest.c >&5
configure:3690: $? = 0
configure:3690: result: yes
configure:3703: checking minix/config.h usability
configure:3703: cc -c -O -O2 -no-cpp-precomp    conftest.c >&5
conftest.c:52:10: fatal error: 'minix/config.h' file not found
#include <minix/config.h>
         ^~~~~~~~~~~~~~~~
1 error generated.
configure:3703: $? = 1
configure: failed program was:
| /* confdefs.h */
| #define PACKAGE_NAME "libctf"
| #define PACKAGE_TARNAME "libctf"
| #define PACKAGE_VERSION "1.2.0"
| #define PACKAGE_STRING "libctf 1.2.0"
| #define PACKAGE_BUGREPORT ""
| #define PACKAGE_URL ""
| #define STDC_HEADERS 1
| #define HAVE_SYS_TYPES_H 1
| #define HAVE_SYS_STAT_H 1
| #define HAVE_STDLIB_H 1
| #define HAVE_STRING_H 1
| #define HAVE_MEMORY_H 1
| #define HAVE_STRINGS_H 1
| #define HAVE_INTTYPES_H 1
| #define HAVE_STDINT_H 1
| #define HAVE_UNISTD_H 1
| /* end confdefs.h.  */
| #include <stdio.h>
| #ifdef HAVE_SYS_TYPES_H
| # include <sys/types.h>
| #endif
| #ifdef HAVE_SYS_STAT_H
| # include <sys/stat.h>
| #endif
| #ifdef STDC_HEADERS
| # include <stdlib.h>
| # include <stddef.h>
| #else
| # ifdef HAVE_STDLIB_H
| #  include <stdlib.h>
| # endif
| #endif
| #ifdef HAVE_STRING_H
| # if !defined STDC_HEADERS && defined HAVE_MEMORY_H
| #  include <memory.h>
| # endif
| # include <string.h>
| #endif
| #ifdef HAVE_STRINGS_H
| # include <strings.h>
| #endif
| #ifdef HAVE_INTTYPES_H
| # include <inttypes.h>
| #endif
| #ifdef HAVE_STDINT_H
| # include <stdint.h>
| #endif
| #ifdef HAVE_UNISTD_H
| # include <unistd.h>
| #endif
| #include <minix/config.h>
configure:3703: result: no
configure:3703: checking minix/config.h presence
configure:3703: cc -E  conftest.c
conftest.c:19:10: fatal error: 'minix/config.h' file not found
#include <minix/config.h>
         ^~~~~~~~~~~~~~~~
1 error generated.
configure:3703: $? = 1
configure: failed program was:
| /* confdefs.h */
| #define PACKAGE_NAME "libctf"
| #define PACKAGE_TARNAME "libctf"
| #define PACKAGE_VERSION "1.2.0"
| #define PACKAGE_STRING "libctf 1.2.0"
| #define PACKAGE_BUGREPORT ""
| #define PACKAGE_URL ""
| #define STDC_HEADERS 1
| #define HAVE_SYS_TYPES_H 1
| #define HAVE_SYS_STAT_H 1
| #define HAVE_STDLIB_H 1
| #define HAVE_STRING_H 1
| #define HAVE_MEMORY_H 1
| #define HAVE_STRINGS_H 1
| #define HAVE_INTTYPES_H 1
| #define HAVE_STDINT_H 1
| #define HAVE_UNISTD_H 1
| /* end confdefs.h.  */
| #include <minix/config.h>
configure:3703: result: no
configure:3703: checking for minix/config.h
configure:3703: result: no
configure:3724: checking whether it is safe to define __EXTENSIONS__
configure:3742: cc -c -O -O2 -no-cpp-precomp    conftest.c >&5
configure:3742: $? = 0
configure:3749: result: yes
configure:3779: checking for a BSD-compatible install
configure:3847: result: /Users/sidqian/Downloads/summer/L2S/netbsd-src/build/obj/tooldir.Darwin-22.1.0-x86_64/bin/m68k--netbsdelf-install -c  -r
configure:3858: checking whether build environment is sane
configure:3913: result: yes
configure:4061: checking for a thread-safe mkdir -p
configure:4100: result: /Users/sidqian/Downloads/summer/L2S/netbsd-src/build/obj/tooldir.Darwin-22.1.0-x86_64/bin/m68k--netbsdelf-install -d -p
configure:4107: checking for gawk
configure:4134: result: /Users/sidqian/Downloads/summer/L2S/netbsd-src/build/obj/tooldir.Darwin-22.1.0-x86_64/bin/nbawk
configure:4145: checking whether /Users/sidqian/Downloads/summer/L2S/netbsd-src/build/obj/tooldir.Darwin-22.1.0-x86_64/bin/nbmake sets $(MAKE)
configure:4167: result: yes
configure:4197: checking for style of include used by /Users/sidqian/Downloads/summer/L2S/netbsd-src/build/obj/tooldir.Darwin-22.1.0-x86_64/bin/nbmake
configure:4225: result: GNU
configure:4259: checking whether /Users/sidqian/Downloads/summer/L2S/netbsd-src/build/obj/tooldir.Darwin-22.1.0-x86_64/bin/nbmake supports nested variables
configure:4276: result: yes
configure:4361: checking dependency style of cc
configure:4472: result: gcc3
configure:4541: checking whether /Users/sidqian/Downloads/summer/L2S/netbsd-src/build/obj/tooldir.Darwin-22.1.0-x86_64/bin/nbmake supports nested variables
configure:4558: result: yes
configure:4571: checking whether /Users/sidqian/Downloads/summer/L2S/netbsd-src/build/obj/tooldir.Darwin-22.1.0-x86_64/bin/nbmake sets $(MAKE)
configure:4593: result: yes
configure:4610: checking for x86_64-apple-darwin22.1.0-gcc
configure:4637: result: cc
configure:4906: checking for C compiler version
configure:4915: cc --version >&5
Apple clang version 14.0.3 (clang-1403.0.22.14.1)
Target: x86_64-apple-darwin22.1.0
Thread model: posix
InstalledDir: /Applications/Xcode.app/Contents/Developer/Toolchains/XcodeDefault.xctoolchain/usr/bin
configure:4926: $? = 0
configure:4915: cc -v >&5
Apple clang version 14.0.3 (clang-1403.0.22.14.1)
Target: x86_64-apple-darwin22.1.0
Thread model: posix
InstalledDir: /Applications/Xcode.app/Contents/Developer/Toolchains/XcodeDefault.xctoolchain/usr/bin
configure:4926: $? = 0
configure:4915: cc -V >&5
clang: error: argument to '-V' is missing (expected 1 value)
clang: error: no input files
configure:4926: $? = 1
configure:4915: cc -qversion >&5
clang: error: unknown argument '-qversion'; did you mean '--version'?
clang: error: no input files
configure:4926: $? = 1
configure:4930: checking whether we are using the GNU C compiler
configure:4958: result: yes
configure:4967: checking whether cc accepts -g
configure:5028: result: yes
configure:5045: checking for cc option to accept ISO C89
configure:5121: result: none needed
configure:5146: checking whether cc understands -c and -o together
configure:5183: result: yes
configure:5203: checking for x86_64-apple-darwin22.1.0-ranlib
configure:5230: result: ranlib
configure:5297: checking for x86_64-apple-darwin22.1.0-ar
configure:5324: result: ar
configure:5394: checking the archiver (ar) interface
configure:5410: cc -c -O -O2 -no-cpp-precomp    conftest.c >&5
configure:5410: $? = 0
configure:5412: ar cru libconftest.a conftest.o >&5
configure:5415: $? = 0
configure:5443: result: ar
configure:5476: checking whether NLS is requested
configure:5479: result: no
configure:5612: checking how to print strings
configure:5639: result: printf
configure:5660: checking for a sed that does not truncate output
configure:5724: result: /usr/bin/sed
configure:5742: checking for fgrep
configure:5804: result: /usr/bin/grep -F
configure:5839: checking for ld used by cc
configure:5906: result: /Applications/Xcode.app/Contents/Developer/Toolchains/XcodeDefault.xctoolchain/usr/bin/ld
configure:5913: checking if the linker (/Applications/Xcode.app/Contents/Developer/Toolchains/XcodeDefault.xctoolchain/usr/bin/ld) is GNU ld
configure:5928: result: no
configure:5940: checking for BSD- or MS-compatible name lister (nm)
configure:5996: result: /usr/bin/nm
configure:6126: checking the name lister (/usr/bin/nm) interface
configure:6133: cc -c -O -O2 -no-cpp-precomp    conftest.c >&5
configure:6136: /usr/bin/nm "conftest.o"
configure:6139: output
0000000000000000 S _some_variable
configure:6146: result: BSD nm
configure:6149: checking whether ln -s works
configure:6153: result: yes
configure:6161: checking the maximum length of command line arguments
configure:6286: result: 786432
configure:6303: checking whether the shell understands some XSI constructs
configure:6313: result: yes
configure:6317: checking whether the shell understands "+="
configure:6323: result: yes
configure:6358: checking for /Applications/Xcode.app/Contents/Developer/Toolchains/XcodeDefault.xctoolchain/usr/bin/ld option to reload object files
configure:6365: result: -r
configure:6394: checking for x86_64-apple-darwin22.1.0-objdump
configure:6421: result: objdump
configure:6493: checking how to recognize dependent libraries
configure:6694: result: pass_all
configure:6727: checking for x86_64-apple-darwin22.1.0-ar
configure:6754: result: ar
configure:6845: checking for x86_64-apple-darwin22.1.0-strip
configure:6875: result: no
configure:6885: checking for strip
configure:6901: found /usr/bin/strip
configure:6912: result: strip
configure:6944: checking for x86_64-apple-darwin22.1.0-ranlib
configure:6971: result: ranlib
configure:7118: checking command to parse /usr/bin/nm output from cc object
configure:7236: cc -c -O -O2 -no-cpp-precomp    conftest.c >&5
configure:7239: $? = 0
configure:7243: /usr/bin/nm conftest.o \| sed -n -e 's/^.*[ ]\([ABCDGIRSTW][ABCDGIRSTW]*\)[ ][ ]*\([_A-Za-z][_A-Za-z0-9]*\)$/\1 \2 \2/p' \> conftest.nm
configure:7246: $? = 0
cannot find nm_test_var in conftest.nm
configure:7236: cc -c -O -O2 -no-cpp-precomp    conftest.c >&5
configure:7239: $? = 0
configure:7243: /usr/bin/nm conftest.o \| sed -n -e 's/^.*[ ]\([ABCDGIRSTW][ABCDGIRSTW]*\)[ ][ ]*_\([_A-Za-z][_A-Za-z0-9]*\)$/\1 _\2 \2/p' \> conftest.nm
configure:7246: $? = 0
configure:7300: cc -o conftest -O -O2 -no-cpp-precomp       conftest.c conftstm.o >&5
configure:7303: $? = 0
configure:7341: result: ok
configure:7578: checking for x86_64-apple-darwin22.1.0-dsymutil
configure:7605: result: @DSYMUTIL@
configure:7670: checking for x86_64-apple-darwin22.1.0-nmedit
configure:7700: result: no
configure:7710: checking for nmedit
configure:7726: found /usr/bin/nmedit
configure:7737: result: nmedit
configure:7762: checking for x86_64-apple-darwin22.1.0-lipo
configure:7792: result: no
configure:7802: checking for lipo
configure:7818: found /usr/bin/lipo
configure:7829: result: lipo
configure:7854: checking for x86_64-apple-darwin22.1.0-otool
configure:7881: result: @OTOOL@
configure:7946: checking for x86_64-apple-darwin22.1.0-otool64
configure:7976: result: no
configure:7986: checking for otool64
configure:8016: result: no
configure:8061: checking for -single_module linker flag
cc -O -O2 -no-cpp-precomp      -o libconftest.dylib -dynamiclib -Wl,-single_module conftest.c
configure:8088: result: yes
configure:8090: checking for -exported_symbols_list linker flag
configure:8110: cc -o conftest -O -O2 -no-cpp-precomp       -Wl,-exported_symbols_list,conftest.sym conftest.c  >&5
configure:8110: $? = 0
configure:8120: result: yes
configure:8122: checking for -force_load linker flag
cc -O -O2 -no-cpp-precomp   -c -o conftest.o conftest.c
ar cru libconftest.a conftest.o
cc -O -O2 -no-cpp-precomp      -o conftest conftest.c -Wl,-force_load,./libconftest.a
configure:8150: result: yes
configure:8189: checking for dlfcn.h
configure:8189: cc -c -O -O2 -no-cpp-precomp    conftest.c >&5
configure:8189: $? = 0
configure:8189: result: yes
configure:8346: checking for objdir
configure:8361: result: .libs
configure:8632: checking if cc supports -fno-rtti -fno-exceptions
configure:8650: cc -c -O -O2 -no-cpp-precomp    -fno-rtti -fno-exceptions conftest.c >&5
configure:8654: $? = 0
configure:8667: result: yes
configure:8687: checking for cc option to produce PIC
configure:8973: result: -fno-common -DPIC
configure:8985: checking if cc PIC flag -fno-common -DPIC works
configure:9003: cc -c -O -O2 -no-cpp-precomp    -fno-common -DPIC -DPIC conftest.c >&5
configure:9007: $? = 0
configure:9020: result: yes
configure:9044: checking if cc static flag -static works
configure:9072: result: no
configure:9087: checking if cc supports -c -o file.o
configure:9108: cc -c -O -O2 -no-cpp-precomp    -o out/conftest2.o conftest.c >&5
configure:9112: $? = 0
configure:9134: result: yes
configure:9142: checking if cc supports -c -o file.o
configure:9189: result: yes
configure:9222: checking whether the cc linker (/Applications/Xcode.app/Contents/Developer/Toolchains/XcodeDefault.xctoolchain/usr/bin/ld) supports shared libraries
configure:10293: result: yes
configure:10538: checking dynamic linker characteristics
configure:11201: result: darwin22.1.0 dyld
configure:11308: checking how to hardcode library paths into programs
configure:11333: result: immediate
configure:11873: checking whether stripping libraries is possible
configure:11887: result: yes
configure:11913: checking if libtool supports shared libraries
configure:11915: result: yes
configure:11918: checking whether to build shared libraries
configure:11939: result: no
configure:11942: checking whether to build static libraries
configure:11946: result: yes
configure:11988: checking for special C compiler options needed for large files
configure:12033: result: no
configure:12039: checking for _FILE_OFFSET_BITS value needed for large files
configure:12064: cc -c -O -O2 -no-cpp-precomp    conftest.c >&5
configure:12064: $? = 0
configure:12096: result: no
configure:12187: checking for aclocal
configure:12214: result: ${SHELL} /Users/sidqian/Downloads/summer/L2S/netbsd-src/external/gpl3/binutils/dist/missing aclocal-1.15
configure:12230: checking for autoconf
configure:12257: result: ${SHELL} /Users/sidqian/Downloads/summer/L2S/netbsd-src/external/gpl3/binutils/dist/missing autoconf
configure:12273: checking for autoheader
configure:12300: result: ${SHELL} /Users/sidqian/Downloads/summer/L2S/netbsd-src/external/gpl3/binutils/dist/missing autoheader
configure:12334: checking whether cc supports -W
configure:12351: cc -c -W  conftest.c >&5
configure:12351: $? = 0
configure:12360: result: yes
configure:12334: checking whether cc supports -Wall
configure:12351: cc -c -Wall  conftest.c >&5
configure:12351: $? = 0
configure:12360: result: yes
configure:12334: checking whether cc supports -Wnarrowing
configure:12351: cc -c -Wnarrowing  conftest.c >&5
configure:12351: $? = 0
configure:12360: result: yes
configure:12334: checking whether cc supports -Wwrite-strings
configure:12351: cc -c -Wwrite-strings  conftest.c >&5
configure:12351: $? = 0
configure:12360: result: yes
configure:12334: checking whether cc supports -Wmissing-format-attribute
configure:12351: cc -c -Wmissing-format-attribute  conftest.c >&5
configure:12351: $? = 0
configure:12360: result: yes
configure:12392: checking whether cc supports -Wstrict-prototypes
configure:12409: cc -c -Wstrict-prototypes  conftest.c >&5
conftest.c:30:6: warning: a function declaration without a prototype is deprecated in all versions of C [-Wstrict-prototypes]
main ()
     ^
      void
1 warning generated.
configure:12409: $? = 0
configure:12418: result: yes
configure:12392: checking whether cc supports -Wmissing-prototypes
configure:12409: cc -c -Wmissing-prototypes  conftest.c >&5
configure:12409: $? = 0
configure:12418: result: yes
configure:12392: checking whether cc supports -Wold-style-definition
configure:12409: cc -c -Wold-style-definition  conftest.c >&5
configure:12409: $? = 0
configure:12418: result: yes
configure:12442: checking whether cc supports -pedantic -Wlong-long
configure:12460: cc -c -pedantic -Wlong-long  conftest.c >&5
conftest.c:30:6: warning: a function declaration without a prototype is deprecated in all versions of C [-Wstrict-prototypes]
main ()
     ^
      void
1 warning generated.
configure:12460: $? = 0
configure:12468: result: yes
configure:12512: checking whether to enable maintainer-specific portions of Makefiles
configure:12521: result: no
configure:12549: checking whether to install libbfd
configure:12562: result: no
configure:12607: checking whether cc supports -Wall
configure:12633: result: yes
configure:12654: checking for stdlib.h
configure:12654: result: yes
configure:12654: checking for unistd.h
configure:12654: result: yes
configure:12654: checking for sys/param.h
configure:12654: cc -c -O -O2 -no-cpp-precomp    conftest.c >&5
configure:12654: $? = 0
configure:12654: result: yes
configure:12674: checking for getpagesize
configure:12674: cc -o conftest -O -O2 -no-cpp-precomp       conftest.c  >&5
configure:12674: $? = 0
configure:12674: result: yes
configure:12683: checking for working mmap
configure:12830: cc -o conftest -O -O2 -no-cpp-precomp       conftest.c  >&5
configure:12830: $? = 0
configure:12830: ./conftest
configure:12830: $? = 0
configure:12840: result: yes
configure:12850: checking for library containing dlsym
configure:12881: cc -o conftest -O -O2 -no-cpp-precomp       conftest.c  >&5
configure:12881: $? = 0
configure:12898: result: none required
configure:12963: checking for ELF support in BFD
configure:12983: cc -o conftest -I/Users/sidqian/Downloads/summer/L2S/netbsd-src/tools/binutils/../../external/gpl3/binutils/dist/libctf/../include -I../bfd -I/Users/sidqian/Downloads/summer/L2S/netbsd-src/tools/binutils/../../external/gpl3/binutils/dist/libctf/../bfd -O -O2 -no-cpp-precomp    -L../bfd -L../libiberty -L../zlib    conftest.c -lbfd -liberty -lz   >&5
configure:12983: $? = 0
configure:12991: result: yes
configure:13003: checking whether byte ordering is bigendian
configure:13018: cc -c -O -O2 -no-cpp-precomp    conftest.c >&5
configure:13018: $? = 0
configure:13063: cc -c -O -O2 -no-cpp-precomp    conftest.c >&5
configure:13063: $? = 0
configure:13081: cc -c -O -O2 -no-cpp-precomp    conftest.c >&5
conftest.c:41:4: error: use of undeclared identifier 'not'
                 not big endian
                 ^
1 error generated.
configure:13081: $? = 1
configure: failed program was:
| /* confdefs.h */
| #define PACKAGE_NAME "libctf"
| #define PACKAGE_TARNAME "libctf"
| #define PACKAGE_VERSION "1.2.0"
| #define PACKAGE_STRING "libctf 1.2.0"
| #define PACKAGE_BUGREPORT ""
| #define PACKAGE_URL ""
| #define STDC_HEADERS 1
| #define HAVE_SYS_TYPES_H 1
| #define HAVE_SYS_STAT_H 1
| #define HAVE_STDLIB_H 1
| #define HAVE_STRING_H 1
| #define HAVE_MEMORY_H 1
| #define HAVE_STRINGS_H 1
| #define HAVE_INTTYPES_H 1
| #define HAVE_STDINT_H 1
| #define HAVE_UNISTD_H 1
| #define __EXTENSIONS__ 1
| #define _ALL_SOURCE 1
| #define _GNU_SOURCE 1
| #define _POSIX_PTHREAD_SEMANTICS 1
| #define _TANDEM_SOURCE 1
| #define PACKAGE "libctf"
| #define VERSION "1.2.0"
| #define HAVE_DLFCN_H 1
| #define LT_OBJDIR ".libs/"
| #define HAVE_STDLIB_H 1
| #define HAVE_UNISTD_H 1
| #define HAVE_SYS_PARAM_H 1
| #define HAVE_GETPAGESIZE 1
| #define HAVE_MMAP 1
| #define HAVE_BFD_ELF 1
| /* end confdefs.h.  */
| #include <sys/types.h>
| 		#include <sys/param.h>
| 
| int
| main ()
| {
| #if BYTE_ORDER != BIG_ENDIAN
| 		 not big endian
| 		#endif
| 
|   ;
|   return 0;
| }
configure:13209: result: no
configure:13230: checking byteswap.h usability
configure:13230: cc -c -O -O2 -no-cpp-precomp    conftest.c >&5
conftest.c:67:10: fatal error: 'byteswap.h' file not found
#include <byteswap.h>
         ^~~~~~~~~~~~
1 error generated.
configure:13230: $? = 1
configure: failed program was:
| /* confdefs.h */
| #define PACKAGE_NAME "libctf"
| #define PACKAGE_TARNAME "libctf"
| #define PACKAGE_VERSION "1.2.0"
| #define PACKAGE_STRING "libctf 1.2.0"
| #define PACKAGE_BUGREPORT ""
| #define PACKAGE_URL ""
| #define STDC_HEADERS 1
| #define HAVE_SYS_TYPES_H 1
| #define HAVE_SYS_STAT_H 1
| #define HAVE_STDLIB_H 1
| #define HAVE_STRING_H 1
| #define HAVE_MEMORY_H 1
| #define HAVE_STRINGS_H 1
| #define HAVE_INTTYPES_H 1
| #define HAVE_STDINT_H 1
| #define HAVE_UNISTD_H 1
| #define __EXTENSIONS__ 1
| #define _ALL_SOURCE 1
| #define _GNU_SOURCE 1
| #define _POSIX_PTHREAD_SEMANTICS 1
| #define _TANDEM_SOURCE 1
| #define PACKAGE "libctf"
| #define VERSION "1.2.0"
| #define HAVE_DLFCN_H 1
| #define LT_OBJDIR ".libs/"
| #define HAVE_STDLIB_H 1
| #define HAVE_UNISTD_H 1
| #define HAVE_SYS_PARAM_H 1
| #define HAVE_GETPAGESIZE 1
| #define HAVE_MMAP 1
| #define HAVE_BFD_ELF 1
| /* end confdefs.h.  */
| #include <stdio.h>
| #ifdef HAVE_SYS_TYPES_H
| # include <sys/types.h>
| #endif
| #ifdef HAVE_SYS_STAT_H
| # include <sys/stat.h>
| #endif
| #ifdef STDC_HEADERS
| # include <stdlib.h>
| # include <stddef.h>
| #else
| # ifdef HAVE_STDLIB_H
| #  include <stdlib.h>
| # endif
| #endif
| #ifdef HAVE_STRING_H
| # if !defined STDC_HEADERS && defined HAVE_MEMORY_H
| #  include <memory.h>
| # endif
| # include <string.h>
| #endif
| #ifdef HAVE_STRINGS_H
| # include <strings.h>
| #endif
| #ifdef HAVE_INTTYPES_H
| # include <inttypes.h>
| #endif
| #ifdef HAVE_STDINT_H
| # include <stdint.h>
| #endif
| #ifdef HAVE_UNISTD_H
| # include <unistd.h>
| #endif
| #include <byteswap.h>
configure:13230: result: no
configure:13230: checking byteswap.h presence
configure:13230: cc -E  conftest.c
conftest.c:34:10: fatal error: 'byteswap.h' file not found
#include <byteswap.h>
         ^~~~~~~~~~~~
1 error generated.
configure:13230: $? = 1
configure: failed program was:
| /* confdefs.h */
| #define PACKAGE_NAME "libctf"
| #define PACKAGE_TARNAME "libctf"
| #define PACKAGE_VERSION "1.2.0"
| #define PACKAGE_STRING "libctf 1.2.0"
| #define PACKAGE_BUGREPORT ""
| #define PACKAGE_URL ""
| #define STDC_HEADERS 1
| #define HAVE_SYS_TYPES_H 1
| #define HAVE_SYS_STAT_H 1
| #define HAVE_STDLIB_H 1
| #define HAVE_STRING_H 1
| #define HAVE_MEMORY_H 1
| #define HAVE_STRINGS_H 1
| #define HAVE_INTTYPES_H 1
| #define HAVE_STDINT_H 1
| #define HAVE_UNISTD_H 1
| #define __EXTENSIONS__ 1
| #define _ALL_SOURCE 1
| #define _GNU_SOURCE 1
| #define _POSIX_PTHREAD_SEMANTICS 1
| #define _TANDEM_SOURCE 1
| #define PACKAGE "libctf"
| #define VERSION "1.2.0"
| #define HAVE_DLFCN_H 1
| #define LT_OBJDIR ".libs/"
| #define HAVE_STDLIB_H 1
| #define HAVE_UNISTD_H 1
| #define HAVE_SYS_PARAM_H 1
| #define HAVE_GETPAGESIZE 1
| #define HAVE_MMAP 1
| #define HAVE_BFD_ELF 1
| /* end confdefs.h.  */
| #include <byteswap.h>
configure:13230: result: no
configure:13230: checking for byteswap.h
configure:13230: result: no
configure:13230: checking endian.h usability
configure:13230: cc -c -O -O2 -no-cpp-precomp    conftest.c >&5
conftest.c:67:10: fatal error: 'endian.h' file not found
#include <endian.h>
         ^~~~~~~~~~
1 error generated.
configure:13230: $? = 1
configure: failed program was:
| /* confdefs.h */
| #define PACKAGE_NAME "libctf"
| #define PACKAGE_TARNAME "libctf"
| #define PACKAGE_VERSION "1.2.0"
| #define PACKAGE_STRING "libctf 1.2.0"
| #define PACKAGE_BUGREPORT ""
| #define PACKAGE_URL ""
| #define STDC_HEADERS 1
| #define HAVE_SYS_TYPES_H 1
| #define HAVE_SYS_STAT_H 1
| #define HAVE_STDLIB_H 1
| #define HAVE_STRING_H 1
| #define HAVE_MEMORY_H 1
| #define HAVE_STRINGS_H 1
| #define HAVE_INTTYPES_H 1
| #define HAVE_STDINT_H 1
| #define HAVE_UNISTD_H 1
| #define __EXTENSIONS__ 1
| #define _ALL_SOURCE 1
| #define _GNU_SOURCE 1
| #define _POSIX_PTHREAD_SEMANTICS 1
| #define _TANDEM_SOURCE 1
| #define PACKAGE "libctf"
| #define VERSION "1.2.0"
| #define HAVE_DLFCN_H 1
| #define LT_OBJDIR ".libs/"
| #define HAVE_STDLIB_H 1
| #define HAVE_UNISTD_H 1
| #define HAVE_SYS_PARAM_H 1
| #define HAVE_GETPAGESIZE 1
| #define HAVE_MMAP 1
| #define HAVE_BFD_ELF 1
| /* end confdefs.h.  */
| #include <stdio.h>
| #ifdef HAVE_SYS_TYPES_H
| # include <sys/types.h>
| #endif
| #ifdef HAVE_SYS_STAT_H
| # include <sys/stat.h>
| #endif
| #ifdef STDC_HEADERS
| # include <stdlib.h>
| # include <stddef.h>
| #else
| # ifdef HAVE_STDLIB_H
| #  include <stdlib.h>
| # endif
| #endif
| #ifdef HAVE_STRING_H
| # if !defined STDC_HEADERS && defined HAVE_MEMORY_H
| #  include <memory.h>
| # endif
| # include <string.h>
| #endif
| #ifdef HAVE_STRINGS_H
| # include <strings.h>
| #endif
| #ifdef HAVE_INTTYPES_H
| # include <inttypes.h>
| #endif
| #ifdef HAVE_STDINT_H
| # include <stdint.h>
| #endif
| #ifdef HAVE_UNISTD_H
| # include <unistd.h>
| #endif
| #include <endian.h>
configure:13230: result: no
configure:13230: checking endian.h presence
configure:13230: cc -E  conftest.c
conftest.c:34:10: fatal error: 'endian.h' file not found
#include <endian.h>
         ^~~~~~~~~~
1 error generated.
configure:13230: $? = 1
configure: failed program was:
| /* confdefs.h */
| #define PACKAGE_NAME "libctf"
| #define PACKAGE_TARNAME "libctf"
| #define PACKAGE_VERSION "1.2.0"
| #define PACKAGE_STRING "libctf 1.2.0"
| #define PACKAGE_BUGREPORT ""
| #define PACKAGE_URL ""
| #define STDC_HEADERS 1
| #define HAVE_SYS_TYPES_H 1
| #define HAVE_SYS_STAT_H 1
| #define HAVE_STDLIB_H 1
| #define HAVE_STRING_H 1
| #define HAVE_MEMORY_H 1
| #define HAVE_STRINGS_H 1
| #define HAVE_INTTYPES_H 1
| #define HAVE_STDINT_H 1
| #define HAVE_UNISTD_H 1
| #define __EXTENSIONS__ 1
| #define _ALL_SOURCE 1
| #define _GNU_SOURCE 1
| #define _POSIX_PTHREAD_SEMANTICS 1
| #define _TANDEM_SOURCE 1
| #define PACKAGE "libctf"
| #define VERSION "1.2.0"
| #define HAVE_DLFCN_H 1
| #define LT_OBJDIR ".libs/"
| #define HAVE_STDLIB_H 1
| #define HAVE_UNISTD_H 1
| #define HAVE_SYS_PARAM_H 1
| #define HAVE_GETPAGESIZE 1
| #define HAVE_MMAP 1
| #define HAVE_BFD_ELF 1
| /* end confdefs.h.  */
| #include <endian.h>
configure:13230: result: no
configure:13230: checking for endian.h
configure:13230: result: no
configure:13242: checking for pread
configure:13242: cc -o conftest -O -O2 -no-cpp-precomp       conftest.c  >&5
configure:13242: $? = 0
configure:13242: result: yes
configure:13252: checking whether bswap_16 is declared
configure:13252: cc -c -O -O2 -no-cpp-precomp    conftest.c >&5
conftest.c:35:10: fatal error: 'byteswap.h' file not found
#include <byteswap.h>
         ^~~~~~~~~~~~
1 error generated.
configure:13252: $? = 1
configure: failed program was:
| /* confdefs.h */
| #define PACKAGE_NAME "libctf"
| #define PACKAGE_TARNAME "libctf"
| #define PACKAGE_VERSION "1.2.0"
| #define PACKAGE_STRING "libctf 1.2.0"
| #define PACKAGE_BUGREPORT ""
| #define PACKAGE_URL ""
| #define STDC_HEADERS 1
| #define HAVE_SYS_TYPES_H 1
| #define HAVE_SYS_STAT_H 1
| #define HAVE_STDLIB_H 1
| #define HAVE_STRING_H 1
| #define HAVE_MEMORY_H 1
| #define HAVE_STRINGS_H 1
| #define HAVE_INTTYPES_H 1
| #define HAVE_STDINT_H 1
| #define HAVE_UNISTD_H 1
| #define __EXTENSIONS__ 1
| #define _ALL_SOURCE 1
| #define _GNU_SOURCE 1
| #define _POSIX_PTHREAD_SEMANTICS 1
| #define _TANDEM_SOURCE 1
| #define PACKAGE "libctf"
| #define VERSION "1.2.0"
| #define HAVE_DLFCN_H 1
| #define LT_OBJDIR ".libs/"
| #define HAVE_STDLIB_H 1
| #define HAVE_UNISTD_H 1
| #define HAVE_SYS_PARAM_H 1
| #define HAVE_GETPAGESIZE 1
| #define HAVE_MMAP 1
| #define HAVE_BFD_ELF 1
| #define HAVE_PREAD 1
| /* end confdefs.h.  */
| #include <byteswap.h>
| 
| int
| main ()
| {
| #ifndef bswap_16
| #ifdef __cplusplus
|   (void) bswap_16;
| #else
|   (void) bswap_16;
| #endif
| #endif
| 
|   ;
|   return 0;
| }
configure:13252: result: no
configure:13263: checking whether bswap_32 is declared
configure:13263: cc -c -O -O2 -no-cpp-precomp    conftest.c >&5
conftest.c:36:10: fatal error: 'byteswap.h' file not found
#include <byteswap.h>
         ^~~~~~~~~~~~
1 error generated.
configure:13263: $? = 1
configure: failed program was:
| /* confdefs.h */
| #define PACKAGE_NAME "libctf"
| #define PACKAGE_TARNAME "libctf"
| #define PACKAGE_VERSION "1.2.0"
| #define PACKAGE_STRING "libctf 1.2.0"
| #define PACKAGE_BUGREPORT ""
| #define PACKAGE_URL ""
| #define STDC_HEADERS 1
| #define HAVE_SYS_TYPES_H 1
| #define HAVE_SYS_STAT_H 1
| #define HAVE_STDLIB_H 1
| #define HAVE_STRING_H 1
| #define HAVE_MEMORY_H 1
| #define HAVE_STRINGS_H 1
| #define HAVE_INTTYPES_H 1
| #define HAVE_STDINT_H 1
| #define HAVE_UNISTD_H 1
| #define __EXTENSIONS__ 1
| #define _ALL_SOURCE 1
| #define _GNU_SOURCE 1
| #define _POSIX_PTHREAD_SEMANTICS 1
| #define _TANDEM_SOURCE 1
| #define PACKAGE "libctf"
| #define VERSION "1.2.0"
| #define HAVE_DLFCN_H 1
| #define LT_OBJDIR ".libs/"
| #define HAVE_STDLIB_H 1
| #define HAVE_UNISTD_H 1
| #define HAVE_SYS_PARAM_H 1
| #define HAVE_GETPAGESIZE 1
| #define HAVE_MMAP 1
| #define HAVE_BFD_ELF 1
| #define HAVE_PREAD 1
| #define HAVE_DECL_BSWAP_16 0
| /* end confdefs.h.  */
| #include <byteswap.h>
| 
| int
| main ()
| {
| #ifndef bswap_32
| #ifdef __cplusplus
|   (void) bswap_32;
| #else
|   (void) bswap_32;
| #endif
| #endif
| 
|   ;
|   return 0;
| }
configure:13263: result: no
configure:13274: checking whether bswap_64 is declared
configure:13274: cc -c -O -O2 -no-cpp-precomp    conftest.c >&5
conftest.c:37:10: fatal error: 'byteswap.h' file not found
#include <byteswap.h>
         ^~~~~~~~~~~~
1 error generated.
configure:13274: $? = 1
configure: failed program was:
| /* confdefs.h */
| #define PACKAGE_NAME "libctf"
| #define PACKAGE_TARNAME "libctf"
| #define PACKAGE_VERSION "1.2.0"
| #define PACKAGE_STRING "libctf 1.2.0"
| #define PACKAGE_BUGREPORT ""
| #define PACKAGE_URL ""
| #define STDC_HEADERS 1
| #define HAVE_SYS_TYPES_H 1
| #define HAVE_SYS_STAT_H 1
| #define HAVE_STDLIB_H 1
| #define HAVE_STRING_H 1
| #define HAVE_MEMORY_H 1
| #define HAVE_STRINGS_H 1
| #define HAVE_INTTYPES_H 1
| #define HAVE_STDINT_H 1
| #define HAVE_UNISTD_H 1
| #define __EXTENSIONS__ 1
| #define _ALL_SOURCE 1
| #define _GNU_SOURCE 1
| #define _POSIX_PTHREAD_SEMANTICS 1
| #define _TANDEM_SOURCE 1
| #define PACKAGE "libctf"
| #define VERSION "1.2.0"
| #define HAVE_DLFCN_H 1
| #define LT_OBJDIR ".libs/"
| #define HAVE_STDLIB_H 1
| #define HAVE_UNISTD_H 1
| #define HAVE_SYS_PARAM_H 1
| #define HAVE_GETPAGESIZE 1
| #define HAVE_MMAP 1
| #define HAVE_BFD_ELF 1
| #define HAVE_PREAD 1
| #define HAVE_DECL_BSWAP_16 0
| #define HAVE_DECL_BSWAP_32 0
| /* end confdefs.h.  */
| #include <byteswap.h>
| 
| int
| main ()
| {
| #ifndef bswap_64
| #ifdef __cplusplus
|   (void) bswap_64;
| #else
|   (void) bswap_64;
| #endif
| #endif
| 
|   ;
|   return 0;
| }
configure:13274: result: no
configure:13286: checking whether asprintf is declared
configure:13286: cc -c -O -O2 -no-cpp-precomp    conftest.c >&5
configure:13286: $? = 0
configure:13286: result: yes
configure:13296: checking whether vasprintf is declared
configure:13296: cc -c -O -O2 -no-cpp-precomp    conftest.c >&5
configure:13296: $? = 0
configure:13296: result: yes
configure:13306: checking whether stpcpy is declared
configure:13306: cc -c -O -O2 -no-cpp-precomp    conftest.c >&5
configure:13306: $? = 0
configure:13306: result: yes
configure:13324: checking for qsort_r
configure:13324: cc -o conftest -O -O2 -no-cpp-precomp       conftest.c  >&5
configure:13324: $? = 0
configure:13324: result: yes
configure:13337: checking for qsort_r signature
configure:13363: cc -o conftest -O -O2 -no-cpp-precomp       conftest.c  >&5
conftest.c:44:32: error: conflicting types for 'qsort_r'
                          void qsort_r (void *, size_t, size_t,
                               ^
/Applications/Xcode.app/Contents/Developer/Platforms/MacOSX.platform/Developer/SDKs/MacOSX.sdk/usr/include/stdlib.h:344:7: note: previous declaration is here
void     qsort_r(void *__base, size_t __nel, size_t __width, void *,
         ^
conftest.c:48:34: warning: incompatible function pointer types initializing 'void (*)(void *, size_t, size_t, int (*)(const void *, const void *, void *), void *)' (aka 'void (*)(void *, unsigned long, unsigned long, int (*)(const void *, const void *, void *), void *)') with an expression of type 'void (void *, size_t, size_t, void *, int (* _Nonnull)(void *, const void *, const void *))' (aka 'void (void *, unsigned long, unsigned long, void *, int (* _Nonnull)(void *, const void *, const void *))') [-Wincompatible-function-pointer-types]
                          void (*p) (void *, size_t, size_t,
                                 ^
1 warning and 1 error generated.
configure:13363: $? = 1
configure: failed program was:
| /* confdefs.h */
| #define PACKAGE_NAME "libctf"
| #define PACKAGE_TARNAME "libctf"
| #define PACKAGE_VERSION "1.2.0"
| #define PACKAGE_STRING "libctf 1.2.0"
| #define PACKAGE_BUGREPORT ""
| #define PACKAGE_URL ""
| #define STDC_HEADERS 1
| #define HAVE_SYS_TYPES_H 1
| #define HAVE_SYS_STAT_H 1
| #define HAVE_STDLIB_H 1
| #define HAVE_STRING_H 1
| #define HAVE_MEMORY_H 1
| #define HAVE_STRINGS_H 1
| #define HAVE_INTTYPES_H 1
| #define HAVE_STDINT_H 1
| #define HAVE_UNISTD_H 1
| #define __EXTENSIONS__ 1
| #define _ALL_SOURCE 1
| #define _GNU_SOURCE 1
| #define _POSIX_PTHREAD_SEMANTICS 1
| #define _TANDEM_SOURCE 1
| #define PACKAGE "libctf"
| #define VERSION "1.2.0"
| #define HAVE_DLFCN_H 1
| #define LT_OBJDIR ".libs/"
| #define HAVE_STDLIB_H 1
| #define HAVE_UNISTD_H 1
| #define HAVE_SYS_PARAM_H 1
| #define HAVE_GETPAGESIZE 1
| #define HAVE_MMAP 1
| #define HAVE_BFD_ELF 1
| #define HAVE_PREAD 1
| #define HAVE_DECL_BSWAP_16 0
| #define HAVE_DECL_BSWAP_32 0
| #define HAVE_DECL_BSWAP_64 0
| #define HAVE_DECL_ASPRINTF 1
| #define HAVE_DECL_VASPRINTF 1
| #define HAVE_DECL_STPCPY 1
| #define HAVE_QSORT_R 1
| /* end confdefs.h.  */
| #undef qsort_r
|                           #include <stdlib.h>
|                           void qsort_r (void *, size_t, size_t,
|                                         int (*) (void const *, void const *,
|                                                  void *),
|                                         void *);
|                           void (*p) (void *, size_t, size_t,
|                                      int (*) (void const *, void const *,
|                                               void *),
|                                      void *) = qsort_r;
| 
| int
| main ()
| {
| 
|   ;
|   return 0;
| }
configure:13386: cc -o conftest -O -O2 -no-cpp-precomp       conftest.c  >&5
configure:13386: $? = 0
configure:13397: result: BSD
configure:13420: checking for O_CLOEXEC
configure:13440: cc -o conftest -O -O2 -no-cpp-precomp       conftest.c  >&5
configure:13440: $? = 0
configure:13448: result: yes
configure:13463: checking for makeinfo
configure:13490: result: /Users/sidqian/Downloads/summer/L2S/netbsd-src/build/obj/tooldir.Darwin-22.1.0-x86_64/bin/nbmakeinfo
configure:13518: WARNING:
*** Makeinfo is too old. Info documentation will not be built.
configure:13568: checking for expect
configure:13586: found /usr/bin/expect
configure:13598: result: /usr/bin/expect
configure:13606: checking for Tcl supporting try/catch
configure:13617: result: no
configure:13630: checking for linker versioning flags
configure:13645: cc -o conftest -O -O2 -no-cpp-precomp   -fPIC     -shared -Wl,--version-script=conftest.ver conftest.c  >&5
ld: unknown option: --version-script=conftest.ver
clang: error: linker command failed with exit code 1 (use -v to see invocation)
configure:13645: $? = 1
configure: failed program was:
| /* confdefs.h */
| #define PACKAGE_NAME "libctf"
| #define PACKAGE_TARNAME "libctf"
| #define PACKAGE_VERSION "1.2.0"
| #define PACKAGE_STRING "libctf 1.2.0"
| #define PACKAGE_BUGREPORT ""
| #define PACKAGE_URL ""
| #define STDC_HEADERS 1
| #define HAVE_SYS_TYPES_H 1
| #define HAVE_SYS_STAT_H 1
| #define HAVE_STDLIB_H 1
| #define HAVE_STRING_H 1
| #define HAVE_MEMORY_H 1
| #define HAVE_STRINGS_H 1
| #define HAVE_INTTYPES_H 1
| #define HAVE_STDINT_H 1
| #define HAVE_UNISTD_H 1
| #define __EXTENSIONS__ 1
| #define _ALL_SOURCE 1
| #define _GNU_SOURCE 1
| #define _POSIX_PTHREAD_SEMANTICS 1
| #define _TANDEM_SOURCE 1
| #define PACKAGE "libctf"
| #define VERSION "1.2.0"
| #define HAVE_DLFCN_H 1
| #define LT_OBJDIR ".libs/"
| #define HAVE_STDLIB_H 1
| #define HAVE_UNISTD_H 1
| #define HAVE_SYS_PARAM_H 1
| #define HAVE_GETPAGESIZE 1
| #define HAVE_MMAP 1
| #define HAVE_BFD_ELF 1
| #define HAVE_PREAD 1
| #define HAVE_DECL_BSWAP_16 0
| #define HAVE_DECL_BSWAP_32 0
| #define HAVE_DECL_BSWAP_64 0
| #define HAVE_DECL_ASPRINTF 1
| #define HAVE_DECL_VASPRINTF 1
| #define HAVE_DECL_STPCPY 1
| #define HAVE_QSORT_R 1
| #define HAVE_QSORT_R_COMPAR_LAST 1
| #define HAVE_O_CLOEXEC 1
| /* end confdefs.h.  */
| int ctf_foo (void) { return 0; }
| 				    int main (void) { return ctf_foo(); }
configure:13659: cc -o conftest -O -O2 -no-cpp-precomp   -fPIC     -shared -Wl,-B,local -Wl,-z,gnu-version-script=conftest.ver conftest.c  >&5
ld: unknown option: -B
clang: error: linker command failed with exit code 1 (use -v to see invocation)
configure:13659: $? = 1
configure: failed program was:
| /* confdefs.h */
| #define PACKAGE_NAME "libctf"
| #define PACKAGE_TARNAME "libctf"
| #define PACKAGE_VERSION "1.2.0"
| #define PACKAGE_STRING "libctf 1.2.0"
| #define PACKAGE_BUGREPORT ""
| #define PACKAGE_URL ""
| #define STDC_HEADERS 1
| #define HAVE_SYS_TYPES_H 1
| #define HAVE_SYS_STAT_H 1
| #define HAVE_STDLIB_H 1
| #define HAVE_STRING_H 1
| #define HAVE_MEMORY_H 1
| #define HAVE_STRINGS_H 1
| #define HAVE_INTTYPES_H 1
| #define HAVE_STDINT_H 1
| #define HAVE_UNISTD_H 1
| #define __EXTENSIONS__ 1
| #define _ALL_SOURCE 1
| #define _GNU_SOURCE 1
| #define _POSIX_PTHREAD_SEMANTICS 1
| #define _TANDEM_SOURCE 1
| #define PACKAGE "libctf"
| #define VERSION "1.2.0"
| #define HAVE_DLFCN_H 1
| #define LT_OBJDIR ".libs/"
| #define HAVE_STDLIB_H 1
| #define HAVE_UNISTD_H 1
| #define HAVE_SYS_PARAM_H 1
| #define HAVE_GETPAGESIZE 1
| #define HAVE_MMAP 1
| #define HAVE_BFD_ELF 1
| #define HAVE_PREAD 1
| #define HAVE_DECL_BSWAP_16 0
| #define HAVE_DECL_BSWAP_32 0
| #define HAVE_DECL_BSWAP_64 0
| #define HAVE_DECL_ASPRINTF 1
| #define HAVE_DECL_VASPRINTF 1
| #define HAVE_DECL_STPCPY 1
| #define HAVE_QSORT_R 1
| #define HAVE_QSORT_R_COMPAR_LAST 1
| #define HAVE_O_CLOEXEC 1
| /* end confdefs.h.  */
| int ctf_foo (void) { return 0; }
| 				      int main (void) { return ctf_foo(); }
configure:13674: result: -export-symbols-regex ctf_.*
configure:13763: updating cache ./config.cache
configure:13807: checking that generated files are newer than configure
configure:13813: result: done
configure:13861: creating ./config.status

## ---------------------- ##
## Running config.status. ##
## ---------------------- ##

This file was extended by libctf config.status 1.2.0, which was
generated by GNU Autoconf 2.69.  Invocation command line was

  CONFIG_FILES    = 
  CONFIG_HEADERS  = 
  CONFIG_LINKS    = 
  CONFIG_COMMANDS = 
  $ ./config.status 

on Sid-Qians-MacBook-Pro-2.local

config.status:1131: creating Makefile
config.status:1131: creating config.h
config.status:1345: executing depfiles commands
config.status:1345: executing libtool commands

## ---------------- ##
## Cache variables. ##
## ---------------- ##

ac_cv_build=x86_64-apple-darwin22.1.0
ac_cv_c_bigendian=no
ac_cv_c_compiler_gnu=yes
ac_cv_env_CC_set=set
ac_cv_env_CC_value=cc
ac_cv_env_CFLAGS_set=set
ac_cv_env_CFLAGS_value='-O -O2 -no-cpp-precomp  '
ac_cv_env_CPPFLAGS_set=set
ac_cv_env_CPPFLAGS_value=
ac_cv_env_CPP_set=
ac_cv_env_CPP_value=
ac_cv_env_LDFLAGS_set=set
ac_cv_env_LDFLAGS_value='  '
ac_cv_env_LIBS_set=
ac_cv_env_LIBS_value=
ac_cv_env_build_alias_set=set
ac_cv_env_build_alias_value=x86_64-apple-darwin22.1.0
ac_cv_env_host_alias_set=set
ac_cv_env_host_alias_value=x86_64-apple-darwin22.1.0
ac_cv_env_target_alias_set=set
ac_cv_env_target_alias_value=m68k--netbsdelf
ac_cv_func_getpagesize=yes
ac_cv_func_mmap_fixed_mapped=yes
ac_cv_func_pread=yes
ac_cv_func_qsort_r=yes
ac_cv_have_decl_asprintf=yes
ac_cv_have_decl_bswap_16=no
ac_cv_have_decl_bswap_32=no
ac_cv_have_decl_bswap_64=no
ac_cv_have_decl_stpcpy=yes
ac_cv_have_decl_vasprintf=yes
ac_cv_header_byteswap_h=no
ac_cv_header_dlfcn_h=yes
ac_cv_header_endian_h=no
ac_cv_header_inttypes_h=yes
ac_cv_header_memory_h=yes
ac_cv_header_minix_config_h=no
ac_cv_header_stdc=yes
ac_cv_header_stdint_h=yes
ac_cv_header_stdlib_h=yes
ac_cv_header_string_h=yes
ac_cv_header_strings_h=yes
ac_cv_header_sys_param_h=yes
ac_cv_header_sys_stat_h=yes
ac_cv_header_sys_types_h=yes
ac_cv_header_unistd_h=yes
ac_cv_host=x86_64-apple-darwin22.1.0
ac_cv_libctf_bfd_elf=yes
ac_cv_libctf_macro_O_CLOEXEC=yes
ac_cv_libctf_qsort_r_signature=BSD
ac_cv_libctf_tcl_try=no
ac_cv_libctf_version_script='-export-symbols-regex ctf_.*'
ac_cv_objext=o
ac_cv_path_EGREP='/usr/bin/grep -E'
ac_cv_path_EXPECT=/usr/bin/expect
ac_cv_path_FGREP='/usr/bin/grep -F'
ac_cv_path_GREP=/usr/bin/grep
ac_cv_path_SED=/usr/bin/sed
ac_cv_path_mkdir='/Users/sidqian/Downloads/summer/L2S/netbsd-src/build/obj/tooldir.Darwin-22.1.0-x86_64/bin/m68k--netbsdelf-install -d'
ac_cv_prog_ACLOCAL='${SHELL} /Users/sidqian/Downloads/summer/L2S/netbsd-src/external/gpl3/binutils/dist/missing aclocal-1.15'
ac_cv_prog_AR=ar
ac_cv_prog_AUTOCONF='${SHELL} /Users/sidqian/Downloads/summer/L2S/netbsd-src/external/gpl3/binutils/dist/missing autoconf'
ac_cv_prog_AUTOHEADER='${SHELL} /Users/sidqian/Downloads/summer/L2S/netbsd-src/external/gpl3/binutils/dist/missing autoheader'
ac_cv_prog_AWK=/Users/sidqian/Downloads/summer/L2S/netbsd-src/build/obj/tooldir.Darwin-22.1.0-x86_64/bin/nbawk
ac_cv_prog_CC=cc
ac_cv_prog_CPP='cc -E'
ac_cv_prog_DSYMUTIL=@DSYMUTIL@
ac_cv_prog_MAKEINFO=/Users/sidqian/Downloads/summer/L2S/netbsd-src/build/obj/tooldir.Darwin-22.1.0-x86_64/bin/nbmakeinfo
ac_cv_prog_OBJDUMP=objdump
ac_cv_prog_OTOOL=@OTOOL@
ac_cv_prog_RANLIB=ranlib
ac_cv_prog_ac_ct_LIPO=lipo
ac_cv_prog_ac_ct_NMEDIT=nmedit
ac_cv_prog_ac_ct_STRIP=strip
ac_cv_prog_cc_c89=
ac_cv_prog_cc_g=yes
ac_cv_prog_make__Users_sidqian_Downloads_summer_L2S_netbsd_src_build_obj_tooldir_Darwin_22_1_0_x86_64_bin_nbmake_set=yes
ac_cv_safe_to_define___extensions__=yes
ac_cv_search_dlsym='none required'
ac_cv_sys_file_offset_bits=no
ac_cv_sys_largefile_CC=no
ac_cv_target=m68k--netbsdelf
acx_cv_prog_cc_pedantic__Wlong_long=yes
acx_cv_prog_cc_warning__W=yes
acx_cv_prog_cc_warning__Wall=yes
acx_cv_prog_cc_warning__Wmissing_format_attribute=yes
acx_cv_prog_cc_warning__Wmissing_prototypes=yes
acx_cv_prog_cc_warning__Wnarrowing=yes
acx_cv_prog_cc_warning__Wold_style_definition=yes
acx_cv_prog_cc_warning__Wstrict_prototypes=yes
acx_cv_prog_cc_warning__Wwrite_strings=yes
am_cv_CC_dependencies_compiler_type=gcc3
am_cv_ar_interface=ar
am_cv_make_support_nested_variables=yes
am_cv_prog_cc_c_o=yes
lt_cv_apple_cc_single_mod=yes
lt_cv_deplibs_check_method=pass_all
lt_cv_file_magic_cmd='$MAGIC_CMD'
lt_cv_file_magic_test_file=
lt_cv_ld_exported_symbols_list=yes
lt_cv_ld_force_load=yes
lt_cv_ld_reload_flag=-r
lt_cv_nm_interface='BSD nm'
lt_cv_objdir=.libs
lt_cv_path_LD=/Applications/Xcode.app/Contents/Developer/Toolchains/XcodeDefault.xctoolchain/usr/bin/ld
lt_cv_path_NM=/usr/bin/nm
lt_cv_prog_compiler_c_o=yes
lt_cv_prog_compiler_pic_works=yes
lt_cv_prog_compiler_rtti_exceptions=yes
lt_cv_prog_compiler_static_works=no
lt_cv_prog_gnu_ld=no
lt_cv_sys_global_symbol_pipe='sed -n -e '\''s/^.*[	 ]\([ABCDGIRSTW][ABCDGIRSTW]*\)[	 ][	 ]*_\([_A-Za-z][_A-Za-z0-9]*\)$/\1 _\2 \2/p'\'''
lt_cv_sys_global_symbol_to_c_name_address='sed -n -e '\''s/^: \([^ ]*\) $/  {\"\1\", (void *) 0},/p'\'' -e '\''s/^[ABCDGIRSTW]* \([^ ]*\) \([^ ]*\)$/  {"\2", (void *) \&\2},/p'\'''
lt_cv_sys_global_symbol_to_c_name_address_lib_prefix='sed -n -e '\''s/^: \([^ ]*\) $/  {\"\1\", (void *) 0},/p'\'' -e '\''s/^[ABCDGIRSTW]* \([^ ]*\) \(lib[^ ]*\)$/  {"\2", (void *) \&\2},/p'\'' -e '\''s/^[ABCDGIRSTW]* \([^ ]*\) \([^ ]*\)$/  {"lib\2", (void *) \&\2},/p'\'''
lt_cv_sys_global_symbol_to_cdecl='sed -n -e '\''s/^T .* \(.*\)$/extern int \1();/p'\'' -e '\''s/^[ABCDGIRSTW]* .* \(.*\)$/extern char \1;/p'\'''
lt_cv_sys_max_cmd_len=786432

## ----------------- ##
## Output variables. ##
## ----------------- ##

ACLOCAL='${SHELL} /Users/sidqian/Downloads/summer/L2S/netbsd-src/external/gpl3/binutils/dist/missing aclocal-1.15'
AMDEPBACKSLASH='\'
AMDEP_FALSE='#'
AMDEP_TRUE=''
AMTAR='$${TAR-tar}'
AM_BACKSLASH='\'
AM_DEFAULT_V='$(AM_DEFAULT_VERBOSITY)'
AM_DEFAULT_VERBOSITY='0'
AM_V='$(V)'
AR='ar'
AUTOCONF='${SHELL} /Users/sidqian/Downloads/summer/L2S/netbsd-src/external/gpl3/binutils/dist/missing autoconf'
AUTOHEADER='${SHELL} /Users/sidqian/Downloads/summer/L2S/netbsd-src/external/gpl3/binutils/dist/missing autoheader'
AUTOMAKE='${SHELL} /Users/sidqian/Downloads/summer/L2S/netbsd-src/external/gpl3/binutils/dist/missing automake-1.15'
AWK='/Users/sidqian/Downloads/summer/L2S/netbsd-src/build/obj/tooldir.Darwin-22.1.0-x86_64/bin/nbawk'
BUILD_INFO_FALSE=''
BUILD_INFO_TRUE='#'
CATALOGS=''
CATOBJEXT=''
CC='cc'
CCDEPMODE='depmode=gcc3'
CFLAGS='-O -O2 -no-cpp-precomp  '
CPP='cc -E'
CPPFLAGS=''
CTF_LIBADD='-L/Users/sidqian/Downloads/summer/L2S/netbsd-src/build/obj/tools/binutils/build/libctf/../libiberty -liberty '
CYGPATH_W='echo'
DATADIRNAME=''
DEFS='-DHAVE_CONFIG_H'
DEPDIR='.deps'
DSYMUTIL='@DSYMUTIL@'
DUMPBIN=''
ECHO_C='\c'
ECHO_N=''
ECHO_T=''
EGREP='/usr/bin/grep -E'
ENABLE_LIBCTF_HASH_DEBUGGING_FALSE=''
ENABLE_LIBCTF_HASH_DEBUGGING_TRUE='#'
EXEEXT=''
EXPECT='/usr/bin/expect'
FGREP='/usr/bin/grep -F'
GENCAT=''
GMSGFMT='/usr/local/bin/msgfmt'
GREP='/usr/bin/grep'
INCINTL=''
INSTALL_DATA='${INSTALL} -m 644'
INSTALL_LIBBFD_FALSE=''
INSTALL_LIBBFD_TRUE='#'
INSTALL_PROGRAM='${INSTALL}'
INSTALL_SCRIPT='${INSTALL}'
INSTALL_STRIP_PROGRAM='$(install_sh) -c -s'
INSTOBJEXT=''
LD='/Applications/Xcode.app/Contents/Developer/Toolchains/XcodeDefault.xctoolchain/usr/bin/ld'
LDFLAGS='  '
LIBINTL=''
LIBINTL_DEP=''
LIBOBJS=''
LIBS=''
LIBTOOL='$(SHELL) $(top_builddir)/libtool'
LIPO='lipo'
LN_S='ln -s'
LTLIBOBJS=''
MAINT='#'
MAINTAINER_MODE_FALSE=''
MAINTAINER_MODE_TRUE='#'
MAKEINFO='/Users/sidqian/Downloads/summer/L2S/netbsd-src/build/obj/tooldir.Darwin-22.1.0-x86_64/bin/nbmakeinfo'
MKDIR_P='/Users/sidqian/Downloads/summer/L2S/netbsd-src/build/obj/tooldir.Darwin-22.1.0-x86_64/bin/m68k--netbsdelf-install -d -p'
NEED_CTF_QSORT_R_FALSE=''
NEED_CTF_QSORT_R_TRUE='#'
NM='/usr/bin/nm'
NMEDIT='nmedit'
OBJDUMP='objdump'
OBJEXT='o'
OTOOL64=':'
OTOOL='@OTOOL@'
PACKAGE='libctf'
PACKAGE_BUGREPORT=''
PACKAGE_NAME='libctf'
PACKAGE_STRING='libctf 1.2.0'
PACKAGE_TARNAME='libctf'
PACKAGE_URL=''
PACKAGE_VERSION='1.2.0'
PATH_SEPARATOR=':'
POSUB=''
RANLIB='ranlib'
SED='/usr/bin/sed'
SET_MAKE=''
SHARED_LDFLAGS=''
SHELL='/bin/sh'
STRIP='strip'
TCL_TRY_FALSE=''
TCL_TRY_TRUE='#'
USE_NLS='no'
VERSION='1.2.0'
VERSION_FLAGS='-export-symbols-regex ctf_.*'
VERSION_FLAGS_NOBFD='-export-symbols-regex ctf_.*'
WARN_PEDANTIC='-pedantic -Wno-long-long'
WERROR=''
XGETTEXT='/usr/local/bin/xgettext'
ac_ct_AR=''
ac_ct_CC=''
ac_ct_DUMPBIN=''
ac_libctf_warn_cflags='-Wall'
am__EXEEXT_FALSE=''
am__EXEEXT_TRUE='#'
am__fastdepCC_FALSE='#'
am__fastdepCC_TRUE=''
am__include='include'
am__isrc=' -I$(srcdir)'
am__leading_dot='.'
am__nodep='_no'
am__quote=''
am__tar='$${TAR-tar} chof - "$$tardir"'
am__untar='$${TAR-tar} xf -'
bfdincludedir='$(exec_prefix)/$(host_noncanonical)/$(target_noncanonical)/include'
bfdlibdir='$(exec_prefix)/$(host_noncanonical)/$(target_noncanonical)/lib'
bindir='${exec_prefix}/bin'
build='x86_64-apple-darwin22.1.0'
build_alias='x86_64-apple-darwin22.1.0'
build_cpu='x86_64'
build_os='darwin22.1.0'
build_vendor='apple'
c_warn='-Wstrict-prototypes -Wmissing-prototypes -Wold-style-definition'
datadir='${datarootdir}'
datarootdir='${prefix}/share'
docdir='${datarootdir}/doc/${PACKAGE_TARNAME}'
dvidir='${docdir}'
exec_prefix='${prefix}'
host='x86_64-apple-darwin22.1.0'
host_alias='x86_64-apple-darwin22.1.0'
host_cpu='x86_64'
host_noncanonical='x86_64-apple-darwin22.1.0'
host_os='darwin22.1.0'
host_vendor='apple'
htmldir='${docdir}'
includedir='${prefix}/include'
infodir='${datarootdir}/info'
install_sh='${SHELL} /Users/sidqian/Downloads/summer/L2S/netbsd-src/external/gpl3/binutils/dist/install-sh'
libdir='${exec_prefix}/lib'
libexecdir='${exec_prefix}/libexec'
localedir='${datarootdir}/locale'
localstatedir='${prefix}/var'
mandir='${datarootdir}/man'
mkdir_p='$(MKDIR_P)'
oldincludedir='/usr/include'
pdfdir='${docdir}'
prefix='/Users/sidqian/Downloads/summer/L2S/netbsd-src/build/obj/tooldir.Darwin-22.1.0-x86_64'
program_transform_name='s,^,m68k--netbsdelf-,'
psdir='${docdir}'
sbindir='${exec_prefix}/sbin'
sharedstatedir='${prefix}/com'
sysconfdir='${prefix}/etc'
target='m68k--netbsdelf'
target_alias='m68k--netbsdelf'
target_cpu='m68k'
target_noncanonical='m68k--netbsdelf'
target_os='netbsdelf'
target_vendor=''
warn='-W -Wall -Wno-narrowing -Wwrite-strings -Wmissing-format-attribute'
zlibdir='-L$(top_builddir)/../zlib'
zlibinc='-I$(top_srcdir)/../zlib'

## ----------- ##
## confdefs.h. ##
## ----------- ##

/* confdefs.h */
#define PACKAGE_NAME "libctf"
#define PACKAGE_TARNAME "libctf"
#define PACKAGE_VERSION "1.2.0"
#define PACKAGE_STRING "libctf 1.2.0"
#define PACKAGE_BUGREPORT ""
#define PACKAGE_URL ""
#define STDC_HEADERS 1
#define HAVE_SYS_TYPES_H 1
#define HAVE_SYS_STAT_H 1
#define HAVE_STDLIB_H 1
#define HAVE_STRING_H 1
#define HAVE_MEMORY_H 1
#define HAVE_STRINGS_H 1
#define HAVE_INTTYPES_H 1
#define HAVE_STDINT_H 1
#define HAVE_UNISTD_H 1
#define __EXTENSIONS__ 1
#define _ALL_SOURCE 1
#define _GNU_SOURCE 1
#define _POSIX_PTHREAD_SEMANTICS 1
#define _TANDEM_SOURCE 1
#define PACKAGE "libctf"
#define VERSION "1.2.0"
#define HAVE_DLFCN_H 1
#define LT_OBJDIR ".libs/"
#define HAVE_STDLIB_H 1
#define HAVE_UNISTD_H 1
#define HAVE_SYS_PARAM_H 1
#define HAVE_GETPAGESIZE 1
#define HAVE_MMAP 1
#define HAVE_BFD_ELF 1
#define HAVE_PREAD 1
#define HAVE_DECL_BSWAP_16 0
#define HAVE_DECL_BSWAP_32 0
#define HAVE_DECL_BSWAP_64 0
#define HAVE_DECL_ASPRINTF 1
#define HAVE_DECL_VASPRINTF 1
#define HAVE_DECL_STPCPY 1
#define HAVE_QSORT_R 1
#define HAVE_QSORT_R_COMPAR_LAST 1
#define HAVE_O_CLOEXEC 1

configure: exit 0
