This file contains any messages produced by compilers while
running configure, to aid debugging if configure makes a mistake.

It was created by GNU make configure 3.81, which was
generated by GNU Autoconf 2.59.  Invocation command line was

  $ /Users/sidqian/Downloads/summer/L2S/netbsd-src/tools/gmake/../../external/gpl2/gmake/dist/configure --program-prefix=nbg --disable-nls --prefix=/Users/sidqian/Downloads/summer/L2S/netbsd-src/build/obj/tooldir.Darwin-22.1.0-x86_64

## --------- ##
## Platform. ##
## --------- ##

hostname = Sid-Qians-MacBook-Pro-2.local
uname -m = x86_64
uname -r = 22.1.0
uname -s = Darwin
uname -v = Darwin Kernel Version 22.1.0: Sun Oct  9 20:14:54 PDT 2022; root:xnu-8792.41.9~2/RELEASE_X86_64

/usr/bin/uname -p = i386
/bin/uname -X     = unknown

/bin/arch              = unknown
/usr/bin/arch -k       = unknown
/usr/convex/getsysinfo = unknown
hostinfo               = Mach kernel version:
	 Darwin Kernel Version 22.1.0: Sun Oct  9 20:14:54 PDT 2022; root:xnu-8792.41.9~2/RELEASE_X86_64
Kernel configured for up to 8 processors.
4 processors are physically available.
8 processors are logically available.
Processor type: x86_64h (Intel x86-64h Haswell)
Processors active: 0 1 2 3 4 5 6 7
Primary memory available: 16.00 gigabytes
Default processor set: 674 tasks, 3087 threads, 8 processors
Load average: 6.09, Mach factor: 2.30
/bin/machine           = unknown
/usr/bin/oslevel       = unknown
/bin/universe          = unknown

PATH: /Users/sidqian/Downloads/summer/L2S/netbsd-src/build/obj/tooldir.Darwin-22.1.0-x86_64/bin
PATH: /usr/local/bin
PATH: /System/Cryptexes/App/usr/bin
PATH: /usr/bin
PATH: /bin
PATH: /usr/sbin
PATH: /sbin
PATH: /Library/Apple/usr/bin
PATH: /Users/sidqian/ch-darwin-amd64
PATH: /Users/sidqian/ch-darwin-amd64
PATH: /Users/sidqian/Downloads/flutter/bin


## ----------- ##
## Core tests. ##
## ----------- ##

configure:1385: checking for a BSD-compatible install
configure:1440: result: /Users/sidqian/Downloads/summer/L2S/netbsd-src/build/obj/tooldir.Darwin-22.1.0-x86_64/bin/m68k--netbsdelf-install -c  -r
configure:1451: checking whether build environment is sane
configure:1494: result: yes
configure:1559: checking for gawk
configure:1585: result: /Users/sidqian/Downloads/summer/L2S/netbsd-src/build/obj/tooldir.Darwin-22.1.0-x86_64/bin/nbawk
configure:1595: checking whether /Users/sidqian/Downloads/summer/L2S/netbsd-src/build/obj/tooldir.Darwin-22.1.0-x86_64/bin/nbmake sets $(MAKE)
configure:1615: result: yes
configure:1831: checking for gcc
configure:1857: result: cc
configure:2101: checking for C compiler version
configure:2104: cc --version </dev/null >&5
Apple clang version 14.0.3 (clang-1403.0.22.14.1)
Target: x86_64-apple-darwin22.1.0
Thread model: posix
InstalledDir: /Applications/Xcode.app/Contents/Developer/Toolchains/XcodeDefault.xctoolchain/usr/bin
configure:2107: $? = 0
configure:2109: cc -v </dev/null >&5
Apple clang version 14.0.3 (clang-1403.0.22.14.1)
Target: x86_64-apple-darwin22.1.0
Thread model: posix
InstalledDir: /Applications/Xcode.app/Contents/Developer/Toolchains/XcodeDefault.xctoolchain/usr/bin
configure:2112: $? = 0
configure:2114: cc -V </dev/null >&5
clang: error: argument to '-V' is missing (expected 1 value)
clang: error: no input files
configure:2117: $? = 1
configure:2140: checking for C compiler default output file name
configure:2143: cc -O -O2 -no-cpp-precomp   conftest.c  >&5
configure:2146: $? = 0
configure:2192: result: a.out
configure:2197: checking whether the C compiler works
configure:2203: ./a.out
configure:2206: $? = 0
configure:2223: result: yes
configure:2230: checking whether we are cross compiling
configure:2232: result: no
configure:2235: checking for suffix of executables
configure:2237: cc -o conftest -O -O2 -no-cpp-precomp   conftest.c  >&5
configure:2240: $? = 0
configure:2265: result: 
configure:2271: checking for suffix of object files
configure:2292: cc -c -O -O2 -no-cpp-precomp  conftest.c >&5
configure:2295: $? = 0
configure:2317: result: o
configure:2321: checking whether we are using the GNU C compiler
configure:2345: cc -c -O -O2 -no-cpp-precomp  conftest.c >&5
configure:2351: $? = 0
configure:2354: test -z 			 || test ! -s conftest.err
configure:2357: $? = 0
configure:2360: test -s conftest.o
configure:2363: $? = 0
configure:2376: result: yes
configure:2382: checking whether cc accepts -g
configure:2403: cc -c -g  conftest.c >&5
configure:2409: $? = 0
configure:2412: test -z 			 || test ! -s conftest.err
configure:2415: $? = 0
configure:2418: test -s conftest.o
configure:2421: $? = 0
configure:2432: result: yes
configure:2449: checking for cc option to accept ANSI C
configure:2519: cc  -c -O -O2 -no-cpp-precomp  conftest.c >&5
conftest.c:18:14: warning: a function declaration without a prototype is deprecated in all versions of C and is not supported in C2x [-Wdeprecated-non-prototype]
static char *e (p, i)
             ^
1 warning generated.
configure:2525: $? = 0
configure:2528: test -z 			 || test ! -s conftest.err
configure:2531: $? = 0
configure:2534: test -s conftest.o
configure:2537: $? = 0
configure:2555: result: none needed
configure:2573: cc -c -O -O2 -no-cpp-precomp  conftest.c >&5
conftest.c:2:3: error: unknown type name 'choke'
  choke me
  ^
conftest.c:2:11: error: expected ';' after top level declarator
  choke me
          ^
          ;
2 errors generated.
configure:2579: $? = 1
configure: failed program was:
| #ifndef __cplusplus
|   choke me
| #endif
configure:2720: checking for style of include used by /Users/sidqian/Downloads/summer/L2S/netbsd-src/build/obj/tooldir.Darwin-22.1.0-x86_64/bin/nbmake
configure:2748: result: GNU
configure:2776: checking dependency style of cc
configure:2866: result: gcc3
configure:2896: checking for a BSD-compatible install
configure:2951: result: /Users/sidqian/Downloads/summer/L2S/netbsd-src/build/obj/tooldir.Darwin-22.1.0-x86_64/bin/m68k--netbsdelf-install -c  -r
configure:3003: checking for ranlib
configure:3030: result: ranlib
configure:3047: checking how to run the C preprocessor
configure:3082: cc -E  conftest.c
configure:3088: $? = 0
configure:3120: cc -E  conftest.c
conftest.c:11:10: fatal error: 'ac_nonexistent.h' file not found
#include <ac_nonexistent.h>
         ^~~~~~~~~~~~~~~~~~
1 error generated.
configure:3126: $? = 1
configure: failed program was:
| /* confdefs.h.  */
| 
| #define PACKAGE_NAME "GNU make"
| #define PACKAGE_TARNAME "make"
| #define PACKAGE_VERSION "3.81"
| #define PACKAGE_STRING "GNU make 3.81"
| #define PACKAGE_BUGREPORT "bug-make@gnu.org"
| #define PACKAGE "make"
| #define VERSION "3.81"
| /* end confdefs.h.  */
| #include <ac_nonexistent.h>
configure:3165: result: cc -E
configure:3189: cc -E  conftest.c
configure:3195: $? = 0
configure:3227: cc -E  conftest.c
conftest.c:11:10: fatal error: 'ac_nonexistent.h' file not found
#include <ac_nonexistent.h>
         ^~~~~~~~~~~~~~~~~~
1 error generated.
configure:3233: $? = 1
configure: failed program was:
| /* confdefs.h.  */
| 
| #define PACKAGE_NAME "GNU make"
| #define PACKAGE_TARNAME "make"
| #define PACKAGE_VERSION "3.81"
| #define PACKAGE_STRING "GNU make 3.81"
| #define PACKAGE_BUGREPORT "bug-make@gnu.org"
| #define PACKAGE "make"
| #define VERSION "3.81"
| /* end confdefs.h.  */
| #include <ac_nonexistent.h>
configure:3278: checking for ar
configure:3305: result: ar
configure:3315: checking for perl
configure:3331: found /usr/bin/perl
configure:3342: result: perl
configure:3357: checking build system type
configure:3375: result: x86_64-apple-darwin22.1.0
configure:3383: checking host system type
configure:3397: result: x86_64-apple-darwin22.1.0
configure:3407: checking for egrep
configure:3417: result: grep -E
configure:3423: checking for AIX
configure:3445: result: no
configure:3451: checking for library containing strerror
configure:3481: cc -o conftest -O -O2 -no-cpp-precomp   conftest.c  >&5
conftest.c:18:6: warning: incompatible redeclaration of library function 'strerror' [-Wincompatible-library-redeclaration]
char strerror ();
     ^
conftest.c:18:6: note: 'strerror' is a builtin with type 'char *(int)'
1 warning generated.
configure:3487: $? = 0
configure:3490: test -z 			 || test ! -s conftest.err
configure:3493: $? = 0
configure:3496: test -s conftest
configure:3499: $? = 0
configure:3568: result: none required
configure:3575: checking for ANSI C header files
configure:3600: cc -c -O -O2 -no-cpp-precomp  conftest.c >&5
configure:3606: $? = 0
configure:3609: test -z 			 || test ! -s conftest.err
configure:3612: $? = 0
configure:3615: test -s conftest.o
configure:3618: $? = 0
configure:3707: cc -o conftest -O -O2 -no-cpp-precomp   conftest.c  >&5
conftest.c:28:7: error: call to undeclared library function 'exit' with type 'void (int) __attribute__((noreturn))'; ISO C99 and later do not support implicit function declarations [-Wimplicit-function-declaration]
      exit(2);
      ^
conftest.c:28:7: note: include the header <stdlib.h> or explicitly provide a declaration for 'exit'
1 error generated.
configure:3710: $? = 1
configure: program exited with status 1
configure: failed program was:
| /* confdefs.h.  */
| 
| #define PACKAGE_NAME "GNU make"
| #define PACKAGE_TARNAME "make"
| #define PACKAGE_VERSION "3.81"
| #define PACKAGE_STRING "GNU make 3.81"
| #define PACKAGE_BUGREPORT "bug-make@gnu.org"
| #define PACKAGE "make"
| #define VERSION "3.81"
| /* end confdefs.h.  */
| #include <ctype.h>
| #if ((' ' & 0x0FF) == 0x020)
| # define ISLOWER(c) ('a' <= (c) && (c) <= 'z')
| # define TOUPPER(c) (ISLOWER(c) ? 'A' + ((c) - 'a') : (c))
| #else
| # define ISLOWER(c) 		   (('a' <= (c) && (c) <= 'i') 		     || ('j' <= (c) && (c) <= 'r') 		     || ('s' <= (c) && (c) <= 'z'))
| # define TOUPPER(c) (ISLOWER(c) ? ((c) | 0x40) : (c))
| #endif
| 
| #define XOR(e, f) (((e) && !(f)) || (!(e) && (f)))
| int
| main ()
| {
|   int i;
|   for (i = 0; i < 256; i++)
|     if (XOR (islower (i), ISLOWER (i))
| 	|| toupper (i) != TOUPPER (i))
|       exit(2);
|   exit (0);
| }
configure:3730: result: no
configure:3754: checking for sys/types.h
configure:3770: cc -c -O -O2 -no-cpp-precomp  conftest.c >&5
configure:3776: $? = 0
configure:3779: test -z 			 || test ! -s conftest.err
configure:3782: $? = 0
configure:3785: test -s conftest.o
configure:3788: $? = 0
configure:3799: result: yes
configure:3754: checking for sys/stat.h
configure:3770: cc -c -O -O2 -no-cpp-precomp  conftest.c >&5
configure:3776: $? = 0
configure:3779: test -z 			 || test ! -s conftest.err
configure:3782: $? = 0
configure:3785: test -s conftest.o
configure:3788: $? = 0
configure:3799: result: yes
configure:3754: checking for stdlib.h
configure:3770: cc -c -O -O2 -no-cpp-precomp  conftest.c >&5
configure:3776: $? = 0
configure:3779: test -z 			 || test ! -s conftest.err
configure:3782: $? = 0
configure:3785: test -s conftest.o
configure:3788: $? = 0
configure:3799: result: yes
configure:3754: checking for string.h
configure:3770: cc -c -O -O2 -no-cpp-precomp  conftest.c >&5
configure:3776: $? = 0
configure:3779: test -z 			 || test ! -s conftest.err
configure:3782: $? = 0
configure:3785: test -s conftest.o
configure:3788: $? = 0
configure:3799: result: yes
configure:3754: checking for memory.h
configure:3770: cc -c -O -O2 -no-cpp-precomp  conftest.c >&5
configure:3776: $? = 0
configure:3779: test -z 			 || test ! -s conftest.err
configure:3782: $? = 0
configure:3785: test -s conftest.o
configure:3788: $? = 0
configure:3799: result: yes
configure:3754: checking for strings.h
configure:3770: cc -c -O -O2 -no-cpp-precomp  conftest.c >&5
configure:3776: $? = 0
configure:3779: test -z 			 || test ! -s conftest.err
configure:3782: $? = 0
configure:3785: test -s conftest.o
configure:3788: $? = 0
configure:3799: result: yes
configure:3754: checking for inttypes.h
configure:3770: cc -c -O -O2 -no-cpp-precomp  conftest.c >&5
configure:3776: $? = 0
configure:3779: test -z 			 || test ! -s conftest.err
configure:3782: $? = 0
configure:3785: test -s conftest.o
configure:3788: $? = 0
configure:3799: result: yes
configure:3754: checking for stdint.h
configure:3770: cc -c -O -O2 -no-cpp-precomp  conftest.c >&5
configure:3776: $? = 0
configure:3779: test -z 			 || test ! -s conftest.err
configure:3782: $? = 0
configure:3785: test -s conftest.o
configure:3788: $? = 0
configure:3799: result: yes
configure:3754: checking for unistd.h
configure:3770: cc -c -O -O2 -no-cpp-precomp  conftest.c >&5
configure:3776: $? = 0
configure:3779: test -z 			 || test ! -s conftest.err
configure:3782: $? = 0
configure:3785: test -s conftest.o
configure:3788: $? = 0
configure:3799: result: yes
configure:3821: checking minix/config.h usability
configure:3833: cc -c -O -O2 -no-cpp-precomp  conftest.c >&5
conftest.c:54:10: fatal error: 'minix/config.h' file not found
#include <minix/config.h>
         ^~~~~~~~~~~~~~~~
1 error generated.
configure:3839: $? = 1
configure: failed program was:
| /* confdefs.h.  */
| 
| #define PACKAGE_NAME "GNU make"
| #define PACKAGE_TARNAME "make"
| #define PACKAGE_VERSION "3.81"
| #define PACKAGE_STRING "GNU make 3.81"
| #define PACKAGE_BUGREPORT "bug-make@gnu.org"
| #define PACKAGE "make"
| #define VERSION "3.81"
| #define HAVE_SYS_TYPES_H 1
| #define HAVE_SYS_STAT_H 1
| #define HAVE_STDLIB_H 1
| #define HAVE_STRING_H 1
| #define HAVE_MEMORY_H 1
| #define HAVE_STRINGS_H 1
| #define HAVE_INTTYPES_H 1
| #define HAVE_STDINT_H 1
| #define HAVE_UNISTD_H 1
| /* end confdefs.h.  */
| #include <stdio.h>
| #if HAVE_SYS_TYPES_H
| # include <sys/types.h>
| #endif
| #if HAVE_SYS_STAT_H
| # include <sys/stat.h>
| #endif
| #if STDC_HEADERS
| # include <stdlib.h>
| # include <stddef.h>
| #else
| # if HAVE_STDLIB_H
| #  include <stdlib.h>
| # endif
| #endif
| #if HAVE_STRING_H
| # if !STDC_HEADERS && HAVE_MEMORY_H
| #  include <memory.h>
| # endif
| # include <string.h>
| #endif
| #if HAVE_STRINGS_H
| # include <strings.h>
| #endif
| #if HAVE_INTTYPES_H
| # include <inttypes.h>
| #else
| # if HAVE_STDINT_H
| #  include <stdint.h>
| # endif
| #endif
| #if HAVE_UNISTD_H
| # include <unistd.h>
| #endif
| #include <minix/config.h>
configure:3861: result: no
configure:3865: checking minix/config.h presence
configure:3875: cc -E  conftest.c
conftest.c:20:10: fatal error: 'minix/config.h' file not found
#include <minix/config.h>
         ^~~~~~~~~~~~~~~~
1 error generated.
configure:3881: $? = 1
configure: failed program was:
| /* confdefs.h.  */
| 
| #define PACKAGE_NAME "GNU make"
| #define PACKAGE_TARNAME "make"
| #define PACKAGE_VERSION "3.81"
| #define PACKAGE_STRING "GNU make 3.81"
| #define PACKAGE_BUGREPORT "bug-make@gnu.org"
| #define PACKAGE "make"
| #define VERSION "3.81"
| #define HAVE_SYS_TYPES_H 1
| #define HAVE_SYS_STAT_H 1
| #define HAVE_STDLIB_H 1
| #define HAVE_STRING_H 1
| #define HAVE_MEMORY_H 1
| #define HAVE_STRINGS_H 1
| #define HAVE_INTTYPES_H 1
| #define HAVE_STDINT_H 1
| #define HAVE_UNISTD_H 1
| /* end confdefs.h.  */
| #include <minix/config.h>
configure:3901: result: no
configure:3936: checking for minix/config.h
configure:3943: result: no
configure:3974: checking for function prototypes
configure:3977: result: yes
configure:4007: checking for string.h
configure:4012: result: yes
configure:4170: checking whether NLS is requested
configure:4179: result: no
configure:4217: checking for msgfmt
configure:4248: result: /usr/local/bin/msgfmt
configure:4257: checking for gmsgfmt
configure:4288: result: /usr/local/bin/msgfmt
configure:4327: checking for xgettext
configure:4358: result: /usr/local/bin/xgettext
configure:4398: checking for msgmerge
configure:4428: result: /usr/local/bin/msgmerge
configure:4503: checking for ld used by GCC
configure:4567: result: /Applications/Xcode.app/Contents/Developer/Toolchains/XcodeDefault.xctoolchain/usr/bin/ld
configure:4576: checking if the linker (/Applications/Xcode.app/Contents/Developer/Toolchains/XcodeDefault.xctoolchain/usr/bin/ld) is GNU ld
configure:4589: result: no
configure:4595: checking for shared library run path origin
configure:4608: result: done
configure:5024: checking whether NLS is requested
configure:5033: result: no
configure:5800: checking whether to use NLS
configure:5802: result: no
configure:5888: checking for special C compiler options needed for large files
configure:5985: result: no
configure:5991: checking for _FILE_OFFSET_BITS value needed for large files
configure:6022: cc -c -O -O2 -no-cpp-precomp  conftest.c >&5
configure:6028: $? = 0
configure:6031: test -z 			 || test ! -s conftest.err
configure:6034: $? = 0
configure:6037: test -s conftest.o
configure:6040: $? = 0
configure:6104: result: no
configure:6114: checking for _LARGE_FILES value needed for large files
configure:6145: cc -c -O -O2 -no-cpp-precomp  conftest.c >&5
configure:6151: $? = 0
configure:6154: test -z 			 || test ! -s conftest.err
configure:6157: $? = 0
configure:6160: test -s conftest.o
configure:6163: $? = 0
configure:6227: result: no
configure:6241: checking for library containing getpwnam
configure:6271: cc -o conftest -O -O2 -no-cpp-precomp   conftest.c  >&5
configure:6277: $? = 0
configure:6280: test -z 			 || test ! -s conftest.err
configure:6283: $? = 0
configure:6286: test -s conftest
configure:6289: $? = 0
configure:6358: result: none required
configure:6367: checking for ANSI C header files
configure:6522: result: no
configure:6540: checking for dirent.h that defines DIR
configure:6564: cc -c -O -O2 -no-cpp-precomp  conftest.c >&5
configure:6570: $? = 0
configure:6573: test -z 			 || test ! -s conftest.err
configure:6576: $? = 0
configure:6579: test -s conftest.o
configure:6582: $? = 0
configure:6593: result: yes
configure:6606: checking for library containing opendir
configure:6636: cc -o conftest -O -O2 -no-cpp-precomp   conftest.c  >&5
configure:6642: $? = 0
configure:6645: test -z 			 || test ! -s conftest.err
configure:6648: $? = 0
configure:6651: test -s conftest
configure:6654: $? = 0
configure:6723: result: none required
configure:6857: checking whether stat file-mode macros are broken
configure:6905: result: no
configure:6915: checking whether time.h and sys/time.h may both be included
configure:6940: cc -c -O -O2 -no-cpp-precomp  conftest.c >&5
configure:6946: $? = 0
configure:6949: test -z 			 || test ! -s conftest.err
configure:6952: $? = 0
configure:6955: test -s conftest.o
configure:6958: $? = 0
configure:6969: result: yes
configure:6995: checking for stdlib.h
configure:7000: result: yes
configure:7004: checking locale.h usability
configure:7016: cc -c -O -O2 -no-cpp-precomp  conftest.c >&5
configure:7022: $? = 0
configure:7025: test -z 			 || test ! -s conftest.err
configure:7028: $? = 0
configure:7031: test -s conftest.o
configure:7034: $? = 0
configure:7044: result: yes
configure:7048: checking locale.h presence
configure:7058: cc -E  conftest.c
configure:7064: $? = 0
configure:7084: result: yes
configure:7119: checking for locale.h
configure:7126: result: yes
configure:6995: checking for unistd.h
configure:7000: result: yes
configure:7004: checking limits.h usability
configure:7016: cc -c -O -O2 -no-cpp-precomp  conftest.c >&5
configure:7022: $? = 0
configure:7025: test -z 			 || test ! -s conftest.err
configure:7028: $? = 0
configure:7031: test -s conftest.o
configure:7034: $? = 0
configure:7044: result: yes
configure:7048: checking limits.h presence
configure:7058: cc -E  conftest.c
configure:7064: $? = 0
configure:7084: result: yes
configure:7119: checking for limits.h
configure:7126: result: yes
configure:7004: checking fcntl.h usability
configure:7016: cc -c -O -O2 -no-cpp-precomp  conftest.c >&5
configure:7022: $? = 0
configure:7025: test -z 			 || test ! -s conftest.err
configure:7028: $? = 0
configure:7031: test -s conftest.o
configure:7034: $? = 0
configure:7044: result: yes
configure:7048: checking fcntl.h presence
configure:7058: cc -E  conftest.c
configure:7064: $? = 0
configure:7084: result: yes
configure:7119: checking for fcntl.h
configure:7126: result: yes
configure:6995: checking for string.h
configure:7000: result: yes
configure:6995: checking for memory.h
configure:7000: result: yes
configure:7004: checking sys/param.h usability
configure:7016: cc -c -O -O2 -no-cpp-precomp  conftest.c >&5
configure:7022: $? = 0
configure:7025: test -z 			 || test ! -s conftest.err
configure:7028: $? = 0
configure:7031: test -s conftest.o
configure:7034: $? = 0
configure:7044: result: yes
configure:7048: checking sys/param.h presence
configure:7058: cc -E  conftest.c
configure:7064: $? = 0
configure:7084: result: yes
configure:7119: checking for sys/param.h
configure:7126: result: yes
configure:7004: checking sys/resource.h usability
configure:7016: cc -c -O -O2 -no-cpp-precomp  conftest.c >&5
configure:7022: $? = 0
configure:7025: test -z 			 || test ! -s conftest.err
configure:7028: $? = 0
configure:7031: test -s conftest.o
configure:7034: $? = 0
configure:7044: result: yes
configure:7048: checking sys/resource.h presence
configure:7058: cc -E  conftest.c
configure:7064: $? = 0
configure:7084: result: yes
configure:7119: checking for sys/resource.h
configure:7126: result: yes
configure:7004: checking sys/time.h usability
configure:7016: cc -c -O -O2 -no-cpp-precomp  conftest.c >&5
configure:7022: $? = 0
configure:7025: test -z 			 || test ! -s conftest.err
configure:7028: $? = 0
configure:7031: test -s conftest.o
configure:7034: $? = 0
configure:7044: result: yes
configure:7048: checking sys/time.h presence
configure:7058: cc -E  conftest.c
configure:7064: $? = 0
configure:7084: result: yes
configure:7119: checking for sys/time.h
configure:7126: result: yes
configure:7004: checking sys/timeb.h usability
configure:7016: cc -c -O -O2 -no-cpp-precomp  conftest.c >&5
configure:7022: $? = 0
configure:7025: test -z 			 || test ! -s conftest.err
configure:7028: $? = 0
configure:7031: test -s conftest.o
configure:7034: $? = 0
configure:7044: result: yes
configure:7048: checking sys/timeb.h presence
configure:7058: cc -E  conftest.c
configure:7064: $? = 0
configure:7084: result: yes
configure:7119: checking for sys/timeb.h
configure:7126: result: yes
configure:7166: checking stdarg.h usability
configure:7178: cc -c -O -O2 -no-cpp-precomp  conftest.c >&5
configure:7184: $? = 0
configure:7187: test -z 			 || test ! -s conftest.err
configure:7190: $? = 0
configure:7193: test -s conftest.o
configure:7196: $? = 0
configure:7206: result: yes
configure:7210: checking stdarg.h presence
configure:7220: cc -E  conftest.c
configure:7226: $? = 0
configure:7246: result: yes
configure:7281: checking for stdarg.h
configure:7288: result: yes
configure:7306: checking whether cc understands -c and -o together
configure:7333: cc -c conftest.c -o conftest.o >&5
configure:7336: $? = 0
configure:7338: cc -c conftest.c -o conftest.o >&5
configure:7341: $? = 0
configure:7380: result: yes
configure:7405: checking for an ANSI C-conforming const
configure:7472: cc -c -O -O2 -no-cpp-precomp  conftest.c >&5
configure:7478: $? = 0
configure:7481: test -z 			 || test ! -s conftest.err
configure:7484: $? = 0
configure:7487: test -s conftest.o
configure:7490: $? = 0
configure:7501: result: yes
configure:7511: checking return type of signal handlers
configure:7542: cc -c -O -O2 -no-cpp-precomp  conftest.c >&5
conftest.c:46:8: warning: a function declaration without a prototype is deprecated in all versions of C and is not supported in C2x [-Wdeprecated-non-prototype]
void (*signal ()) ();
       ^
1 warning generated.
configure:7548: $? = 0
configure:7551: test -z 			 || test ! -s conftest.err
configure:7554: $? = 0
configure:7557: test -s conftest.o
configure:7560: $? = 0
configure:7571: result: void
configure:7579: checking for uid_t in sys/types.h
configure:7602: result: yes
configure:7617: checking for pid_t
configure:7641: cc -c -O -O2 -no-cpp-precomp  conftest.c >&5
configure:7647: $? = 0
configure:7650: test -z 			 || test ! -s conftest.err
configure:7653: $? = 0
configure:7656: test -s conftest.o
configure:7659: $? = 0
configure:7670: result: yes
configure:7685: checking for uintmax_t
configure:7709: cc -c -O -O2 -no-cpp-precomp  conftest.c >&5
configure:7715: $? = 0
configure:7718: test -z 			 || test ! -s conftest.err
configure:7721: $? = 0
configure:7724: test -s conftest.o
configure:7727: $? = 0
configure:7738: result: yes
configure:7814: checking for nanoseconds field of struct stat.st_mtim
configure:7846: cc -c -O -O2 -no-cpp-precomp  -DST_MTIM_NSEC=tv_nsec conftest.c >&5
conftest.c:45:18: error: no member named 'st_mtim' in 'struct stat'
struct stat s; s.st_mtim.ST_MTIM_NSEC;
               ~ ^
1 error generated.
configure:7852: $? = 1
configure: failed program was:
| /* confdefs.h.  */
| 
| #define PACKAGE_NAME "GNU make"
| #define PACKAGE_TARNAME "make"
| #define PACKAGE_VERSION "3.81"
| #define PACKAGE_STRING "GNU make 3.81"
| #define PACKAGE_BUGREPORT "bug-make@gnu.org"
| #define PACKAGE "make"
| #define VERSION "3.81"
| #define HAVE_SYS_TYPES_H 1
| #define HAVE_SYS_STAT_H 1
| #define HAVE_STDLIB_H 1
| #define HAVE_STRING_H 1
| #define HAVE_MEMORY_H 1
| #define HAVE_STRINGS_H 1
| #define HAVE_INTTYPES_H 1
| #define HAVE_STDINT_H 1
| #define HAVE_UNISTD_H 1
| #define PROTOTYPES 1
| #define __PROTOTYPES 1
| #define HAVE_STRING_H 1
| #define HAVE_DIRENT_H 1
| #define TIME_WITH_SYS_TIME 1
| #define HAVE_STDLIB_H 1
| #define HAVE_LOCALE_H 1
| #define HAVE_UNISTD_H 1
| #define HAVE_LIMITS_H 1
| #define HAVE_FCNTL_H 1
| #define HAVE_STRING_H 1
| #define HAVE_MEMORY_H 1
| #define HAVE_SYS_PARAM_H 1
| #define HAVE_SYS_RESOURCE_H 1
| #define HAVE_SYS_TIME_H 1
| #define HAVE_SYS_TIMEB_H 1
| #define HAVE_ANSI_COMPILER 1
| #define HAVE_STDARG_H 1
| #define RETSIGTYPE void
| /* end confdefs.h.  */
| #include <sys/types.h>
| #include <sys/stat.h>
| 
| int
| main ()
| {
| struct stat s; s.st_mtim.ST_MTIM_NSEC;
|   ;
|   return 0;
| }
configure:7846: cc -c -O -O2 -no-cpp-precomp  -DST_MTIM_NSEC=_tv_nsec conftest.c >&5
conftest.c:45:18: error: no member named 'st_mtim' in 'struct stat'
struct stat s; s.st_mtim.ST_MTIM_NSEC;
               ~ ^
1 error generated.
configure:7852: $? = 1
configure: failed program was:
| /* confdefs.h.  */
| 
| #define PACKAGE_NAME "GNU make"
| #define PACKAGE_TARNAME "make"
| #define PACKAGE_VERSION "3.81"
| #define PACKAGE_STRING "GNU make 3.81"
| #define PACKAGE_BUGREPORT "bug-make@gnu.org"
| #define PACKAGE "make"
| #define VERSION "3.81"
| #define HAVE_SYS_TYPES_H 1
| #define HAVE_SYS_STAT_H 1
| #define HAVE_STDLIB_H 1
| #define HAVE_STRING_H 1
| #define HAVE_MEMORY_H 1
| #define HAVE_STRINGS_H 1
| #define HAVE_INTTYPES_H 1
| #define HAVE_STDINT_H 1
| #define HAVE_UNISTD_H 1
| #define PROTOTYPES 1
| #define __PROTOTYPES 1
| #define HAVE_STRING_H 1
| #define HAVE_DIRENT_H 1
| #define TIME_WITH_SYS_TIME 1
| #define HAVE_STDLIB_H 1
| #define HAVE_LOCALE_H 1
| #define HAVE_UNISTD_H 1
| #define HAVE_LIMITS_H 1
| #define HAVE_FCNTL_H 1
| #define HAVE_STRING_H 1
| #define HAVE_MEMORY_H 1
| #define HAVE_SYS_PARAM_H 1
| #define HAVE_SYS_RESOURCE_H 1
| #define HAVE_SYS_TIME_H 1
| #define HAVE_SYS_TIMEB_H 1
| #define HAVE_ANSI_COMPILER 1
| #define HAVE_STDARG_H 1
| #define RETSIGTYPE void
| /* end confdefs.h.  */
| #include <sys/types.h>
| #include <sys/stat.h>
| 
| int
| main ()
| {
| struct stat s; s.st_mtim.ST_MTIM_NSEC;
|   ;
|   return 0;
| }
configure:7846: cc -c -O -O2 -no-cpp-precomp  -DST_MTIM_NSEC=st__tim.tv_nsec conftest.c >&5
conftest.c:45:18: error: no member named 'st_mtim' in 'struct stat'
struct stat s; s.st_mtim.ST_MTIM_NSEC;
               ~ ^
1 error generated.
configure:7852: $? = 1
configure: failed program was:
| /* confdefs.h.  */
| 
| #define PACKAGE_NAME "GNU make"
| #define PACKAGE_TARNAME "make"
| #define PACKAGE_VERSION "3.81"
| #define PACKAGE_STRING "GNU make 3.81"
| #define PACKAGE_BUGREPORT "bug-make@gnu.org"
| #define PACKAGE "make"
| #define VERSION "3.81"
| #define HAVE_SYS_TYPES_H 1
| #define HAVE_SYS_STAT_H 1
| #define HAVE_STDLIB_H 1
| #define HAVE_STRING_H 1
| #define HAVE_MEMORY_H 1
| #define HAVE_STRINGS_H 1
| #define HAVE_INTTYPES_H 1
| #define HAVE_STDINT_H 1
| #define HAVE_UNISTD_H 1
| #define PROTOTYPES 1
| #define __PROTOTYPES 1
| #define HAVE_STRING_H 1
| #define HAVE_DIRENT_H 1
| #define TIME_WITH_SYS_TIME 1
| #define HAVE_STDLIB_H 1
| #define HAVE_LOCALE_H 1
| #define HAVE_UNISTD_H 1
| #define HAVE_LIMITS_H 1
| #define HAVE_FCNTL_H 1
| #define HAVE_STRING_H 1
| #define HAVE_MEMORY_H 1
| #define HAVE_SYS_PARAM_H 1
| #define HAVE_SYS_RESOURCE_H 1
| #define HAVE_SYS_TIME_H 1
| #define HAVE_SYS_TIMEB_H 1
| #define HAVE_ANSI_COMPILER 1
| #define HAVE_STDARG_H 1
| #define RETSIGTYPE void
| /* end confdefs.h.  */
| #include <sys/types.h>
| #include <sys/stat.h>
| 
| int
| main ()
| {
| struct stat s; s.st_mtim.ST_MTIM_NSEC;
|   ;
|   return 0;
| }
configure:7877: result: no
configure:7889: checking whether to use high resolution file timestamps
configure:7946: result: no
configure:8097: checking whether system uses MSDOS-style paths
configure:8111: cc -c -O -O2 -no-cpp-precomp  conftest.c >&5
conftest.c:3:1: error: unknown type name 'neither'
neither MSDOS nor Windows nor OS2
^
conftest.c:3:14: error: expected ';' after top level declarator
neither MSDOS nor Windows nor OS2
             ^
             ;
2 errors generated.
configure:8117: $? = 1
configure: failed program was:
| 
| #if !defined _WIN32 && !defined __WIN32__ && !defined __MSDOS__ && !defined __EMX__ && !defined __MSYS__
| neither MSDOS nor Windows nor OS2
| #endif
| 
configure:8141: result: no
configure:8156: checking for standard gettimeofday
configure:8180: cc -o conftest -O -O2 -no-cpp-precomp   conftest.c  >&5
conftest.c:44:7: error: call to undeclared library function 'exit' with type 'void (int) __attribute__((noreturn))'; ISO C99 and later do not support implicit function declarations [-Wimplicit-function-declaration]
                    exit (gettimeofday (&t, 0) != 0
                    ^
conftest.c:44:7: note: include the header <stdlib.h> or explicitly provide a declaration for 'exit'
1 error generated.
configure:8183: $? = 1
configure: program exited with status 1
configure: failed program was:
| /* confdefs.h.  */
| 
| #define PACKAGE_NAME "GNU make"
| #define PACKAGE_TARNAME "make"
| #define PACKAGE_VERSION "3.81"
| #define PACKAGE_STRING "GNU make 3.81"
| #define PACKAGE_BUGREPORT "bug-make@gnu.org"
| #define PACKAGE "make"
| #define VERSION "3.81"
| #define HAVE_SYS_TYPES_H 1
| #define HAVE_SYS_STAT_H 1
| #define HAVE_STDLIB_H 1
| #define HAVE_STRING_H 1
| #define HAVE_MEMORY_H 1
| #define HAVE_STRINGS_H 1
| #define HAVE_INTTYPES_H 1
| #define HAVE_STDINT_H 1
| #define HAVE_UNISTD_H 1
| #define PROTOTYPES 1
| #define __PROTOTYPES 1
| #define HAVE_STRING_H 1
| #define HAVE_DIRENT_H 1
| #define TIME_WITH_SYS_TIME 1
| #define HAVE_STDLIB_H 1
| #define HAVE_LOCALE_H 1
| #define HAVE_UNISTD_H 1
| #define HAVE_LIMITS_H 1
| #define HAVE_FCNTL_H 1
| #define HAVE_STRING_H 1
| #define HAVE_MEMORY_H 1
| #define HAVE_SYS_PARAM_H 1
| #define HAVE_SYS_RESOURCE_H 1
| #define HAVE_SYS_TIME_H 1
| #define HAVE_SYS_TIMEB_H 1
| #define HAVE_ANSI_COMPILER 1
| #define HAVE_STDARG_H 1
| #define RETSIGTYPE void
| #define FILE_TIMESTAMP_HI_RES 0
| /* end confdefs.h.  */
| #include <sys/time.h>
|                   int main ()
| 	          {
| 		    struct timeval t; t.tv_sec = -1; t.tv_usec = -1;
| 		    exit (gettimeofday (&t, 0) != 0
| 		          || t.tv_sec < 0 || t.tv_usec < 0);
| 	          }
configure:8202: result: no
configure:8247: checking for memcpy
configure:8304: cc -o conftest -O -O2 -no-cpp-precomp   conftest.c  >&5
conftest.c:64:6: warning: incompatible redeclaration of library function 'memcpy' [-Wincompatible-library-redeclaration]
char memcpy ();
     ^
conftest.c:64:6: note: 'memcpy' is a builtin with type 'void *(void *, const void *, unsigned long)'
1 warning generated.
configure:8310: $? = 0
configure:8313: test -z 			 || test ! -s conftest.err
configure:8316: $? = 0
configure:8319: test -s conftest
configure:8322: $? = 0
configure:8334: result: yes
configure:8247: checking for memmove
configure:8304: cc -o conftest -O -O2 -no-cpp-precomp   conftest.c  >&5
conftest.c:65:6: warning: incompatible redeclaration of library function 'memmove' [-Wincompatible-library-redeclaration]
char memmove ();
     ^
conftest.c:65:6: note: 'memmove' is a builtin with type 'void *(void *, const void *, unsigned long)'
1 warning generated.
configure:8310: $? = 0
configure:8313: test -z 			 || test ! -s conftest.err
configure:8316: $? = 0
configure:8319: test -s conftest
configure:8322: $? = 0
configure:8334: result: yes
configure:8247: checking for strchr
configure:8304: cc -o conftest -O -O2 -no-cpp-precomp   conftest.c  >&5
conftest.c:66:6: warning: incompatible redeclaration of library function 'strchr' [-Wincompatible-library-redeclaration]
char strchr ();
     ^
conftest.c:66:6: note: 'strchr' is a builtin with type 'char *(const char *, int)'
1 warning generated.
configure:8310: $? = 0
configure:8313: test -z 			 || test ! -s conftest.err
configure:8316: $? = 0
configure:8319: test -s conftest
configure:8322: $? = 0
configure:8334: result: yes
configure:8247: checking for strdup
configure:8304: cc -o conftest -O -O2 -no-cpp-precomp   conftest.c  >&5
conftest.c:67:6: warning: incompatible redeclaration of library function 'strdup' [-Wincompatible-library-redeclaration]
char strdup ();
     ^
conftest.c:67:6: note: 'strdup' is a builtin with type 'char *(const char *)'
1 warning generated.
configure:8310: $? = 0
configure:8313: test -z 			 || test ! -s conftest.err
configure:8316: $? = 0
configure:8319: test -s conftest
configure:8322: $? = 0
configure:8334: result: yes
configure:8247: checking for mkstemp
configure:8304: cc -o conftest -O -O2 -no-cpp-precomp   conftest.c  >&5
configure:8310: $? = 0
configure:8313: test -z 			 || test ! -s conftest.err
configure:8316: $? = 0
configure:8319: test -s conftest
configure:8322: $? = 0
configure:8334: result: yes
configure:8247: checking for mktemp
configure:8304: cc -o conftest -O -O2 -no-cpp-precomp   conftest.c  >&5
configure:8310: $? = 0
configure:8313: test -z 			 || test ! -s conftest.err
configure:8316: $? = 0
configure:8319: test -s conftest
configure:8322: $? = 0
configure:8334: result: yes
configure:8247: checking for fdopen
configure:8304: cc -o conftest -O -O2 -no-cpp-precomp   conftest.c  >&5
configure:8310: $? = 0
configure:8313: test -z 			 || test ! -s conftest.err
configure:8316: $? = 0
configure:8319: test -s conftest
configure:8322: $? = 0
configure:8334: result: yes
configure:8247: checking for bsd_signal
configure:8304: cc -o conftest -O -O2 -no-cpp-precomp   conftest.c  >&5
configure:8310: $? = 0
configure:8313: test -z 			 || test ! -s conftest.err
configure:8316: $? = 0
configure:8319: test -s conftest
configure:8322: $? = 0
configure:8334: result: yes
configure:8247: checking for dup2
configure:8304: cc -o conftest -O -O2 -no-cpp-precomp   conftest.c  >&5
configure:8310: $? = 0
configure:8313: test -z 			 || test ! -s conftest.err
configure:8316: $? = 0
configure:8319: test -s conftest
configure:8322: $? = 0
configure:8334: result: yes
configure:8247: checking for getcwd
configure:8304: cc -o conftest -O -O2 -no-cpp-precomp   conftest.c  >&5
configure:8310: $? = 0
configure:8313: test -z 			 || test ! -s conftest.err
configure:8316: $? = 0
configure:8319: test -s conftest
configure:8322: $? = 0
configure:8334: result: yes
configure:8247: checking for realpath
configure:8304: cc -o conftest -O -O2 -no-cpp-precomp   conftest.c  >&5
configure:8310: $? = 0
configure:8313: test -z 			 || test ! -s conftest.err
configure:8316: $? = 0
configure:8319: test -s conftest
configure:8322: $? = 0
configure:8334: result: yes
configure:8247: checking for sigsetmask
configure:8304: cc -o conftest -O -O2 -no-cpp-precomp   conftest.c  >&5
configure:8310: $? = 0
configure:8313: test -z 			 || test ! -s conftest.err
configure:8316: $? = 0
configure:8319: test -s conftest
configure:8322: $? = 0
configure:8334: result: yes
configure:8247: checking for sigaction
configure:8304: cc -o conftest -O -O2 -no-cpp-precomp   conftest.c  >&5
configure:8310: $? = 0
configure:8313: test -z 			 || test ! -s conftest.err
configure:8316: $? = 0
configure:8319: test -s conftest
configure:8322: $? = 0
configure:8334: result: yes
configure:8247: checking for getgroups
configure:8304: cc -o conftest -O -O2 -no-cpp-precomp   conftest.c  >&5
configure:8310: $? = 0
configure:8313: test -z 			 || test ! -s conftest.err
configure:8316: $? = 0
configure:8319: test -s conftest
configure:8322: $? = 0
configure:8334: result: yes
configure:8247: checking for seteuid
configure:8304: cc -o conftest -O -O2 -no-cpp-precomp   conftest.c  >&5
configure:8310: $? = 0
configure:8313: test -z 			 || test ! -s conftest.err
configure:8316: $? = 0
configure:8319: test -s conftest
configure:8322: $? = 0
configure:8334: result: yes
configure:8247: checking for setegid
configure:8304: cc -o conftest -O -O2 -no-cpp-precomp   conftest.c  >&5
configure:8310: $? = 0
configure:8313: test -z 			 || test ! -s conftest.err
configure:8316: $? = 0
configure:8319: test -s conftest
configure:8322: $? = 0
configure:8334: result: yes
configure:8247: checking for setlinebuf
configure:8304: cc -o conftest -O -O2 -no-cpp-precomp   conftest.c  >&5
configure:8310: $? = 0
configure:8313: test -z 			 || test ! -s conftest.err
configure:8316: $? = 0
configure:8319: test -s conftest
configure:8322: $? = 0
configure:8334: result: yes
configure:8247: checking for setreuid
configure:8304: cc -o conftest -O -O2 -no-cpp-precomp   conftest.c  >&5
configure:8310: $? = 0
configure:8313: test -z 			 || test ! -s conftest.err
configure:8316: $? = 0
configure:8319: test -s conftest
configure:8322: $? = 0
configure:8334: result: yes
configure:8247: checking for setregid
configure:8304: cc -o conftest -O -O2 -no-cpp-precomp   conftest.c  >&5
configure:8310: $? = 0
configure:8313: test -z 			 || test ! -s conftest.err
configure:8316: $? = 0
configure:8319: test -s conftest
configure:8322: $? = 0
configure:8334: result: yes
configure:8247: checking for getrlimit
configure:8304: cc -o conftest -O -O2 -no-cpp-precomp   conftest.c  >&5
configure:8310: $? = 0
configure:8313: test -z 			 || test ! -s conftest.err
configure:8316: $? = 0
configure:8319: test -s conftest
configure:8322: $? = 0
configure:8334: result: yes
configure:8247: checking for setrlimit
configure:8304: cc -o conftest -O -O2 -no-cpp-precomp   conftest.c  >&5
configure:8310: $? = 0
configure:8313: test -z 			 || test ! -s conftest.err
configure:8316: $? = 0
configure:8319: test -s conftest
configure:8322: $? = 0
configure:8334: result: yes
configure:8247: checking for setvbuf
configure:8304: cc -o conftest -O -O2 -no-cpp-precomp   conftest.c  >&5
configure:8310: $? = 0
configure:8313: test -z 			 || test ! -s conftest.err
configure:8316: $? = 0
configure:8319: test -s conftest
configure:8322: $? = 0
configure:8334: result: yes
configure:8247: checking for pipe
configure:8304: cc -o conftest -O -O2 -no-cpp-precomp   conftest.c  >&5
configure:8310: $? = 0
configure:8313: test -z 			 || test ! -s conftest.err
configure:8316: $? = 0
configure:8319: test -s conftest
configure:8322: $? = 0
configure:8334: result: yes
configure:8247: checking for strerror
configure:8304: cc -o conftest -O -O2 -no-cpp-precomp   conftest.c  >&5
conftest.c:87:6: warning: incompatible redeclaration of library function 'strerror' [-Wincompatible-library-redeclaration]
char strerror ();
     ^
conftest.c:87:6: note: 'strerror' is a builtin with type 'char *(int)'
1 warning generated.
configure:8310: $? = 0
configure:8313: test -z 			 || test ! -s conftest.err
configure:8316: $? = 0
configure:8319: test -s conftest
configure:8322: $? = 0
configure:8334: result: yes
configure:8247: checking for strsignal
configure:8304: cc -o conftest -O -O2 -no-cpp-precomp   conftest.c  >&5
configure:8310: $? = 0
configure:8313: test -z 			 || test ! -s conftest.err
configure:8316: $? = 0
configure:8319: test -s conftest
configure:8322: $? = 0
configure:8334: result: yes
configure:8247: checking for lstat
configure:8304: cc -o conftest -O -O2 -no-cpp-precomp   conftest.c  >&5
configure:8310: $? = 0
configure:8313: test -z 			 || test ! -s conftest.err
configure:8316: $? = 0
configure:8319: test -s conftest
configure:8322: $? = 0
configure:8334: result: yes
configure:8247: checking for readlink
configure:8304: cc -o conftest -O -O2 -no-cpp-precomp   conftest.c  >&5
configure:8310: $? = 0
configure:8313: test -z 			 || test ! -s conftest.err
configure:8316: $? = 0
configure:8319: test -s conftest
configure:8322: $? = 0
configure:8334: result: yes
configure:8247: checking for atexit
configure:8304: cc -o conftest -O -O2 -no-cpp-precomp   conftest.c  >&5
configure:8310: $? = 0
configure:8313: test -z 			 || test ! -s conftest.err
configure:8316: $? = 0
configure:8319: test -s conftest
configure:8322: $? = 0
configure:8334: result: yes
configure:8345: checking whether setvbuf arguments are reversed
configure:8370: cc -o conftest -O -O2 -no-cpp-precomp   conftest.c  >&5
conftest.c:70:10: error: conflicting types for 'setvbuf'
           int (setvbuf) (FILE *, int, char *, size_t);
                ^
/Applications/Xcode.app/Contents/Developer/Platforms/MacOSX.platform/Developer/SDKs/MacOSX.sdk/usr/include/stdio.h:184:6: note: previous declaration is here
int      setvbuf(FILE * __restrict, char * __restrict, int, size_t);
         ^
conftest.c:75:35: warning: incompatible integer to pointer conversion passing 'int' to parameter of type 'char *' [-Wint-conversion]
char buf; return setvbuf (stdout, _IOLBF, &buf, 1);
                                  ^~~~~~
/Applications/Xcode.app/Contents/Developer/Platforms/MacOSX.platform/Developer/SDKs/MacOSX.sdk/usr/include/stdio.h:100:16: note: expanded from macro '_IOLBF'
#define _IOLBF  1               /* setvbuf should set line buffered */
                ^
/Applications/Xcode.app/Contents/Developer/Platforms/MacOSX.platform/Developer/SDKs/MacOSX.sdk/usr/include/stdio.h:184:50: note: passing argument to parameter here
int      setvbuf(FILE * __restrict, char * __restrict, int, size_t);
                                                     ^
conftest.c:75:43: warning: incompatible pointer to integer conversion passing 'char *' to parameter of type 'int' [-Wint-conversion]
char buf; return setvbuf (stdout, _IOLBF, &buf, 1);
                                          ^~~~
/Applications/Xcode.app/Contents/Developer/Platforms/MacOSX.platform/Developer/SDKs/MacOSX.sdk/usr/include/stdio.h:184:55: note: passing argument to parameter here
int      setvbuf(FILE * __restrict, char * __restrict, int, size_t);
                                                          ^
2 warnings and 1 error generated.
configure:8376: $? = 1
configure: failed program was:
| /* confdefs.h.  */
| 
| #define PACKAGE_NAME "GNU make"
| #define PACKAGE_TARNAME "make"
| #define PACKAGE_VERSION "3.81"
| #define PACKAGE_STRING "GNU make 3.81"
| #define PACKAGE_BUGREPORT "bug-make@gnu.org"
| #define PACKAGE "make"
| #define VERSION "3.81"
| #define HAVE_SYS_TYPES_H 1
| #define HAVE_SYS_STAT_H 1
| #define HAVE_STDLIB_H 1
| #define HAVE_STRING_H 1
| #define HAVE_MEMORY_H 1
| #define HAVE_STRINGS_H 1
| #define HAVE_INTTYPES_H 1
| #define HAVE_STDINT_H 1
| #define HAVE_UNISTD_H 1
| #define PROTOTYPES 1
| #define __PROTOTYPES 1
| #define HAVE_STRING_H 1
| #define HAVE_DIRENT_H 1
| #define TIME_WITH_SYS_TIME 1
| #define HAVE_STDLIB_H 1
| #define HAVE_LOCALE_H 1
| #define HAVE_UNISTD_H 1
| #define HAVE_LIMITS_H 1
| #define HAVE_FCNTL_H 1
| #define HAVE_STRING_H 1
| #define HAVE_MEMORY_H 1
| #define HAVE_SYS_PARAM_H 1
| #define HAVE_SYS_RESOURCE_H 1
| #define HAVE_SYS_TIME_H 1
| #define HAVE_SYS_TIMEB_H 1
| #define HAVE_ANSI_COMPILER 1
| #define HAVE_STDARG_H 1
| #define RETSIGTYPE void
| #define FILE_TIMESTAMP_HI_RES 0
| #define HAVE_MEMCPY 1
| #define HAVE_MEMMOVE 1
| #define HAVE_STRCHR 1
| #define HAVE_STRDUP 1
| #define HAVE_MKSTEMP 1
| #define HAVE_MKTEMP 1
| #define HAVE_FDOPEN 1
| #define HAVE_BSD_SIGNAL 1
| #define HAVE_DUP2 1
| #define HAVE_GETCWD 1
| #define HAVE_REALPATH 1
| #define HAVE_SIGSETMASK 1
| #define HAVE_SIGACTION 1
| #define HAVE_GETGROUPS 1
| #define HAVE_SETEUID 1
| #define HAVE_SETEGID 1
| #define HAVE_SETLINEBUF 1
| #define HAVE_SETREUID 1
| #define HAVE_SETREGID 1
| #define HAVE_GETRLIMIT 1
| #define HAVE_SETRLIMIT 1
| #define HAVE_SETVBUF 1
| #define HAVE_PIPE 1
| #define HAVE_STRERROR 1
| #define HAVE_STRSIGNAL 1
| #define HAVE_LSTAT 1
| #define HAVE_READLINK 1
| #define HAVE_ATEXIT 1
| /* end confdefs.h.  */
| #include <stdio.h>
| #	  if PROTOTYPES
| 	   int (setvbuf) (FILE *, int, char *, size_t);
| #	  endif
| int
| main ()
| {
| char buf; return setvbuf (stdout, _IOLBF, &buf, 1);
|   ;
|   return 0;
| }
configure:8495: result: no
configure:8507: checking for working strcoll
configure:8533: cc -o conftest -O -O2 -no-cpp-precomp   conftest.c  >&5
configure:8536: $? = 0
configure:8538: ./conftest
configure:8541: $? = 0
configure:8555: result: yes
configure:8568: checking for working alloca.h
configure:8589: cc -o conftest -O -O2 -no-cpp-precomp   conftest.c  >&5
configure:8595: $? = 0
configure:8598: test -z 			 || test ! -s conftest.err
configure:8601: $? = 0
configure:8604: test -s conftest
configure:8607: $? = 0
configure:8619: result: yes
configure:8629: checking for alloca
configure:8670: cc -o conftest -O -O2 -no-cpp-precomp   conftest.c  >&5
configure:8676: $? = 0
configure:8679: test -z 			 || test ! -s conftest.err
configure:8682: $? = 0
configure:8685: test -s conftest
configure:8688: $? = 0
configure:8700: result: yes
configure:8928: checking for unistd.h
configure:8933: result: yes
configure:8937: checking vfork.h usability
configure:8949: cc -c -O -O2 -no-cpp-precomp  conftest.c >&5
conftest.c:106:10: fatal error: 'vfork.h' file not found
#include <vfork.h>
         ^~~~~~~~~
1 error generated.
configure:8955: $? = 1
configure: failed program was:
| /* confdefs.h.  */
| 
| #define PACKAGE_NAME "GNU make"
| #define PACKAGE_TARNAME "make"
| #define PACKAGE_VERSION "3.81"
| #define PACKAGE_STRING "GNU make 3.81"
| #define PACKAGE_BUGREPORT "bug-make@gnu.org"
| #define PACKAGE "make"
| #define VERSION "3.81"
| #define HAVE_SYS_TYPES_H 1
| #define HAVE_SYS_STAT_H 1
| #define HAVE_STDLIB_H 1
| #define HAVE_STRING_H 1
| #define HAVE_MEMORY_H 1
| #define HAVE_STRINGS_H 1
| #define HAVE_INTTYPES_H 1
| #define HAVE_STDINT_H 1
| #define HAVE_UNISTD_H 1
| #define PROTOTYPES 1
| #define __PROTOTYPES 1
| #define HAVE_STRING_H 1
| #define HAVE_DIRENT_H 1
| #define TIME_WITH_SYS_TIME 1
| #define HAVE_STDLIB_H 1
| #define HAVE_LOCALE_H 1
| #define HAVE_UNISTD_H 1
| #define HAVE_LIMITS_H 1
| #define HAVE_FCNTL_H 1
| #define HAVE_STRING_H 1
| #define HAVE_MEMORY_H 1
| #define HAVE_SYS_PARAM_H 1
| #define HAVE_SYS_RESOURCE_H 1
| #define HAVE_SYS_TIME_H 1
| #define HAVE_SYS_TIMEB_H 1
| #define HAVE_ANSI_COMPILER 1
| #define HAVE_STDARG_H 1
| #define RETSIGTYPE void
| #define FILE_TIMESTAMP_HI_RES 0
| #define HAVE_MEMCPY 1
| #define HAVE_MEMMOVE 1
| #define HAVE_STRCHR 1
| #define HAVE_STRDUP 1
| #define HAVE_MKSTEMP 1
| #define HAVE_MKTEMP 1
| #define HAVE_FDOPEN 1
| #define HAVE_BSD_SIGNAL 1
| #define HAVE_DUP2 1
| #define HAVE_GETCWD 1
| #define HAVE_REALPATH 1
| #define HAVE_SIGSETMASK 1
| #define HAVE_SIGACTION 1
| #define HAVE_GETGROUPS 1
| #define HAVE_SETEUID 1
| #define HAVE_SETEGID 1
| #define HAVE_SETLINEBUF 1
| #define HAVE_SETREUID 1
| #define HAVE_SETREGID 1
| #define HAVE_GETRLIMIT 1
| #define HAVE_SETRLIMIT 1
| #define HAVE_SETVBUF 1
| #define HAVE_PIPE 1
| #define HAVE_STRERROR 1
| #define HAVE_STRSIGNAL 1
| #define HAVE_LSTAT 1
| #define HAVE_READLINK 1
| #define HAVE_ATEXIT 1
| #define HAVE_STRCOLL 1
| #define HAVE_ALLOCA_H 1
| #define HAVE_ALLOCA 1
| #define HAVE_UNISTD_H 1
| /* end confdefs.h.  */
| #include <stdio.h>
| #if HAVE_SYS_TYPES_H
| # include <sys/types.h>
| #endif
| #if HAVE_SYS_STAT_H
| # include <sys/stat.h>
| #endif
| #if STDC_HEADERS
| # include <stdlib.h>
| # include <stddef.h>
| #else
| # if HAVE_STDLIB_H
| #  include <stdlib.h>
| # endif
| #endif
| #if HAVE_STRING_H
| # if !STDC_HEADERS && HAVE_MEMORY_H
| #  include <memory.h>
| # endif
| # include <string.h>
| #endif
| #if HAVE_STRINGS_H
| # include <strings.h>
| #endif
| #if HAVE_INTTYPES_H
| # include <inttypes.h>
| #else
| # if HAVE_STDINT_H
| #  include <stdint.h>
| # endif
| #endif
| #if HAVE_UNISTD_H
| # include <unistd.h>
| #endif
| #include <vfork.h>
configure:8977: result: no
configure:8981: checking vfork.h presence
configure:8991: cc -E  conftest.c
conftest.c:72:10: fatal error: 'vfork.h' file not found
#include <vfork.h>
         ^~~~~~~~~
1 error generated.
configure:8997: $? = 1
configure: failed program was:
| /* confdefs.h.  */
| 
| #define PACKAGE_NAME "GNU make"
| #define PACKAGE_TARNAME "make"
| #define PACKAGE_VERSION "3.81"
| #define PACKAGE_STRING "GNU make 3.81"
| #define PACKAGE_BUGREPORT "bug-make@gnu.org"
| #define PACKAGE "make"
| #define VERSION "3.81"
| #define HAVE_SYS_TYPES_H 1
| #define HAVE_SYS_STAT_H 1
| #define HAVE_STDLIB_H 1
| #define HAVE_STRING_H 1
| #define HAVE_MEMORY_H 1
| #define HAVE_STRINGS_H 1
| #define HAVE_INTTYPES_H 1
| #define HAVE_STDINT_H 1
| #define HAVE_UNISTD_H 1
| #define PROTOTYPES 1
| #define __PROTOTYPES 1
| #define HAVE_STRING_H 1
| #define HAVE_DIRENT_H 1
| #define TIME_WITH_SYS_TIME 1
| #define HAVE_STDLIB_H 1
| #define HAVE_LOCALE_H 1
| #define HAVE_UNISTD_H 1
| #define HAVE_LIMITS_H 1
| #define HAVE_FCNTL_H 1
| #define HAVE_STRING_H 1
| #define HAVE_MEMORY_H 1
| #define HAVE_SYS_PARAM_H 1
| #define HAVE_SYS_RESOURCE_H 1
| #define HAVE_SYS_TIME_H 1
| #define HAVE_SYS_TIMEB_H 1
| #define HAVE_ANSI_COMPILER 1
| #define HAVE_STDARG_H 1
| #define RETSIGTYPE void
| #define FILE_TIMESTAMP_HI_RES 0
| #define HAVE_MEMCPY 1
| #define HAVE_MEMMOVE 1
| #define HAVE_STRCHR 1
| #define HAVE_STRDUP 1
| #define HAVE_MKSTEMP 1
| #define HAVE_MKTEMP 1
| #define HAVE_FDOPEN 1
| #define HAVE_BSD_SIGNAL 1
| #define HAVE_DUP2 1
| #define HAVE_GETCWD 1
| #define HAVE_REALPATH 1
| #define HAVE_SIGSETMASK 1
| #define HAVE_SIGACTION 1
| #define HAVE_GETGROUPS 1
| #define HAVE_SETEUID 1
| #define HAVE_SETEGID 1
| #define HAVE_SETLINEBUF 1
| #define HAVE_SETREUID 1
| #define HAVE_SETREGID 1
| #define HAVE_GETRLIMIT 1
| #define HAVE_SETRLIMIT 1
| #define HAVE_SETVBUF 1
| #define HAVE_PIPE 1
| #define HAVE_STRERROR 1
| #define HAVE_STRSIGNAL 1
| #define HAVE_LSTAT 1
| #define HAVE_READLINK 1
| #define HAVE_ATEXIT 1
| #define HAVE_STRCOLL 1
| #define HAVE_ALLOCA_H 1
| #define HAVE_ALLOCA 1
| #define HAVE_UNISTD_H 1
| /* end confdefs.h.  */
| #include <vfork.h>
configure:9017: result: no
configure:9052: checking for vfork.h
configure:9059: result: no
configure:9077: checking for fork
configure:9134: cc -o conftest -O -O2 -no-cpp-precomp   conftest.c  >&5
configure:9140: $? = 0
configure:9143: test -z 			 || test ! -s conftest.err
configure:9146: $? = 0
configure:9149: test -s conftest
configure:9152: $? = 0
configure:9164: result: yes
configure:9077: checking for vfork
configure:9134: cc -o conftest -O -O2 -no-cpp-precomp   conftest.c  >&5
conftest.c:97:6: warning: incompatible redeclaration of library function 'vfork' [-Wincompatible-library-redeclaration]
char vfork ();
     ^
conftest.c:97:6: note: 'vfork' is a builtin with type 'int (void)'
1 warning generated.
configure:9140: $? = 0
configure:9143: test -z 			 || test ! -s conftest.err
configure:9146: $? = 0
configure:9149: test -s conftest
configure:9152: $? = 0
configure:9164: result: yes
configure:9175: checking for working fork
configure:9204: cc -o conftest -O -O2 -no-cpp-precomp   conftest.c  >&5
configure:9207: $? = 0
configure:9209: ./conftest
configure:9212: $? = 0
configure:9226: result: yes
configure:9247: checking for working vfork
configure:9380: result: yes
configure:9415: checking for vprintf
configure:9472: cc -o conftest -O -O2 -no-cpp-precomp   conftest.c  >&5
conftest.c:100:6: warning: incompatible redeclaration of library function 'vprintf' [-Wincompatible-library-redeclaration]
char vprintf ();
     ^
conftest.c:100:6: note: 'vprintf' is a builtin with type 'int (const char *, struct __va_list_tag *)'
1 warning generated.
configure:9478: $? = 0
configure:9481: test -z 			 || test ! -s conftest.err
configure:9484: $? = 0
configure:9487: test -s conftest
configure:9490: $? = 0
configure:9502: result: yes
configure:9509: checking for _doprnt
configure:9566: cc -o conftest -O -O2 -no-cpp-precomp   conftest.c  >&5
Undefined symbols for architecture x86_64:
  "__doprnt", referenced from:
      _main in conftest-89aeb1.o
      _f in conftest-89aeb1.o
ld: symbol(s) not found for architecture x86_64
clang: error: linker command failed with exit code 1 (use -v to see invocation)
configure:9572: $? = 1
configure: failed program was:
| /* confdefs.h.  */
| 
| #define PACKAGE_NAME "GNU make"
| #define PACKAGE_TARNAME "make"
| #define PACKAGE_VERSION "3.81"
| #define PACKAGE_STRING "GNU make 3.81"
| #define PACKAGE_BUGREPORT "bug-make@gnu.org"
| #define PACKAGE "make"
| #define VERSION "3.81"
| #define HAVE_SYS_TYPES_H 1
| #define HAVE_SYS_STAT_H 1
| #define HAVE_STDLIB_H 1
| #define HAVE_STRING_H 1
| #define HAVE_MEMORY_H 1
| #define HAVE_STRINGS_H 1
| #define HAVE_INTTYPES_H 1
| #define HAVE_STDINT_H 1
| #define HAVE_UNISTD_H 1
| #define PROTOTYPES 1
| #define __PROTOTYPES 1
| #define HAVE_STRING_H 1
| #define HAVE_DIRENT_H 1
| #define TIME_WITH_SYS_TIME 1
| #define HAVE_STDLIB_H 1
| #define HAVE_LOCALE_H 1
| #define HAVE_UNISTD_H 1
| #define HAVE_LIMITS_H 1
| #define HAVE_FCNTL_H 1
| #define HAVE_STRING_H 1
| #define HAVE_MEMORY_H 1
| #define HAVE_SYS_PARAM_H 1
| #define HAVE_SYS_RESOURCE_H 1
| #define HAVE_SYS_TIME_H 1
| #define HAVE_SYS_TIMEB_H 1
| #define HAVE_ANSI_COMPILER 1
| #define HAVE_STDARG_H 1
| #define RETSIGTYPE void
| #define FILE_TIMESTAMP_HI_RES 0
| #define HAVE_MEMCPY 1
| #define HAVE_MEMMOVE 1
| #define HAVE_STRCHR 1
| #define HAVE_STRDUP 1
| #define HAVE_MKSTEMP 1
| #define HAVE_MKTEMP 1
| #define HAVE_FDOPEN 1
| #define HAVE_BSD_SIGNAL 1
| #define HAVE_DUP2 1
| #define HAVE_GETCWD 1
| #define HAVE_REALPATH 1
| #define HAVE_SIGSETMASK 1
| #define HAVE_SIGACTION 1
| #define HAVE_GETGROUPS 1
| #define HAVE_SETEUID 1
| #define HAVE_SETEGID 1
| #define HAVE_SETLINEBUF 1
| #define HAVE_SETREUID 1
| #define HAVE_SETREGID 1
| #define HAVE_GETRLIMIT 1
| #define HAVE_SETRLIMIT 1
| #define HAVE_SETVBUF 1
| #define HAVE_PIPE 1
| #define HAVE_STRERROR 1
| #define HAVE_STRSIGNAL 1
| #define HAVE_LSTAT 1
| #define HAVE_READLINK 1
| #define HAVE_ATEXIT 1
| #define HAVE_STRCOLL 1
| #define HAVE_ALLOCA_H 1
| #define HAVE_ALLOCA 1
| #define HAVE_UNISTD_H 1
| #define HAVE_FORK 1
| #define HAVE_VFORK 1
| #define HAVE_WORKING_VFORK 1
| #define HAVE_WORKING_FORK 1
| #define HAVE_VPRINTF 1
| /* end confdefs.h.  */
| /* Define _doprnt to an innocuous variant, in case <limits.h> declares _doprnt.
|    For example, HP-UX 11i <limits.h> declares gettimeofday.  */
| #define _doprnt innocuous__doprnt
| 
| /* System header to define __stub macros and hopefully few prototypes,
|     which can conflict with char _doprnt (); below.
|     Prefer <limits.h> to <assert.h> if __STDC__ is defined, since
|     <limits.h> exists even on freestanding compilers.  */
| 
| #ifdef __STDC__
| # include <limits.h>
| #else
| # include <assert.h>
| #endif
| 
| #undef _doprnt
| 
| /* Override any gcc2 internal prototype to avoid an error.  */
| #ifdef __cplusplus
| extern "C"
| {
| #endif
| /* We use char because int might match the return type of a gcc2
|    builtin and then its argument prototype would still apply.  */
| char _doprnt ();
| /* The GNU C library defines this for functions which it implements
|     to always fail with ENOSYS.  Some functions are actually named
|     something starting with __ and the normal name is an alias.  */
| #if defined (__stub__doprnt) || defined (__stub____doprnt)
| choke me
| #else
| char (*f) () = _doprnt;
| #endif
| #ifdef __cplusplus
| }
| #endif
| 
| int
| main ()
| {
| return f != _doprnt;
|   ;
|   return 0;
| }
configure:9596: result: no
configure:9610: checking whether closedir returns void
configure:9639: cc -o conftest -O -O2 -no-cpp-precomp   conftest.c  >&5
conftest.c:113:5: warning: a function declaration without a prototype is deprecated in all versions of C and is not supported in C2x [-Wdeprecated-non-prototype]
int closedir ();
    ^
1 warning generated.
configure:9642: $? = 0
configure:9644: ./conftest
configure:9647: $? = 0
configure:9661: result: no
configure:9683: checking for getloadavg
configure:9740: cc -o conftest -O -O2 -no-cpp-precomp   conftest.c  >&5
configure:9746: $? = 0
configure:9749: test -z 			 || test ! -s conftest.err
configure:9752: $? = 0
configure:9755: test -s conftest
configure:9758: $? = 0
configure:9770: result: yes
configure:9784: checking for pstat_getdynamic
configure:9841: cc -o conftest -O -O2 -no-cpp-precomp   conftest.c  >&5
Undefined symbols for architecture x86_64:
  "_pstat_getdynamic", referenced from:
      _main in conftest-09f30f.o
      _f in conftest-09f30f.o
ld: symbol(s) not found for architecture x86_64
clang: error: linker command failed with exit code 1 (use -v to see invocation)
configure:9847: $? = 1
configure: failed program was:
| /* confdefs.h.  */
| 
| #define PACKAGE_NAME "GNU make"
| #define PACKAGE_TARNAME "make"
| #define PACKAGE_VERSION "3.81"
| #define PACKAGE_STRING "GNU make 3.81"
| #define PACKAGE_BUGREPORT "bug-make@gnu.org"
| #define PACKAGE "make"
| #define VERSION "3.81"
| #define HAVE_SYS_TYPES_H 1
| #define HAVE_SYS_STAT_H 1
| #define HAVE_STDLIB_H 1
| #define HAVE_STRING_H 1
| #define HAVE_MEMORY_H 1
| #define HAVE_STRINGS_H 1
| #define HAVE_INTTYPES_H 1
| #define HAVE_STDINT_H 1
| #define HAVE_UNISTD_H 1
| #define PROTOTYPES 1
| #define __PROTOTYPES 1
| #define HAVE_STRING_H 1
| #define HAVE_DIRENT_H 1
| #define TIME_WITH_SYS_TIME 1
| #define HAVE_STDLIB_H 1
| #define HAVE_LOCALE_H 1
| #define HAVE_UNISTD_H 1
| #define HAVE_LIMITS_H 1
| #define HAVE_FCNTL_H 1
| #define HAVE_STRING_H 1
| #define HAVE_MEMORY_H 1
| #define HAVE_SYS_PARAM_H 1
| #define HAVE_SYS_RESOURCE_H 1
| #define HAVE_SYS_TIME_H 1
| #define HAVE_SYS_TIMEB_H 1
| #define HAVE_ANSI_COMPILER 1
| #define HAVE_STDARG_H 1
| #define RETSIGTYPE void
| #define FILE_TIMESTAMP_HI_RES 0
| #define HAVE_MEMCPY 1
| #define HAVE_MEMMOVE 1
| #define HAVE_STRCHR 1
| #define HAVE_STRDUP 1
| #define HAVE_MKSTEMP 1
| #define HAVE_MKTEMP 1
| #define HAVE_FDOPEN 1
| #define HAVE_BSD_SIGNAL 1
| #define HAVE_DUP2 1
| #define HAVE_GETCWD 1
| #define HAVE_REALPATH 1
| #define HAVE_SIGSETMASK 1
| #define HAVE_SIGACTION 1
| #define HAVE_GETGROUPS 1
| #define HAVE_SETEUID 1
| #define HAVE_SETEGID 1
| #define HAVE_SETLINEBUF 1
| #define HAVE_SETREUID 1
| #define HAVE_SETREGID 1
| #define HAVE_GETRLIMIT 1
| #define HAVE_SETRLIMIT 1
| #define HAVE_SETVBUF 1
| #define HAVE_PIPE 1
| #define HAVE_STRERROR 1
| #define HAVE_STRSIGNAL 1
| #define HAVE_LSTAT 1
| #define HAVE_READLINK 1
| #define HAVE_ATEXIT 1
| #define HAVE_STRCOLL 1
| #define HAVE_ALLOCA_H 1
| #define HAVE_ALLOCA 1
| #define HAVE_UNISTD_H 1
| #define HAVE_FORK 1
| #define HAVE_VFORK 1
| #define HAVE_WORKING_VFORK 1
| #define HAVE_WORKING_FORK 1
| #define HAVE_VPRINTF 1
| /* end confdefs.h.  */
| /* Define pstat_getdynamic to an innocuous variant, in case <limits.h> declares pstat_getdynamic.
|    For example, HP-UX 11i <limits.h> declares gettimeofday.  */
| #define pstat_getdynamic innocuous_pstat_getdynamic
| 
| /* System header to define __stub macros and hopefully few prototypes,
|     which can conflict with char pstat_getdynamic (); below.
|     Prefer <limits.h> to <assert.h> if __STDC__ is defined, since
|     <limits.h> exists even on freestanding compilers.  */
| 
| #ifdef __STDC__
| # include <limits.h>
| #else
| # include <assert.h>
| #endif
| 
| #undef pstat_getdynamic
| 
| /* Override any gcc2 internal prototype to avoid an error.  */
| #ifdef __cplusplus
| extern "C"
| {
| #endif
| /* We use char because int might match the return type of a gcc2
|    builtin and then its argument prototype would still apply.  */
| char pstat_getdynamic ();
| /* The GNU C library defines this for functions which it implements
|     to always fail with ENOSYS.  Some functions are actually named
|     something starting with __ and the normal name is an alias.  */
| #if defined (__stub_pstat_getdynamic) || defined (__stub___pstat_getdynamic)
| choke me
| #else
| char (*f) () = pstat_getdynamic;
| #endif
| #ifdef __cplusplus
| }
| #endif
| 
| int
| main ()
| {
| return f != pstat_getdynamic;
|   ;
|   return 0;
| }
configure:9871: result: no
configure:9884: checking for kstat_open in -lkstat
configure:9914: cc -o conftest -O -O2 -no-cpp-precomp   conftest.c -lkstat   >&5
ld: library not found for -lkstat
clang: error: linker command failed with exit code 1 (use -v to see invocation)
configure:9920: $? = 1
configure: failed program was:
| /* confdefs.h.  */
| 
| #define PACKAGE_NAME "GNU make"
| #define PACKAGE_TARNAME "make"
| #define PACKAGE_VERSION "3.81"
| #define PACKAGE_STRING "GNU make 3.81"
| #define PACKAGE_BUGREPORT "bug-make@gnu.org"
| #define PACKAGE "make"
| #define VERSION "3.81"
| #define HAVE_SYS_TYPES_H 1
| #define HAVE_SYS_STAT_H 1
| #define HAVE_STDLIB_H 1
| #define HAVE_STRING_H 1
| #define HAVE_MEMORY_H 1
| #define HAVE_STRINGS_H 1
| #define HAVE_INTTYPES_H 1
| #define HAVE_STDINT_H 1
| #define HAVE_UNISTD_H 1
| #define PROTOTYPES 1
| #define __PROTOTYPES 1
| #define HAVE_STRING_H 1
| #define HAVE_DIRENT_H 1
| #define TIME_WITH_SYS_TIME 1
| #define HAVE_STDLIB_H 1
| #define HAVE_LOCALE_H 1
| #define HAVE_UNISTD_H 1
| #define HAVE_LIMITS_H 1
| #define HAVE_FCNTL_H 1
| #define HAVE_STRING_H 1
| #define HAVE_MEMORY_H 1
| #define HAVE_SYS_PARAM_H 1
| #define HAVE_SYS_RESOURCE_H 1
| #define HAVE_SYS_TIME_H 1
| #define HAVE_SYS_TIMEB_H 1
| #define HAVE_ANSI_COMPILER 1
| #define HAVE_STDARG_H 1
| #define RETSIGTYPE void
| #define FILE_TIMESTAMP_HI_RES 0
| #define HAVE_MEMCPY 1
| #define HAVE_MEMMOVE 1
| #define HAVE_STRCHR 1
| #define HAVE_STRDUP 1
| #define HAVE_MKSTEMP 1
| #define HAVE_MKTEMP 1
| #define HAVE_FDOPEN 1
| #define HAVE_BSD_SIGNAL 1
| #define HAVE_DUP2 1
| #define HAVE_GETCWD 1
| #define HAVE_REALPATH 1
| #define HAVE_SIGSETMASK 1
| #define HAVE_SIGACTION 1
| #define HAVE_GETGROUPS 1
| #define HAVE_SETEUID 1
| #define HAVE_SETEGID 1
| #define HAVE_SETLINEBUF 1
| #define HAVE_SETREUID 1
| #define HAVE_SETREGID 1
| #define HAVE_GETRLIMIT 1
| #define HAVE_SETRLIMIT 1
| #define HAVE_SETVBUF 1
| #define HAVE_PIPE 1
| #define HAVE_STRERROR 1
| #define HAVE_STRSIGNAL 1
| #define HAVE_LSTAT 1
| #define HAVE_READLINK 1
| #define HAVE_ATEXIT 1
| #define HAVE_STRCOLL 1
| #define HAVE_ALLOCA_H 1
| #define HAVE_ALLOCA 1
| #define HAVE_UNISTD_H 1
| #define HAVE_FORK 1
| #define HAVE_VFORK 1
| #define HAVE_WORKING_VFORK 1
| #define HAVE_WORKING_FORK 1
| #define HAVE_VPRINTF 1
| /* end confdefs.h.  */
| 
| /* Override any gcc2 internal prototype to avoid an error.  */
| #ifdef __cplusplus
| extern "C"
| #endif
| /* We use char because int might match the return type of a gcc2
|    builtin and then its argument prototype would still apply.  */
| char kstat_open ();
| int
| main ()
| {
| kstat_open ();
|   ;
|   return 0;
| }
configure:9945: result: no
configure:10251: checking for getloadavg
configure:10308: cc -o conftest -O -O2 -no-cpp-precomp   conftest.c  >&5
configure:10314: $? = 0
configure:10317: test -z 			 || test ! -s conftest.err
configure:10320: $? = 0
configure:10323: test -s conftest
configure:10326: $? = 0
configure:10338: result: yes
configure:11554: checking whether getloadavg requires setgid
configure:11579: result: no
configure:11680: checking whether sys_siglist is declared
configure:11711: cc -c -O -O2 -no-cpp-precomp  conftest.c >&5
configure:11717: $? = 0
configure:11720: test -z 			 || test ! -s conftest.err
configure:11723: $? = 0
configure:11726: test -s conftest.o
configure:11729: $? = 0
configure:11740: result: yes
configure:11756: checking whether _sys_siglist is declared
configure:11787: cc -c -O -O2 -no-cpp-precomp  conftest.c >&5
conftest.c:124:22: error: use of undeclared identifier '_sys_siglist'
  char *p = (char *) _sys_siglist;
                     ^
1 error generated.
configure:11793: $? = 1
configure: failed program was:
| /* confdefs.h.  */
| 
| #define PACKAGE_NAME "GNU make"
| #define PACKAGE_TARNAME "make"
| #define PACKAGE_VERSION "3.81"
| #define PACKAGE_STRING "GNU make 3.81"
| #define PACKAGE_BUGREPORT "bug-make@gnu.org"
| #define PACKAGE "make"
| #define VERSION "3.81"
| #define HAVE_SYS_TYPES_H 1
| #define HAVE_SYS_STAT_H 1
| #define HAVE_STDLIB_H 1
| #define HAVE_STRING_H 1
| #define HAVE_MEMORY_H 1
| #define HAVE_STRINGS_H 1
| #define HAVE_INTTYPES_H 1
| #define HAVE_STDINT_H 1
| #define HAVE_UNISTD_H 1
| #define PROTOTYPES 1
| #define __PROTOTYPES 1
| #define HAVE_STRING_H 1
| #define HAVE_DIRENT_H 1
| #define TIME_WITH_SYS_TIME 1
| #define HAVE_STDLIB_H 1
| #define HAVE_LOCALE_H 1
| #define HAVE_UNISTD_H 1
| #define HAVE_LIMITS_H 1
| #define HAVE_FCNTL_H 1
| #define HAVE_STRING_H 1
| #define HAVE_MEMORY_H 1
| #define HAVE_SYS_PARAM_H 1
| #define HAVE_SYS_RESOURCE_H 1
| #define HAVE_SYS_TIME_H 1
| #define HAVE_SYS_TIMEB_H 1
| #define HAVE_ANSI_COMPILER 1
| #define HAVE_STDARG_H 1
| #define RETSIGTYPE void
| #define FILE_TIMESTAMP_HI_RES 0
| #define HAVE_MEMCPY 1
| #define HAVE_MEMMOVE 1
| #define HAVE_STRCHR 1
| #define HAVE_STRDUP 1
| #define HAVE_MKSTEMP 1
| #define HAVE_MKTEMP 1
| #define HAVE_FDOPEN 1
| #define HAVE_BSD_SIGNAL 1
| #define HAVE_DUP2 1
| #define HAVE_GETCWD 1
| #define HAVE_REALPATH 1
| #define HAVE_SIGSETMASK 1
| #define HAVE_SIGACTION 1
| #define HAVE_GETGROUPS 1
| #define HAVE_SETEUID 1
| #define HAVE_SETEGID 1
| #define HAVE_SETLINEBUF 1
| #define HAVE_SETREUID 1
| #define HAVE_SETREGID 1
| #define HAVE_GETRLIMIT 1
| #define HAVE_SETRLIMIT 1
| #define HAVE_SETVBUF 1
| #define HAVE_PIPE 1
| #define HAVE_STRERROR 1
| #define HAVE_STRSIGNAL 1
| #define HAVE_LSTAT 1
| #define HAVE_READLINK 1
| #define HAVE_ATEXIT 1
| #define HAVE_STRCOLL 1
| #define HAVE_ALLOCA_H 1
| #define HAVE_ALLOCA 1
| #define HAVE_UNISTD_H 1
| #define HAVE_FORK 1
| #define HAVE_VFORK 1
| #define HAVE_WORKING_VFORK 1
| #define HAVE_WORKING_FORK 1
| #define HAVE_VPRINTF 1
| #define HAVE_GETLOADAVG 1
| #define HAVE_DECL_SYS_SIGLIST 1
| /* end confdefs.h.  */
| #include <stdio.h>
| #if HAVE_SYS_TYPES_H
| # include <sys/types.h>
| #endif
| #if HAVE_SYS_STAT_H
| # include <sys/stat.h>
| #endif
| #if STDC_HEADERS
| # include <stdlib.h>
| # include <stddef.h>
| #else
| # if HAVE_STDLIB_H
| #  include <stdlib.h>
| # endif
| #endif
| #if HAVE_STRING_H
| # if !STDC_HEADERS && HAVE_MEMORY_H
| #  include <memory.h>
| # endif
| # include <string.h>
| #endif
| #if HAVE_STRINGS_H
| # include <strings.h>
| #endif
| #if HAVE_INTTYPES_H
| # include <inttypes.h>
| #else
| # if HAVE_STDINT_H
| #  include <stdint.h>
| # endif
| #endif
| #if HAVE_UNISTD_H
| # include <unistd.h>
| #endif
| #include <signal.h>
| /* NetBSD declares sys_siglist in unistd.h.  */
| #if HAVE_UNISTD_H
| # include <unistd.h>
| #endif
| 
| 
| int
| main ()
| {
| #ifndef _sys_siglist
|   char *p = (char *) _sys_siglist;
| #endif
| 
|   ;
|   return 0;
| }
configure:11816: result: no
configure:11832: checking whether __sys_siglist is declared
configure:11863: cc -c -O -O2 -no-cpp-precomp  conftest.c >&5
conftest.c:125:22: error: use of undeclared identifier '__sys_siglist'
  char *p = (char *) __sys_siglist;
                     ^
1 error generated.
configure:11869: $? = 1
configure: failed program was:
| /* confdefs.h.  */
| 
| #define PACKAGE_NAME "GNU make"
| #define PACKAGE_TARNAME "make"
| #define PACKAGE_VERSION "3.81"
| #define PACKAGE_STRING "GNU make 3.81"
| #define PACKAGE_BUGREPORT "bug-make@gnu.org"
| #define PACKAGE "make"
| #define VERSION "3.81"
| #define HAVE_SYS_TYPES_H 1
| #define HAVE_SYS_STAT_H 1
| #define HAVE_STDLIB_H 1
| #define HAVE_STRING_H 1
| #define HAVE_MEMORY_H 1
| #define HAVE_STRINGS_H 1
| #define HAVE_INTTYPES_H 1
| #define HAVE_STDINT_H 1
| #define HAVE_UNISTD_H 1
| #define PROTOTYPES 1
| #define __PROTOTYPES 1
| #define HAVE_STRING_H 1
| #define HAVE_DIRENT_H 1
| #define TIME_WITH_SYS_TIME 1
| #define HAVE_STDLIB_H 1
| #define HAVE_LOCALE_H 1
| #define HAVE_UNISTD_H 1
| #define HAVE_LIMITS_H 1
| #define HAVE_FCNTL_H 1
| #define HAVE_STRING_H 1
| #define HAVE_MEMORY_H 1
| #define HAVE_SYS_PARAM_H 1
| #define HAVE_SYS_RESOURCE_H 1
| #define HAVE_SYS_TIME_H 1
| #define HAVE_SYS_TIMEB_H 1
| #define HAVE_ANSI_COMPILER 1
| #define HAVE_STDARG_H 1
| #define RETSIGTYPE void
| #define FILE_TIMESTAMP_HI_RES 0
| #define HAVE_MEMCPY 1
| #define HAVE_MEMMOVE 1
| #define HAVE_STRCHR 1
| #define HAVE_STRDUP 1
| #define HAVE_MKSTEMP 1
| #define HAVE_MKTEMP 1
| #define HAVE_FDOPEN 1
| #define HAVE_BSD_SIGNAL 1
| #define HAVE_DUP2 1
| #define HAVE_GETCWD 1
| #define HAVE_REALPATH 1
| #define HAVE_SIGSETMASK 1
| #define HAVE_SIGACTION 1
| #define HAVE_GETGROUPS 1
| #define HAVE_SETEUID 1
| #define HAVE_SETEGID 1
| #define HAVE_SETLINEBUF 1
| #define HAVE_SETREUID 1
| #define HAVE_SETREGID 1
| #define HAVE_GETRLIMIT 1
| #define HAVE_SETRLIMIT 1
| #define HAVE_SETVBUF 1
| #define HAVE_PIPE 1
| #define HAVE_STRERROR 1
| #define HAVE_STRSIGNAL 1
| #define HAVE_LSTAT 1
| #define HAVE_READLINK 1
| #define HAVE_ATEXIT 1
| #define HAVE_STRCOLL 1
| #define HAVE_ALLOCA_H 1
| #define HAVE_ALLOCA 1
| #define HAVE_UNISTD_H 1
| #define HAVE_FORK 1
| #define HAVE_VFORK 1
| #define HAVE_WORKING_VFORK 1
| #define HAVE_WORKING_FORK 1
| #define HAVE_VPRINTF 1
| #define HAVE_GETLOADAVG 1
| #define HAVE_DECL_SYS_SIGLIST 1
| #define HAVE_DECL__SYS_SIGLIST 0
| /* end confdefs.h.  */
| #include <stdio.h>
| #if HAVE_SYS_TYPES_H
| # include <sys/types.h>
| #endif
| #if HAVE_SYS_STAT_H
| # include <sys/stat.h>
| #endif
| #if STDC_HEADERS
| # include <stdlib.h>
| # include <stddef.h>
| #else
| # if HAVE_STDLIB_H
| #  include <stdlib.h>
| # endif
| #endif
| #if HAVE_STRING_H
| # if !STDC_HEADERS && HAVE_MEMORY_H
| #  include <memory.h>
| # endif
| # include <string.h>
| #endif
| #if HAVE_STRINGS_H
| # include <strings.h>
| #endif
| #if HAVE_INTTYPES_H
| # include <inttypes.h>
| #else
| # if HAVE_STDINT_H
| #  include <stdint.h>
| # endif
| #endif
| #if HAVE_UNISTD_H
| # include <unistd.h>
| #endif
| #include <signal.h>
| /* NetBSD declares sys_siglist in unistd.h.  */
| #if HAVE_UNISTD_H
| # include <unistd.h>
| #endif
| 
| 
| int
| main ()
| {
| #ifndef __sys_siglist
|   char *p = (char *) __sys_siglist;
| #endif
| 
|   ;
|   return 0;
| }
configure:11892: result: no
configure:11927: checking sys/wait.h usability
configure:11939: cc -c -O -O2 -no-cpp-precomp  conftest.c >&5
configure:11945: $? = 0
configure:11948: test -z 			 || test ! -s conftest.err
configure:11951: $? = 0
configure:11954: test -s conftest.o
configure:11957: $? = 0
configure:11967: result: yes
configure:11971: checking sys/wait.h presence
configure:11981: cc -E  conftest.c
configure:11987: $? = 0
configure:12007: result: yes
configure:12042: checking for sys/wait.h
configure:12049: result: yes
configure:12067: checking for waitpid
configure:12124: cc -o conftest -O -O2 -no-cpp-precomp   conftest.c  >&5
configure:12130: $? = 0
configure:12133: test -z 			 || test ! -s conftest.err
configure:12136: $? = 0
configure:12139: test -s conftest
configure:12142: $? = 0
configure:12154: result: yes
configure:12067: checking for wait3
configure:12124: cc -o conftest -O -O2 -no-cpp-precomp   conftest.c  >&5
configure:12130: $? = 0
configure:12133: test -z 			 || test ! -s conftest.err
configure:12136: $? = 0
configure:12139: test -s conftest
configure:12142: $? = 0
configure:12154: result: yes
configure:12164: checking for union wait
configure:12201: cc -o conftest -O -O2 -no-cpp-precomp   conftest.c  >&5
conftest.c:89:41: warning: incompatible pointer types passing 'union wait *' to parameter of type 'int *' [-Wincompatible-pointer-types]
union wait status; int pid; pid = wait (&status);
                                        ^~~~~~~
/Applications/Xcode.app/Contents/Developer/Platforms/MacOSX.platform/Developer/SDKs/MacOSX.sdk/usr/include/sys/wait.h:248:19: note: passing argument to parameter here
pid_t   wait(int *) __DARWIN_ALIAS_C(wait);
                  ^
conftest.c:97:16: error: expected ';' after expression
        -- blow chunks here --
               ^
               ;
conftest.c:97:12: error: use of undeclared identifier 'blow'
        -- blow chunks here --
           ^
conftest.c:97:17: error: use of undeclared identifier 'chunks'
        -- blow chunks here --
                ^
1 warning and 3 errors generated.
configure:12207: $? = 1
configure: failed program was:
| /* confdefs.h.  */
| 
| #define PACKAGE_NAME "GNU make"
| #define PACKAGE_TARNAME "make"
| #define PACKAGE_VERSION "3.81"
| #define PACKAGE_STRING "GNU make 3.81"
| #define PACKAGE_BUGREPORT "bug-make@gnu.org"
| #define PACKAGE "make"
| #define VERSION "3.81"
| #define HAVE_SYS_TYPES_H 1
| #define HAVE_SYS_STAT_H 1
| #define HAVE_STDLIB_H 1
| #define HAVE_STRING_H 1
| #define HAVE_MEMORY_H 1
| #define HAVE_STRINGS_H 1
| #define HAVE_INTTYPES_H 1
| #define HAVE_STDINT_H 1
| #define HAVE_UNISTD_H 1
| #define PROTOTYPES 1
| #define __PROTOTYPES 1
| #define HAVE_STRING_H 1
| #define HAVE_DIRENT_H 1
| #define TIME_WITH_SYS_TIME 1
| #define HAVE_STDLIB_H 1
| #define HAVE_LOCALE_H 1
| #define HAVE_UNISTD_H 1
| #define HAVE_LIMITS_H 1
| #define HAVE_FCNTL_H 1
| #define HAVE_STRING_H 1
| #define HAVE_MEMORY_H 1
| #define HAVE_SYS_PARAM_H 1
| #define HAVE_SYS_RESOURCE_H 1
| #define HAVE_SYS_TIME_H 1
| #define HAVE_SYS_TIMEB_H 1
| #define HAVE_ANSI_COMPILER 1
| #define HAVE_STDARG_H 1
| #define RETSIGTYPE void
| #define FILE_TIMESTAMP_HI_RES 0
| #define HAVE_MEMCPY 1
| #define HAVE_MEMMOVE 1
| #define HAVE_STRCHR 1
| #define HAVE_STRDUP 1
| #define HAVE_MKSTEMP 1
| #define HAVE_MKTEMP 1
| #define HAVE_FDOPEN 1
| #define HAVE_BSD_SIGNAL 1
| #define HAVE_DUP2 1
| #define HAVE_GETCWD 1
| #define HAVE_REALPATH 1
| #define HAVE_SIGSETMASK 1
| #define HAVE_SIGACTION 1
| #define HAVE_GETGROUPS 1
| #define HAVE_SETEUID 1
| #define HAVE_SETEGID 1
| #define HAVE_SETLINEBUF 1
| #define HAVE_SETREUID 1
| #define HAVE_SETREGID 1
| #define HAVE_GETRLIMIT 1
| #define HAVE_SETRLIMIT 1
| #define HAVE_SETVBUF 1
| #define HAVE_PIPE 1
| #define HAVE_STRERROR 1
| #define HAVE_STRSIGNAL 1
| #define HAVE_LSTAT 1
| #define HAVE_READLINK 1
| #define HAVE_ATEXIT 1
| #define HAVE_STRCOLL 1
| #define HAVE_ALLOCA_H 1
| #define HAVE_ALLOCA 1
| #define HAVE_UNISTD_H 1
| #define HAVE_FORK 1
| #define HAVE_VFORK 1
| #define HAVE_WORKING_VFORK 1
| #define HAVE_WORKING_FORK 1
| #define HAVE_VPRINTF 1
| #define HAVE_GETLOADAVG 1
| #define HAVE_DECL_SYS_SIGLIST 1
| #define HAVE_DECL__SYS_SIGLIST 0
| #define HAVE_DECL___SYS_SIGLIST 0
| #define HAVE_SYS_WAIT_H 1
| #define HAVE_WAITPID 1
| #define HAVE_WAIT3 1
| /* end confdefs.h.  */
| #include <sys/types.h>
| #include <sys/wait.h>
| int
| main ()
| {
| union wait status; int pid; pid = wait (&status);
| #ifdef WEXITSTATUS
| /* Some POSIXoid systems have both the new-style macros and the old
|    union wait type, and they do not work together.  If union wait
|    conflicts with WEXITSTATUS et al, we don't want to use it at all.  */
|         if (WEXITSTATUS (status) != 0) pid = -1;
| #ifdef WTERMSIG
|         /* If we have WEXITSTATUS and WTERMSIG, just use them on ints.  */
|         -- blow chunks here --
| #endif
| #endif
| #ifdef HAVE_WAITPID
|         /* Make sure union wait works with waitpid.  */
|         pid = waitpid (-1, &status, 0);
| #endif
| 
|   ;
|   return 0;
| }
configure:12239: result: no
configure:13463: checking for SA_RESTART
configure:13485: cc -c -O -O2 -no-cpp-precomp  conftest.c >&5
configure:13491: $? = 0
configure:13494: test -z 			 || test ! -s conftest.err
configure:13497: $? = 0
configure:13500: test -s conftest.o
configure:13503: $? = 0
configure:13514: result: yes
configure:13553: checking for location of SCCS get command
configure:13565: result: get
configure:13605: checking if system libc has GNU glob
conftest.c:89:10: fatal error: 'features.h' file not found
#include <features.h>
         ^~~~~~~~~~~~
1 error generated.
configure:13637: result: no; using local copy
configure:13716: checking if malloc debugging is wanted
configure:13737: result: no
configure:13931: creating ./config.status

## ---------------------- ##
## Running config.status. ##
## ---------------------- ##

This file was extended by GNU make config.status 3.81, which was
generated by GNU Autoconf 2.59.  Invocation command line was

  CONFIG_FILES    = 
  CONFIG_HEADERS  = 
  CONFIG_LINKS    = 
  CONFIG_COMMANDS = 
  $ ./config.status 

on Sid-Qians-MacBook-Pro-2.local

config.status:783: creating Makefile
config.status:783: creating glob/Makefile
config.status:783: creating po/Makefile.in
config.status:783: creating config/Makefile
config.status:783: creating doc/Makefile
config.status:783: creating w32/Makefile
config.status:842: creating config.h
config.status:1300: executing depfiles commands
config.status:1300: executing default-1 commands

## ---------------------- ##
## Running config.status. ##
## ---------------------- ##

This file was extended by GNU make config.status 3.81, which was
generated by GNU Autoconf 2.59.  Invocation command line was

  CONFIG_FILES    = 
  CONFIG_HEADERS  = 
  CONFIG_LINKS    = 
  CONFIG_COMMANDS = 
  $ ./config.status --file build.sh

on Sid-Qians-MacBook-Pro-2.local

config.status:783: creating build.sh

## ---------------- ##
## Cache variables. ##
## ---------------- ##

ac_cv_build=x86_64-apple-darwin22.1.0
ac_cv_build_alias=x86_64-apple-darwin22.1.0
ac_cv_c_compiler_gnu=yes
ac_cv_c_const=yes
ac_cv_dos_paths=no
ac_cv_env_CC_set=set
ac_cv_env_CC_value=cc
ac_cv_env_CFLAGS_set=set
ac_cv_env_CFLAGS_value='-O -O2 -no-cpp-precomp'
ac_cv_env_CPPFLAGS_set=set
ac_cv_env_CPPFLAGS_value=
ac_cv_env_CPP_set=
ac_cv_env_CPP_value=
ac_cv_env_LDFLAGS_set=set
ac_cv_env_LDFLAGS_value=
ac_cv_env_build_alias_set=
ac_cv_env_build_alias_value=
ac_cv_env_host_alias_set=
ac_cv_env_host_alias_value=
ac_cv_env_target_alias_set=
ac_cv_env_target_alias_value=
ac_cv_exeext=
ac_cv_func__doprnt=no
ac_cv_func_alloca_works=yes
ac_cv_func_atexit=yes
ac_cv_func_bsd_signal=yes
ac_cv_func_closedir_void=no
ac_cv_func_dup2=yes
ac_cv_func_fdopen=yes
ac_cv_func_fork=yes
ac_cv_func_fork_works=yes
ac_cv_func_getcwd=yes
ac_cv_func_getgroups=yes
ac_cv_func_getloadavg=yes
ac_cv_func_getloadavg_setgid=no
ac_cv_func_getrlimit=yes
ac_cv_func_gettimeofday=no
ac_cv_func_lstat=yes
ac_cv_func_memcpy=yes
ac_cv_func_memmove=yes
ac_cv_func_mkstemp=yes
ac_cv_func_mktemp=yes
ac_cv_func_pipe=yes
ac_cv_func_pstat_getdynamic=no
ac_cv_func_readlink=yes
ac_cv_func_realpath=yes
ac_cv_func_setegid=yes
ac_cv_func_seteuid=yes
ac_cv_func_setlinebuf=yes
ac_cv_func_setregid=yes
ac_cv_func_setreuid=yes
ac_cv_func_setrlimit=yes
ac_cv_func_setvbuf=yes
ac_cv_func_setvbuf_reversed=no
ac_cv_func_sigaction=yes
ac_cv_func_sigsetmask=yes
ac_cv_func_strchr=yes
ac_cv_func_strcoll_works=yes
ac_cv_func_strdup=yes
ac_cv_func_strerror=yes
ac_cv_func_strsignal=yes
ac_cv_func_vfork=yes
ac_cv_func_vfork_works=yes
ac_cv_func_vprintf=yes
ac_cv_func_wait3=yes
ac_cv_func_waitpid=yes
ac_cv_have_decl___sys_siglist=no
ac_cv_have_decl__sys_siglist=no
ac_cv_have_decl_sys_siglist=yes
ac_cv_header_dirent_dirent_h=yes
ac_cv_header_fcntl_h=yes
ac_cv_header_inttypes_h=yes
ac_cv_header_limits_h=yes
ac_cv_header_locale_h=yes
ac_cv_header_memory_h=yes
ac_cv_header_minix_config_h=no
ac_cv_header_stat_broken=no
ac_cv_header_stdarg_h=yes
ac_cv_header_stdc=no
ac_cv_header_stdint_h=yes
ac_cv_header_stdlib_h=yes
ac_cv_header_string_h=yes
ac_cv_header_strings_h=yes
ac_cv_header_sys_param_h=yes
ac_cv_header_sys_resource_h=yes
ac_cv_header_sys_stat_h=yes
ac_cv_header_sys_time_h=yes
ac_cv_header_sys_timeb_h=yes
ac_cv_header_sys_types_h=yes
ac_cv_header_sys_wait_h=yes
ac_cv_header_time=yes
ac_cv_header_unistd_h=yes
ac_cv_header_vfork_h=no
ac_cv_host=x86_64-apple-darwin22.1.0
ac_cv_host_alias=x86_64-apple-darwin22.1.0
ac_cv_lib_kstat_kstat_open=no
ac_cv_objext=o
ac_cv_path_GMSGFMT=/usr/local/bin/msgfmt
ac_cv_path_MSGFMT=/usr/local/bin/msgfmt
ac_cv_path_MSGMERGE=/usr/local/bin/msgmerge
ac_cv_path_XGETTEXT=/usr/local/bin/xgettext
ac_cv_prog_AR=ar
ac_cv_prog_AWK=/Users/sidqian/Downloads/summer/L2S/netbsd-src/build/obj/tooldir.Darwin-22.1.0-x86_64/bin/nbawk
ac_cv_prog_CPP='cc -E'
ac_cv_prog_PERL=perl
ac_cv_prog_ac_ct_CC=cc
ac_cv_prog_ac_ct_RANLIB=ranlib
ac_cv_prog_cc_cc_c_o=yes
ac_cv_prog_cc_g=yes
ac_cv_prog_cc_stdc=
ac_cv_prog_egrep='grep -E'
ac_cv_prog_make__Users_sidqian_Downloads_summer_L2S_netbsd_src_build_obj_tooldir_Darwin_22_1_0_x86_64_bin_nbmake_set=yes
ac_cv_search_getpwnam='none required'
ac_cv_search_opendir='none required'
ac_cv_search_strerror='none required'
ac_cv_struct_st_mtim_nsec=no
ac_cv_sys_file_offset_bits=no
ac_cv_sys_large_files=no
ac_cv_sys_largefile_CC=no
ac_cv_type_pid_t=yes
ac_cv_type_signal=void
ac_cv_type_uid_t=yes
ac_cv_type_uintmax_t=yes
ac_cv_working_alloca_h=yes
acl_cv_hardcode_direct=no
acl_cv_hardcode_libdir_flag_spec=
acl_cv_hardcode_libdir_separator=
acl_cv_hardcode_minus_L=no
acl_cv_libext=a
acl_cv_path_LD=/Applications/Xcode.app/Contents/Developer/Toolchains/XcodeDefault.xctoolchain/usr/bin/ld
acl_cv_prog_gnu_ld=no
acl_cv_rpath=done
acl_cv_shlibext=dylib
acl_cv_wl=-Wl,
am_cv_CC_dependencies_compiler_type=gcc3
make_cv_file_timestamp_hi_res=no
make_cv_job_server=yes
make_cv_path_sccs_get=get
make_cv_sa_restart=yes
make_cv_sys_gnu_glob=no
make_cv_union_wait=no

## ----------------- ##
## Output variables. ##
## ----------------- ##

ACLOCAL='${SHELL} /Users/sidqian/Downloads/summer/L2S/netbsd-src/external/gpl2/gmake/dist/config/missing --run aclocal-1.9'
ALLOCA=''
AMDEPBACKSLASH='\'
AMDEP_FALSE='#'
AMDEP_TRUE=''
AMTAR='${SHELL} /Users/sidqian/Downloads/summer/L2S/netbsd-src/external/gpl2/gmake/dist/config/missing --run tar'
ANSI2KNR=''
AR='ar'
AUTOCONF='${SHELL} /Users/sidqian/Downloads/summer/L2S/netbsd-src/external/gpl2/gmake/dist/config/missing --run autoconf'
AUTOHEADER='${SHELL} /Users/sidqian/Downloads/summer/L2S/netbsd-src/external/gpl2/gmake/dist/config/missing --run autoheader'
AUTOMAKE='${SHELL} /Users/sidqian/Downloads/summer/L2S/netbsd-src/external/gpl2/gmake/dist/config/missing --run automake-1.9'
AWK='/Users/sidqian/Downloads/summer/L2S/netbsd-src/build/obj/tooldir.Darwin-22.1.0-x86_64/bin/nbawk'
CC='cc'
CCDEPMODE='depmode=gcc3'
CFLAGS='-O -O2 -no-cpp-precomp'
CPP='cc -E'
CPPFLAGS=''
CYGPATH_W='echo'
DEFS='-DHAVE_CONFIG_H'
DEPDIR='.deps'
ECHO_C='ECHO_N=''
ECHO_T=''
EGREP='grep -E'
EXEEXT=''
GETLOADAVG_LIBS=''
GLOBINC='-I$(srcdir)/glob'
GLOBLIB='glob/libglob.a'
GMSGFMT='/usr/local/bin/msgfmt'
INSTALL_DATA='${INSTALL} -m 644'
INSTALL_PROGRAM='${INSTALL}'
INSTALL_SCRIPT='${INSTALL}'
INSTALL_STRIP_PROGRAM='${SHELL} $(install_sh) -c -s'
INTLLIBS=''
KMEM_GROUP=''
LDFLAGS=''
LIBICONV='-liconv'
LIBINTL=''
LIBOBJS=''
LIBS=''
LTLIBICONV='-liconv'
LTLIBINTL=''
LTLIBOBJS=''
MAKEINFO='${SHELL} /Users/sidqian/Downloads/summer/L2S/netbsd-src/external/gpl2/gmake/dist/config/missing --run makeinfo'
MAKE_HOST='x86_64-apple-darwin22.1.0'
MKINSTALLDIRS='/Users/sidqian/Downloads/summer/L2S/netbsd-src/tools/gmake/../../external/gpl2/gmake/dist/config/mkinstalldirs'
MSGFMT='/usr/local/bin/msgfmt'
MSGMERGE='/usr/local/bin/msgmerge'
NEED_SETGID='false'
OBJEXT='o'
PACKAGE='make'
PACKAGE_BUGREPORT='bug-make@gnu.org'
PACKAGE_NAME='GNU make'
PACKAGE_STRING='GNU make 3.81'
PACKAGE_TARNAME='make'
PACKAGE_VERSION='3.81'
PATH_SEPARATOR=':'
PERL='perl'
POSUB=''
RANLIB='ranlib'
REMOTE='stub'
SET_MAKE=''
SHELL='/bin/sh'
STRIP=''
U=''
USE_CUSTOMS_FALSE=''
USE_CUSTOMS_TRUE='#'
USE_LOCAL_GLOB_FALSE='#'
USE_LOCAL_GLOB_TRUE=''
USE_NLS='no'
VERSION='3.81'
WINDOWSENV_FALSE=''
WINDOWSENV_TRUE='#'
XGETTEXT='/usr/local/bin/xgettext'
ac_ct_CC='cc'
ac_ct_RANLIB='ranlib'
ac_ct_STRIP=''
am__fastdepCC_FALSE='#'
am__fastdepCC_TRUE=''
am__include='include'
am__leading_dot='.'
am__quote=''
am__tar='${AMTAR} chof - "$$tardir"'
am__untar='${AMTAR} xf -'
bindir='${exec_prefix}/bin'
build='x86_64-apple-darwin22.1.0'
build_alias=''
build_cpu='x86_64'
build_os='darwin22.1.0'
build_vendor='apple'
datadir='${prefix}/share'
exec_prefix='${prefix}'
host='x86_64-apple-darwin22.1.0'
host_alias=''
host_cpu='x86_64'
host_os='darwin22.1.0'
host_vendor='apple'
includedir='${prefix}/include'
infodir='${prefix}/info'
install_sh='/Users/sidqian/Downloads/summer/L2S/netbsd-src/external/gpl2/gmake/dist/config/install-sh'
libdir='${exec_prefix}/lib'
libexecdir='${exec_prefix}/libexec'
localstatedir='${prefix}/var'
mandir='${prefix}/man'
mkdir_p='$(mkinstalldirs)'
oldincludedir='/usr/include'
prefix='/Users/sidqian/Downloads/summer/L2S/netbsd-src/build/obj/tooldir.Darwin-22.1.0-x86_64'
program_transform_name='s,^,nbg,'
sbindir='${exec_prefix}/sbin'
sharedstatedir='${prefix}/com'
sysconfdir='${prefix}/etc'
target_alias=''

## ------------- ##
## Output files. ##
## ------------- ##

MAINT_MAKEFILE='/dev/null'

## ----------- ##
## confdefs.h. ##
## ----------- ##

#define FILE_TIMESTAMP_HI_RES 0
#define HAVE_ALLOCA 1
#define HAVE_ALLOCA_H 1
#define HAVE_ANSI_COMPILER 1
#define HAVE_ATEXIT 1
#define HAVE_BSD_SIGNAL 1
#define HAVE_DECL_SYS_SIGLIST 1
#define HAVE_DECL__SYS_SIGLIST 0
#define HAVE_DECL___SYS_SIGLIST 0
#define HAVE_DIRENT_H 1
#define HAVE_DUP2 1
#define HAVE_FCNTL_H 1
#define HAVE_FDOPEN 1
#define HAVE_FORK 1
#define HAVE_GETCWD 1
#define HAVE_GETGROUPS 1
#define HAVE_GETLOADAVG 1
#define HAVE_GETRLIMIT 1
#define HAVE_INTTYPES_H 1
#define HAVE_LIMITS_H 1
#define HAVE_LOCALE_H 1
#define HAVE_LSTAT 1
#define HAVE_MEMCPY 1
#define HAVE_MEMMOVE 1
#define HAVE_MEMORY_H 1
#define HAVE_MEMORY_H 1
#define HAVE_MKSTEMP 1
#define HAVE_MKTEMP 1
#define HAVE_PIPE 1
#define HAVE_READLINK 1
#define HAVE_REALPATH 1
#define HAVE_SA_RESTART 1
#define HAVE_SETEGID 1
#define HAVE_SETEUID 1
#define HAVE_SETLINEBUF 1
#define HAVE_SETREGID 1
#define HAVE_SETREUID 1
#define HAVE_SETRLIMIT 1
#define HAVE_SETVBUF 1
#define HAVE_SIGACTION 1
#define HAVE_SIGSETMASK 1
#define HAVE_STDARG_H 1
#define HAVE_STDINT_H 1
#define HAVE_STDLIB_H 1
#define HAVE_STDLIB_H 1
#define HAVE_STRCHR 1
#define HAVE_STRCOLL 1
#define HAVE_STRDUP 1
#define HAVE_STRERROR 1
#define HAVE_STRINGS_H 1
#define HAVE_STRING_H 1
#define HAVE_STRING_H 1
#define HAVE_STRING_H 1
#define HAVE_STRSIGNAL 1
#define HAVE_SYS_PARAM_H 1
#define HAVE_SYS_RESOURCE_H 1
#define HAVE_SYS_STAT_H 1
#define HAVE_SYS_TIMEB_H 1
#define HAVE_SYS_TIME_H 1
#define HAVE_SYS_TYPES_H 1
#define HAVE_SYS_WAIT_H 1
#define HAVE_UNISTD_H 1
#define HAVE_UNISTD_H 1
#define HAVE_UNISTD_H 1
#define HAVE_VFORK 1
#define HAVE_VPRINTF 1
#define HAVE_WAIT3 1
#define HAVE_WAITPID 1
#define HAVE_WORKING_FORK 1
#define HAVE_WORKING_VFORK 1
#define MAKE_HOST "x86_64-apple-darwin22.1.0"
#define MAKE_JOBSERVER 1
#define MAKE_SYMLINKS 1
#define PACKAGE "make"
#define PACKAGE_BUGREPORT "bug-make@gnu.org"
#define PACKAGE_NAME "GNU make"
#define PACKAGE_STRING "GNU make 3.81"
#define PACKAGE_TARNAME "make"
#define PACKAGE_VERSION "3.81"
#define PROTOTYPES 1
#define RETSIGTYPE void
#define SCCS_GET "get"
#define TIME_WITH_SYS_TIME 1
#define VERSION "3.81"
#define __PROTOTYPES 1

configure: exit 0
