This file contains any messages produced by compilers while
running configure, to aid debugging if configure makes a mistake.

It was created by configure, which was
generated by GNU Autoconf 2.59b.  Invocation command line was

  $ /Users/sidqian/Downloads/summer/L2S/netbsd-src/tools/groff/../../external/gpl2/groff/dist/configure --without-x --prefix=/Users/sidqian/Downloads/summer/L2S/netbsd-src/build/obj/tooldir.Darwin-22.1.0-x86_64

## --------- ##
## Platform. ##
## --------- ##

hostname = Sid-Qians-MacBook-Pro-2.local
uname -m = x86_64
uname -r = 22.1.0
uname -s = Darwin
uname -v = Darwin Kernel Version 22.1.0: Sun Oct  9 20:14:54 PDT 2022; root:xnu-8792.41.9~2/RELEASE_X86_64

/usr/bin/uname -p = i386
/bin/uname -X     = unknown

/bin/arch              = unknown
/usr/bin/arch -k       = unknown
/usr/convex/getsysinfo = unknown
hostinfo               = Mach kernel version:
	 Darwin Kernel Version 22.1.0: Sun Oct  9 20:14:54 PDT 2022; root:xnu-8792.41.9~2/RELEASE_X86_64
Kernel configured for up to 8 processors.
4 processors are physically available.
8 processors are logically available.
Processor type: x86_64h (Intel x86-64h Haswell)
Processors active: 0 1 2 3 4 5 6 7
Primary memory available: 16.00 gigabytes
Default processor set: 643 tasks, 2980 threads, 8 processors
Load average: 5.58, Mach factor: 3.17
/bin/machine           = unknown
/usr/bin/oslevel       = unknown
/bin/universe          = unknown

PATH: /Users/sidqian/Downloads/summer/L2S/netbsd-src/build/obj/tooldir.Darwin-22.1.0-x86_64/bin
PATH: /usr/local/bin
PATH: /System/Cryptexes/App/usr/bin
PATH: /usr/bin
PATH: /bin
PATH: /usr/sbin
PATH: /sbin
PATH: /Library/Apple/usr/bin
PATH: /Users/sidqian/ch-darwin-amd64
PATH: /Users/sidqian/ch-darwin-amd64
PATH: /Users/sidqian/Downloads/flutter/bin


## ----------- ##
## Core tests. ##
## ----------- ##

configure:1601: checking for gcc
configure:1627: result: cc
configure:1907: checking for C compiler version
configure:1910: cc --version </dev/null >&5
Apple clang version 14.0.3 (clang-1403.0.22.14.1)
Target: x86_64-apple-darwin22.1.0
Thread model: posix
InstalledDir: /Applications/Xcode.app/Contents/Developer/Toolchains/XcodeDefault.xctoolchain/usr/bin
configure:1913: $? = 0
configure:1915: cc -v </dev/null >&5
Apple clang version 14.0.3 (clang-1403.0.22.14.1)
Target: x86_64-apple-darwin22.1.0
Thread model: posix
InstalledDir: /Applications/Xcode.app/Contents/Developer/Toolchains/XcodeDefault.xctoolchain/usr/bin
configure:1918: $? = 0
configure:1920: cc -V </dev/null >&5
clang: error: argument to '-V' is missing (expected 1 value)
clang: error: no input files
configure:1923: $? = 1
configure:1946: checking for C compiler default output file name
configure:1968: cc -O -O2 -no-cpp-precomp  -no-cpp-precomp -I/Users/sidqian/Downloads/summer/L2S/netbsd-src/build/obj/tooldir.Darwin-22.1.0-x86_64/include/compat -I/Users/sidqian/Downloads/summer/L2S/netbsd-src/tools/compat  -DHAVE_NBTOOL_CONFIG_H=1 -D_FILE_OFFSET_BITS=64  conftest.c  >&5
configure:1971: $? = 0
configure:2009: result: a.out
configure:2014: checking whether the C compiler works
configure:2020: ./a.out
configure:2023: $? = 0
configure:2040: result: yes
configure:2047: checking whether we are cross compiling
configure:2049: result: no
configure:2052: checking for suffix of executables
configure:2054: cc -o conftest -O -O2 -no-cpp-precomp  -no-cpp-precomp -I/Users/sidqian/Downloads/summer/L2S/netbsd-src/build/obj/tooldir.Darwin-22.1.0-x86_64/include/compat -I/Users/sidqian/Downloads/summer/L2S/netbsd-src/tools/compat  -DHAVE_NBTOOL_CONFIG_H=1 -D_FILE_OFFSET_BITS=64  conftest.c  >&5
configure:2057: $? = 0
configure:2082: result: 
configure:2088: checking for suffix of object files
configure:2109: cc -c -O -O2 -no-cpp-precomp  -no-cpp-precomp -I/Users/sidqian/Downloads/summer/L2S/netbsd-src/build/obj/tooldir.Darwin-22.1.0-x86_64/include/compat -I/Users/sidqian/Downloads/summer/L2S/netbsd-src/tools/compat  -DHAVE_NBTOOL_CONFIG_H=1 -D_FILE_OFFSET_BITS=64 conftest.c >&5
configure:2112: $? = 0
configure:2134: result: o
configure:2138: checking whether we are using the GNU C compiler
configure:2162: cc -c -O -O2 -no-cpp-precomp  -no-cpp-precomp -I/Users/sidqian/Downloads/summer/L2S/netbsd-src/build/obj/tooldir.Darwin-22.1.0-x86_64/include/compat -I/Users/sidqian/Downloads/summer/L2S/netbsd-src/tools/compat  -DHAVE_NBTOOL_CONFIG_H=1 -D_FILE_OFFSET_BITS=64 conftest.c >&5
configure:2168: $? = 0
configure:2172: test -z 
			 || test ! -s conftest.err
configure:2175: $? = 0
configure:2178: test -s conftest.o
configure:2181: $? = 0
configure:2194: result: yes
configure:2199: checking whether cc accepts -g
configure:2224: cc -c -g  -no-cpp-precomp -I/Users/sidqian/Downloads/summer/L2S/netbsd-src/build/obj/tooldir.Darwin-22.1.0-x86_64/include/compat -I/Users/sidqian/Downloads/summer/L2S/netbsd-src/tools/compat  -DHAVE_NBTOOL_CONFIG_H=1 -D_FILE_OFFSET_BITS=64 conftest.c >&5
configure:2230: $? = 0
configure:2234: test -z yes
			 || test ! -s conftest.err
configure:2237: $? = 0
configure:2240: test -s conftest.o
configure:2243: $? = 0
configure:2345: result: yes
configure:2362: checking for cc option to accept ANSI C
configure:2432: cc  -c -O -O2 -no-cpp-precomp  -no-cpp-precomp -I/Users/sidqian/Downloads/summer/L2S/netbsd-src/build/obj/tooldir.Darwin-22.1.0-x86_64/include/compat -I/Users/sidqian/Downloads/summer/L2S/netbsd-src/tools/compat  -DHAVE_NBTOOL_CONFIG_H=1 -D_FILE_OFFSET_BITS=64 conftest.c >&5
conftest.c:16:14: warning: a function declaration without a prototype is deprecated in all versions of C and is not supported in C2x [-Wdeprecated-non-prototype]
static char *e (p, i)
             ^
1 warning generated.
configure:2438: $? = 0
configure:2442: test -z 
			 || test ! -s conftest.err
configure:2445: $? = 0
configure:2448: test -s conftest.o
configure:2451: $? = 0
configure:2469: result: none needed
configure:2487: cc -c -O -O2 -no-cpp-precomp  -no-cpp-precomp -I/Users/sidqian/Downloads/summer/L2S/netbsd-src/build/obj/tooldir.Darwin-22.1.0-x86_64/include/compat -I/Users/sidqian/Downloads/summer/L2S/netbsd-src/tools/compat  -DHAVE_NBTOOL_CONFIG_H=1 -D_FILE_OFFSET_BITS=64 conftest.c >&5
conftest.c:2:3: error: unknown type name 'choke'
  choke me
  ^
conftest.c:2:11: error: expected ';' after top level declarator
  choke me
          ^
          ;
2 errors generated.
configure:2493: $? = 1
configure: failed program was:
| #ifndef __cplusplus
|   choke me
| #endif
configure:2733: checking for C++ compiler version
configure:2736: c++ --version </dev/null >&5
Apple clang version 14.0.3 (clang-1403.0.22.14.1)
Target: x86_64-apple-darwin22.1.0
Thread model: posix
InstalledDir: /Applications/Xcode.app/Contents/Developer/Toolchains/XcodeDefault.xctoolchain/usr/bin
configure:2739: $? = 0
configure:2741: c++ -v </dev/null >&5
Apple clang version 14.0.3 (clang-1403.0.22.14.1)
Target: x86_64-apple-darwin22.1.0
Thread model: posix
InstalledDir: /Applications/Xcode.app/Contents/Developer/Toolchains/XcodeDefault.xctoolchain/usr/bin
configure:2744: $? = 0
configure:2746: c++ -V </dev/null >&5
clang: error: argument to '-V' is missing (expected 1 value)
clang: error: no input files
configure:2749: $? = 1
configure:2752: checking whether we are using the GNU C++ compiler
configure:2776: c++ -c -O  -no-cpp-precomp -I/Users/sidqian/Downloads/summer/L2S/netbsd-src/build/obj/tooldir.Darwin-22.1.0-x86_64/include/compat -I/Users/sidqian/Downloads/summer/L2S/netbsd-src/tools/compat  -DHAVE_NBTOOL_CONFIG_H=1 -D_FILE_OFFSET_BITS=64 conftest.cc >&5
configure:2782: $? = 0
configure:2786: test -z 
			 || test ! -s conftest.err
configure:2789: $? = 0
configure:2792: test -s conftest.o
configure:2795: $? = 0
configure:2808: result: yes
configure:2813: checking whether c++ accepts -g
configure:2838: c++ -c -g  -no-cpp-precomp -I/Users/sidqian/Downloads/summer/L2S/netbsd-src/build/obj/tooldir.Darwin-22.1.0-x86_64/include/compat -I/Users/sidqian/Downloads/summer/L2S/netbsd-src/tools/compat  -DHAVE_NBTOOL_CONFIG_H=1 -D_FILE_OFFSET_BITS=64 conftest.cc >&5
configure:2844: $? = 0
configure:2848: test -z yes
			 || test ! -s conftest.err
configure:2851: $? = 0
configure:2854: test -s conftest.o
configure:2857: $? = 0
configure:2959: result: yes
configure:3003: c++ -c -O  -no-cpp-precomp -I/Users/sidqian/Downloads/summer/L2S/netbsd-src/build/obj/tooldir.Darwin-22.1.0-x86_64/include/compat -I/Users/sidqian/Downloads/summer/L2S/netbsd-src/tools/compat  -DHAVE_NBTOOL_CONFIG_H=1 -D_FILE_OFFSET_BITS=64 conftest.cc >&5
configure:3009: $? = 0
configure:3013: test -z 
			 || test ! -s conftest.err
configure:3016: $? = 0
configure:3019: test -s conftest.o
configure:3022: $? = 0
configure:3048: c++ -c -O  -no-cpp-precomp -I/Users/sidqian/Downloads/summer/L2S/netbsd-src/build/obj/tooldir.Darwin-22.1.0-x86_64/include/compat -I/Users/sidqian/Downloads/summer/L2S/netbsd-src/tools/compat  -DHAVE_NBTOOL_CONFIG_H=1 -D_FILE_OFFSET_BITS=64 conftest.cc >&5
conftest.cc:13:1: error: use of undeclared identifier 'exit'
exit (42);
^
1 error generated.
configure:3054: $? = 1
configure: failed program was:
| /* confdefs.h.  */
|              
| #define PACKAGE_NAME ""
| #define PACKAGE_TARNAME ""
| #define PACKAGE_VERSION ""
| #define PACKAGE_STRING ""
| #define PACKAGE_BUGREPORT ""
| /* end confdefs.h.  */
| 
| int
| main ()
| {
| exit (42);
|   ;
|   return 0;
| }
configure:3003: c++ -c -O  -no-cpp-precomp -I/Users/sidqian/Downloads/summer/L2S/netbsd-src/build/obj/tooldir.Darwin-22.1.0-x86_64/include/compat -I/Users/sidqian/Downloads/summer/L2S/netbsd-src/tools/compat  -DHAVE_NBTOOL_CONFIG_H=1 -D_FILE_OFFSET_BITS=64 conftest.cc >&5
conftest.cc:9:17: error: use of undeclared identifier 'std'
extern "C" void std::exit (int) throw (); using std::exit;
                ^
conftest.cc:9:49: error: use of undeclared identifier 'std'
extern "C" void std::exit (int) throw (); using std::exit;
                                                ^
2 errors generated.
configure:3009: $? = 1
configure: failed program was:
| /* confdefs.h.  */
|              
| #define PACKAGE_NAME ""
| #define PACKAGE_TARNAME ""
| #define PACKAGE_VERSION ""
| #define PACKAGE_STRING ""
| #define PACKAGE_BUGREPORT ""
| /* end confdefs.h.  */
| extern "C" void std::exit (int) throw (); using std::exit;
| #include <stdlib.h>
| int
| main ()
| {
| exit (42);
|   ;
|   return 0;
| }
configure:3003: c++ -c -O  -no-cpp-precomp -I/Users/sidqian/Downloads/summer/L2S/netbsd-src/build/obj/tooldir.Darwin-22.1.0-x86_64/include/compat -I/Users/sidqian/Downloads/summer/L2S/netbsd-src/tools/compat  -DHAVE_NBTOOL_CONFIG_H=1 -D_FILE_OFFSET_BITS=64 conftest.cc >&5
conftest.cc:9:17: error: use of undeclared identifier 'std'
extern "C" void std::exit (int); using std::exit;
                ^
conftest.cc:9:40: error: use of undeclared identifier 'std'
extern "C" void std::exit (int); using std::exit;
                                       ^
2 errors generated.
configure:3009: $? = 1
configure: failed program was:
| /* confdefs.h.  */
|              
| #define PACKAGE_NAME ""
| #define PACKAGE_TARNAME ""
| #define PACKAGE_VERSION ""
| #define PACKAGE_STRING ""
| #define PACKAGE_BUGREPORT ""
| /* end confdefs.h.  */
| extern "C" void std::exit (int); using std::exit;
| #include <stdlib.h>
| int
| main ()
| {
| exit (42);
|   ;
|   return 0;
| }
configure:3003: c++ -c -O  -no-cpp-precomp -I/Users/sidqian/Downloads/summer/L2S/netbsd-src/build/obj/tooldir.Darwin-22.1.0-x86_64/include/compat -I/Users/sidqian/Downloads/summer/L2S/netbsd-src/tools/compat  -DHAVE_NBTOOL_CONFIG_H=1 -D_FILE_OFFSET_BITS=64 conftest.cc >&5
In file included from conftest.cc:10:
In file included from /Applications/Xcode.app/Contents/Developer/Platforms/MacOSX.platform/Developer/SDKs/MacOSX.sdk/usr/include/c++/v1/stdlib.h:93:
/Applications/Xcode.app/Contents/Developer/Platforms/MacOSX.platform/Developer/SDKs/MacOSX.sdk/usr/include/stdlib.h:145:7: error: 'exit' is missing exception specification 'throw()'
void     exit(int) __dead2;
         ^
conftest.cc:9:17: note: previous declaration is here
extern "C" void exit (int) throw ();
                ^
1 error generated.
configure:3009: $? = 1
configure: failed program was:
| /* confdefs.h.  */
|              
| #define PACKAGE_NAME ""
| #define PACKAGE_TARNAME ""
| #define PACKAGE_VERSION ""
| #define PACKAGE_STRING ""
| #define PACKAGE_BUGREPORT ""
| /* end confdefs.h.  */
| extern "C" void exit (int) throw ();
| #include <stdlib.h>
| int
| main ()
| {
| exit (42);
|   ;
|   return 0;
| }
configure:3003: c++ -c -O  -no-cpp-precomp -I/Users/sidqian/Downloads/summer/L2S/netbsd-src/build/obj/tooldir.Darwin-22.1.0-x86_64/include/compat -I/Users/sidqian/Downloads/summer/L2S/netbsd-src/tools/compat  -DHAVE_NBTOOL_CONFIG_H=1 -D_FILE_OFFSET_BITS=64 conftest.cc >&5
configure:3009: $? = 0
configure:3013: test -z 
			 || test ! -s conftest.err
configure:3016: $? = 0
configure:3019: test -s conftest.o
configure:3022: $? = 0
configure:3048: c++ -c -O  -no-cpp-precomp -I/Users/sidqian/Downloads/summer/L2S/netbsd-src/build/obj/tooldir.Darwin-22.1.0-x86_64/include/compat -I/Users/sidqian/Downloads/summer/L2S/netbsd-src/tools/compat  -DHAVE_NBTOOL_CONFIG_H=1 -D_FILE_OFFSET_BITS=64 conftest.cc >&5
configure:3054: $? = 0
configure:3058: test -z 
			 || test ! -s conftest.err
configure:3061: $? = 0
configure:3064: test -s conftest.o
configure:3067: $? = 0
configure:3099: checking that C++ compiler can compile simple program
configure:3122: c++ -o conftest -O  -no-cpp-precomp -I/Users/sidqian/Downloads/summer/L2S/netbsd-src/build/obj/tooldir.Darwin-22.1.0-x86_64/include/compat -I/Users/sidqian/Downloads/summer/L2S/netbsd-src/tools/compat  -DHAVE_NBTOOL_CONFIG_H=1 -D_FILE_OFFSET_BITS=64  conftest.cc  >&5
configure:3125: $? = 0
configure:3127: ./conftest
configure:3130: $? = 0
configure:3132: result: yes
configure:3150: checking that C++ static constructors and destructors are called
configure:3187: c++ -o conftest -O  -no-cpp-precomp -I/Users/sidqian/Downloads/summer/L2S/netbsd-src/build/obj/tooldir.Darwin-22.1.0-x86_64/include/compat -I/Users/sidqian/Downloads/summer/L2S/netbsd-src/tools/compat  -DHAVE_NBTOOL_CONFIG_H=1 -D_FILE_OFFSET_BITS=64  conftest.cc  >&5
configure:3190: $? = 0
configure:3192: ./conftest
configure:3195: $? = 0
configure:3197: result: yes
configure:3214: checking that header files support C++
configure:3242: c++ -o conftest -O  -no-cpp-precomp -I/Users/sidqian/Downloads/summer/L2S/netbsd-src/build/obj/tooldir.Darwin-22.1.0-x86_64/include/compat -I/Users/sidqian/Downloads/summer/L2S/netbsd-src/tools/compat  -DHAVE_NBTOOL_CONFIG_H=1 -D_FILE_OFFSET_BITS=64  conftest.cc  >&5
configure:3248: $? = 0
configure:3252: test -z 
			 || test ! -s conftest.err
configure:3255: $? = 0
configure:3258: test -s conftest
configure:3261: $? = 0
configure:3263: result: yes
configure:3288: checking whether character set is EBCDIC
configure:3317: cc -c -O -O2 -no-cpp-precomp  -no-cpp-precomp -I/Users/sidqian/Downloads/summer/L2S/netbsd-src/build/obj/tooldir.Darwin-22.1.0-x86_64/include/compat -I/Users/sidqian/Downloads/summer/L2S/netbsd-src/tools/compat  -DHAVE_NBTOOL_CONFIG_H=1 -D_FILE_OFFSET_BITS=64 conftest.c >&5
conftest.c:19:1: error: unknown type name 'make'
make an error "Character set is not EBCDIC"
^
conftest.c:19:8: error: expected ';' after top level declarator
make an error "Character set is not EBCDIC"
       ^
       ;
2 errors generated.
configure:3323: $? = 1
configure: failed program was:
| 
|        /* confdefs.h.  */
|              
| #define PACKAGE_NAME ""
| #define PACKAGE_TARNAME ""
| #define PACKAGE_VERSION ""
| #define PACKAGE_STRING ""
| #define PACKAGE_BUGREPORT ""
| #ifdef __cplusplus
| extern "C" void exit (int);
| #endif
| /* end confdefs.h.  */
| 
| 
| /* Treat any failure as ASCII for compatibility with existing art.
|    Use compile-time rather than run-time tests for cross-compiler
|    tolerance. */
| #if '0' != 240
| make an error "Character set is not EBCDIC"
| #endif
| 
| 
| int
| main ()
| {
| 
|   ;
|   return 0;
| }
| 
configure:3354: result: no
configure:3378: checking how to run the C preprocessor
configure:3413: cc -E  -no-cpp-precomp -I/Users/sidqian/Downloads/summer/L2S/netbsd-src/build/obj/tooldir.Darwin-22.1.0-x86_64/include/compat -I/Users/sidqian/Downloads/summer/L2S/netbsd-src/tools/compat  -DHAVE_NBTOOL_CONFIG_H=1 -D_FILE_OFFSET_BITS=64 conftest.c
configure:3419: $? = 0
configure:3451: cc -E  -no-cpp-precomp -I/Users/sidqian/Downloads/summer/L2S/netbsd-src/build/obj/tooldir.Darwin-22.1.0-x86_64/include/compat -I/Users/sidqian/Downloads/summer/L2S/netbsd-src/tools/compat  -DHAVE_NBTOOL_CONFIG_H=1 -D_FILE_OFFSET_BITS=64 conftest.c
conftest.c:12:10: fatal error: 'ac_nonexistent.h' file not found
#include <ac_nonexistent.h>
         ^~~~~~~~~~~~~~~~~~
1 error generated.
configure:3457: $? = 1
configure: failed program was:
| /* confdefs.h.  */
|              
| #define PACKAGE_NAME ""
| #define PACKAGE_TARNAME ""
| #define PACKAGE_VERSION ""
| #define PACKAGE_STRING ""
| #define PACKAGE_BUGREPORT ""
| #ifdef __cplusplus
| extern "C" void exit (int);
| #endif
| /* end confdefs.h.  */
| #include <ac_nonexistent.h>
configure:3496: result: cc -E
configure:3520: cc -E  -no-cpp-precomp -I/Users/sidqian/Downloads/summer/L2S/netbsd-src/build/obj/tooldir.Darwin-22.1.0-x86_64/include/compat -I/Users/sidqian/Downloads/summer/L2S/netbsd-src/tools/compat  -DHAVE_NBTOOL_CONFIG_H=1 -D_FILE_OFFSET_BITS=64 conftest.c
configure:3526: $? = 0
configure:3558: cc -E  -no-cpp-precomp -I/Users/sidqian/Downloads/summer/L2S/netbsd-src/build/obj/tooldir.Darwin-22.1.0-x86_64/include/compat -I/Users/sidqian/Downloads/summer/L2S/netbsd-src/tools/compat  -DHAVE_NBTOOL_CONFIG_H=1 -D_FILE_OFFSET_BITS=64 conftest.c
conftest.c:12:10: fatal error: 'ac_nonexistent.h' file not found
#include <ac_nonexistent.h>
         ^~~~~~~~~~~~~~~~~~
1 error generated.
configure:3564: $? = 1
configure: failed program was:
| /* confdefs.h.  */
|              
| #define PACKAGE_NAME ""
| #define PACKAGE_TARNAME ""
| #define PACKAGE_VERSION ""
| #define PACKAGE_STRING ""
| #define PACKAGE_BUGREPORT ""
| #ifdef __cplusplus
| extern "C" void exit (int);
| #endif
| /* end confdefs.h.  */
| #include <ac_nonexistent.h>
configure:3608: checking for X
configure:3828: result: disabled
configure:5132: gxditview and xtotroff won't be built
configure:5243: checking for lpr
configure:5259: found /usr/bin/lpr
configure:5269: result: lpr
configure:5283: checking for lp
configure:5299: found /usr/bin/lp
configure:5309: result: lp
configure:5327: checking for lpq
configure:5343: found /usr/bin/lpq
configure:5353: result: lpq
configure:5372: checking for command to use for printing PostScript files
configure:5374: result: lpr
configure:5378: checking for command to use for printing dvi files
configure:5388: result: lpr -d
configure:5392: checking for perl
configure:5410: found /usr/bin/perl
configure:5423: result: /usr/bin/perl
configure:5434: checking for byacc
configure:5460: result: /Users/sidqian/Downloads/summer/L2S/netbsd-src/build/obj/tooldir.Darwin-22.1.0-x86_64/bin/nbyacc
configure:5512: checking for ranlib
configure:5538: result: ranlib
configure:5594: checking for install-info
configure:5623: result: no
configure:5644: checking for a BSD-compatible install
configure:5699: result: /Users/sidqian/Downloads/summer/L2S/netbsd-src/build/obj/tooldir.Darwin-22.1.0-x86_64/bin/m68k--netbsdelf-install -c  -r
configure:5710: checking whether ln -s works
configure:5714: result: yes
configure:5724: checking for csh hash hack
configure:5740: result: no
configure:5748: checking for grep that handles long lines and -e
configure:5842: result: /usr/bin/grep
configure:5847: checking for egrep
configure:5945: result: /usr/bin/grep -E
configure:5950: checking for ANSI C header files
configure:5975: cc -c -O -O2 -no-cpp-precomp  -no-cpp-precomp -I/Users/sidqian/Downloads/summer/L2S/netbsd-src/build/obj/tooldir.Darwin-22.1.0-x86_64/include/compat -I/Users/sidqian/Downloads/summer/L2S/netbsd-src/tools/compat  -DHAVE_NBTOOL_CONFIG_H=1 -D_FILE_OFFSET_BITS=64 conftest.c >&5
configure:5981: $? = 0
configure:5985: test -z 
			 || test ! -s conftest.err
configure:5988: $? = 0
configure:5991: test -s conftest.o
configure:5994: $? = 0
configure:6084: cc -o conftest -O -O2 -no-cpp-precomp  -no-cpp-precomp -I/Users/sidqian/Downloads/summer/L2S/netbsd-src/build/obj/tooldir.Darwin-22.1.0-x86_64/include/compat -I/Users/sidqian/Downloads/summer/L2S/netbsd-src/tools/compat  -DHAVE_NBTOOL_CONFIG_H=1 -D_FILE_OFFSET_BITS=64  conftest.c  >&5
configure:6087: $? = 0
configure:6089: ./conftest
configure:6092: $? = 0
configure:6107: result: yes
configure:6131: checking for sys/types.h
configure:6147: cc -c -O -O2 -no-cpp-precomp  -no-cpp-precomp -I/Users/sidqian/Downloads/summer/L2S/netbsd-src/build/obj/tooldir.Darwin-22.1.0-x86_64/include/compat -I/Users/sidqian/Downloads/summer/L2S/netbsd-src/tools/compat  -DHAVE_NBTOOL_CONFIG_H=1 -D_FILE_OFFSET_BITS=64 conftest.c >&5
configure:6153: $? = 0
configure:6157: test -z 
			 || test ! -s conftest.err
configure:6160: $? = 0
configure:6163: test -s conftest.o
configure:6166: $? = 0
configure:6177: result: yes
configure:6131: checking for sys/stat.h
configure:6147: cc -c -O -O2 -no-cpp-precomp  -no-cpp-precomp -I/Users/sidqian/Downloads/summer/L2S/netbsd-src/build/obj/tooldir.Darwin-22.1.0-x86_64/include/compat -I/Users/sidqian/Downloads/summer/L2S/netbsd-src/tools/compat  -DHAVE_NBTOOL_CONFIG_H=1 -D_FILE_OFFSET_BITS=64 conftest.c >&5
configure:6153: $? = 0
configure:6157: test -z 
			 || test ! -s conftest.err
configure:6160: $? = 0
configure:6163: test -s conftest.o
configure:6166: $? = 0
configure:6177: result: yes
configure:6131: checking for stdlib.h
configure:6147: cc -c -O -O2 -no-cpp-precomp  -no-cpp-precomp -I/Users/sidqian/Downloads/summer/L2S/netbsd-src/build/obj/tooldir.Darwin-22.1.0-x86_64/include/compat -I/Users/sidqian/Downloads/summer/L2S/netbsd-src/tools/compat  -DHAVE_NBTOOL_CONFIG_H=1 -D_FILE_OFFSET_BITS=64 conftest.c >&5
configure:6153: $? = 0
configure:6157: test -z 
			 || test ! -s conftest.err
configure:6160: $? = 0
configure:6163: test -s conftest.o
configure:6166: $? = 0
configure:6177: result: yes
configure:6131: checking for string.h
configure:6147: cc -c -O -O2 -no-cpp-precomp  -no-cpp-precomp -I/Users/sidqian/Downloads/summer/L2S/netbsd-src/build/obj/tooldir.Darwin-22.1.0-x86_64/include/compat -I/Users/sidqian/Downloads/summer/L2S/netbsd-src/tools/compat  -DHAVE_NBTOOL_CONFIG_H=1 -D_FILE_OFFSET_BITS=64 conftest.c >&5
configure:6153: $? = 0
configure:6157: test -z 
			 || test ! -s conftest.err
configure:6160: $? = 0
configure:6163: test -s conftest.o
configure:6166: $? = 0
configure:6177: result: yes
configure:6131: checking for memory.h
configure:6147: cc -c -O -O2 -no-cpp-precomp  -no-cpp-precomp -I/Users/sidqian/Downloads/summer/L2S/netbsd-src/build/obj/tooldir.Darwin-22.1.0-x86_64/include/compat -I/Users/sidqian/Downloads/summer/L2S/netbsd-src/tools/compat  -DHAVE_NBTOOL_CONFIG_H=1 -D_FILE_OFFSET_BITS=64 conftest.c >&5
configure:6153: $? = 0
configure:6157: test -z 
			 || test ! -s conftest.err
configure:6160: $? = 0
configure:6163: test -s conftest.o
configure:6166: $? = 0
configure:6177: result: yes
configure:6131: checking for strings.h
configure:6147: cc -c -O -O2 -no-cpp-precomp  -no-cpp-precomp -I/Users/sidqian/Downloads/summer/L2S/netbsd-src/build/obj/tooldir.Darwin-22.1.0-x86_64/include/compat -I/Users/sidqian/Downloads/summer/L2S/netbsd-src/tools/compat  -DHAVE_NBTOOL_CONFIG_H=1 -D_FILE_OFFSET_BITS=64 conftest.c >&5
configure:6153: $? = 0
configure:6157: test -z 
			 || test ! -s conftest.err
configure:6160: $? = 0
configure:6163: test -s conftest.o
configure:6166: $? = 0
configure:6177: result: yes
configure:6131: checking for inttypes.h
configure:6147: cc -c -O -O2 -no-cpp-precomp  -no-cpp-precomp -I/Users/sidqian/Downloads/summer/L2S/netbsd-src/build/obj/tooldir.Darwin-22.1.0-x86_64/include/compat -I/Users/sidqian/Downloads/summer/L2S/netbsd-src/tools/compat  -DHAVE_NBTOOL_CONFIG_H=1 -D_FILE_OFFSET_BITS=64 conftest.c >&5
configure:6153: $? = 0
configure:6157: test -z 
			 || test ! -s conftest.err
configure:6160: $? = 0
configure:6163: test -s conftest.o
configure:6166: $? = 0
configure:6177: result: yes
configure:6131: checking for stdint.h
configure:6147: cc -c -O -O2 -no-cpp-precomp  -no-cpp-precomp -I/Users/sidqian/Downloads/summer/L2S/netbsd-src/build/obj/tooldir.Darwin-22.1.0-x86_64/include/compat -I/Users/sidqian/Downloads/summer/L2S/netbsd-src/tools/compat  -DHAVE_NBTOOL_CONFIG_H=1 -D_FILE_OFFSET_BITS=64 conftest.c >&5
configure:6153: $? = 0
configure:6157: test -z 
			 || test ! -s conftest.err
configure:6160: $? = 0
configure:6163: test -s conftest.o
configure:6166: $? = 0
configure:6177: result: yes
configure:6131: checking for unistd.h
configure:6147: cc -c -O -O2 -no-cpp-precomp  -no-cpp-precomp -I/Users/sidqian/Downloads/summer/L2S/netbsd-src/build/obj/tooldir.Darwin-22.1.0-x86_64/include/compat -I/Users/sidqian/Downloads/summer/L2S/netbsd-src/tools/compat  -DHAVE_NBTOOL_CONFIG_H=1 -D_FILE_OFFSET_BITS=64 conftest.c >&5
configure:6153: $? = 0
configure:6157: test -z 
			 || test ! -s conftest.err
configure:6160: $? = 0
configure:6163: test -s conftest.o
configure:6166: $? = 0
configure:6177: result: yes
configure:6205: checking for stdlib.h
configure:6210: result: yes
configure:6205: checking for unistd.h
configure:6210: result: yes
configure:6214: checking dirent.h usability
configure:6226: cc -c -O -O2 -no-cpp-precomp  -no-cpp-precomp -I/Users/sidqian/Downloads/summer/L2S/netbsd-src/build/obj/tooldir.Darwin-22.1.0-x86_64/include/compat -I/Users/sidqian/Downloads/summer/L2S/netbsd-src/tools/compat  -DHAVE_NBTOOL_CONFIG_H=1 -D_FILE_OFFSET_BITS=64 conftest.c >&5
configure:6232: $? = 0
configure:6236: test -z 
			 || test ! -s conftest.err
configure:6239: $? = 0
configure:6242: test -s conftest.o
configure:6245: $? = 0
configure:6255: result: yes
configure:6259: checking dirent.h presence
configure:6269: cc -E  -no-cpp-precomp -I/Users/sidqian/Downloads/summer/L2S/netbsd-src/build/obj/tooldir.Darwin-22.1.0-x86_64/include/compat -I/Users/sidqian/Downloads/summer/L2S/netbsd-src/tools/compat  -DHAVE_NBTOOL_CONFIG_H=1 -D_FILE_OFFSET_BITS=64 conftest.c
configure:6275: $? = 0
configure:6295: result: yes
configure:6330: checking for dirent.h
configure:6337: result: yes
configure:6214: checking limits.h usability
configure:6226: cc -c -O -O2 -no-cpp-precomp  -no-cpp-precomp -I/Users/sidqian/Downloads/summer/L2S/netbsd-src/build/obj/tooldir.Darwin-22.1.0-x86_64/include/compat -I/Users/sidqian/Downloads/summer/L2S/netbsd-src/tools/compat  -DHAVE_NBTOOL_CONFIG_H=1 -D_FILE_OFFSET_BITS=64 conftest.c >&5
configure:6232: $? = 0
configure:6236: test -z 
			 || test ! -s conftest.err
configure:6239: $? = 0
configure:6242: test -s conftest.o
configure:6245: $? = 0
configure:6255: result: yes
configure:6259: checking limits.h presence
configure:6269: cc -E  -no-cpp-precomp -I/Users/sidqian/Downloads/summer/L2S/netbsd-src/build/obj/tooldir.Darwin-22.1.0-x86_64/include/compat -I/Users/sidqian/Downloads/summer/L2S/netbsd-src/tools/compat  -DHAVE_NBTOOL_CONFIG_H=1 -D_FILE_OFFSET_BITS=64 conftest.c
configure:6275: $? = 0
configure:6295: result: yes
configure:6330: checking for limits.h
configure:6337: result: yes
configure:6214: checking sys/dir.h usability
configure:6226: cc -c -O -O2 -no-cpp-precomp  -no-cpp-precomp -I/Users/sidqian/Downloads/summer/L2S/netbsd-src/build/obj/tooldir.Darwin-22.1.0-x86_64/include/compat -I/Users/sidqian/Downloads/summer/L2S/netbsd-src/tools/compat  -DHAVE_NBTOOL_CONFIG_H=1 -D_FILE_OFFSET_BITS=64 conftest.c >&5
configure:6232: $? = 0
configure:6236: test -z 
			 || test ! -s conftest.err
configure:6239: $? = 0
configure:6242: test -s conftest.o
configure:6245: $? = 0
configure:6255: result: yes
configure:6259: checking sys/dir.h presence
configure:6269: cc -E  -no-cpp-precomp -I/Users/sidqian/Downloads/summer/L2S/netbsd-src/build/obj/tooldir.Darwin-22.1.0-x86_64/include/compat -I/Users/sidqian/Downloads/summer/L2S/netbsd-src/tools/compat  -DHAVE_NBTOOL_CONFIG_H=1 -D_FILE_OFFSET_BITS=64 conftest.c
configure:6275: $? = 0
configure:6295: result: yes
configure:6330: checking for sys/dir.h
configure:6337: result: yes
configure:6205: checking for string.h
configure:6210: result: yes
configure:6205: checking for strings.h
configure:6210: result: yes
configure:6214: checking math.h usability
configure:6226: cc -c -O -O2 -no-cpp-precomp  -no-cpp-precomp -I/Users/sidqian/Downloads/summer/L2S/netbsd-src/build/obj/tooldir.Darwin-22.1.0-x86_64/include/compat -I/Users/sidqian/Downloads/summer/L2S/netbsd-src/tools/compat  -DHAVE_NBTOOL_CONFIG_H=1 -D_FILE_OFFSET_BITS=64 conftest.c >&5
configure:6232: $? = 0
configure:6236: test -z 
			 || test ! -s conftest.err
configure:6239: $? = 0
configure:6242: test -s conftest.o
configure:6245: $? = 0
configure:6255: result: yes
configure:6259: checking math.h presence
configure:6269: cc -E  -no-cpp-precomp -I/Users/sidqian/Downloads/summer/L2S/netbsd-src/build/obj/tooldir.Darwin-22.1.0-x86_64/include/compat -I/Users/sidqian/Downloads/summer/L2S/netbsd-src/tools/compat  -DHAVE_NBTOOL_CONFIG_H=1 -D_FILE_OFFSET_BITS=64 conftest.c
configure:6275: $? = 0
configure:6295: result: yes
configure:6330: checking for math.h
configure:6337: result: yes
configure:6214: checking sys/time.h usability
configure:6226: cc -c -O -O2 -no-cpp-precomp  -no-cpp-precomp -I/Users/sidqian/Downloads/summer/L2S/netbsd-src/build/obj/tooldir.Darwin-22.1.0-x86_64/include/compat -I/Users/sidqian/Downloads/summer/L2S/netbsd-src/tools/compat  -DHAVE_NBTOOL_CONFIG_H=1 -D_FILE_OFFSET_BITS=64 conftest.c >&5
configure:6232: $? = 0
configure:6236: test -z 
			 || test ! -s conftest.err
configure:6239: $? = 0
configure:6242: test -s conftest.o
configure:6245: $? = 0
configure:6255: result: yes
configure:6259: checking sys/time.h presence
configure:6269: cc -E  -no-cpp-precomp -I/Users/sidqian/Downloads/summer/L2S/netbsd-src/build/obj/tooldir.Darwin-22.1.0-x86_64/include/compat -I/Users/sidqian/Downloads/summer/L2S/netbsd-src/tools/compat  -DHAVE_NBTOOL_CONFIG_H=1 -D_FILE_OFFSET_BITS=64 conftest.c
configure:6275: $? = 0
configure:6295: result: yes
configure:6330: checking for sys/time.h
configure:6337: result: yes
configure:6214: checking direct.h usability
configure:6226: cc -c -O -O2 -no-cpp-precomp  -no-cpp-precomp -I/Users/sidqian/Downloads/summer/L2S/netbsd-src/build/obj/tooldir.Darwin-22.1.0-x86_64/include/compat -I/Users/sidqian/Downloads/summer/L2S/netbsd-src/tools/compat  -DHAVE_NBTOOL_CONFIG_H=1 -D_FILE_OFFSET_BITS=64 conftest.c >&5
conftest.c:65:10: fatal error: 'direct.h' file not found
#include <direct.h>
         ^~~~~~~~~~
1 error generated.
configure:6232: $? = 1
configure: failed program was:
| /* confdefs.h.  */
|              
| #define PACKAGE_NAME ""
| #define PACKAGE_TARNAME ""
| #define PACKAGE_VERSION ""
| #define PACKAGE_STRING ""
| #define PACKAGE_BUGREPORT ""
| #ifdef __cplusplus
| extern "C" void exit (int);
| #endif
| #define X_DISPLAY_MISSING 1
| #define STDC_HEADERS 1
| #define HAVE_SYS_TYPES_H 1
| #define HAVE_SYS_STAT_H 1
| #define HAVE_STDLIB_H 1
| #define HAVE_STRING_H 1
| #define HAVE_MEMORY_H 1
| #define HAVE_STRINGS_H 1
| #define HAVE_INTTYPES_H 1
| #define HAVE_STDINT_H 1
| #define HAVE_UNISTD_H 1
| #define HAVE_STDLIB_H 1
| #define HAVE_UNISTD_H 1
| #define HAVE_DIRENT_H 1
| #define HAVE_LIMITS_H 1
| #define HAVE_SYS_DIR_H 1
| #define HAVE_STRING_H 1
| #define HAVE_STRINGS_H 1
| #define HAVE_MATH_H 1
| #define HAVE_SYS_TIME_H 1
| /* end confdefs.h.  */
| #include <stdio.h>
| #if HAVE_SYS_TYPES_H
| # include <sys/types.h>
| #endif
| #if HAVE_SYS_STAT_H
| # include <sys/stat.h>
| #endif
| #if STDC_HEADERS
| # include <stdlib.h>
| # include <stddef.h>
| #else
| # if HAVE_STDLIB_H
| #  include <stdlib.h>
| # endif
| #endif
| #if HAVE_STRING_H
| # if !STDC_HEADERS && HAVE_MEMORY_H
| #  include <memory.h>
| # endif
| # include <string.h>
| #endif
| #if HAVE_STRINGS_H
| # include <strings.h>
| #endif
| #if HAVE_INTTYPES_H
| # include <inttypes.h>
| #endif
| #if HAVE_STDINT_H
| # include <stdint.h>
| #endif
| #if HAVE_UNISTD_H
| # include <unistd.h>
| #endif
| #include <direct.h>
configure:6255: result: no
configure:6259: checking direct.h presence
configure:6269: cc -E  -no-cpp-precomp -I/Users/sidqian/Downloads/summer/L2S/netbsd-src/build/obj/tooldir.Darwin-22.1.0-x86_64/include/compat -I/Users/sidqian/Downloads/summer/L2S/netbsd-src/tools/compat  -DHAVE_NBTOOL_CONFIG_H=1 -D_FILE_OFFSET_BITS=64 conftest.c
conftest.c:32:10: fatal error: 'direct.h' file not found
#include <direct.h>
         ^~~~~~~~~~
1 error generated.
configure:6275: $? = 1
configure: failed program was:
| /* confdefs.h.  */
|              
| #define PACKAGE_NAME ""
| #define PACKAGE_TARNAME ""
| #define PACKAGE_VERSION ""
| #define PACKAGE_STRING ""
| #define PACKAGE_BUGREPORT ""
| #ifdef __cplusplus
| extern "C" void exit (int);
| #endif
| #define X_DISPLAY_MISSING 1
| #define STDC_HEADERS 1
| #define HAVE_SYS_TYPES_H 1
| #define HAVE_SYS_STAT_H 1
| #define HAVE_STDLIB_H 1
| #define HAVE_STRING_H 1
| #define HAVE_MEMORY_H 1
| #define HAVE_STRINGS_H 1
| #define HAVE_INTTYPES_H 1
| #define HAVE_STDINT_H 1
| #define HAVE_UNISTD_H 1
| #define HAVE_STDLIB_H 1
| #define HAVE_UNISTD_H 1
| #define HAVE_DIRENT_H 1
| #define HAVE_LIMITS_H 1
| #define HAVE_SYS_DIR_H 1
| #define HAVE_STRING_H 1
| #define HAVE_STRINGS_H 1
| #define HAVE_MATH_H 1
| #define HAVE_SYS_TIME_H 1
| /* end confdefs.h.  */
| #include <direct.h>
configure:6295: result: no
configure:6330: checking for direct.h
configure:6337: result: no
configure:6214: checking process.h usability
configure:6226: cc -c -O -O2 -no-cpp-precomp  -no-cpp-precomp -I/Users/sidqian/Downloads/summer/L2S/netbsd-src/build/obj/tooldir.Darwin-22.1.0-x86_64/include/compat -I/Users/sidqian/Downloads/summer/L2S/netbsd-src/tools/compat  -DHAVE_NBTOOL_CONFIG_H=1 -D_FILE_OFFSET_BITS=64 conftest.c >&5
conftest.c:65:10: fatal error: 'process.h' file not found
#include <process.h>
         ^~~~~~~~~~~
1 error generated.
configure:6232: $? = 1
configure: failed program was:
| /* confdefs.h.  */
|              
| #define PACKAGE_NAME ""
| #define PACKAGE_TARNAME ""
| #define PACKAGE_VERSION ""
| #define PACKAGE_STRING ""
| #define PACKAGE_BUGREPORT ""
| #ifdef __cplusplus
| extern "C" void exit (int);
| #endif
| #define X_DISPLAY_MISSING 1
| #define STDC_HEADERS 1
| #define HAVE_SYS_TYPES_H 1
| #define HAVE_SYS_STAT_H 1
| #define HAVE_STDLIB_H 1
| #define HAVE_STRING_H 1
| #define HAVE_MEMORY_H 1
| #define HAVE_STRINGS_H 1
| #define HAVE_INTTYPES_H 1
| #define HAVE_STDINT_H 1
| #define HAVE_UNISTD_H 1
| #define HAVE_STDLIB_H 1
| #define HAVE_UNISTD_H 1
| #define HAVE_DIRENT_H 1
| #define HAVE_LIMITS_H 1
| #define HAVE_SYS_DIR_H 1
| #define HAVE_STRING_H 1
| #define HAVE_STRINGS_H 1
| #define HAVE_MATH_H 1
| #define HAVE_SYS_TIME_H 1
| /* end confdefs.h.  */
| #include <stdio.h>
| #if HAVE_SYS_TYPES_H
| # include <sys/types.h>
| #endif
| #if HAVE_SYS_STAT_H
| # include <sys/stat.h>
| #endif
| #if STDC_HEADERS
| # include <stdlib.h>
| # include <stddef.h>
| #else
| # if HAVE_STDLIB_H
| #  include <stdlib.h>
| # endif
| #endif
| #if HAVE_STRING_H
| # if !STDC_HEADERS && HAVE_MEMORY_H
| #  include <memory.h>
| # endif
| # include <string.h>
| #endif
| #if HAVE_STRINGS_H
| # include <strings.h>
| #endif
| #if HAVE_INTTYPES_H
| # include <inttypes.h>
| #endif
| #if HAVE_STDINT_H
| # include <stdint.h>
| #endif
| #if HAVE_UNISTD_H
| # include <unistd.h>
| #endif
| #include <process.h>
configure:6255: result: no
configure:6259: checking process.h presence
configure:6269: cc -E  -no-cpp-precomp -I/Users/sidqian/Downloads/summer/L2S/netbsd-src/build/obj/tooldir.Darwin-22.1.0-x86_64/include/compat -I/Users/sidqian/Downloads/summer/L2S/netbsd-src/tools/compat  -DHAVE_NBTOOL_CONFIG_H=1 -D_FILE_OFFSET_BITS=64 conftest.c
conftest.c:32:10: fatal error: 'process.h' file not found
#include <process.h>
         ^~~~~~~~~~~
1 error generated.
configure:6275: $? = 1
configure: failed program was:
| /* confdefs.h.  */
|              
| #define PACKAGE_NAME ""
| #define PACKAGE_TARNAME ""
| #define PACKAGE_VERSION ""
| #define PACKAGE_STRING ""
| #define PACKAGE_BUGREPORT ""
| #ifdef __cplusplus
| extern "C" void exit (int);
| #endif
| #define X_DISPLAY_MISSING 1
| #define STDC_HEADERS 1
| #define HAVE_SYS_TYPES_H 1
| #define HAVE_SYS_STAT_H 1
| #define HAVE_STDLIB_H 1
| #define HAVE_STRING_H 1
| #define HAVE_MEMORY_H 1
| #define HAVE_STRINGS_H 1
| #define HAVE_INTTYPES_H 1
| #define HAVE_STDINT_H 1
| #define HAVE_UNISTD_H 1
| #define HAVE_STDLIB_H 1
| #define HAVE_UNISTD_H 1
| #define HAVE_DIRENT_H 1
| #define HAVE_LIMITS_H 1
| #define HAVE_SYS_DIR_H 1
| #define HAVE_STRING_H 1
| #define HAVE_STRINGS_H 1
| #define HAVE_MATH_H 1
| #define HAVE_SYS_TIME_H 1
| /* end confdefs.h.  */
| #include <process.h>
configure:6295: result: no
configure:6330: checking for process.h
configure:6337: result: no
configure:6350: checking for ISC 3.x or 4.x
configure:6362: result: no
configure:6365: checking whether -D_POSIX_SOURCE is necessary
configure:6396: c++ -c -O  -no-cpp-precomp -I/Users/sidqian/Downloads/summer/L2S/netbsd-src/build/obj/tooldir.Darwin-22.1.0-x86_64/include/compat -I/Users/sidqian/Downloads/summer/L2S/netbsd-src/tools/compat  -DHAVE_NBTOOL_CONFIG_H=1 -D_FILE_OFFSET_BITS=64 conftest.cc >&5
conftest.cc:36:19: error: functions that differ only in their return type cannot be overloaded
extern "C" { void fileno(int); }
             ~~~~ ^
/Applications/Xcode.app/Contents/Developer/Platforms/MacOSX.platform/Developer/SDKs/MacOSX.sdk/usr/include/stdio.h:229:6: note: previous declaration is here
int      fileno(FILE *);
~~~      ^
1 error generated.
configure:6402: $? = 1
configure: failed program was:
| 
|        /* confdefs.h.  */
|              
| #define PACKAGE_NAME ""
| #define PACKAGE_TARNAME ""
| #define PACKAGE_VERSION ""
| #define PACKAGE_STRING ""
| #define PACKAGE_BUGREPORT ""
| #ifdef __cplusplus
| extern "C" void exit (int);
| #endif
| #define X_DISPLAY_MISSING 1
| #define STDC_HEADERS 1
| #define HAVE_SYS_TYPES_H 1
| #define HAVE_SYS_STAT_H 1
| #define HAVE_STDLIB_H 1
| #define HAVE_STRING_H 1
| #define HAVE_MEMORY_H 1
| #define HAVE_STRINGS_H 1
| #define HAVE_INTTYPES_H 1
| #define HAVE_STDINT_H 1
| #define HAVE_UNISTD_H 1
| #define HAVE_STDLIB_H 1
| #define HAVE_UNISTD_H 1
| #define HAVE_DIRENT_H 1
| #define HAVE_LIMITS_H 1
| #define HAVE_SYS_DIR_H 1
| #define HAVE_STRING_H 1
| #define HAVE_STRINGS_H 1
| #define HAVE_MATH_H 1
| #define HAVE_SYS_TIME_H 1
| /* end confdefs.h.  */
| 
| 
| #include <stdio.h>
| extern "C" { void fileno(int); }
| 
| 
| int
| main ()
| {
| 
|   ;
|   return 0;
| }
| 
configure:6428: result: no
configure:6446: checking for return type of srand
configure:6471: c++ -c -O  -no-cpp-precomp -I/Users/sidqian/Downloads/summer/L2S/netbsd-src/build/obj/tooldir.Darwin-22.1.0-x86_64/include/compat -I/Users/sidqian/Downloads/summer/L2S/netbsd-src/tools/compat  -DHAVE_NBTOOL_CONFIG_H=1 -D_FILE_OFFSET_BITS=64 conftest.cc >&5
configure:6477: $? = 0
configure:6481: test -z 
			 || test ! -s conftest.err
configure:6484: $? = 0
configure:6487: test -s conftest.o
configure:6490: $? = 0
configure:6492: result: void
configure:6513: checking whether gettimeofday must be declared
configure:6570: c++ -c -O  -no-cpp-precomp -I/Users/sidqian/Downloads/summer/L2S/netbsd-src/build/obj/tooldir.Darwin-22.1.0-x86_64/include/compat -I/Users/sidqian/Downloads/summer/L2S/netbsd-src/tools/compat  -DHAVE_NBTOOL_CONFIG_H=1 -D_FILE_OFFSET_BITS=64 conftest.cc >&5
configure:6576: $? = 0
configure:6580: test -z 
			 || test ! -s conftest.err
configure:6583: $? = 0
configure:6586: test -s conftest.o
configure:6589: $? = 0
configure:6601: result: no
configure:6616: checking whether hypot must be declared
configure:6673: c++ -c -O  -no-cpp-precomp -I/Users/sidqian/Downloads/summer/L2S/netbsd-src/build/obj/tooldir.Darwin-22.1.0-x86_64/include/compat -I/Users/sidqian/Downloads/summer/L2S/netbsd-src/tools/compat  -DHAVE_NBTOOL_CONFIG_H=1 -D_FILE_OFFSET_BITS=64 conftest.cc >&5
conftest.cc:63:22: error: address of overloaded function 'hypot' does not match required type 'char'
  char *p = (char *) hypot;
                     ^~~~~
/Applications/Xcode.app/Contents/Developer/Platforms/MacOSX.platform/Developer/SDKs/MacOSX.sdk/usr/include/c++/v1/math.h:1346:46: note: candidate function
inline _LIBCPP_INLINE_VISIBILITY long double hypot(long double __lcpp_x, long double __lcpp_y) _NOEXCEPT {return ::hypotl(__lcpp_x, __lcpp_y);}
                                             ^
/Applications/Xcode.app/Contents/Developer/Platforms/MacOSX.platform/Developer/SDKs/MacOSX.sdk/usr/include/c++/v1/math.h:1345:46: note: candidate function
inline _LIBCPP_INLINE_VISIBILITY float       hypot(float __lcpp_x, float __lcpp_y) _NOEXCEPT             {return ::hypotf(__lcpp_x, __lcpp_y);}
                                             ^
/Applications/Xcode.app/Contents/Developer/Platforms/MacOSX.platform/Developer/SDKs/MacOSX.sdk/usr/include/math.h:425:15: note: candidate function
extern double hypot(double, double);
              ^
/Applications/Xcode.app/Contents/Developer/Platforms/MacOSX.platform/Developer/SDKs/MacOSX.sdk/usr/include/c++/v1/math.h:1356:1: note: candidate template ignored: could not match 'typename std::__enable_if_t<std::is_arithmetic<_A1>::value && std::is_arithmetic<_A2>::value, std::__promote<_A1, _A2> >::type (_A1, _A2) throw()' against 'char'
hypot(_A1 __lcpp_x, _A2 __lcpp_y) _NOEXCEPT
^
1 error generated.
configure:6679: $? = 1
configure: failed program was:
| 
| 	  /* confdefs.h.  */
|              
| #define PACKAGE_NAME ""
| #define PACKAGE_TARNAME ""
| #define PACKAGE_VERSION ""
| #define PACKAGE_STRING ""
| #define PACKAGE_BUGREPORT ""
| #ifdef __cplusplus
| extern "C" void exit (int);
| #endif
| #define X_DISPLAY_MISSING 1
| #define STDC_HEADERS 1
| #define HAVE_SYS_TYPES_H 1
| #define HAVE_SYS_STAT_H 1
| #define HAVE_STDLIB_H 1
| #define HAVE_STRING_H 1
| #define HAVE_MEMORY_H 1
| #define HAVE_STRINGS_H 1
| #define HAVE_INTTYPES_H 1
| #define HAVE_STDINT_H 1
| #define HAVE_UNISTD_H 1
| #define HAVE_STDLIB_H 1
| #define HAVE_UNISTD_H 1
| #define HAVE_DIRENT_H 1
| #define HAVE_LIMITS_H 1
| #define HAVE_SYS_DIR_H 1
| #define HAVE_STRING_H 1
| #define HAVE_STRINGS_H 1
| #define HAVE_MATH_H 1
| #define HAVE_SYS_TIME_H 1
| #define RET_TYPE_SRAND_IS_VOID 1
| /* end confdefs.h.  */
| 
| 
| #include <stdio.h>
| #ifdef HAVE_STRING_H
| #include <string.h>
| #endif
| #ifdef HAVE_STRINGS_H
| #include <strings.h>
| #endif
| #ifdef HAVE_STDLIB_H
| #include <stdlib.h>
| #endif
| #ifdef HAVE_SYS_TIME_H
| #include <sys/time.h>
| #endif
| #ifdef HAVE_UNISTD_H
| #include <unistd.h>
| #endif
| #ifdef HAVE_MATH_H
| #include <math.h>
| #endif
| 
| 
| int
| main ()
| {
| 
| 
| #ifndef hypot
|   char *p = (char *) hypot;
| #endif
| 
| 
|   ;
|   return 0;
| }
| 
configure:6704: result: yes
configure:6719: checking whether popen must be declared
configure:6776: c++ -c -O  -no-cpp-precomp -I/Users/sidqian/Downloads/summer/L2S/netbsd-src/build/obj/tooldir.Darwin-22.1.0-x86_64/include/compat -I/Users/sidqian/Downloads/summer/L2S/netbsd-src/tools/compat  -DHAVE_NBTOOL_CONFIG_H=1 -D_FILE_OFFSET_BITS=64 conftest.cc >&5
configure:6782: $? = 0
configure:6786: test -z 
			 || test ! -s conftest.err
configure:6789: $? = 0
configure:6792: test -s conftest.o
configure:6795: $? = 0
configure:6807: result: no
configure:6822: checking whether pclose must be declared
configure:6879: c++ -c -O  -no-cpp-precomp -I/Users/sidqian/Downloads/summer/L2S/netbsd-src/build/obj/tooldir.Darwin-22.1.0-x86_64/include/compat -I/Users/sidqian/Downloads/summer/L2S/netbsd-src/tools/compat  -DHAVE_NBTOOL_CONFIG_H=1 -D_FILE_OFFSET_BITS=64 conftest.cc >&5
configure:6885: $? = 0
configure:6889: test -z 
			 || test ! -s conftest.err
configure:6892: $? = 0
configure:6895: test -s conftest.o
configure:6898: $? = 0
configure:6910: result: no
configure:6925: checking whether putenv must be declared
configure:6982: c++ -c -O  -no-cpp-precomp -I/Users/sidqian/Downloads/summer/L2S/netbsd-src/build/obj/tooldir.Darwin-22.1.0-x86_64/include/compat -I/Users/sidqian/Downloads/summer/L2S/netbsd-src/tools/compat  -DHAVE_NBTOOL_CONFIG_H=1 -D_FILE_OFFSET_BITS=64 conftest.cc >&5
configure:6988: $? = 0
configure:6992: test -z 
			 || test ! -s conftest.err
configure:6995: $? = 0
configure:6998: test -s conftest.o
configure:7001: $? = 0
configure:7013: result: no
configure:7028: checking whether rand must be declared
configure:7085: c++ -c -O  -no-cpp-precomp -I/Users/sidqian/Downloads/summer/L2S/netbsd-src/build/obj/tooldir.Darwin-22.1.0-x86_64/include/compat -I/Users/sidqian/Downloads/summer/L2S/netbsd-src/tools/compat  -DHAVE_NBTOOL_CONFIG_H=1 -D_FILE_OFFSET_BITS=64 conftest.cc >&5
configure:7091: $? = 0
configure:7095: test -z 
			 || test ! -s conftest.err
configure:7098: $? = 0
configure:7101: test -s conftest.o
configure:7104: $? = 0
configure:7116: result: no
configure:7131: checking whether snprintf must be declared
configure:7188: c++ -c -O  -no-cpp-precomp -I/Users/sidqian/Downloads/summer/L2S/netbsd-src/build/obj/tooldir.Darwin-22.1.0-x86_64/include/compat -I/Users/sidqian/Downloads/summer/L2S/netbsd-src/tools/compat  -DHAVE_NBTOOL_CONFIG_H=1 -D_FILE_OFFSET_BITS=64 conftest.cc >&5
configure:7194: $? = 0
configure:7198: test -z 
			 || test ! -s conftest.err
configure:7201: $? = 0
configure:7204: test -s conftest.o
configure:7207: $? = 0
configure:7219: result: no
configure:7234: checking whether srand must be declared
configure:7291: c++ -c -O  -no-cpp-precomp -I/Users/sidqian/Downloads/summer/L2S/netbsd-src/build/obj/tooldir.Darwin-22.1.0-x86_64/include/compat -I/Users/sidqian/Downloads/summer/L2S/netbsd-src/tools/compat  -DHAVE_NBTOOL_CONFIG_H=1 -D_FILE_OFFSET_BITS=64 conftest.cc >&5
configure:7297: $? = 0
configure:7301: test -z 
			 || test ! -s conftest.err
configure:7304: $? = 0
configure:7307: test -s conftest.o
configure:7310: $? = 0
configure:7322: result: no
configure:7337: checking whether strcasecmp must be declared
configure:7394: c++ -c -O  -no-cpp-precomp -I/Users/sidqian/Downloads/summer/L2S/netbsd-src/build/obj/tooldir.Darwin-22.1.0-x86_64/include/compat -I/Users/sidqian/Downloads/summer/L2S/netbsd-src/tools/compat  -DHAVE_NBTOOL_CONFIG_H=1 -D_FILE_OFFSET_BITS=64 conftest.cc >&5
configure:7400: $? = 0
configure:7404: test -z 
			 || test ! -s conftest.err
configure:7407: $? = 0
configure:7410: test -s conftest.o
configure:7413: $? = 0
configure:7425: result: no
configure:7440: checking whether strncasecmp must be declared
configure:7497: c++ -c -O  -no-cpp-precomp -I/Users/sidqian/Downloads/summer/L2S/netbsd-src/build/obj/tooldir.Darwin-22.1.0-x86_64/include/compat -I/Users/sidqian/Downloads/summer/L2S/netbsd-src/tools/compat  -DHAVE_NBTOOL_CONFIG_H=1 -D_FILE_OFFSET_BITS=64 conftest.cc >&5
configure:7503: $? = 0
configure:7507: test -z 
			 || test ! -s conftest.err
configure:7510: $? = 0
configure:7513: test -s conftest.o
configure:7516: $? = 0
configure:7528: result: no
configure:7543: checking whether vfprintf must be declared
configure:7600: c++ -c -O  -no-cpp-precomp -I/Users/sidqian/Downloads/summer/L2S/netbsd-src/build/obj/tooldir.Darwin-22.1.0-x86_64/include/compat -I/Users/sidqian/Downloads/summer/L2S/netbsd-src/tools/compat  -DHAVE_NBTOOL_CONFIG_H=1 -D_FILE_OFFSET_BITS=64 conftest.cc >&5
configure:7606: $? = 0
configure:7610: test -z 
			 || test ! -s conftest.err
configure:7613: $? = 0
configure:7616: test -s conftest.o
configure:7619: $? = 0
configure:7631: result: no
configure:7646: checking whether vsnprintf must be declared
configure:7703: c++ -c -O  -no-cpp-precomp -I/Users/sidqian/Downloads/summer/L2S/netbsd-src/build/obj/tooldir.Darwin-22.1.0-x86_64/include/compat -I/Users/sidqian/Downloads/summer/L2S/netbsd-src/tools/compat  -DHAVE_NBTOOL_CONFIG_H=1 -D_FILE_OFFSET_BITS=64 conftest.cc >&5
configure:7709: $? = 0
configure:7713: test -z 
			 || test ! -s conftest.err
configure:7716: $? = 0
configure:7719: test -s conftest.o
configure:7722: $? = 0
configure:7734: result: no
configure:7755: checking for sys_nerr in <errno.h>, <stdio.h>, or <stdlib.h>
configure:7786: c++ -c -O  -no-cpp-precomp -I/Users/sidqian/Downloads/summer/L2S/netbsd-src/build/obj/tooldir.Darwin-22.1.0-x86_64/include/compat -I/Users/sidqian/Downloads/summer/L2S/netbsd-src/tools/compat  -DHAVE_NBTOOL_CONFIG_H=1 -D_FILE_OFFSET_BITS=64 conftest.cc >&5
configure:7792: $? = 0
configure:7796: test -z 
			 || test ! -s conftest.err
configure:7799: $? = 0
configure:7802: test -s conftest.o
configure:7805: $? = 0
configure:7807: result: yes
configure:7828: checking for sys_errlist in <errno.h>, <stdio.h>, or <stdlib.h>
configure:7859: cc -c -O -O2 -no-cpp-precomp  -no-cpp-precomp -I/Users/sidqian/Downloads/summer/L2S/netbsd-src/build/obj/tooldir.Darwin-22.1.0-x86_64/include/compat -I/Users/sidqian/Downloads/summer/L2S/netbsd-src/tools/compat  -DHAVE_NBTOOL_CONFIG_H=1 -D_FILE_OFFSET_BITS=64 conftest.c >&5
conftest.c:49:5: warning: cast to smaller integer type 'int' from 'const char *' [-Wpointer-to-int-cast]
k = (int)sys_errlist[0];
    ^~~~~~~~~~~~~~~~~~~
1 warning generated.
configure:7865: $? = 0
configure:7869: test -z 
			 || test ! -s conftest.err
configure:7872: $? = 0
configure:7875: test -s conftest.o
configure:7878: $? = 0
configure:7880: result: yes
configure:7901: checking C++ <osfcn.h>
configure:7930: c++ -c -O  -no-cpp-precomp -I/Users/sidqian/Downloads/summer/L2S/netbsd-src/build/obj/tooldir.Darwin-22.1.0-x86_64/include/compat -I/Users/sidqian/Downloads/summer/L2S/netbsd-src/tools/compat  -DHAVE_NBTOOL_CONFIG_H=1 -D_FILE_OFFSET_BITS=64 conftest.cc >&5
conftest.cc:39:10: fatal error: 'osfcn.h' file not found
#include <osfcn.h>
         ^~~~~~~~~
1 error generated.
configure:7936: $? = 1
configure: failed program was:
| 
|        /* confdefs.h.  */
|              
| #define PACKAGE_NAME ""
| #define PACKAGE_TARNAME ""
| #define PACKAGE_VERSION ""
| #define PACKAGE_STRING ""
| #define PACKAGE_BUGREPORT ""
| #ifdef __cplusplus
| extern "C" void exit (int);
| #endif
| #define X_DISPLAY_MISSING 1
| #define STDC_HEADERS 1
| #define HAVE_SYS_TYPES_H 1
| #define HAVE_SYS_STAT_H 1
| #define HAVE_STDLIB_H 1
| #define HAVE_STRING_H 1
| #define HAVE_MEMORY_H 1
| #define HAVE_STRINGS_H 1
| #define HAVE_INTTYPES_H 1
| #define HAVE_STDINT_H 1
| #define HAVE_UNISTD_H 1
| #define HAVE_STDLIB_H 1
| #define HAVE_UNISTD_H 1
| #define HAVE_DIRENT_H 1
| #define HAVE_LIMITS_H 1
| #define HAVE_SYS_DIR_H 1
| #define HAVE_STRING_H 1
| #define HAVE_STRINGS_H 1
| #define HAVE_MATH_H 1
| #define HAVE_SYS_TIME_H 1
| #define RET_TYPE_SRAND_IS_VOID 1
| #define NEED_DECLARATION_HYPOT 1
| #define HAVE_SYS_NERR 1
| #define HAVE_SYS_ERRLIST 1
| /* end confdefs.h.  */
| 
| 
| #include <osfcn.h>
| 
| 
| int
| main ()
| {
| 
| 
| read(0, 0, 0);
| open(0, 0);
| 
| 
|   ;
|   return 0;
| }
| 
configure:7962: result: no
configure:7978: checking C++ <limits.h>
configure:8008: c++ -c -O  -no-cpp-precomp -I/Users/sidqian/Downloads/summer/L2S/netbsd-src/build/obj/tooldir.Darwin-22.1.0-x86_64/include/compat -I/Users/sidqian/Downloads/summer/L2S/netbsd-src/tools/compat  -DHAVE_NBTOOL_CONFIG_H=1 -D_FILE_OFFSET_BITS=64 conftest.cc >&5
configure:8014: $? = 0
configure:8018: test -z 
			 || test ! -s conftest.err
configure:8021: $? = 0
configure:8024: test -s conftest.o
configure:8027: $? = 0
configure:8029: result: yes
configure:8056: checking C++ <inttypes.h>
configure:8085: c++ -c -O  -no-cpp-precomp -I/Users/sidqian/Downloads/summer/L2S/netbsd-src/build/obj/tooldir.Darwin-22.1.0-x86_64/include/compat -I/Users/sidqian/Downloads/summer/L2S/netbsd-src/tools/compat  -DHAVE_NBTOOL_CONFIG_H=1 -D_FILE_OFFSET_BITS=64 conftest.cc >&5
configure:8091: $? = 0
configure:8095: test -z 
			 || test ! -s conftest.err
configure:8098: $? = 0
configure:8101: test -s conftest.o
configure:8104: $? = 0
configure:8119: result: yes
configure:8135: checking for unsigned long long
configure:8165: c++ -o conftest -O  -no-cpp-precomp -I/Users/sidqian/Downloads/summer/L2S/netbsd-src/build/obj/tooldir.Darwin-22.1.0-x86_64/include/compat -I/Users/sidqian/Downloads/summer/L2S/netbsd-src/tools/compat  -DHAVE_NBTOOL_CONFIG_H=1 -D_FILE_OFFSET_BITS=64  conftest.cc  >&5
configure:8171: $? = 0
configure:8175: test -z 
			 || test ! -s conftest.err
configure:8178: $? = 0
configure:8181: test -s conftest
configure:8184: $? = 0
configure:8195: result: yes
configure:8221: checking for declaration of time_t
configure:8250: c++ -c -O  -no-cpp-precomp -I/Users/sidqian/Downloads/summer/L2S/netbsd-src/build/obj/tooldir.Darwin-22.1.0-x86_64/include/compat -I/Users/sidqian/Downloads/summer/L2S/netbsd-src/tools/compat  -DHAVE_NBTOOL_CONFIG_H=1 -D_FILE_OFFSET_BITS=64 conftest.cc >&5
configure:8256: $? = 0
configure:8260: test -z 
			 || test ! -s conftest.err
configure:8263: $? = 0
configure:8266: test -s conftest.o
configure:8269: $? = 0
configure:8271: result: yes
configure:8292: checking for return type of signal handlers
configure:8330: cc -c -O -O2 -no-cpp-precomp  -no-cpp-precomp -I/Users/sidqian/Downloads/summer/L2S/netbsd-src/build/obj/tooldir.Darwin-22.1.0-x86_64/include/compat -I/Users/sidqian/Downloads/summer/L2S/netbsd-src/tools/compat  -DHAVE_NBTOOL_CONFIG_H=1 -D_FILE_OFFSET_BITS=64 conftest.c >&5
conftest.c:46:8: error: expected identifier or '('
extern "C" void (*signal (int, void (*)(int)))(int);
       ^
1 error generated.
configure:8336: $? = 1
configure: failed program was:
| 
| 	 /* confdefs.h.  */
|              
| #define PACKAGE_NAME ""
| #define PACKAGE_TARNAME ""
| #define PACKAGE_VERSION ""
| #define PACKAGE_STRING ""
| #define PACKAGE_BUGREPORT ""
| #ifdef __cplusplus
| extern "C" void exit (int);
| #endif
| #define X_DISPLAY_MISSING 1
| #define STDC_HEADERS 1
| #define HAVE_SYS_TYPES_H 1
| #define HAVE_SYS_STAT_H 1
| #define HAVE_STDLIB_H 1
| #define HAVE_STRING_H 1
| #define HAVE_MEMORY_H 1
| #define HAVE_STRINGS_H 1
| #define HAVE_INTTYPES_H 1
| #define HAVE_STDINT_H 1
| #define HAVE_UNISTD_H 1
| #define HAVE_STDLIB_H 1
| #define HAVE_UNISTD_H 1
| #define HAVE_DIRENT_H 1
| #define HAVE_LIMITS_H 1
| #define HAVE_SYS_DIR_H 1
| #define HAVE_STRING_H 1
| #define HAVE_STRINGS_H 1
| #define HAVE_MATH_H 1
| #define HAVE_SYS_TIME_H 1
| #define RET_TYPE_SRAND_IS_VOID 1
| #define NEED_DECLARATION_HYPOT 1
| #define HAVE_SYS_NERR 1
| #define HAVE_SYS_ERRLIST 1
| #define HAVE_CC_LIMITS_H 1
| #define HAVE_CC_INTTYPES_H 1
| /* end confdefs.h.  */
| 
| 
| #include <sys/types.h>
| #include <signal.h>
| #ifdef signal
| # undef signal
| #endif
| extern "C" void (*signal (int, void (*)(int)))(int);
| 
| 
| int
| main ()
| {
| 
| 
| int i;
| 
| 
|   ;
|   return 0;
| }
| 
configure:8330: cc -c -O -O2 -no-cpp-precomp  -no-cpp-precomp -I/Users/sidqian/Downloads/summer/L2S/netbsd-src/build/obj/tooldir.Darwin-22.1.0-x86_64/include/compat -I/Users/sidqian/Downloads/summer/L2S/netbsd-src/tools/compat  -DHAVE_NBTOOL_CONFIG_H=1 -D_FILE_OFFSET_BITS=64 conftest.c >&5
conftest.c:46:8: error: expected identifier or '('
extern "C" void (*signal (int, void (*)(int)) throw ())(int);
       ^
1 error generated.
configure:8336: $? = 1
configure: failed program was:
| 
| 	 /* confdefs.h.  */
|              
| #define PACKAGE_NAME ""
| #define PACKAGE_TARNAME ""
| #define PACKAGE_VERSION ""
| #define PACKAGE_STRING ""
| #define PACKAGE_BUGREPORT ""
| #ifdef __cplusplus
| extern "C" void exit (int);
| #endif
| #define X_DISPLAY_MISSING 1
| #define STDC_HEADERS 1
| #define HAVE_SYS_TYPES_H 1
| #define HAVE_SYS_STAT_H 1
| #define HAVE_STDLIB_H 1
| #define HAVE_STRING_H 1
| #define HAVE_MEMORY_H 1
| #define HAVE_STRINGS_H 1
| #define HAVE_INTTYPES_H 1
| #define HAVE_STDINT_H 1
| #define HAVE_UNISTD_H 1
| #define HAVE_STDLIB_H 1
| #define HAVE_UNISTD_H 1
| #define HAVE_DIRENT_H 1
| #define HAVE_LIMITS_H 1
| #define HAVE_SYS_DIR_H 1
| #define HAVE_STRING_H 1
| #define HAVE_STRINGS_H 1
| #define HAVE_MATH_H 1
| #define HAVE_SYS_TIME_H 1
| #define RET_TYPE_SRAND_IS_VOID 1
| #define NEED_DECLARATION_HYPOT 1
| #define HAVE_SYS_NERR 1
| #define HAVE_SYS_ERRLIST 1
| #define HAVE_CC_LIMITS_H 1
| #define HAVE_CC_INTTYPES_H 1
| /* end confdefs.h.  */
| 
| 
| #include <sys/types.h>
| #include <signal.h>
| #ifdef signal
| # undef signal
| #endif
| extern "C" void (*signal (int, void (*)(int)) throw ())(int);
| 
| 
| int
| main ()
| {
| 
| 
| int i;
| 
| 
|   ;
|   return 0;
| }
| 
configure:8330: cc -c -O -O2 -no-cpp-precomp  -no-cpp-precomp -I/Users/sidqian/Downloads/summer/L2S/netbsd-src/build/obj/tooldir.Darwin-22.1.0-x86_64/include/compat -I/Users/sidqian/Downloads/summer/L2S/netbsd-src/tools/compat  -DHAVE_NBTOOL_CONFIG_H=1 -D_FILE_OFFSET_BITS=64 conftest.c >&5
conftest.c:46:8: warning: a function declaration without a prototype is deprecated in all versions of C and is not supported in C2x [-Wdeprecated-non-prototype]
void (*signal ()) ();
       ^
1 warning generated.
configure:8336: $? = 0
configure:8340: test -z 
			 || test ! -s conftest.err
configure:8343: $? = 0
configure:8346: test -s conftest.o
configure:8349: $? = 0
configure:8362: result: void
configure:8378: checking struct exception
configure:8406: cc -c -O -O2 -no-cpp-precomp  -no-cpp-precomp -I/Users/sidqian/Downloads/summer/L2S/netbsd-src/build/obj/tooldir.Darwin-22.1.0-x86_64/include/compat -I/Users/sidqian/Downloads/summer/L2S/netbsd-src/tools/compat  -DHAVE_NBTOOL_CONFIG_H=1 -D_FILE_OFFSET_BITS=64 conftest.c >&5
configure:8412: $? = 0
configure:8416: test -z 
			 || test ! -s conftest.err
configure:8419: $? = 0
configure:8422: test -s conftest.o
configure:8425: $? = 0
configure:8427: result: yes
configure:8444: checking for main in -lc
configure:8468: cc -o conftest -O -O2 -no-cpp-precomp  -no-cpp-precomp -I/Users/sidqian/Downloads/summer/L2S/netbsd-src/build/obj/tooldir.Darwin-22.1.0-x86_64/include/compat -I/Users/sidqian/Downloads/summer/L2S/netbsd-src/tools/compat  -DHAVE_NBTOOL_CONFIG_H=1 -D_FILE_OFFSET_BITS=64  conftest.c -lc   >&5
configure:8474: $? = 0
configure:8478: test -z 
			 || test ! -s conftest.err
configure:8481: $? = 0
configure:8484: test -s conftest
configure:8487: $? = 0
configure:8500: result: yes
configure:8507: checking for sin in -lm
configure:8537: cc -o conftest -O -O2 -no-cpp-precomp  -no-cpp-precomp -I/Users/sidqian/Downloads/summer/L2S/netbsd-src/build/obj/tooldir.Darwin-22.1.0-x86_64/include/compat -I/Users/sidqian/Downloads/summer/L2S/netbsd-src/tools/compat  -DHAVE_NBTOOL_CONFIG_H=1 -D_FILE_OFFSET_BITS=64  conftest.c -lm   >&5
conftest.c:47:6: warning: incompatible redeclaration of library function 'sin' [-Wincompatible-library-redeclaration]
char sin ();
     ^
conftest.c:47:6: note: 'sin' is a builtin with type 'double (double)'
1 warning generated.
configure:8543: $? = 0
configure:8547: test -z 
			 || test ! -s conftest.err
configure:8550: $? = 0
configure:8553: test -s conftest
configure:8556: $? = 0
configure:8569: result: yes
configure:8584: checking for stdlib.h
configure:8589: result: yes
configure:8584: checking for unistd.h
configure:8589: result: yes
configure:8733: checking for getpagesize
configure:8790: cc -o conftest -O -O2 -no-cpp-precomp  -no-cpp-precomp -I/Users/sidqian/Downloads/summer/L2S/netbsd-src/build/obj/tooldir.Darwin-22.1.0-x86_64/include/compat -I/Users/sidqian/Downloads/summer/L2S/netbsd-src/tools/compat  -DHAVE_NBTOOL_CONFIG_H=1 -D_FILE_OFFSET_BITS=64  conftest.c  >&5
configure:8796: $? = 0
configure:8800: test -z 
			 || test ! -s conftest.err
configure:8803: $? = 0
configure:8806: test -s conftest
configure:8809: $? = 0
configure:8821: result: yes
configure:8831: checking for working mmap
configure:8973: cc -o conftest -O -O2 -no-cpp-precomp  -no-cpp-precomp -I/Users/sidqian/Downloads/summer/L2S/netbsd-src/build/obj/tooldir.Darwin-22.1.0-x86_64/include/compat -I/Users/sidqian/Downloads/summer/L2S/netbsd-src/tools/compat  -DHAVE_NBTOOL_CONFIG_H=1 -D_FILE_OFFSET_BITS=64  conftest.c  >&5
configure:8976: $? = 0
configure:8978: ./conftest
configure:8981: $? = 0
configure:8995: result: yes
configure:9020: checking for fmod
configure:9077: cc -o conftest -O -O2 -no-cpp-precomp  -no-cpp-precomp -I/Users/sidqian/Downloads/summer/L2S/netbsd-src/build/obj/tooldir.Darwin-22.1.0-x86_64/include/compat -I/Users/sidqian/Downloads/summer/L2S/netbsd-src/tools/compat  -DHAVE_NBTOOL_CONFIG_H=1 -D_FILE_OFFSET_BITS=64  conftest.c  -lc -lm >&5
conftest.c:68:6: warning: incompatible redeclaration of library function 'fmod' [-Wincompatible-library-redeclaration]
char fmod ();
     ^
conftest.c:68:6: note: 'fmod' is a builtin with type 'double (double, double)'
1 warning generated.
configure:9083: $? = 0
configure:9087: test -z 
			 || test ! -s conftest.err
configure:9090: $? = 0
configure:9093: test -s conftest
configure:9096: $? = 0
configure:9108: result: yes
configure:9020: checking for getcwd
configure:9077: cc -o conftest -O -O2 -no-cpp-precomp  -no-cpp-precomp -I/Users/sidqian/Downloads/summer/L2S/netbsd-src/build/obj/tooldir.Darwin-22.1.0-x86_64/include/compat -I/Users/sidqian/Downloads/summer/L2S/netbsd-src/tools/compat  -DHAVE_NBTOOL_CONFIG_H=1 -D_FILE_OFFSET_BITS=64  conftest.c  -lc -lm >&5
configure:9083: $? = 0
configure:9087: test -z 
			 || test ! -s conftest.err
configure:9090: $? = 0
configure:9093: test -s conftest
configure:9096: $? = 0
configure:9108: result: yes
configure:9020: checking for putenv
configure:9077: cc -o conftest -O -O2 -no-cpp-precomp  -no-cpp-precomp -I/Users/sidqian/Downloads/summer/L2S/netbsd-src/build/obj/tooldir.Darwin-22.1.0-x86_64/include/compat -I/Users/sidqian/Downloads/summer/L2S/netbsd-src/tools/compat  -DHAVE_NBTOOL_CONFIG_H=1 -D_FILE_OFFSET_BITS=64  conftest.c  -lc -lm >&5
configure:9083: $? = 0
configure:9087: test -z 
			 || test ! -s conftest.err
configure:9090: $? = 0
configure:9093: test -s conftest
configure:9096: $? = 0
configure:9108: result: yes
configure:9020: checking for snprintf
configure:9077: cc -o conftest -O -O2 -no-cpp-precomp  -no-cpp-precomp -I/Users/sidqian/Downloads/summer/L2S/netbsd-src/build/obj/tooldir.Darwin-22.1.0-x86_64/include/compat -I/Users/sidqian/Downloads/summer/L2S/netbsd-src/tools/compat  -DHAVE_NBTOOL_CONFIG_H=1 -D_FILE_OFFSET_BITS=64  conftest.c  -lc -lm >&5
conftest.c:71:6: warning: incompatible redeclaration of library function 'snprintf' [-Wincompatible-library-redeclaration]
char snprintf ();
     ^
conftest.c:71:6: note: 'snprintf' is a builtin with type 'int (char *, unsigned long, const char *, ...)'
1 warning generated.
configure:9083: $? = 0
configure:9087: test -z 
			 || test ! -s conftest.err
configure:9090: $? = 0
configure:9093: test -s conftest
configure:9096: $? = 0
configure:9108: result: yes
configure:9020: checking for strcasecmp
configure:9077: cc -o conftest -O -O2 -no-cpp-precomp  -no-cpp-precomp -I/Users/sidqian/Downloads/summer/L2S/netbsd-src/build/obj/tooldir.Darwin-22.1.0-x86_64/include/compat -I/Users/sidqian/Downloads/summer/L2S/netbsd-src/tools/compat  -DHAVE_NBTOOL_CONFIG_H=1 -D_FILE_OFFSET_BITS=64  conftest.c  -lc -lm >&5
conftest.c:72:6: warning: incompatible redeclaration of library function 'strcasecmp' [-Wincompatible-library-redeclaration]
char strcasecmp ();
     ^
conftest.c:72:6: note: 'strcasecmp' is a builtin with type 'int (const char *, const char *)'
1 warning generated.
configure:9083: $? = 0
configure:9087: test -z 
			 || test ! -s conftest.err
configure:9090: $? = 0
configure:9093: test -s conftest
configure:9096: $? = 0
configure:9108: result: yes
configure:9020: checking for strerror
configure:9077: cc -o conftest -O -O2 -no-cpp-precomp  -no-cpp-precomp -I/Users/sidqian/Downloads/summer/L2S/netbsd-src/build/obj/tooldir.Darwin-22.1.0-x86_64/include/compat -I/Users/sidqian/Downloads/summer/L2S/netbsd-src/tools/compat  -DHAVE_NBTOOL_CONFIG_H=1 -D_FILE_OFFSET_BITS=64  conftest.c  -lc -lm >&5
conftest.c:73:6: warning: incompatible redeclaration of library function 'strerror' [-Wincompatible-library-redeclaration]
char strerror ();
     ^
conftest.c:73:6: note: 'strerror' is a builtin with type 'char *(int)'
1 warning generated.
configure:9083: $? = 0
configure:9087: test -z 
			 || test ! -s conftest.err
configure:9090: $? = 0
configure:9093: test -s conftest
configure:9096: $? = 0
configure:9108: result: yes
configure:9020: checking for strncasecmp
configure:9077: cc -o conftest -O -O2 -no-cpp-precomp  -no-cpp-precomp -I/Users/sidqian/Downloads/summer/L2S/netbsd-src/build/obj/tooldir.Darwin-22.1.0-x86_64/include/compat -I/Users/sidqian/Downloads/summer/L2S/netbsd-src/tools/compat  -DHAVE_NBTOOL_CONFIG_H=1 -D_FILE_OFFSET_BITS=64  conftest.c  -lc -lm >&5
conftest.c:74:6: warning: incompatible redeclaration of library function 'strncasecmp' [-Wincompatible-library-redeclaration]
char strncasecmp ();
     ^
conftest.c:74:6: note: 'strncasecmp' is a builtin with type 'int (const char *, const char *, unsigned long)'
1 warning generated.
configure:9083: $? = 0
configure:9087: test -z 
			 || test ! -s conftest.err
configure:9090: $? = 0
configure:9093: test -s conftest
configure:9096: $? = 0
configure:9108: result: yes
configure:9020: checking for strtol
configure:9077: cc -o conftest -O -O2 -no-cpp-precomp  -no-cpp-precomp -I/Users/sidqian/Downloads/summer/L2S/netbsd-src/build/obj/tooldir.Darwin-22.1.0-x86_64/include/compat -I/Users/sidqian/Downloads/summer/L2S/netbsd-src/tools/compat  -DHAVE_NBTOOL_CONFIG_H=1 -D_FILE_OFFSET_BITS=64  conftest.c  -lc -lm >&5
conftest.c:75:6: warning: incompatible redeclaration of library function 'strtol' [-Wincompatible-library-redeclaration]
char strtol ();
     ^
conftest.c:75:6: note: 'strtol' is a builtin with type 'long (const char *, char **, int)'
1 warning generated.
configure:9083: $? = 0
configure:9087: test -z 
			 || test ! -s conftest.err
configure:9090: $? = 0
configure:9093: test -s conftest
configure:9096: $? = 0
configure:9108: result: yes
configure:9133: checking for vsnprintf
configure:9190: cc -o conftest -O -O2 -no-cpp-precomp  -no-cpp-precomp -I/Users/sidqian/Downloads/summer/L2S/netbsd-src/build/obj/tooldir.Darwin-22.1.0-x86_64/include/compat -I/Users/sidqian/Downloads/summer/L2S/netbsd-src/tools/compat  -DHAVE_NBTOOL_CONFIG_H=1 -D_FILE_OFFSET_BITS=64  conftest.c  -lc -lm >&5
conftest.c:76:6: warning: incompatible redeclaration of library function 'vsnprintf' [-Wincompatible-library-redeclaration]
char vsnprintf ();
     ^
conftest.c:76:6: note: 'vsnprintf' is a builtin with type 'int (char *, unsigned long, const char *, struct __va_list_tag *)'
1 warning generated.
configure:9196: $? = 0
configure:9200: test -z 
			 || test ! -s conftest.err
configure:9203: $? = 0
configure:9206: test -s conftest
configure:9209: $? = 0
configure:9221: result: yes
configure:9250: checking for gettimeofday
configure:9307: cc -o conftest -O -O2 -no-cpp-precomp  -no-cpp-precomp -I/Users/sidqian/Downloads/summer/L2S/netbsd-src/build/obj/tooldir.Darwin-22.1.0-x86_64/include/compat -I/Users/sidqian/Downloads/summer/L2S/netbsd-src/tools/compat  -DHAVE_NBTOOL_CONFIG_H=1 -D_FILE_OFFSET_BITS=64  conftest.c  >&5
configure:9313: $? = 0
configure:9317: test -z 
			 || test ! -s conftest.err
configure:9320: $? = 0
configure:9323: test -s conftest
configure:9326: $? = 0
configure:9338: result: yes
configure:9250: checking for isatty
configure:9307: cc -o conftest -O -O2 -no-cpp-precomp  -no-cpp-precomp -I/Users/sidqian/Downloads/summer/L2S/netbsd-src/build/obj/tooldir.Darwin-22.1.0-x86_64/include/compat -I/Users/sidqian/Downloads/summer/L2S/netbsd-src/tools/compat  -DHAVE_NBTOOL_CONFIG_H=1 -D_FILE_OFFSET_BITS=64  conftest.c  >&5
configure:9313: $? = 0
configure:9317: test -z 
			 || test ! -s conftest.err
configure:9320: $? = 0
configure:9323: test -s conftest
configure:9326: $? = 0
configure:9338: result: yes
configure:9250: checking for kill
configure:9307: cc -o conftest -O -O2 -no-cpp-precomp  -no-cpp-precomp -I/Users/sidqian/Downloads/summer/L2S/netbsd-src/build/obj/tooldir.Darwin-22.1.0-x86_64/include/compat -I/Users/sidqian/Downloads/summer/L2S/netbsd-src/tools/compat  -DHAVE_NBTOOL_CONFIG_H=1 -D_FILE_OFFSET_BITS=64  conftest.c  >&5
configure:9313: $? = 0
configure:9317: test -z 
			 || test ! -s conftest.err
configure:9320: $? = 0
configure:9323: test -s conftest
configure:9326: $? = 0
configure:9338: result: yes
configure:9250: checking for rename
configure:9307: cc -o conftest -O -O2 -no-cpp-precomp  -no-cpp-precomp -I/Users/sidqian/Downloads/summer/L2S/netbsd-src/build/obj/tooldir.Darwin-22.1.0-x86_64/include/compat -I/Users/sidqian/Downloads/summer/L2S/netbsd-src/tools/compat  -DHAVE_NBTOOL_CONFIG_H=1 -D_FILE_OFFSET_BITS=64  conftest.c  >&5
configure:9313: $? = 0
configure:9317: test -z 
			 || test ! -s conftest.err
configure:9320: $? = 0
configure:9323: test -s conftest
configure:9326: $? = 0
configure:9338: result: yes
configure:9250: checking for setlocale
configure:9307: cc -o conftest -O -O2 -no-cpp-precomp  -no-cpp-precomp -I/Users/sidqian/Downloads/summer/L2S/netbsd-src/build/obj/tooldir.Darwin-22.1.0-x86_64/include/compat -I/Users/sidqian/Downloads/summer/L2S/netbsd-src/tools/compat  -DHAVE_NBTOOL_CONFIG_H=1 -D_FILE_OFFSET_BITS=64  conftest.c  >&5
configure:9313: $? = 0
configure:9317: test -z 
			 || test ! -s conftest.err
configure:9320: $? = 0
configure:9323: test -s conftest
configure:9326: $? = 0
configure:9338: result: yes
configure:9250: checking for strsep
configure:9307: cc -o conftest -O -O2 -no-cpp-precomp  -no-cpp-precomp -I/Users/sidqian/Downloads/summer/L2S/netbsd-src/build/obj/tooldir.Darwin-22.1.0-x86_64/include/compat -I/Users/sidqian/Downloads/summer/L2S/netbsd-src/tools/compat  -DHAVE_NBTOOL_CONFIG_H=1 -D_FILE_OFFSET_BITS=64  conftest.c  >&5
configure:9313: $? = 0
configure:9317: test -z 
			 || test ! -s conftest.err
configure:9320: $? = 0
configure:9323: test -s conftest
configure:9326: $? = 0
configure:9338: result: yes
configure:9348: checking for mkstemp
configure:9385: c++ -o conftest -O  -no-cpp-precomp -I/Users/sidqian/Downloads/summer/L2S/netbsd-src/build/obj/tooldir.Darwin-22.1.0-x86_64/include/compat -I/Users/sidqian/Downloads/summer/L2S/netbsd-src/tools/compat  -DHAVE_NBTOOL_CONFIG_H=1 -D_FILE_OFFSET_BITS=64  conftest.cc  >&5
configure:9391: $? = 0
configure:9395: test -z 
			 || test ! -s conftest.err
configure:9398: $? = 0
configure:9401: test -s conftest
configure:9404: $? = 0
configure:9406: result: yes
configure:9436: checking whether sys_siglist is declared
configure:9460: cc -c -O -O2 -no-cpp-precomp  -no-cpp-precomp -I/Users/sidqian/Downloads/summer/L2S/netbsd-src/build/obj/tooldir.Darwin-22.1.0-x86_64/include/compat -I/Users/sidqian/Downloads/summer/L2S/netbsd-src/tools/compat  -DHAVE_NBTOOL_CONFIG_H=1 -D_FILE_OFFSET_BITS=64 conftest.c >&5
conftest.c:97:22: error: use of undeclared identifier 'sys_siglist'
  char *p = (char *) sys_siglist;
                     ^
1 error generated.
configure:9466: $? = 1
configure: failed program was:
| /* confdefs.h.  */
|              
| #define PACKAGE_NAME ""
| #define PACKAGE_TARNAME ""
| #define PACKAGE_VERSION ""
| #define PACKAGE_STRING ""
| #define PACKAGE_BUGREPORT ""
| #ifdef __cplusplus
| extern "C" void exit (int);
| #endif
| #define X_DISPLAY_MISSING 1
| #define STDC_HEADERS 1
| #define HAVE_SYS_TYPES_H 1
| #define HAVE_SYS_STAT_H 1
| #define HAVE_STDLIB_H 1
| #define HAVE_STRING_H 1
| #define HAVE_MEMORY_H 1
| #define HAVE_STRINGS_H 1
| #define HAVE_INTTYPES_H 1
| #define HAVE_STDINT_H 1
| #define HAVE_UNISTD_H 1
| #define HAVE_STDLIB_H 1
| #define HAVE_UNISTD_H 1
| #define HAVE_DIRENT_H 1
| #define HAVE_LIMITS_H 1
| #define HAVE_SYS_DIR_H 1
| #define HAVE_STRING_H 1
| #define HAVE_STRINGS_H 1
| #define HAVE_MATH_H 1
| #define HAVE_SYS_TIME_H 1
| #define RET_TYPE_SRAND_IS_VOID 1
| #define NEED_DECLARATION_HYPOT 1
| #define HAVE_SYS_NERR 1
| #define HAVE_SYS_ERRLIST 1
| #define HAVE_CC_LIMITS_H 1
| #define HAVE_CC_INTTYPES_H 1
| #define RETSIGTYPE void
| #define HAVE_STRUCT_EXCEPTION 1
| #define HAVE_STDLIB_H 1
| #define HAVE_UNISTD_H 1
| #define HAVE_GETPAGESIZE 1
| #define HAVE_MMAP 1
| #define HAVE_FMOD 1
| #define HAVE_GETCWD 1
| #define HAVE_PUTENV 1
| #define HAVE_SNPRINTF 1
| #define HAVE_STRCASECMP 1
| #define HAVE_STRERROR 1
| #define HAVE_STRNCASECMP 1
| #define HAVE_STRTOL 1
| #define HAVE_VSNPRINTF 1
| #define HAVE_GETTIMEOFDAY 1
| #define HAVE_ISATTY 1
| #define HAVE_KILL 1
| #define HAVE_RENAME 1
| #define HAVE_SETLOCALE 1
| #define HAVE_STRSEP 1
| #define HAVE_MKSTEMP 1
| /* end confdefs.h.  */
| #include <stdio.h>
| #if HAVE_SYS_TYPES_H
| # include <sys/types.h>
| #endif
| #if HAVE_SYS_STAT_H
| # include <sys/stat.h>
| #endif
| #if STDC_HEADERS
| # include <stdlib.h>
| # include <stddef.h>
| #else
| # if HAVE_STDLIB_H
| #  include <stdlib.h>
| # endif
| #endif
| #if HAVE_STRING_H
| # if !STDC_HEADERS && HAVE_MEMORY_H
| #  include <memory.h>
| # endif
| # include <string.h>
| #endif
| #if HAVE_STRINGS_H
| # include <strings.h>
| #endif
| #if HAVE_INTTYPES_H
| # include <inttypes.h>
| #endif
| #if HAVE_STDINT_H
| # include <stdint.h>
| #endif
| #if HAVE_UNISTD_H
| # include <unistd.h>
| #endif
| int
| main ()
| {
| #ifndef sys_siglist
|   char *p = (char *) sys_siglist;
| #endif
| 
|   ;
|   return 0;
| }
configure:9490: result: no
configure:9516: checking whether ANSI array delete syntax is supported
configure:9541: c++ -c -O  -no-cpp-precomp -I/Users/sidqian/Downloads/summer/L2S/netbsd-src/build/obj/tooldir.Darwin-22.1.0-x86_64/include/compat -I/Users/sidqian/Downloads/summer/L2S/netbsd-src/tools/compat  -DHAVE_NBTOOL_CONFIG_H=1 -D_FILE_OFFSET_BITS=64 conftest.cc >&5
configure:9547: $? = 0
configure:9551: test -z 
			 || test ! -s conftest.err
configure:9554: $? = 0
configure:9557: test -s conftest.o
configure:9560: $? = 0
configure:9562: result: yes
configure:9589: checking traditional preprocessor
configure:9617: c++ -c -O  -no-cpp-precomp -I/Users/sidqian/Downloads/summer/L2S/netbsd-src/build/obj/tooldir.Darwin-22.1.0-x86_64/include/compat -I/Users/sidqian/Downloads/summer/L2S/netbsd-src/tools/compat  -DHAVE_NBTOOL_CONFIG_H=1 -D_FILE_OFFSET_BITS=64 conftest.cc >&5
conftest.cc:72:16: error: expected ';' at end of declaration
int name2(foo, bar);
               ^
1 error generated.
configure:9623: $? = 1
configure: failed program was:
| 
|        /* confdefs.h.  */
|              
| #define PACKAGE_NAME ""
| #define PACKAGE_TARNAME ""
| #define PACKAGE_VERSION ""
| #define PACKAGE_STRING ""
| #define PACKAGE_BUGREPORT ""
| #ifdef __cplusplus
| extern "C" void exit (int);
| #endif
| #define X_DISPLAY_MISSING 1
| #define STDC_HEADERS 1
| #define HAVE_SYS_TYPES_H 1
| #define HAVE_SYS_STAT_H 1
| #define HAVE_STDLIB_H 1
| #define HAVE_STRING_H 1
| #define HAVE_MEMORY_H 1
| #define HAVE_STRINGS_H 1
| #define HAVE_INTTYPES_H 1
| #define HAVE_STDINT_H 1
| #define HAVE_UNISTD_H 1
| #define HAVE_STDLIB_H 1
| #define HAVE_UNISTD_H 1
| #define HAVE_DIRENT_H 1
| #define HAVE_LIMITS_H 1
| #define HAVE_SYS_DIR_H 1
| #define HAVE_STRING_H 1
| #define HAVE_STRINGS_H 1
| #define HAVE_MATH_H 1
| #define HAVE_SYS_TIME_H 1
| #define RET_TYPE_SRAND_IS_VOID 1
| #define NEED_DECLARATION_HYPOT 1
| #define HAVE_SYS_NERR 1
| #define HAVE_SYS_ERRLIST 1
| #define HAVE_CC_LIMITS_H 1
| #define HAVE_CC_INTTYPES_H 1
| #define RETSIGTYPE void
| #define HAVE_STRUCT_EXCEPTION 1
| #define HAVE_STDLIB_H 1
| #define HAVE_UNISTD_H 1
| #define HAVE_GETPAGESIZE 1
| #define HAVE_MMAP 1
| #define HAVE_FMOD 1
| #define HAVE_GETCWD 1
| #define HAVE_PUTENV 1
| #define HAVE_SNPRINTF 1
| #define HAVE_STRCASECMP 1
| #define HAVE_STRERROR 1
| #define HAVE_STRNCASECMP 1
| #define HAVE_STRTOL 1
| #define HAVE_VSNPRINTF 1
| #define HAVE_GETTIMEOFDAY 1
| #define HAVE_ISATTY 1
| #define HAVE_KILL 1
| #define HAVE_RENAME 1
| #define HAVE_SETLOCALE 1
| #define HAVE_STRSEP 1
| #define HAVE_MKSTEMP 1
| #define HAVE_DECL_SYS_SIGLIST 0
| /* end confdefs.h.  */
| 
| 
| #define name2(a, b) a/**/b
| 
| 
| int
| main ()
| {
| 
| 
| int name2(foo, bar);
| 
| 
|   ;
|   return 0;
| }
| 
configure:9649: result: no
configure:9661: checking w_coredump
configure:9703: cc -o conftest -O -O2 -no-cpp-precomp  -no-cpp-precomp -I/Users/sidqian/Downloads/summer/L2S/netbsd-src/build/obj/tooldir.Darwin-22.1.0-x86_64/include/compat -I/Users/sidqian/Downloads/summer/L2S/netbsd-src/tools/compat  -DHAVE_NBTOOL_CONFIG_H=1 -D_FILE_OFFSET_BITS=64  conftest.c  >&5
conftest.c:73:7: error: expected ';' after expression
main()
      ^
      ;
conftest.c:76:3: error: call to undeclared library function 'exit' with type 'void (int) __attribute__((noreturn))'; ISO C99 and later do not support implicit function declarations [-Wimplicit-function-declaration]
  exit(1);
  ^
conftest.c:76:3: note: include the header <stdlib.h> or explicitly provide a declaration for 'exit'
2 errors generated.
configure:9706: $? = 1
configure: program exited with status 1
configure: failed program was:
| 
|        /* confdefs.h.  */
|              
| #define PACKAGE_NAME ""
| #define PACKAGE_TARNAME ""
| #define PACKAGE_VERSION ""
| #define PACKAGE_STRING ""
| #define PACKAGE_BUGREPORT ""
| #ifdef __cplusplus
| extern "C" void exit (int);
| #endif
| #define X_DISPLAY_MISSING 1
| #define STDC_HEADERS 1
| #define HAVE_SYS_TYPES_H 1
| #define HAVE_SYS_STAT_H 1
| #define HAVE_STDLIB_H 1
| #define HAVE_STRING_H 1
| #define HAVE_MEMORY_H 1
| #define HAVE_STRINGS_H 1
| #define HAVE_INTTYPES_H 1
| #define HAVE_STDINT_H 1
| #define HAVE_UNISTD_H 1
| #define HAVE_STDLIB_H 1
| #define HAVE_UNISTD_H 1
| #define HAVE_DIRENT_H 1
| #define HAVE_LIMITS_H 1
| #define HAVE_SYS_DIR_H 1
| #define HAVE_STRING_H 1
| #define HAVE_STRINGS_H 1
| #define HAVE_MATH_H 1
| #define HAVE_SYS_TIME_H 1
| #define RET_TYPE_SRAND_IS_VOID 1
| #define NEED_DECLARATION_HYPOT 1
| #define HAVE_SYS_NERR 1
| #define HAVE_SYS_ERRLIST 1
| #define HAVE_CC_LIMITS_H 1
| #define HAVE_CC_INTTYPES_H 1
| #define RETSIGTYPE void
| #define HAVE_STRUCT_EXCEPTION 1
| #define HAVE_STDLIB_H 1
| #define HAVE_UNISTD_H 1
| #define HAVE_GETPAGESIZE 1
| #define HAVE_MMAP 1
| #define HAVE_FMOD 1
| #define HAVE_GETCWD 1
| #define HAVE_PUTENV 1
| #define HAVE_SNPRINTF 1
| #define HAVE_STRCASECMP 1
| #define HAVE_STRERROR 1
| #define HAVE_STRNCASECMP 1
| #define HAVE_STRTOL 1
| #define HAVE_VSNPRINTF 1
| #define HAVE_GETTIMEOFDAY 1
| #define HAVE_ISATTY 1
| #define HAVE_KILL 1
| #define HAVE_RENAME 1
| #define HAVE_SETLOCALE 1
| #define HAVE_STRSEP 1
| #define HAVE_MKSTEMP 1
| #define HAVE_DECL_SYS_SIGLIST 0
| /* end confdefs.h.  */
| 
| 
| #include <sys/types.h>
| #include <sys/wait.h>
| 
| 
| int
| main ()
| {
| 
| 
| main()
| {
| #ifdef WCOREFLAG
|   exit(1);
| #else
|   int i = 0;
|   ((union wait *)&i)->w_coredump = 1;
|   exit(i != 0200);
| #endif
| }
| 
| 
|   ;
|   return 0;
| }
| 
configure:9726: result: no
configure:9733: checking default value for grops -b option
configure:9736: result: 0
configure:9739: checking default paper size
configure:9795: result: letter
configure:9798: checking for existing troff installation
configure:9805: result: no
configure:9810: checking for prefix of system macro packages
configure:9827: result: 
configure:9831: checking which system macro packages should be made available
configure:9874: result: 
configure:9877: checking separator character to use in groff search paths
configure:9909: cc -c -O -O2 -no-cpp-precomp  -no-cpp-precomp -I/Users/sidqian/Downloads/summer/L2S/netbsd-src/build/obj/tooldir.Darwin-22.1.0-x86_64/include/compat -I/Users/sidqian/Downloads/summer/L2S/netbsd-src/tools/compat  -DHAVE_NBTOOL_CONFIG_H=1 -D_FILE_OFFSET_BITS=64 conftest.c >&5
configure:9915: $? = 0
configure:9919: test -z 
			 || test ! -s conftest.err
configure:9922: $? = 0
configure:9925: test -s conftest.o
configure:9928: $? = 0
configure:9938: result: :
configure:10004: checking for gs
configure:10033: result: no
configure:10004: checking for gswin32c
configure:10033: result: no
configure:10004: checking for gsos2
configure:10033: result: no
configure:10064: checking for pnmcut
configure:10080: found /usr/local/bin/pnmcut
configure:10091: result: found
configure:10102: checking for pnmcrop
configure:10118: found /usr/local/bin/pnmcrop
configure:10129: result: found
configure:10140: checking for pnmtopng
configure:10156: found /usr/local/bin/pnmtopng
configure:10167: result: found
configure:10178: checking for psselect
configure:10205: result: missing
configure:10216: checking for pnmtops
configure:10232: found /usr/local/bin/pnmtops
configure:10243: result: found
configure:10282: WARNING: missing programs:

  The programs
     `psselect' and `gs'
  cannot be found in the PATH.
  Consequently, groff's HTML backend (grohtml) will not work properly;
  therefore, it will neither be possible to prepare, nor to install,
  documentation in HTML format.
     
configure:10436: WARNING: missing program:

  The program `gs' cannot be found in the PATH.
  Consequently, groff's PDF formatter (pdfroff) will not work properly;
  therefore, it will neither be possible to prepare, nor to install,
  documentation in PDF format.
     
configure:10448: checking whether pnmtops can handle the -nosetpage option
configure:10451: result: yes
configure:10564: creating ./config.status

## ---------------------- ##
## Running config.status. ##
## ---------------------- ##

This file was extended by config.status, which was
generated by GNU Autoconf 2.59b.  Invocation command line was

  CONFIG_FILES    = 
  CONFIG_HEADERS  = 
  CONFIG_LINKS    = 
  CONFIG_COMMANDS = 
  $ ./config.status 

on Sid-Qians-MacBook-Pro-2.local

config.status:691: creating stamp-h
config.status:691: creating Makefile
config.status:691: creating doc/Makefile
config.status:691: creating src/utils/xtotroff/Makefile
config.status:691: creating contrib/gdiffmk/tests/runtests
config.status:691: creating test-groff
config.status:794: creating src/include/config.h

## ---------------- ##
## Cache variables. ##
## ---------------- ##

ac_cv_c_compiler_gnu=yes
ac_cv_cxx_compiler_gnu=yes
ac_cv_env_CC_set=set
ac_cv_env_CC_value=cc
ac_cv_env_CFLAGS_set=set
ac_cv_env_CFLAGS_value='-O -O2 -no-cpp-precomp'
ac_cv_env_CPPFLAGS_set=set
ac_cv_env_CPPFLAGS_value=' -no-cpp-precomp -I/Users/sidqian/Downloads/summer/L2S/netbsd-src/build/obj/tooldir.Darwin-22.1.0-x86_64/include/compat -I/Users/sidqian/Downloads/summer/L2S/netbsd-src/tools/compat  -DHAVE_NBTOOL_CONFIG_H=1 -D_FILE_OFFSET_BITS=64'
ac_cv_env_CPP_set=
ac_cv_env_CPP_value=
ac_cv_env_CXXFLAGS_set=set
ac_cv_env_CXXFLAGS_value=-O
ac_cv_env_CXX_set=set
ac_cv_env_CXX_value=c++
ac_cv_env_LDFLAGS_set=set
ac_cv_env_LDFLAGS_value=
ac_cv_env_build_alias_set=
ac_cv_env_build_alias_value=
ac_cv_env_host_alias_set=
ac_cv_env_host_alias_value=
ac_cv_env_target_alias_set=
ac_cv_env_target_alias_value=
ac_cv_exeext=
ac_cv_func_fmod=yes
ac_cv_func_getcwd=yes
ac_cv_func_getpagesize=yes
ac_cv_func_gettimeofday=yes
ac_cv_func_isatty=yes
ac_cv_func_kill=yes
ac_cv_func_mmap_fixed_mapped=yes
ac_cv_func_putenv=yes
ac_cv_func_rename=yes
ac_cv_func_setlocale=yes
ac_cv_func_snprintf=yes
ac_cv_func_strcasecmp=yes
ac_cv_func_strerror=yes
ac_cv_func_strncasecmp=yes
ac_cv_func_strsep=yes
ac_cv_func_strtol=yes
ac_cv_func_vsnprintf=yes
ac_cv_have_decl_sys_siglist=no
ac_cv_header_direct_h=no
ac_cv_header_dirent_h=yes
ac_cv_header_inttypes_h=yes
ac_cv_header_limits_h=yes
ac_cv_header_math_h=yes
ac_cv_header_memory_h=yes
ac_cv_header_process_h=no
ac_cv_header_stdc=yes
ac_cv_header_stdint_h=yes
ac_cv_header_stdlib_h=yes
ac_cv_header_string_h=yes
ac_cv_header_strings_h=yes
ac_cv_header_sys_dir_h=yes
ac_cv_header_sys_stat_h=yes
ac_cv_header_sys_time_h=yes
ac_cv_header_sys_types_h=yes
ac_cv_header_unistd_h=yes
ac_cv_lib_c_main=yes
ac_cv_lib_m_sin=yes
ac_cv_objext=o
ac_cv_path_EGREP='/usr/bin/grep -E'
ac_cv_path_GREP=/usr/bin/grep
ac_cv_path_PERLPATH=/usr/bin/perl
ac_cv_prog_CPP='cc -E'
ac_cv_prog_LP=lp
ac_cv_prog_LPQ=lpq
ac_cv_prog_LPR=lpr
ac_cv_prog_YACC=/Users/sidqian/Downloads/summer/L2S/netbsd-src/build/obj/tooldir.Darwin-22.1.0-x86_64/bin/nbyacc
ac_cv_prog_ac_ct_CC=cc
ac_cv_prog_ac_ct_RANLIB=ranlib
ac_cv_prog_cc_g=yes
ac_cv_prog_cc_stdc=
ac_cv_prog_cxx_g=yes
ac_cv_prog_pnmcrop=found
ac_cv_prog_pnmcut=found
ac_cv_prog_pnmtopng=found
ac_cv_prog_pnmtops=found
ac_cv_prog_psselect=missing
groff_cv_decl_needed_gettimeofday=no
groff_cv_decl_needed_hypot=yes
groff_cv_decl_needed_pclose=no
groff_cv_decl_needed_popen=no
groff_cv_decl_needed_putenv=no
groff_cv_decl_needed_rand=no
groff_cv_decl_needed_snprintf=no
groff_cv_decl_needed_srand=no
groff_cv_decl_needed_strcasecmp=no
groff_cv_decl_needed_strncasecmp=no
groff_cv_decl_needed_vfprintf=no
groff_cv_decl_needed_vsnprintf=no
groff_cv_ebcdic=no
groff_cv_header_inttypes_h=yes
groff_cv_type_unsigned_long_long=yes

## ----------------- ##
## Output variables. ##
## ----------------- ##

ALT_AWK_PROGS='gawk mawk nawk awk'
ALT_GHOSTSCRIPT_PROGS='gs gswin32c gsos2'
AWK='/Users/sidqian/Downloads/summer/L2S/netbsd-src/build/obj/tooldir.Darwin-22.1.0-x86_64/bin/nbawk'
BROKEN_SPOOLER_FLAGS='0'
CC='cc'
CFLAGS='-O -O2 -no-cpp-precomp'
CPP='cc -E'
CPPFLAGS=' -no-cpp-precomp -I/Users/sidqian/Downloads/summer/L2S/netbsd-src/build/obj/tooldir.Darwin-22.1.0-x86_64/include/compat -I/Users/sidqian/Downloads/summer/L2S/netbsd-src/tools/compat  -DHAVE_NBTOOL_CONFIG_H=1 -D_FILE_OFFSET_BITS=64'
CXX='c++'
CXXFLAGS='-O'
DEFS='-DHAVE_CONFIG_H'
DVIPRINT='lpr -d'
ECHO_C='ECHO_N=''
ECHO_T=''
EGREP='/usr/bin/grep -E'
EXEEXT=''
GHOSTSCRIPT='missing'
GREP='/usr/bin/grep'
GROFF_PATH_SEPARATOR=':'
INSTALL_DATA='${INSTALL} -m 644'
INSTALL_INFO=':'
INSTALL_PROGRAM='${INSTALL}'
INSTALL_SCRIPT='${INSTALL}'
LDFLAGS=''
LIBC='-lc'
LIBM='-lm'
LIBOBJS=''
LIBS=''
LN_S='ln -s'
LP='lp'
LPQ='lpq'
LPR='lpr'
LTLIBOBJS=''
OBJEXT='o'
OTHERDEVDIRS='font/devlj4 font/devlbp'
PACKAGE_BUGREPORT=''
PACKAGE_NAME=''
PACKAGE_STRING=''
PACKAGE_TARNAME=''
PACKAGE_VERSION=''
PAGE='letter'
PATH_SEPARATOR=':'
PERLPATH='/usr/bin/perl'
PSPRINT='lpr'
RANLIB='ranlib'
SHELL='/bin/sh'
SH_SCRIPT_SED_CMD='1s/a/a/'
TTYDEVDIRS='font/devascii font/devlatin1'
XDEVDIRS=''
XLIBDIRS=''
XPROGDIRS=''
X_CFLAGS=''
X_EXTRA_LIBS=''
X_LIBS=''
X_PRE_LIBS=''
YACC='/Users/sidqian/Downloads/summer/L2S/netbsd-src/build/obj/tooldir.Darwin-22.1.0-x86_64/bin/nbyacc'
ac_ct_AWK=''
ac_ct_CC='cc'
ac_ct_CXX=''
ac_ct_GHOSTSCRIPT=''
ac_ct_RANLIB='ranlib'
appresdir=''
bindir='${exec_prefix}/bin'
build_alias=''
datadir='${prefix}/share'
exec_prefix='${prefix}'
g=''
host_alias=''
includedir='${prefix}/include'
infodir='${prefix}/info'
libdir='${exec_prefix}/lib'
libexecdir='${exec_prefix}/libexec'
localstatedir='${prefix}/var'
make_html=''
make_install_html=''
make_install_pdfdoc=''
make_pdfdoc=''
mandir='${prefix}/man'
oldincludedir='/usr/include'
pnmcrop='found'
pnmcut='found'
pnmtopng='found'
pnmtops='found'
pnmtops_nosetpage='pnmtops -nosetpage'
prefix='/Users/sidqian/Downloads/summer/L2S/netbsd-src/build/obj/tooldir.Darwin-22.1.0-x86_64'
program_transform_name='s,x,x,'
psselect='missing'
sbindir='${exec_prefix}/sbin'
sharedstatedir='${prefix}/com'
sys_tmac_prefix=''
sysconfdir='${prefix}/etc'
target_alias=''
tmac_wrap=''

## ----------- ##
## confdefs.h. ##
## ----------- ##

             
#define HAVE_CC_INTTYPES_H 1
#define HAVE_CC_LIMITS_H 1
#define HAVE_DECL_SYS_SIGLIST 0
#define HAVE_DIRENT_H 1
#define HAVE_FMOD 1
#define HAVE_GETCWD 1
#define HAVE_GETPAGESIZE 1
#define HAVE_GETTIMEOFDAY 1
#define HAVE_INTTYPES_H 1
#define HAVE_ISATTY 1
#define HAVE_KILL 1
#define HAVE_LIMITS_H 1
#define HAVE_MATH_H 1
#define HAVE_MEMORY_H 1
#define HAVE_MKSTEMP 1
#define HAVE_MMAP 1
#define HAVE_PUTENV 1
#define HAVE_RENAME 1
#define HAVE_SETLOCALE 1
#define HAVE_SNPRINTF 1
#define HAVE_STDINT_H 1
#define HAVE_STDLIB_H 1
#define HAVE_STDLIB_H 1
#define HAVE_STDLIB_H 1
#define HAVE_STRCASECMP 1
#define HAVE_STRERROR 1
#define HAVE_STRINGS_H 1
#define HAVE_STRINGS_H 1
#define HAVE_STRING_H 1
#define HAVE_STRING_H 1
#define HAVE_STRNCASECMP 1
#define HAVE_STRSEP 1
#define HAVE_STRTOL 1
#define HAVE_STRUCT_EXCEPTION 1
#define HAVE_SYS_DIR_H 1
#define HAVE_SYS_ERRLIST 1
#define HAVE_SYS_NERR 1
#define HAVE_SYS_STAT_H 1
#define HAVE_SYS_TIME_H 1
#define HAVE_SYS_TYPES_H 1
#define HAVE_UNISTD_H 1
#define HAVE_UNISTD_H 1
#define HAVE_UNISTD_H 1
#define HAVE_VSNPRINTF 1
#define NEED_DECLARATION_HYPOT 1
#define PACKAGE_BUGREPORT ""
#define PACKAGE_NAME ""
#define PACKAGE_STRING ""
#define PACKAGE_TARNAME ""
#define PACKAGE_VERSION ""
#define RETSIGTYPE void
#define RET_TYPE_SRAND_IS_VOID 1
#define STDC_HEADERS 1
#define X_DISPLAY_MISSING 1
#endif
#ifdef __cplusplus
extern "C" void exit (int);

configure: exit 0
