This file contains any messages produced by compilers while
running configure, to aid debugging if configure makes a mistake.

It was created by GNU Texinfo configure 4.8, which was
generated by GNU Autoconf 2.59.  Invocation command line was

  $ /Users/sidqian/Downloads/summer/L2S/netbsd-src/tools/texinfo/../../external/gpl2/texinfo/dist/configure --program-prefix=nb --prefix=/Users/sidqian/Downloads/summer/L2S/netbsd-src/build/obj/tooldir.Darwin-22.1.0-x86_64

## --------- ##
## Platform. ##
## --------- ##

hostname = Sid-Qians-MacBook-Pro-2.local
uname -m = x86_64
uname -r = 22.1.0
uname -s = Darwin
uname -v = Darwin Kernel Version 22.1.0: Sun Oct  9 20:14:54 PDT 2022; root:xnu-8792.41.9~2/RELEASE_X86_64

/usr/bin/uname -p = i386
/bin/uname -X     = unknown

/bin/arch              = unknown
/usr/bin/arch -k       = unknown
/usr/convex/getsysinfo = unknown
hostinfo               = Mach kernel version:
	 Darwin Kernel Version 22.1.0: Sun Oct  9 20:14:54 PDT 2022; root:xnu-8792.41.9~2/RELEASE_X86_64
Kernel configured for up to 8 processors.
4 processors are physically available.
8 processors are logically available.
Processor type: x86_64h (Intel x86-64h Haswell)
Processors active: 0 1 2 3 4 5 6 7
Primary memory available: 16.00 gigabytes
Default processor set: 643 tasks, 3076 threads, 8 processors
Load average: 11.22, Mach factor: 1.45
/bin/machine           = unknown
/usr/bin/oslevel       = unknown
/bin/universe          = unknown

PATH: /Users/sidqian/Downloads/summer/L2S/netbsd-src/build/obj/tooldir.Darwin-22.1.0-x86_64/bin
PATH: /usr/local/bin
PATH: /System/Cryptexes/App/usr/bin
PATH: /usr/bin
PATH: /bin
PATH: /usr/sbin
PATH: /sbin
PATH: /Library/Apple/usr/bin
PATH: /Users/sidqian/ch-darwin-amd64
PATH: /Users/sidqian/ch-darwin-amd64
PATH: /Users/sidqian/Downloads/flutter/bin


## ----------- ##
## Core tests. ##
## ----------- ##

configure:1376: checking for a BSD-compatible install
configure:1431: result: /Users/sidqian/Downloads/summer/L2S/netbsd-src/build/obj/tooldir.Darwin-22.1.0-x86_64/bin/m68k--netbsdelf-install -c  -r
configure:1442: checking whether build environment is sane
configure:1485: result: yes
configure:1550: checking for gawk
configure:1576: result: /Users/sidqian/Downloads/summer/L2S/netbsd-src/build/obj/tooldir.Darwin-22.1.0-x86_64/bin/nbawk
configure:1586: checking whether /Users/sidqian/Downloads/summer/L2S/netbsd-src/build/obj/tooldir.Darwin-22.1.0-x86_64/bin/nbmake sets $(MAKE)
configure:1606: result: yes
configure:1774: checking whether to enable maintainer-specific portions of Makefiles
configure:1783: result: no
configure:1802: checking whether to enable maintainer-specific portions of Makefiles
configure:1811: result: no
configure:1874: checking for gcc
configure:1900: result: cc
configure:2144: checking for C compiler version
configure:2147: cc --version </dev/null >&5
Apple clang version 14.0.3 (clang-1403.0.22.14.1)
Target: x86_64-apple-darwin22.1.0
Thread model: posix
InstalledDir: /Applications/Xcode.app/Contents/Developer/Toolchains/XcodeDefault.xctoolchain/usr/bin
configure:2150: $? = 0
configure:2152: cc -v </dev/null >&5
Apple clang version 14.0.3 (clang-1403.0.22.14.1)
Target: x86_64-apple-darwin22.1.0
Thread model: posix
InstalledDir: /Applications/Xcode.app/Contents/Developer/Toolchains/XcodeDefault.xctoolchain/usr/bin
configure:2155: $? = 0
configure:2157: cc -V </dev/null >&5
clang: error: argument to '-V' is missing (expected 1 value)
clang: error: no input files
configure:2160: $? = 1
configure:2183: checking for C compiler default output file name
configure:2186: cc -O -O2 -no-cpp-precomp   conftest.c  >&5
configure:2189: $? = 0
configure:2235: result: a.out
configure:2240: checking whether the C compiler works
configure:2246: ./a.out
configure:2249: $? = 0
configure:2266: result: yes
configure:2273: checking whether we are cross compiling
configure:2275: result: no
configure:2278: checking for suffix of executables
configure:2280: cc -o conftest -O -O2 -no-cpp-precomp   conftest.c  >&5
configure:2283: $? = 0
configure:2308: result: 
configure:2314: checking for suffix of object files
configure:2335: cc -c -O -O2 -no-cpp-precomp  conftest.c >&5
configure:2338: $? = 0
configure:2360: result: o
configure:2364: checking whether we are using the GNU C compiler
configure:2388: cc -c -O -O2 -no-cpp-precomp  conftest.c >&5
configure:2394: $? = 0
configure:2398: test -z 
			 || test ! -s conftest.err
configure:2401: $? = 0
configure:2404: test -s conftest.o
configure:2407: $? = 0
configure:2420: result: yes
configure:2426: checking whether cc accepts -g
configure:2447: cc -c -g  conftest.c >&5
configure:2453: $? = 0
configure:2457: test -z 
			 || test ! -s conftest.err
configure:2460: $? = 0
configure:2463: test -s conftest.o
configure:2466: $? = 0
configure:2477: result: yes
configure:2494: checking for cc option to accept ANSI C
configure:2564: cc  -c -O -O2 -no-cpp-precomp  conftest.c >&5
conftest.c:18:14: warning: a function declaration without a prototype is deprecated in all versions of C and is not supported in C2x [-Wdeprecated-non-prototype]
static char *e (p, i)
             ^
1 warning generated.
configure:2570: $? = 0
configure:2574: test -z 
			 || test ! -s conftest.err
configure:2577: $? = 0
configure:2580: test -s conftest.o
configure:2583: $? = 0
configure:2601: result: none needed
configure:2619: cc -c -O -O2 -no-cpp-precomp  conftest.c >&5
conftest.c:2:3: error: unknown type name 'choke'
  choke me
  ^
conftest.c:2:11: error: expected ';' after top level declarator
  choke me
          ^
          ;
2 errors generated.
configure:2625: $? = 1
configure: failed program was:
| #ifndef __cplusplus
|   choke me
| #endif
configure:2769: checking for style of include used by /Users/sidqian/Downloads/summer/L2S/netbsd-src/build/obj/tooldir.Darwin-22.1.0-x86_64/bin/nbmake
configure:2797: result: GNU
configure:2825: checking dependency style of cc
configure:2915: result: gcc3
configure:2938: checking how to run the C preprocessor
configure:2973: cc -E  conftest.c
configure:2979: $? = 0
configure:3011: cc -E  conftest.c
conftest.c:11:10: fatal error: 'ac_nonexistent.h' file not found
#include <ac_nonexistent.h>
         ^~~~~~~~~~~~~~~~~~
1 error generated.
configure:3017: $? = 1
configure: failed program was:
| /* confdefs.h.  */
| 
| #define PACKAGE_NAME "GNU Texinfo"
| #define PACKAGE_TARNAME "texinfo"
| #define PACKAGE_VERSION "4.8"
| #define PACKAGE_STRING "GNU Texinfo 4.8"
| #define PACKAGE_BUGREPORT ""
| #define PACKAGE "texinfo"
| #define VERSION "4.8"
| /* end confdefs.h.  */
| #include <ac_nonexistent.h>
configure:3056: result: cc -E
configure:3080: cc -E  conftest.c
configure:3086: $? = 0
configure:3118: cc -E  conftest.c
conftest.c:11:10: fatal error: 'ac_nonexistent.h' file not found
#include <ac_nonexistent.h>
         ^~~~~~~~~~~~~~~~~~
1 error generated.
configure:3124: $? = 1
configure: failed program was:
| /* confdefs.h.  */
| 
| #define PACKAGE_NAME "GNU Texinfo"
| #define PACKAGE_TARNAME "texinfo"
| #define PACKAGE_VERSION "4.8"
| #define PACKAGE_STRING "GNU Texinfo 4.8"
| #define PACKAGE_BUGREPORT ""
| #define PACKAGE "texinfo"
| #define VERSION "4.8"
| /* end confdefs.h.  */
| #include <ac_nonexistent.h>
configure:3168: checking for egrep
configure:3178: result: grep -E
configure:3184: checking whether cc needs -traditional
conftest.c:11:10: fatal error: 'termio.h' file not found
#include <termio.h>
         ^~~~~~~~~~
1 error generated.
configure:3226: result: no
configure:3246: checking for a BSD-compatible install
configure:3301: result: /Users/sidqian/Downloads/summer/L2S/netbsd-src/build/obj/tooldir.Darwin-22.1.0-x86_64/bin/m68k--netbsdelf-install -c  -r
configure:3312: checking whether /Users/sidqian/Downloads/summer/L2S/netbsd-src/build/obj/tooldir.Darwin-22.1.0-x86_64/bin/nbmake sets $(MAKE)
configure:3332: result: yes
configure:3382: checking for ranlib
configure:3409: result: ranlib
configure:3425: checking for library containing strerror
configure:3455: cc -o conftest -O -O2 -no-cpp-precomp   conftest.c  >&5
conftest.c:18:6: warning: incompatible redeclaration of library function 'strerror' [-Wincompatible-library-redeclaration]
char strerror ();
     ^
conftest.c:18:6: note: 'strerror' is a builtin with type 'char *(int)'
1 warning generated.
configure:3461: $? = 0
configure:3465: test -z 
			 || test ! -s conftest.err
configure:3468: $? = 0
configure:3471: test -s conftest
configure:3474: $? = 0
configure:3544: result: none required
configure:3551: checking for ANSI C header files
configure:3576: cc -c -O -O2 -no-cpp-precomp  conftest.c >&5
configure:3582: $? = 0
configure:3586: test -z 
			 || test ! -s conftest.err
configure:3589: $? = 0
configure:3592: test -s conftest.o
configure:3595: $? = 0
configure:3685: cc -o conftest -O -O2 -no-cpp-precomp   conftest.c  >&5
configure:3688: $? = 0
configure:3690: ./conftest
configure:3693: $? = 0
configure:3708: result: yes
configure:3732: checking for sys/types.h
configure:3748: cc -c -O -O2 -no-cpp-precomp  conftest.c >&5
configure:3754: $? = 0
configure:3758: test -z 
			 || test ! -s conftest.err
configure:3761: $? = 0
configure:3764: test -s conftest.o
configure:3767: $? = 0
configure:3778: result: yes
configure:3732: checking for sys/stat.h
configure:3748: cc -c -O -O2 -no-cpp-precomp  conftest.c >&5
configure:3754: $? = 0
configure:3758: test -z 
			 || test ! -s conftest.err
configure:3761: $? = 0
configure:3764: test -s conftest.o
configure:3767: $? = 0
configure:3778: result: yes
configure:3732: checking for stdlib.h
configure:3748: cc -c -O -O2 -no-cpp-precomp  conftest.c >&5
configure:3754: $? = 0
configure:3758: test -z 
			 || test ! -s conftest.err
configure:3761: $? = 0
configure:3764: test -s conftest.o
configure:3767: $? = 0
configure:3778: result: yes
configure:3732: checking for string.h
configure:3748: cc -c -O -O2 -no-cpp-precomp  conftest.c >&5
configure:3754: $? = 0
configure:3758: test -z 
			 || test ! -s conftest.err
configure:3761: $? = 0
configure:3764: test -s conftest.o
configure:3767: $? = 0
configure:3778: result: yes
configure:3732: checking for memory.h
configure:3748: cc -c -O -O2 -no-cpp-precomp  conftest.c >&5
configure:3754: $? = 0
configure:3758: test -z 
			 || test ! -s conftest.err
configure:3761: $? = 0
configure:3764: test -s conftest.o
configure:3767: $? = 0
configure:3778: result: yes
configure:3732: checking for strings.h
configure:3748: cc -c -O -O2 -no-cpp-precomp  conftest.c >&5
configure:3754: $? = 0
configure:3758: test -z 
			 || test ! -s conftest.err
configure:3761: $? = 0
configure:3764: test -s conftest.o
configure:3767: $? = 0
configure:3778: result: yes
configure:3732: checking for inttypes.h
configure:3748: cc -c -O -O2 -no-cpp-precomp  conftest.c >&5
configure:3754: $? = 0
configure:3758: test -z 
			 || test ! -s conftest.err
configure:3761: $? = 0
configure:3764: test -s conftest.o
configure:3767: $? = 0
configure:3778: result: yes
configure:3732: checking for stdint.h
configure:3748: cc -c -O -O2 -no-cpp-precomp  conftest.c >&5
configure:3754: $? = 0
configure:3758: test -z 
			 || test ! -s conftest.err
configure:3761: $? = 0
configure:3764: test -s conftest.o
configure:3767: $? = 0
configure:3778: result: yes
configure:3732: checking for unistd.h
configure:3748: cc -c -O -O2 -no-cpp-precomp  conftest.c >&5
configure:3754: $? = 0
configure:3758: test -z 
			 || test ! -s conftest.err
configure:3761: $? = 0
configure:3764: test -s conftest.o
configure:3767: $? = 0
configure:3778: result: yes
configure:3800: checking minix/config.h usability
configure:3812: cc -c -O -O2 -no-cpp-precomp  conftest.c >&5
conftest.c:55:10: fatal error: 'minix/config.h' file not found
#include <minix/config.h>
         ^~~~~~~~~~~~~~~~
1 error generated.
configure:3818: $? = 1
configure: failed program was:
| /* confdefs.h.  */
| 
| #define PACKAGE_NAME "GNU Texinfo"
| #define PACKAGE_TARNAME "texinfo"
| #define PACKAGE_VERSION "4.8"
| #define PACKAGE_STRING "GNU Texinfo 4.8"
| #define PACKAGE_BUGREPORT ""
| #define PACKAGE "texinfo"
| #define VERSION "4.8"
| #define STDC_HEADERS 1
| #define HAVE_SYS_TYPES_H 1
| #define HAVE_SYS_STAT_H 1
| #define HAVE_STDLIB_H 1
| #define HAVE_STRING_H 1
| #define HAVE_MEMORY_H 1
| #define HAVE_STRINGS_H 1
| #define HAVE_INTTYPES_H 1
| #define HAVE_STDINT_H 1
| #define HAVE_UNISTD_H 1
| /* end confdefs.h.  */
| #include <stdio.h>
| #if HAVE_SYS_TYPES_H
| # include <sys/types.h>
| #endif
| #if HAVE_SYS_STAT_H
| # include <sys/stat.h>
| #endif
| #if STDC_HEADERS
| # include <stdlib.h>
| # include <stddef.h>
| #else
| # if HAVE_STDLIB_H
| #  include <stdlib.h>
| # endif
| #endif
| #if HAVE_STRING_H
| # if !STDC_HEADERS && HAVE_MEMORY_H
| #  include <memory.h>
| # endif
| # include <string.h>
| #endif
| #if HAVE_STRINGS_H
| # include <strings.h>
| #endif
| #if HAVE_INTTYPES_H
| # include <inttypes.h>
| #else
| # if HAVE_STDINT_H
| #  include <stdint.h>
| # endif
| #endif
| #if HAVE_UNISTD_H
| # include <unistd.h>
| #endif
| #include <minix/config.h>
configure:3841: result: no
configure:3845: checking minix/config.h presence
configure:3855: cc -E  conftest.c
conftest.c:21:10: fatal error: 'minix/config.h' file not found
#include <minix/config.h>
         ^~~~~~~~~~~~~~~~
1 error generated.
configure:3861: $? = 1
configure: failed program was:
| /* confdefs.h.  */
| 
| #define PACKAGE_NAME "GNU Texinfo"
| #define PACKAGE_TARNAME "texinfo"
| #define PACKAGE_VERSION "4.8"
| #define PACKAGE_STRING "GNU Texinfo 4.8"
| #define PACKAGE_BUGREPORT ""
| #define PACKAGE "texinfo"
| #define VERSION "4.8"
| #define STDC_HEADERS 1
| #define HAVE_SYS_TYPES_H 1
| #define HAVE_SYS_STAT_H 1
| #define HAVE_STDLIB_H 1
| #define HAVE_STRING_H 1
| #define HAVE_MEMORY_H 1
| #define HAVE_STRINGS_H 1
| #define HAVE_INTTYPES_H 1
| #define HAVE_STDINT_H 1
| #define HAVE_UNISTD_H 1
| /* end confdefs.h.  */
| #include <minix/config.h>
configure:3881: result: no
configure:3916: checking for minix/config.h
configure:3923: result: no
configure:3954: checking for sigblock
configure:4011: cc -o conftest -O -O2 -no-cpp-precomp   conftest.c  >&5
configure:4017: $? = 0
configure:4021: test -z 
			 || test ! -s conftest.err
configure:4024: $? = 0
configure:4027: test -s conftest
configure:4030: $? = 0
configure:4042: result: yes
configure:4125: checking whether stat file-mode macros are broken
configure:4173: result: no
configure:4183: checking for ANSI C header files
configure:4339: result: yes
configure:4380: checking fcntl.h usability
configure:4392: cc -c -O -O2 -no-cpp-precomp  conftest.c >&5
configure:4398: $? = 0
configure:4402: test -z 
			 || test ! -s conftest.err
configure:4405: $? = 0
configure:4408: test -s conftest.o
configure:4411: $? = 0
configure:4421: result: yes
configure:4425: checking fcntl.h presence
configure:4435: cc -E  conftest.c
configure:4441: $? = 0
configure:4461: result: yes
configure:4496: checking for fcntl.h
configure:4503: result: yes
configure:4380: checking io.h usability
configure:4392: cc -c -O -O2 -no-cpp-precomp  conftest.c >&5
conftest.c:57:10: fatal error: 'io.h' file not found
#include <io.h>
         ^~~~~~
1 error generated.
configure:4398: $? = 1
configure: failed program was:
| /* confdefs.h.  */
| 
| #define PACKAGE_NAME "GNU Texinfo"
| #define PACKAGE_TARNAME "texinfo"
| #define PACKAGE_VERSION "4.8"
| #define PACKAGE_STRING "GNU Texinfo 4.8"
| #define PACKAGE_BUGREPORT ""
| #define PACKAGE "texinfo"
| #define VERSION "4.8"
| #define STDC_HEADERS 1
| #define HAVE_SYS_TYPES_H 1
| #define HAVE_SYS_STAT_H 1
| #define HAVE_STDLIB_H 1
| #define HAVE_STRING_H 1
| #define HAVE_MEMORY_H 1
| #define HAVE_STRINGS_H 1
| #define HAVE_INTTYPES_H 1
| #define HAVE_STDINT_H 1
| #define HAVE_UNISTD_H 1
| #define STDC_HEADERS 1
| #define HAVE_FCNTL_H 1
| /* end confdefs.h.  */
| #include <stdio.h>
| #if HAVE_SYS_TYPES_H
| # include <sys/types.h>
| #endif
| #if HAVE_SYS_STAT_H
| # include <sys/stat.h>
| #endif
| #if STDC_HEADERS
| # include <stdlib.h>
| # include <stddef.h>
| #else
| # if HAVE_STDLIB_H
| #  include <stdlib.h>
| # endif
| #endif
| #if HAVE_STRING_H
| # if !STDC_HEADERS && HAVE_MEMORY_H
| #  include <memory.h>
| # endif
| # include <string.h>
| #endif
| #if HAVE_STRINGS_H
| # include <strings.h>
| #endif
| #if HAVE_INTTYPES_H
| # include <inttypes.h>
| #else
| # if HAVE_STDINT_H
| #  include <stdint.h>
| # endif
| #endif
| #if HAVE_UNISTD_H
| # include <unistd.h>
| #endif
| #include <io.h>
configure:4421: result: no
configure:4425: checking io.h presence
configure:4435: cc -E  conftest.c
conftest.c:23:10: fatal error: 'io.h' file not found
#include <io.h>
         ^~~~~~
1 error generated.
configure:4441: $? = 1
configure: failed program was:
| /* confdefs.h.  */
| 
| #define PACKAGE_NAME "GNU Texinfo"
| #define PACKAGE_TARNAME "texinfo"
| #define PACKAGE_VERSION "4.8"
| #define PACKAGE_STRING "GNU Texinfo 4.8"
| #define PACKAGE_BUGREPORT ""
| #define PACKAGE "texinfo"
| #define VERSION "4.8"
| #define STDC_HEADERS 1
| #define HAVE_SYS_TYPES_H 1
| #define HAVE_SYS_STAT_H 1
| #define HAVE_STDLIB_H 1
| #define HAVE_STRING_H 1
| #define HAVE_MEMORY_H 1
| #define HAVE_STRINGS_H 1
| #define HAVE_INTTYPES_H 1
| #define HAVE_STDINT_H 1
| #define HAVE_UNISTD_H 1
| #define STDC_HEADERS 1
| #define HAVE_FCNTL_H 1
| /* end confdefs.h.  */
| #include <io.h>
configure:4461: result: no
configure:4496: checking for io.h
configure:4503: result: no
configure:4380: checking limits.h usability
configure:4392: cc -c -O -O2 -no-cpp-precomp  conftest.c >&5
configure:4398: $? = 0
configure:4402: test -z 
			 || test ! -s conftest.err
configure:4405: $? = 0
configure:4408: test -s conftest.o
configure:4411: $? = 0
configure:4421: result: yes
configure:4425: checking limits.h presence
configure:4435: cc -E  conftest.c
configure:4441: $? = 0
configure:4461: result: yes
configure:4496: checking for limits.h
configure:4503: result: yes
configure:4380: checking pwd.h usability
configure:4392: cc -c -O -O2 -no-cpp-precomp  conftest.c >&5
configure:4398: $? = 0
configure:4402: test -z 
			 || test ! -s conftest.err
configure:4405: $? = 0
configure:4408: test -s conftest.o
configure:4411: $? = 0
configure:4421: result: yes
configure:4425: checking pwd.h presence
configure:4435: cc -E  conftest.c
configure:4441: $? = 0
configure:4461: result: yes
configure:4496: checking for pwd.h
configure:4503: result: yes
configure:4371: checking for string.h
configure:4376: result: yes
configure:4371: checking for strings.h
configure:4376: result: yes
configure:4380: checking termcap.h usability
configure:4392: cc -c -O -O2 -no-cpp-precomp  conftest.c >&5
configure:4398: $? = 0
configure:4402: test -z 
			 || test ! -s conftest.err
configure:4405: $? = 0
configure:4408: test -s conftest.o
configure:4411: $? = 0
configure:4421: result: yes
configure:4425: checking termcap.h presence
configure:4435: cc -E  conftest.c
configure:4441: $? = 0
configure:4461: result: yes
configure:4496: checking for termcap.h
configure:4503: result: yes
configure:4380: checking termio.h usability
configure:4392: cc -c -O -O2 -no-cpp-precomp  conftest.c >&5
conftest.c:62:10: fatal error: 'termio.h' file not found
#include <termio.h>
         ^~~~~~~~~~
1 error generated.
configure:4398: $? = 1
configure: failed program was:
| /* confdefs.h.  */
| 
| #define PACKAGE_NAME "GNU Texinfo"
| #define PACKAGE_TARNAME "texinfo"
| #define PACKAGE_VERSION "4.8"
| #define PACKAGE_STRING "GNU Texinfo 4.8"
| #define PACKAGE_BUGREPORT ""
| #define PACKAGE "texinfo"
| #define VERSION "4.8"
| #define STDC_HEADERS 1
| #define HAVE_SYS_TYPES_H 1
| #define HAVE_SYS_STAT_H 1
| #define HAVE_STDLIB_H 1
| #define HAVE_STRING_H 1
| #define HAVE_MEMORY_H 1
| #define HAVE_STRINGS_H 1
| #define HAVE_INTTYPES_H 1
| #define HAVE_STDINT_H 1
| #define HAVE_UNISTD_H 1
| #define STDC_HEADERS 1
| #define HAVE_FCNTL_H 1
| #define HAVE_LIMITS_H 1
| #define HAVE_PWD_H 1
| #define HAVE_STRING_H 1
| #define HAVE_STRINGS_H 1
| #define HAVE_TERMCAP_H 1
| /* end confdefs.h.  */
| #include <stdio.h>
| #if HAVE_SYS_TYPES_H
| # include <sys/types.h>
| #endif
| #if HAVE_SYS_STAT_H
| # include <sys/stat.h>
| #endif
| #if STDC_HEADERS
| # include <stdlib.h>
| # include <stddef.h>
| #else
| # if HAVE_STDLIB_H
| #  include <stdlib.h>
| # endif
| #endif
| #if HAVE_STRING_H
| # if !STDC_HEADERS && HAVE_MEMORY_H
| #  include <memory.h>
| # endif
| # include <string.h>
| #endif
| #if HAVE_STRINGS_H
| # include <strings.h>
| #endif
| #if HAVE_INTTYPES_H
| # include <inttypes.h>
| #else
| # if HAVE_STDINT_H
| #  include <stdint.h>
| # endif
| #endif
| #if HAVE_UNISTD_H
| # include <unistd.h>
| #endif
| #include <termio.h>
configure:4421: result: no
configure:4425: checking termio.h presence
configure:4435: cc -E  conftest.c
conftest.c:28:10: fatal error: 'termio.h' file not found
#include <termio.h>
         ^~~~~~~~~~
1 error generated.
configure:4441: $? = 1
configure: failed program was:
| /* confdefs.h.  */
| 
| #define PACKAGE_NAME "GNU Texinfo"
| #define PACKAGE_TARNAME "texinfo"
| #define PACKAGE_VERSION "4.8"
| #define PACKAGE_STRING "GNU Texinfo 4.8"
| #define PACKAGE_BUGREPORT ""
| #define PACKAGE "texinfo"
| #define VERSION "4.8"
| #define STDC_HEADERS 1
| #define HAVE_SYS_TYPES_H 1
| #define HAVE_SYS_STAT_H 1
| #define HAVE_STDLIB_H 1
| #define HAVE_STRING_H 1
| #define HAVE_MEMORY_H 1
| #define HAVE_STRINGS_H 1
| #define HAVE_INTTYPES_H 1
| #define HAVE_STDINT_H 1
| #define HAVE_UNISTD_H 1
| #define STDC_HEADERS 1
| #define HAVE_FCNTL_H 1
| #define HAVE_LIMITS_H 1
| #define HAVE_PWD_H 1
| #define HAVE_STRING_H 1
| #define HAVE_STRINGS_H 1
| #define HAVE_TERMCAP_H 1
| /* end confdefs.h.  */
| #include <termio.h>
configure:4461: result: no
configure:4496: checking for termio.h
configure:4503: result: no
configure:4380: checking termios.h usability
configure:4392: cc -c -O -O2 -no-cpp-precomp  conftest.c >&5
configure:4398: $? = 0
configure:4402: test -z 
			 || test ! -s conftest.err
configure:4405: $? = 0
configure:4408: test -s conftest.o
configure:4411: $? = 0
configure:4421: result: yes
configure:4425: checking termios.h presence
configure:4435: cc -E  conftest.c
configure:4441: $? = 0
configure:4461: result: yes
configure:4496: checking for termios.h
configure:4503: result: yes
configure:4371: checking for unistd.h
configure:4376: result: yes
configure:4380: checking sys/fcntl.h usability
configure:4392: cc -c -O -O2 -no-cpp-precomp  conftest.c >&5
configure:4398: $? = 0
configure:4402: test -z 
			 || test ! -s conftest.err
configure:4405: $? = 0
configure:4408: test -s conftest.o
configure:4411: $? = 0
configure:4421: result: yes
configure:4425: checking sys/fcntl.h presence
configure:4435: cc -E  conftest.c
configure:4441: $? = 0
configure:4461: result: yes
configure:4496: checking for sys/fcntl.h
configure:4503: result: yes
configure:4380: checking sys/file.h usability
configure:4392: cc -c -O -O2 -no-cpp-precomp  conftest.c >&5
configure:4398: $? = 0
configure:4402: test -z 
			 || test ! -s conftest.err
configure:4405: $? = 0
configure:4408: test -s conftest.o
configure:4411: $? = 0
configure:4421: result: yes
configure:4425: checking sys/file.h presence
configure:4435: cc -E  conftest.c
configure:4441: $? = 0
configure:4461: result: yes
configure:4496: checking for sys/file.h
configure:4503: result: yes
configure:4380: checking sys/stream.h usability
configure:4392: cc -c -O -O2 -no-cpp-precomp  conftest.c >&5
conftest.c:66:10: fatal error: 'sys/stream.h' file not found
#include <sys/stream.h>
         ^~~~~~~~~~~~~~
1 error generated.
configure:4398: $? = 1
configure: failed program was:
| /* confdefs.h.  */
| 
| #define PACKAGE_NAME "GNU Texinfo"
| #define PACKAGE_TARNAME "texinfo"
| #define PACKAGE_VERSION "4.8"
| #define PACKAGE_STRING "GNU Texinfo 4.8"
| #define PACKAGE_BUGREPORT ""
| #define PACKAGE "texinfo"
| #define VERSION "4.8"
| #define STDC_HEADERS 1
| #define HAVE_SYS_TYPES_H 1
| #define HAVE_SYS_STAT_H 1
| #define HAVE_STDLIB_H 1
| #define HAVE_STRING_H 1
| #define HAVE_MEMORY_H 1
| #define HAVE_STRINGS_H 1
| #define HAVE_INTTYPES_H 1
| #define HAVE_STDINT_H 1
| #define HAVE_UNISTD_H 1
| #define STDC_HEADERS 1
| #define HAVE_FCNTL_H 1
| #define HAVE_LIMITS_H 1
| #define HAVE_PWD_H 1
| #define HAVE_STRING_H 1
| #define HAVE_STRINGS_H 1
| #define HAVE_TERMCAP_H 1
| #define HAVE_TERMIOS_H 1
| #define HAVE_UNISTD_H 1
| #define HAVE_SYS_FCNTL_H 1
| #define HAVE_SYS_FILE_H 1
| /* end confdefs.h.  */
| #include <stdio.h>
| #if HAVE_SYS_TYPES_H
| # include <sys/types.h>
| #endif
| #if HAVE_SYS_STAT_H
| # include <sys/stat.h>
| #endif
| #if STDC_HEADERS
| # include <stdlib.h>
| # include <stddef.h>
| #else
| # if HAVE_STDLIB_H
| #  include <stdlib.h>
| # endif
| #endif
| #if HAVE_STRING_H
| # if !STDC_HEADERS && HAVE_MEMORY_H
| #  include <memory.h>
| # endif
| # include <string.h>
| #endif
| #if HAVE_STRINGS_H
| # include <strings.h>
| #endif
| #if HAVE_INTTYPES_H
| # include <inttypes.h>
| #else
| # if HAVE_STDINT_H
| #  include <stdint.h>
| # endif
| #endif
| #if HAVE_UNISTD_H
| # include <unistd.h>
| #endif
| #include <sys/stream.h>
configure:4421: result: no
configure:4425: checking sys/stream.h presence
configure:4435: cc -E  conftest.c
conftest.c:32:10: fatal error: 'sys/stream.h' file not found
#include <sys/stream.h>
         ^~~~~~~~~~~~~~
1 error generated.
configure:4441: $? = 1
configure: failed program was:
| /* confdefs.h.  */
| 
| #define PACKAGE_NAME "GNU Texinfo"
| #define PACKAGE_TARNAME "texinfo"
| #define PACKAGE_VERSION "4.8"
| #define PACKAGE_STRING "GNU Texinfo 4.8"
| #define PACKAGE_BUGREPORT ""
| #define PACKAGE "texinfo"
| #define VERSION "4.8"
| #define STDC_HEADERS 1
| #define HAVE_SYS_TYPES_H 1
| #define HAVE_SYS_STAT_H 1
| #define HAVE_STDLIB_H 1
| #define HAVE_STRING_H 1
| #define HAVE_MEMORY_H 1
| #define HAVE_STRINGS_H 1
| #define HAVE_INTTYPES_H 1
| #define HAVE_STDINT_H 1
| #define HAVE_UNISTD_H 1
| #define STDC_HEADERS 1
| #define HAVE_FCNTL_H 1
| #define HAVE_LIMITS_H 1
| #define HAVE_PWD_H 1
| #define HAVE_STRING_H 1
| #define HAVE_STRINGS_H 1
| #define HAVE_TERMCAP_H 1
| #define HAVE_TERMIOS_H 1
| #define HAVE_UNISTD_H 1
| #define HAVE_SYS_FCNTL_H 1
| #define HAVE_SYS_FILE_H 1
| /* end confdefs.h.  */
| #include <sys/stream.h>
configure:4461: result: no
configure:4496: checking for sys/stream.h
configure:4503: result: no
configure:4380: checking sys/time.h usability
configure:4392: cc -c -O -O2 -no-cpp-precomp  conftest.c >&5
configure:4398: $? = 0
configure:4402: test -z 
			 || test ! -s conftest.err
configure:4405: $? = 0
configure:4408: test -s conftest.o
configure:4411: $? = 0
configure:4421: result: yes
configure:4425: checking sys/time.h presence
configure:4435: cc -E  conftest.c
configure:4441: $? = 0
configure:4461: result: yes
configure:4496: checking for sys/time.h
configure:4503: result: yes
configure:4380: checking sys/ttold.h usability
configure:4392: cc -c -O -O2 -no-cpp-precomp  conftest.c >&5
conftest.c:67:10: fatal error: 'sys/ttold.h' file not found
#include <sys/ttold.h>
         ^~~~~~~~~~~~~
1 error generated.
configure:4398: $? = 1
configure: failed program was:
| /* confdefs.h.  */
| 
| #define PACKAGE_NAME "GNU Texinfo"
| #define PACKAGE_TARNAME "texinfo"
| #define PACKAGE_VERSION "4.8"
| #define PACKAGE_STRING "GNU Texinfo 4.8"
| #define PACKAGE_BUGREPORT ""
| #define PACKAGE "texinfo"
| #define VERSION "4.8"
| #define STDC_HEADERS 1
| #define HAVE_SYS_TYPES_H 1
| #define HAVE_SYS_STAT_H 1
| #define HAVE_STDLIB_H 1
| #define HAVE_STRING_H 1
| #define HAVE_MEMORY_H 1
| #define HAVE_STRINGS_H 1
| #define HAVE_INTTYPES_H 1
| #define HAVE_STDINT_H 1
| #define HAVE_UNISTD_H 1
| #define STDC_HEADERS 1
| #define HAVE_FCNTL_H 1
| #define HAVE_LIMITS_H 1
| #define HAVE_PWD_H 1
| #define HAVE_STRING_H 1
| #define HAVE_STRINGS_H 1
| #define HAVE_TERMCAP_H 1
| #define HAVE_TERMIOS_H 1
| #define HAVE_UNISTD_H 1
| #define HAVE_SYS_FCNTL_H 1
| #define HAVE_SYS_FILE_H 1
| #define HAVE_SYS_TIME_H 1
| /* end confdefs.h.  */
| #include <stdio.h>
| #if HAVE_SYS_TYPES_H
| # include <sys/types.h>
| #endif
| #if HAVE_SYS_STAT_H
| # include <sys/stat.h>
| #endif
| #if STDC_HEADERS
| # include <stdlib.h>
| # include <stddef.h>
| #else
| # if HAVE_STDLIB_H
| #  include <stdlib.h>
| # endif
| #endif
| #if HAVE_STRING_H
| # if !STDC_HEADERS && HAVE_MEMORY_H
| #  include <memory.h>
| # endif
| # include <string.h>
| #endif
| #if HAVE_STRINGS_H
| # include <strings.h>
| #endif
| #if HAVE_INTTYPES_H
| # include <inttypes.h>
| #else
| # if HAVE_STDINT_H
| #  include <stdint.h>
| # endif
| #endif
| #if HAVE_UNISTD_H
| # include <unistd.h>
| #endif
| #include <sys/ttold.h>
configure:4421: result: no
configure:4425: checking sys/ttold.h presence
configure:4435: cc -E  conftest.c
conftest.c:33:10: fatal error: 'sys/ttold.h' file not found
#include <sys/ttold.h>
         ^~~~~~~~~~~~~
1 error generated.
configure:4441: $? = 1
configure: failed program was:
| /* confdefs.h.  */
| 
| #define PACKAGE_NAME "GNU Texinfo"
| #define PACKAGE_TARNAME "texinfo"
| #define PACKAGE_VERSION "4.8"
| #define PACKAGE_STRING "GNU Texinfo 4.8"
| #define PACKAGE_BUGREPORT ""
| #define PACKAGE "texinfo"
| #define VERSION "4.8"
| #define STDC_HEADERS 1
| #define HAVE_SYS_TYPES_H 1
| #define HAVE_SYS_STAT_H 1
| #define HAVE_STDLIB_H 1
| #define HAVE_STRING_H 1
| #define HAVE_MEMORY_H 1
| #define HAVE_STRINGS_H 1
| #define HAVE_INTTYPES_H 1
| #define HAVE_STDINT_H 1
| #define HAVE_UNISTD_H 1
| #define STDC_HEADERS 1
| #define HAVE_FCNTL_H 1
| #define HAVE_LIMITS_H 1
| #define HAVE_PWD_H 1
| #define HAVE_STRING_H 1
| #define HAVE_STRINGS_H 1
| #define HAVE_TERMCAP_H 1
| #define HAVE_TERMIOS_H 1
| #define HAVE_UNISTD_H 1
| #define HAVE_SYS_FCNTL_H 1
| #define HAVE_SYS_FILE_H 1
| #define HAVE_SYS_TIME_H 1
| /* end confdefs.h.  */
| #include <sys/ttold.h>
configure:4461: result: no
configure:4496: checking for sys/ttold.h
configure:4503: result: no
configure:4380: checking sys/wait.h usability
configure:4392: cc -c -O -O2 -no-cpp-precomp  conftest.c >&5
configure:4398: $? = 0
configure:4402: test -z 
			 || test ! -s conftest.err
configure:4405: $? = 0
configure:4408: test -s conftest.o
configure:4411: $? = 0
configure:4421: result: yes
configure:4425: checking sys/wait.h presence
configure:4435: cc -E  conftest.c
configure:4441: $? = 0
configure:4461: result: yes
configure:4496: checking for sys/wait.h
configure:4503: result: yes
configure:4522: checking for sys/ptem.h
configure:4541: cc -c -O -O2 -no-cpp-precomp  conftest.c >&5
conftest.c:39:10: fatal error: 'sys/ptem.h' file not found
#include <sys/ptem.h>
         ^~~~~~~~~~~~
1 error generated.
configure:4547: $? = 1
configure: failed program was:
| /* confdefs.h.  */
| 
| #define PACKAGE_NAME "GNU Texinfo"
| #define PACKAGE_TARNAME "texinfo"
| #define PACKAGE_VERSION "4.8"
| #define PACKAGE_STRING "GNU Texinfo 4.8"
| #define PACKAGE_BUGREPORT ""
| #define PACKAGE "texinfo"
| #define VERSION "4.8"
| #define STDC_HEADERS 1
| #define HAVE_SYS_TYPES_H 1
| #define HAVE_SYS_STAT_H 1
| #define HAVE_STDLIB_H 1
| #define HAVE_STRING_H 1
| #define HAVE_MEMORY_H 1
| #define HAVE_STRINGS_H 1
| #define HAVE_INTTYPES_H 1
| #define HAVE_STDINT_H 1
| #define HAVE_UNISTD_H 1
| #define STDC_HEADERS 1
| #define HAVE_FCNTL_H 1
| #define HAVE_LIMITS_H 1
| #define HAVE_PWD_H 1
| #define HAVE_STRING_H 1
| #define HAVE_STRINGS_H 1
| #define HAVE_TERMCAP_H 1
| #define HAVE_TERMIOS_H 1
| #define HAVE_UNISTD_H 1
| #define HAVE_SYS_FCNTL_H 1
| #define HAVE_SYS_FILE_H 1
| #define HAVE_SYS_TIME_H 1
| #define HAVE_SYS_WAIT_H 1
| /* end confdefs.h.  */
| #if HAVE_SYS_STREAM_H
| #include <sys/stream.h>
| #endif
| 
| 
| #include <sys/ptem.h>
configure:4571: result: no
configure:4583: checking POSIX termios
configure:4608: cc -o conftest -O -O2 -no-cpp-precomp   conftest.c  >&5
configure:4614: $? = 0
configure:4618: test -z 
			 || test ! -s conftest.err
configure:4621: $? = 0
configure:4624: test -s conftest
configure:4627: $? = 0
configure:4639: result: yes
configure:4642: checking whether termios.h defines TIOCGWINSZ
configure:4669: result: yes
configure:4714: checking for off_t
configure:4738: cc -c -O -O2 -no-cpp-precomp  conftest.c >&5
configure:4744: $? = 0
configure:4748: test -z 
			 || test ! -s conftest.err
configure:4751: $? = 0
configure:4754: test -s conftest.o
configure:4757: $? = 0
configure:4768: result: yes
configure:4780: checking return type of signal handlers
configure:4811: cc -c -O -O2 -no-cpp-precomp  conftest.c >&5
conftest.c:42:8: warning: a function declaration without a prototype is deprecated in all versions of C and is not supported in C2x [-Wdeprecated-non-prototype]
void (*signal ()) ();
       ^
1 warning generated.
configure:4817: $? = 0
configure:4821: test -z 
			 || test ! -s conftest.err
configure:4824: $? = 0
configure:4827: test -s conftest.o
configure:4830: $? = 0
configure:4841: result: void
configure:4849: checking for an ANSI C-conforming const
configure:4916: cc -c -O -O2 -no-cpp-precomp  conftest.c >&5
configure:4922: $? = 0
configure:4926: test -z 
			 || test ! -s conftest.err
configure:4929: $? = 0
configure:4932: test -s conftest.o
configure:4935: $? = 0
configure:4946: result: yes
configure:4956: checking whether struct tm is in sys/time.h or time.h
configure:4979: cc -c -O -O2 -no-cpp-precomp  conftest.c >&5
conftest.c:41:20: warning: expression result unused [-Wunused-value]
struct tm *tp; tp->tm_sec;
               ~~  ^~~~~~
1 warning generated.
configure:4985: $? = 0
configure:4989: test -z 
			 || test ! -s conftest.err
configure:4992: $? = 0
configure:4995: test -s conftest.o
configure:4998: $? = 0
configure:5009: result: time.h
configure:5021: checking whether memchr is declared
configure:5045: cc -c -O -O2 -no-cpp-precomp  conftest.c >&5
configure:5051: $? = 0
configure:5055: test -z 
			 || test ! -s conftest.err
configure:5058: $? = 0
configure:5061: test -s conftest.o
configure:5064: $? = 0
configure:5075: result: yes
configure:5091: checking whether strcoll is declared
configure:5115: cc -c -O -O2 -no-cpp-precomp  conftest.c >&5
configure:5121: $? = 0
configure:5125: test -z 
			 || test ! -s conftest.err
configure:5128: $? = 0
configure:5131: test -s conftest.o
configure:5134: $? = 0
configure:5145: result: yes
configure:5161: checking whether strerror is declared
configure:5185: cc -c -O -O2 -no-cpp-precomp  conftest.c >&5
configure:5191: $? = 0
configure:5195: test -z 
			 || test ! -s conftest.err
configure:5198: $? = 0
configure:5201: test -s conftest.o
configure:5204: $? = 0
configure:5215: result: yes
configure:5237: checking for working alloca.h
configure:5258: cc -o conftest -O -O2 -no-cpp-precomp   conftest.c  >&5
configure:5264: $? = 0
configure:5268: test -z 
			 || test ! -s conftest.err
configure:5271: $? = 0
configure:5274: test -s conftest
configure:5277: $? = 0
configure:5289: result: yes
configure:5299: checking for alloca
configure:5340: cc -o conftest -O -O2 -no-cpp-precomp   conftest.c  >&5
configure:5346: $? = 0
configure:5350: test -z 
			 || test ! -s conftest.err
configure:5353: $? = 0
configure:5356: test -s conftest
configure:5359: $? = 0
configure:5371: result: yes
configure:5594: checking for working strcoll
configure:5620: cc -o conftest -O -O2 -no-cpp-precomp   conftest.c  >&5
configure:5623: $? = 0
configure:5625: ./conftest
configure:5628: $? = 0
configure:5642: result: yes
configure:5656: checking for vprintf
configure:5713: cc -o conftest -O -O2 -no-cpp-precomp   conftest.c  >&5
conftest.c:65:6: warning: incompatible redeclaration of library function 'vprintf' [-Wincompatible-library-redeclaration]
char vprintf ();
     ^
conftest.c:65:6: note: 'vprintf' is a builtin with type 'int (const char *, struct __va_list_tag *)'
1 warning generated.
configure:5719: $? = 0
configure:5723: test -z 
			 || test ! -s conftest.err
configure:5726: $? = 0
configure:5729: test -s conftest
configure:5732: $? = 0
configure:5744: result: yes
configure:5751: checking for _doprnt
configure:5808: cc -o conftest -O -O2 -no-cpp-precomp   conftest.c  >&5
Undefined symbols for architecture x86_64:
  "__doprnt", referenced from:
      _main in conftest-306e39.o
      _f in conftest-306e39.o
ld: symbol(s) not found for architecture x86_64
clang: error: linker command failed with exit code 1 (use -v to see invocation)
configure:5814: $? = 1
configure: failed program was:
| /* confdefs.h.  */
| 
| #define PACKAGE_NAME "GNU Texinfo"
| #define PACKAGE_TARNAME "texinfo"
| #define PACKAGE_VERSION "4.8"
| #define PACKAGE_STRING "GNU Texinfo 4.8"
| #define PACKAGE_BUGREPORT ""
| #define PACKAGE "texinfo"
| #define VERSION "4.8"
| #define STDC_HEADERS 1
| #define HAVE_SYS_TYPES_H 1
| #define HAVE_SYS_STAT_H 1
| #define HAVE_STDLIB_H 1
| #define HAVE_STRING_H 1
| #define HAVE_MEMORY_H 1
| #define HAVE_STRINGS_H 1
| #define HAVE_INTTYPES_H 1
| #define HAVE_STDINT_H 1
| #define HAVE_UNISTD_H 1
| #define STDC_HEADERS 1
| #define HAVE_FCNTL_H 1
| #define HAVE_LIMITS_H 1
| #define HAVE_PWD_H 1
| #define HAVE_STRING_H 1
| #define HAVE_STRINGS_H 1
| #define HAVE_TERMCAP_H 1
| #define HAVE_TERMIOS_H 1
| #define HAVE_UNISTD_H 1
| #define HAVE_SYS_FCNTL_H 1
| #define HAVE_SYS_FILE_H 1
| #define HAVE_SYS_TIME_H 1
| #define HAVE_SYS_WAIT_H 1
| #define RETSIGTYPE void
| #define HAVE_DECL_MEMCHR 1
| #define HAVE_DECL_STRCOLL 1
| #define HAVE_DECL_STRERROR 1
| #define HAVE_ALLOCA_H 1
| #define HAVE_ALLOCA 1
| #define HAVE_STRCOLL 1
| #define HAVE_VPRINTF 1
| /* end confdefs.h.  */
| /* Define _doprnt to an innocuous variant, in case <limits.h> declares _doprnt.
|    For example, HP-UX 11i <limits.h> declares gettimeofday.  */
| #define _doprnt innocuous__doprnt
| 
| /* System header to define __stub macros and hopefully few prototypes,
|     which can conflict with char _doprnt (); below.
|     Prefer <limits.h> to <assert.h> if __STDC__ is defined, since
|     <limits.h> exists even on freestanding compilers.  */
| 
| #ifdef __STDC__
| # include <limits.h>
| #else
| # include <assert.h>
| #endif
| 
| #undef _doprnt
| 
| /* Override any gcc2 internal prototype to avoid an error.  */
| #ifdef __cplusplus
| extern "C"
| {
| #endif
| /* We use char because int might match the return type of a gcc2
|    builtin and then its argument prototype would still apply.  */
| char _doprnt ();
| /* The GNU C library defines this for functions which it implements
|     to always fail with ENOSYS.  Some functions are actually named
|     something starting with __ and the normal name is an alias.  */
| #if defined (__stub__doprnt) || defined (__stub____doprnt)
| choke me
| #else
| char (*f) () = _doprnt;
| #endif
| #ifdef __cplusplus
| }
| #endif
| 
| int
| main ()
| {
| return f != _doprnt;
|   ;
|   return 0;
| }
configure:5839: result: no
configure:5868: checking for bzero
configure:5925: cc -o conftest -O -O2 -no-cpp-precomp   conftest.c  >&5
conftest.c:66:6: warning: incompatible redeclaration of library function 'bzero' [-Wincompatible-library-redeclaration]
char bzero ();
     ^
conftest.c:66:6: note: 'bzero' is a builtin with type 'void (void *, unsigned long)'
1 warning generated.
configure:5931: $? = 0
configure:5935: test -z 
			 || test ! -s conftest.err
configure:5938: $? = 0
configure:5941: test -s conftest
configure:5944: $? = 0
configure:5956: result: yes
configure:5868: checking for getcwd
configure:5925: cc -o conftest -O -O2 -no-cpp-precomp   conftest.c  >&5
configure:5931: $? = 0
configure:5935: test -z 
			 || test ! -s conftest.err
configure:5938: $? = 0
configure:5941: test -s conftest
configure:5944: $? = 0
configure:5956: result: yes
configure:5868: checking for memset
configure:5925: cc -o conftest -O -O2 -no-cpp-precomp   conftest.c  >&5
conftest.c:68:6: warning: incompatible redeclaration of library function 'memset' [-Wincompatible-library-redeclaration]
char memset ();
     ^
conftest.c:68:6: note: 'memset' is a builtin with type 'void *(void *, int, unsigned long)'
1 warning generated.
configure:5931: $? = 0
configure:5935: test -z 
			 || test ! -s conftest.err
configure:5938: $? = 0
configure:5941: test -s conftest
configure:5944: $? = 0
configure:5956: result: yes
configure:5868: checking for setvbuf
configure:5925: cc -o conftest -O -O2 -no-cpp-precomp   conftest.c  >&5
configure:5931: $? = 0
configure:5935: test -z 
			 || test ! -s conftest.err
configure:5938: $? = 0
configure:5941: test -s conftest
configure:5944: $? = 0
configure:5956: result: yes
configure:5868: checking for sigaction
configure:5925: cc -o conftest -O -O2 -no-cpp-precomp   conftest.c  >&5
configure:5931: $? = 0
configure:5935: test -z 
			 || test ! -s conftest.err
configure:5938: $? = 0
configure:5941: test -s conftest
configure:5944: $? = 0
configure:5956: result: yes
configure:5868: checking for sigprocmask
configure:5925: cc -o conftest -O -O2 -no-cpp-precomp   conftest.c  >&5
configure:5931: $? = 0
configure:5935: test -z 
			 || test ! -s conftest.err
configure:5938: $? = 0
configure:5941: test -s conftest
configure:5944: $? = 0
configure:5956: result: yes
configure:5868: checking for sigsetmask
configure:5925: cc -o conftest -O -O2 -no-cpp-precomp   conftest.c  >&5
configure:5931: $? = 0
configure:5935: test -z 
			 || test ! -s conftest.err
configure:5938: $? = 0
configure:5941: test -s conftest
configure:5944: $? = 0
configure:5956: result: yes
configure:5868: checking for strchr
configure:5925: cc -o conftest -O -O2 -no-cpp-precomp   conftest.c  >&5
conftest.c:73:6: warning: incompatible redeclaration of library function 'strchr' [-Wincompatible-library-redeclaration]
char strchr ();
     ^
conftest.c:73:6: note: 'strchr' is a builtin with type 'char *(const char *, int)'
1 warning generated.
configure:5931: $? = 0
configure:5935: test -z 
			 || test ! -s conftest.err
configure:5938: $? = 0
configure:5941: test -s conftest
configure:5944: $? = 0
configure:5956: result: yes
configure:5973: checking for memcpy
configure:6030: cc -o conftest -O -O2 -no-cpp-precomp   conftest.c  >&5
conftest.c:74:6: warning: incompatible redeclaration of library function 'memcpy' [-Wincompatible-library-redeclaration]
char memcpy ();
     ^
conftest.c:74:6: note: 'memcpy' is a builtin with type 'void *(void *, const void *, unsigned long)'
1 warning generated.
configure:6036: $? = 0
configure:6040: test -z 
			 || test ! -s conftest.err
configure:6043: $? = 0
configure:6046: test -s conftest
configure:6049: $? = 0
configure:6061: result: yes
configure:5973: checking for memmove
configure:6030: cc -o conftest -O -O2 -no-cpp-precomp   conftest.c  >&5
conftest.c:75:6: warning: incompatible redeclaration of library function 'memmove' [-Wincompatible-library-redeclaration]
char memmove ();
     ^
conftest.c:75:6: note: 'memmove' is a builtin with type 'void *(void *, const void *, unsigned long)'
1 warning generated.
configure:6036: $? = 0
configure:6040: test -z 
			 || test ! -s conftest.err
configure:6043: $? = 0
configure:6046: test -s conftest
configure:6049: $? = 0
configure:6061: result: yes
configure:5973: checking for strdup
configure:6030: cc -o conftest -O -O2 -no-cpp-precomp   conftest.c  >&5
conftest.c:76:6: warning: incompatible redeclaration of library function 'strdup' [-Wincompatible-library-redeclaration]
char strdup ();
     ^
conftest.c:76:6: note: 'strdup' is a builtin with type 'char *(const char *)'
1 warning generated.
configure:6036: $? = 0
configure:6040: test -z 
			 || test ! -s conftest.err
configure:6043: $? = 0
configure:6046: test -s conftest
configure:6049: $? = 0
configure:6061: result: yes
configure:5973: checking for strerror
configure:6030: cc -o conftest -O -O2 -no-cpp-precomp   conftest.c  >&5
conftest.c:77:6: warning: incompatible redeclaration of library function 'strerror' [-Wincompatible-library-redeclaration]
char strerror ();
     ^
conftest.c:77:6: note: 'strerror' is a builtin with type 'char *(int)'
1 warning generated.
configure:6036: $? = 0
configure:6040: test -z 
			 || test ! -s conftest.err
configure:6043: $? = 0
configure:6046: test -s conftest
configure:6049: $? = 0
configure:6061: result: yes
configure:6089: checking for strcasecmp
configure:6146: cc -o conftest -O -O2 -no-cpp-precomp   conftest.c  >&5
conftest.c:78:6: warning: incompatible redeclaration of library function 'strcasecmp' [-Wincompatible-library-redeclaration]
char strcasecmp ();
     ^
conftest.c:78:6: note: 'strcasecmp' is a builtin with type 'int (const char *, const char *)'
1 warning generated.
configure:6152: $? = 0
configure:6156: test -z 
			 || test ! -s conftest.err
configure:6159: $? = 0
configure:6162: test -s conftest
configure:6165: $? = 0
configure:6177: result: yes
configure:6208: checking for strncasecmp
configure:6265: cc -o conftest -O -O2 -no-cpp-precomp   conftest.c  >&5
conftest.c:79:6: warning: incompatible redeclaration of library function 'strncasecmp' [-Wincompatible-library-redeclaration]
char strncasecmp ();
     ^
conftest.c:79:6: note: 'strncasecmp' is a builtin with type 'int (const char *, const char *, unsigned long)'
1 warning generated.
configure:6271: $? = 0
configure:6275: test -z 
			 || test ! -s conftest.err
configure:6278: $? = 0
configure:6281: test -s conftest
configure:6284: $? = 0
configure:6296: result: yes
configure:6332: checking build system type
configure:6350: result: x86_64-apple-darwin22.1.0
configure:6413: checking for tgetent in -lncurses
configure:6443: cc -o conftest -O -O2 -no-cpp-precomp   conftest.c -lncurses   >&5
configure:6449: $? = 0
configure:6453: test -z 
			 || test ! -s conftest.err
configure:6456: $? = 0
configure:6459: test -s conftest
configure:6462: $? = 0
configure:6475: result: yes
configure:6491: checking for library with termcap variables
configure:6538: cc -o conftest -O -O2 -no-cpp-precomp   conftest.c  -lncurses >&5
In file included from conftest.c:64:
In file included from /Applications/Xcode.app/Contents/Developer/Platforms/MacOSX.platform/Developer/SDKs/MacOSX.sdk/usr/include/termcap.h:49:
In file included from /Applications/Xcode.app/Contents/Developer/Platforms/MacOSX.platform/Developer/SDKs/MacOSX.sdk/usr/include/sys/types.h:81:
In file included from /Applications/Xcode.app/Contents/Developer/Platforms/MacOSX.platform/Developer/SDKs/MacOSX.sdk/usr/include/machine/endian.h:35:
In file included from /Applications/Xcode.app/Contents/Developer/Platforms/MacOSX.platform/Developer/SDKs/MacOSX.sdk/usr/include/i386/endian.h:101:
In file included from /Applications/Xcode.app/Contents/Developer/Platforms/MacOSX.platform/Developer/SDKs/MacOSX.sdk/usr/include/sys/_endian.h:130:
In file included from /Applications/Xcode.app/Contents/Developer/Platforms/MacOSX.platform/Developer/SDKs/MacOSX.sdk/usr/include/libkern/_OSByteOrder.h:76:
/Applications/Xcode.app/Contents/Developer/Platforms/MacOSX.platform/Developer/SDKs/MacOSX.sdk/usr/include/libkern/i386/_OSByteOrder.h:49:1: error: function definition is not allowed here
{
^
/Applications/Xcode.app/Contents/Developer/Platforms/MacOSX.platform/Developer/SDKs/MacOSX.sdk/usr/include/libkern/i386/_OSByteOrder.h:58:1: error: function definition is not allowed here
{
^
/Applications/Xcode.app/Contents/Developer/Platforms/MacOSX.platform/Developer/SDKs/MacOSX.sdk/usr/include/libkern/i386/_OSByteOrder.h:73:1: error: function definition is not allowed here
{
^
In file included from conftest.c:64:
In file included from /Applications/Xcode.app/Contents/Developer/Platforms/MacOSX.platform/Developer/SDKs/MacOSX.sdk/usr/include/termcap.h:49:
In file included from /Applications/Xcode.app/Contents/Developer/Platforms/MacOSX.platform/Developer/SDKs/MacOSX.sdk/usr/include/sys/types.h:184:
/Applications/Xcode.app/Contents/Developer/Platforms/MacOSX.platform/Developer/SDKs/MacOSX.sdk/usr/include/sys/_types/_fd_def.h:59:1: error: function definition is not allowed here
{
^
/Applications/Xcode.app/Contents/Developer/Platforms/MacOSX.platform/Developer/SDKs/MacOSX.sdk/usr/include/sys/_types/_fd_def.h:81:1: error: function definition is not allowed here
{
^
/Applications/Xcode.app/Contents/Developer/Platforms/MacOSX.platform/Developer/SDKs/MacOSX.sdk/usr/include/sys/_types/_fd_def.h:91:1: error: function definition is not allowed here
{
^
/Applications/Xcode.app/Contents/Developer/Platforms/MacOSX.platform/Developer/SDKs/MacOSX.sdk/usr/include/sys/_types/_fd_def.h:99:1: error: function definition is not allowed here
{
^
7 errors generated.
configure:6544: $? = 1
configure: failed program was:
| /* confdefs.h.  */
| 
| #define PACKAGE_NAME "GNU Texinfo"
| #define PACKAGE_TARNAME "texinfo"
| #define PACKAGE_VERSION "4.8"
| #define PACKAGE_STRING "GNU Texinfo 4.8"
| #define PACKAGE_BUGREPORT ""
| #define PACKAGE "texinfo"
| #define VERSION "4.8"
| #define STDC_HEADERS 1
| #define HAVE_SYS_TYPES_H 1
| #define HAVE_SYS_STAT_H 1
| #define HAVE_STDLIB_H 1
| #define HAVE_STRING_H 1
| #define HAVE_MEMORY_H 1
| #define HAVE_STRINGS_H 1
| #define HAVE_INTTYPES_H 1
| #define HAVE_STDINT_H 1
| #define HAVE_UNISTD_H 1
| #define STDC_HEADERS 1
| #define HAVE_FCNTL_H 1
| #define HAVE_LIMITS_H 1
| #define HAVE_PWD_H 1
| #define HAVE_STRING_H 1
| #define HAVE_STRINGS_H 1
| #define HAVE_TERMCAP_H 1
| #define HAVE_TERMIOS_H 1
| #define HAVE_UNISTD_H 1
| #define HAVE_SYS_FCNTL_H 1
| #define HAVE_SYS_FILE_H 1
| #define HAVE_SYS_TIME_H 1
| #define HAVE_SYS_WAIT_H 1
| #define RETSIGTYPE void
| #define HAVE_DECL_MEMCHR 1
| #define HAVE_DECL_STRCOLL 1
| #define HAVE_DECL_STRERROR 1
| #define HAVE_ALLOCA_H 1
| #define HAVE_ALLOCA 1
| #define HAVE_STRCOLL 1
| #define HAVE_VPRINTF 1
| #define HAVE_BZERO 1
| #define HAVE_GETCWD 1
| #define HAVE_MEMSET 1
| #define HAVE_SETVBUF 1
| #define HAVE_SIGACTION 1
| #define HAVE_SIGPROCMASK 1
| #define HAVE_SIGSETMASK 1
| #define HAVE_STRCHR 1
| #define HAVE_MEMCPY 1
| #define HAVE_MEMMOVE 1
| #define HAVE_STRDUP 1
| #define HAVE_STRERROR 1
| #define HAVE_STRCASECMP 1
| #define HAVE_STRNCASECMP 1
| /* end confdefs.h.  */
| 
| int
| main ()
| {
| #ifdef HAVE_NCURSES_TERMCAP_H
| #include <ncurses/termcap.h>
| #else
| #ifdef HAVE_TERMCAP_H
| #include <termcap.h>
| #else
| #undef PC
| char *BC;
| char **UP;
| char PC;
| short ospeed;
| #endif
| #endif
| /* Make sure all variables actually exist.  AIX 4.3 has ospeed but no BC.
|    --Andreas Ley <andy@rz.uni-karlsruhe.de> 24 Aug 2000.  */
| BC++;
| UP++;
| PC++;
| return ospeed != 0;
| 
|   ;
|   return 0;
| }
configure:6538: cc -o conftest -O -O2 -no-cpp-precomp   conftest.c  -lncurses >&5
In file included from conftest.c:64:
In file included from /Applications/Xcode.app/Contents/Developer/Platforms/MacOSX.platform/Developer/SDKs/MacOSX.sdk/usr/include/termcap.h:49:
In file included from /Applications/Xcode.app/Contents/Developer/Platforms/MacOSX.platform/Developer/SDKs/MacOSX.sdk/usr/include/sys/types.h:81:
In file included from /Applications/Xcode.app/Contents/Developer/Platforms/MacOSX.platform/Developer/SDKs/MacOSX.sdk/usr/include/machine/endian.h:35:
In file included from /Applications/Xcode.app/Contents/Developer/Platforms/MacOSX.platform/Developer/SDKs/MacOSX.sdk/usr/include/i386/endian.h:101:
In file included from /Applications/Xcode.app/Contents/Developer/Platforms/MacOSX.platform/Developer/SDKs/MacOSX.sdk/usr/include/sys/_endian.h:130:
In file included from /Applications/Xcode.app/Contents/Developer/Platforms/MacOSX.platform/Developer/SDKs/MacOSX.sdk/usr/include/libkern/_OSByteOrder.h:76:
/Applications/Xcode.app/Contents/Developer/Platforms/MacOSX.platform/Developer/SDKs/MacOSX.sdk/usr/include/libkern/i386/_OSByteOrder.h:49:1: error: function definition is not allowed here
{
^
/Applications/Xcode.app/Contents/Developer/Platforms/MacOSX.platform/Developer/SDKs/MacOSX.sdk/usr/include/libkern/i386/_OSByteOrder.h:58:1: error: function definition is not allowed here
{
^
/Applications/Xcode.app/Contents/Developer/Platforms/MacOSX.platform/Developer/SDKs/MacOSX.sdk/usr/include/libkern/i386/_OSByteOrder.h:73:1: error: function definition is not allowed here
{
^
In file included from conftest.c:64:
In file included from /Applications/Xcode.app/Contents/Developer/Platforms/MacOSX.platform/Developer/SDKs/MacOSX.sdk/usr/include/termcap.h:49:
In file included from /Applications/Xcode.app/Contents/Developer/Platforms/MacOSX.platform/Developer/SDKs/MacOSX.sdk/usr/include/sys/types.h:184:
/Applications/Xcode.app/Contents/Developer/Platforms/MacOSX.platform/Developer/SDKs/MacOSX.sdk/usr/include/sys/_types/_fd_def.h:59:1: error: function definition is not allowed here
{
^
/Applications/Xcode.app/Contents/Developer/Platforms/MacOSX.platform/Developer/SDKs/MacOSX.sdk/usr/include/sys/_types/_fd_def.h:81:1: error: function definition is not allowed here
{
^
/Applications/Xcode.app/Contents/Developer/Platforms/MacOSX.platform/Developer/SDKs/MacOSX.sdk/usr/include/sys/_types/_fd_def.h:91:1: error: function definition is not allowed here
{
^
/Applications/Xcode.app/Contents/Developer/Platforms/MacOSX.platform/Developer/SDKs/MacOSX.sdk/usr/include/sys/_types/_fd_def.h:99:1: error: function definition is not allowed here
{
^
7 errors generated.
configure:6544: $? = 1
configure: failed program was:
| /* confdefs.h.  */
| 
| #define PACKAGE_NAME "GNU Texinfo"
| #define PACKAGE_TARNAME "texinfo"
| #define PACKAGE_VERSION "4.8"
| #define PACKAGE_STRING "GNU Texinfo 4.8"
| #define PACKAGE_BUGREPORT ""
| #define PACKAGE "texinfo"
| #define VERSION "4.8"
| #define STDC_HEADERS 1
| #define HAVE_SYS_TYPES_H 1
| #define HAVE_SYS_STAT_H 1
| #define HAVE_STDLIB_H 1
| #define HAVE_STRING_H 1
| #define HAVE_MEMORY_H 1
| #define HAVE_STRINGS_H 1
| #define HAVE_INTTYPES_H 1
| #define HAVE_STDINT_H 1
| #define HAVE_UNISTD_H 1
| #define STDC_HEADERS 1
| #define HAVE_FCNTL_H 1
| #define HAVE_LIMITS_H 1
| #define HAVE_PWD_H 1
| #define HAVE_STRING_H 1
| #define HAVE_STRINGS_H 1
| #define HAVE_TERMCAP_H 1
| #define HAVE_TERMIOS_H 1
| #define HAVE_UNISTD_H 1
| #define HAVE_SYS_FCNTL_H 1
| #define HAVE_SYS_FILE_H 1
| #define HAVE_SYS_TIME_H 1
| #define HAVE_SYS_WAIT_H 1
| #define RETSIGTYPE void
| #define HAVE_DECL_MEMCHR 1
| #define HAVE_DECL_STRCOLL 1
| #define HAVE_DECL_STRERROR 1
| #define HAVE_ALLOCA_H 1
| #define HAVE_ALLOCA 1
| #define HAVE_STRCOLL 1
| #define HAVE_VPRINTF 1
| #define HAVE_BZERO 1
| #define HAVE_GETCWD 1
| #define HAVE_MEMSET 1
| #define HAVE_SETVBUF 1
| #define HAVE_SIGACTION 1
| #define HAVE_SIGPROCMASK 1
| #define HAVE_SIGSETMASK 1
| #define HAVE_STRCHR 1
| #define HAVE_MEMCPY 1
| #define HAVE_MEMMOVE 1
| #define HAVE_STRDUP 1
| #define HAVE_STRERROR 1
| #define HAVE_STRCASECMP 1
| #define HAVE_STRNCASECMP 1
| /* end confdefs.h.  */
| 
| int
| main ()
| {
| #ifdef HAVE_NCURSES_TERMCAP_H
| #include <ncurses/termcap.h>
| #else
| #ifdef HAVE_TERMCAP_H
| #include <termcap.h>
| #else
| #undef PC
| char *BC;
| char **UP;
| char PC;
| short ospeed;
| #endif
| #endif
| /* Make sure all variables actually exist.  AIX 4.3 has ospeed but no BC.
|    --Andreas Ley <andy@rz.uni-karlsruhe.de> 24 Aug 2000.  */
| BC++;
| UP++;
| PC++;
| return ospeed != 0;
| 
|   ;
|   return 0;
| }
configure:6538: cc -o conftest -O -O2 -no-cpp-precomp   conftest.c  -lncurses -lcurses >&5
In file included from conftest.c:64:
In file included from /Applications/Xcode.app/Contents/Developer/Platforms/MacOSX.platform/Developer/SDKs/MacOSX.sdk/usr/include/termcap.h:49:
In file included from /Applications/Xcode.app/Contents/Developer/Platforms/MacOSX.platform/Developer/SDKs/MacOSX.sdk/usr/include/sys/types.h:81:
In file included from /Applications/Xcode.app/Contents/Developer/Platforms/MacOSX.platform/Developer/SDKs/MacOSX.sdk/usr/include/machine/endian.h:35:
In file included from /Applications/Xcode.app/Contents/Developer/Platforms/MacOSX.platform/Developer/SDKs/MacOSX.sdk/usr/include/i386/endian.h:101:
In file included from /Applications/Xcode.app/Contents/Developer/Platforms/MacOSX.platform/Developer/SDKs/MacOSX.sdk/usr/include/sys/_endian.h:130:
In file included from /Applications/Xcode.app/Contents/Developer/Platforms/MacOSX.platform/Developer/SDKs/MacOSX.sdk/usr/include/libkern/_OSByteOrder.h:76:
/Applications/Xcode.app/Contents/Developer/Platforms/MacOSX.platform/Developer/SDKs/MacOSX.sdk/usr/include/libkern/i386/_OSByteOrder.h:49:1: error: function definition is not allowed here
{
^
/Applications/Xcode.app/Contents/Developer/Platforms/MacOSX.platform/Developer/SDKs/MacOSX.sdk/usr/include/libkern/i386/_OSByteOrder.h:58:1: error: function definition is not allowed here
{
^
/Applications/Xcode.app/Contents/Developer/Platforms/MacOSX.platform/Developer/SDKs/MacOSX.sdk/usr/include/libkern/i386/_OSByteOrder.h:73:1: error: function definition is not allowed here
{
^
In file included from conftest.c:64:
In file included from /Applications/Xcode.app/Contents/Developer/Platforms/MacOSX.platform/Developer/SDKs/MacOSX.sdk/usr/include/termcap.h:49:
In file included from /Applications/Xcode.app/Contents/Developer/Platforms/MacOSX.platform/Developer/SDKs/MacOSX.sdk/usr/include/sys/types.h:184:
/Applications/Xcode.app/Contents/Developer/Platforms/MacOSX.platform/Developer/SDKs/MacOSX.sdk/usr/include/sys/_types/_fd_def.h:59:1: error: function definition is not allowed here
{
^
/Applications/Xcode.app/Contents/Developer/Platforms/MacOSX.platform/Developer/SDKs/MacOSX.sdk/usr/include/sys/_types/_fd_def.h:81:1: error: function definition is not allowed here
{
^
/Applications/Xcode.app/Contents/Developer/Platforms/MacOSX.platform/Developer/SDKs/MacOSX.sdk/usr/include/sys/_types/_fd_def.h:91:1: error: function definition is not allowed here
{
^
/Applications/Xcode.app/Contents/Developer/Platforms/MacOSX.platform/Developer/SDKs/MacOSX.sdk/usr/include/sys/_types/_fd_def.h:99:1: error: function definition is not allowed here
{
^
7 errors generated.
configure:6544: $? = 1
configure: failed program was:
| /* confdefs.h.  */
| 
| #define PACKAGE_NAME "GNU Texinfo"
| #define PACKAGE_TARNAME "texinfo"
| #define PACKAGE_VERSION "4.8"
| #define PACKAGE_STRING "GNU Texinfo 4.8"
| #define PACKAGE_BUGREPORT ""
| #define PACKAGE "texinfo"
| #define VERSION "4.8"
| #define STDC_HEADERS 1
| #define HAVE_SYS_TYPES_H 1
| #define HAVE_SYS_STAT_H 1
| #define HAVE_STDLIB_H 1
| #define HAVE_STRING_H 1
| #define HAVE_MEMORY_H 1
| #define HAVE_STRINGS_H 1
| #define HAVE_INTTYPES_H 1
| #define HAVE_STDINT_H 1
| #define HAVE_UNISTD_H 1
| #define STDC_HEADERS 1
| #define HAVE_FCNTL_H 1
| #define HAVE_LIMITS_H 1
| #define HAVE_PWD_H 1
| #define HAVE_STRING_H 1
| #define HAVE_STRINGS_H 1
| #define HAVE_TERMCAP_H 1
| #define HAVE_TERMIOS_H 1
| #define HAVE_UNISTD_H 1
| #define HAVE_SYS_FCNTL_H 1
| #define HAVE_SYS_FILE_H 1
| #define HAVE_SYS_TIME_H 1
| #define HAVE_SYS_WAIT_H 1
| #define RETSIGTYPE void
| #define HAVE_DECL_MEMCHR 1
| #define HAVE_DECL_STRCOLL 1
| #define HAVE_DECL_STRERROR 1
| #define HAVE_ALLOCA_H 1
| #define HAVE_ALLOCA 1
| #define HAVE_STRCOLL 1
| #define HAVE_VPRINTF 1
| #define HAVE_BZERO 1
| #define HAVE_GETCWD 1
| #define HAVE_MEMSET 1
| #define HAVE_SETVBUF 1
| #define HAVE_SIGACTION 1
| #define HAVE_SIGPROCMASK 1
| #define HAVE_SIGSETMASK 1
| #define HAVE_STRCHR 1
| #define HAVE_MEMCPY 1
| #define HAVE_MEMMOVE 1
| #define HAVE_STRDUP 1
| #define HAVE_STRERROR 1
| #define HAVE_STRCASECMP 1
| #define HAVE_STRNCASECMP 1
| /* end confdefs.h.  */
| 
| int
| main ()
| {
| #ifdef HAVE_NCURSES_TERMCAP_H
| #include <ncurses/termcap.h>
| #else
| #ifdef HAVE_TERMCAP_H
| #include <termcap.h>
| #else
| #undef PC
| char *BC;
| char **UP;
| char PC;
| short ospeed;
| #endif
| #endif
| /* Make sure all variables actually exist.  AIX 4.3 has ospeed but no BC.
|    --Andreas Ley <andy@rz.uni-karlsruhe.de> 24 Aug 2000.  */
| BC++;
| UP++;
| PC++;
| return ospeed != 0;
| 
|   ;
|   return 0;
| }
configure:6538: cc -o conftest -O -O2 -no-cpp-precomp   conftest.c  -lncurses -ltermlib >&5
In file included from conftest.c:64:
In file included from /Applications/Xcode.app/Contents/Developer/Platforms/MacOSX.platform/Developer/SDKs/MacOSX.sdk/usr/include/termcap.h:49:
In file included from /Applications/Xcode.app/Contents/Developer/Platforms/MacOSX.platform/Developer/SDKs/MacOSX.sdk/usr/include/sys/types.h:81:
In file included from /Applications/Xcode.app/Contents/Developer/Platforms/MacOSX.platform/Developer/SDKs/MacOSX.sdk/usr/include/machine/endian.h:35:
In file included from /Applications/Xcode.app/Contents/Developer/Platforms/MacOSX.platform/Developer/SDKs/MacOSX.sdk/usr/include/i386/endian.h:101:
In file included from /Applications/Xcode.app/Contents/Developer/Platforms/MacOSX.platform/Developer/SDKs/MacOSX.sdk/usr/include/sys/_endian.h:130:
In file included from /Applications/Xcode.app/Contents/Developer/Platforms/MacOSX.platform/Developer/SDKs/MacOSX.sdk/usr/include/libkern/_OSByteOrder.h:76:
/Applications/Xcode.app/Contents/Developer/Platforms/MacOSX.platform/Developer/SDKs/MacOSX.sdk/usr/include/libkern/i386/_OSByteOrder.h:49:1: error: function definition is not allowed here
{
^
/Applications/Xcode.app/Contents/Developer/Platforms/MacOSX.platform/Developer/SDKs/MacOSX.sdk/usr/include/libkern/i386/_OSByteOrder.h:58:1: error: function definition is not allowed here
{
^
/Applications/Xcode.app/Contents/Developer/Platforms/MacOSX.platform/Developer/SDKs/MacOSX.sdk/usr/include/libkern/i386/_OSByteOrder.h:73:1: error: function definition is not allowed here
{
^
In file included from conftest.c:64:
In file included from /Applications/Xcode.app/Contents/Developer/Platforms/MacOSX.platform/Developer/SDKs/MacOSX.sdk/usr/include/termcap.h:49:
In file included from /Applications/Xcode.app/Contents/Developer/Platforms/MacOSX.platform/Developer/SDKs/MacOSX.sdk/usr/include/sys/types.h:184:
/Applications/Xcode.app/Contents/Developer/Platforms/MacOSX.platform/Developer/SDKs/MacOSX.sdk/usr/include/sys/_types/_fd_def.h:59:1: error: function definition is not allowed here
{
^
/Applications/Xcode.app/Contents/Developer/Platforms/MacOSX.platform/Developer/SDKs/MacOSX.sdk/usr/include/sys/_types/_fd_def.h:81:1: error: function definition is not allowed here
{
^
/Applications/Xcode.app/Contents/Developer/Platforms/MacOSX.platform/Developer/SDKs/MacOSX.sdk/usr/include/sys/_types/_fd_def.h:91:1: error: function definition is not allowed here
{
^
/Applications/Xcode.app/Contents/Developer/Platforms/MacOSX.platform/Developer/SDKs/MacOSX.sdk/usr/include/sys/_types/_fd_def.h:99:1: error: function definition is not allowed here
{
^
7 errors generated.
configure:6544: $? = 1
configure: failed program was:
| /* confdefs.h.  */
| 
| #define PACKAGE_NAME "GNU Texinfo"
| #define PACKAGE_TARNAME "texinfo"
| #define PACKAGE_VERSION "4.8"
| #define PACKAGE_STRING "GNU Texinfo 4.8"
| #define PACKAGE_BUGREPORT ""
| #define PACKAGE "texinfo"
| #define VERSION "4.8"
| #define STDC_HEADERS 1
| #define HAVE_SYS_TYPES_H 1
| #define HAVE_SYS_STAT_H 1
| #define HAVE_STDLIB_H 1
| #define HAVE_STRING_H 1
| #define HAVE_MEMORY_H 1
| #define HAVE_STRINGS_H 1
| #define HAVE_INTTYPES_H 1
| #define HAVE_STDINT_H 1
| #define HAVE_UNISTD_H 1
| #define STDC_HEADERS 1
| #define HAVE_FCNTL_H 1
| #define HAVE_LIMITS_H 1
| #define HAVE_PWD_H 1
| #define HAVE_STRING_H 1
| #define HAVE_STRINGS_H 1
| #define HAVE_TERMCAP_H 1
| #define HAVE_TERMIOS_H 1
| #define HAVE_UNISTD_H 1
| #define HAVE_SYS_FCNTL_H 1
| #define HAVE_SYS_FILE_H 1
| #define HAVE_SYS_TIME_H 1
| #define HAVE_SYS_WAIT_H 1
| #define RETSIGTYPE void
| #define HAVE_DECL_MEMCHR 1
| #define HAVE_DECL_STRCOLL 1
| #define HAVE_DECL_STRERROR 1
| #define HAVE_ALLOCA_H 1
| #define HAVE_ALLOCA 1
| #define HAVE_STRCOLL 1
| #define HAVE_VPRINTF 1
| #define HAVE_BZERO 1
| #define HAVE_GETCWD 1
| #define HAVE_MEMSET 1
| #define HAVE_SETVBUF 1
| #define HAVE_SIGACTION 1
| #define HAVE_SIGPROCMASK 1
| #define HAVE_SIGSETMASK 1
| #define HAVE_STRCHR 1
| #define HAVE_MEMCPY 1
| #define HAVE_MEMMOVE 1
| #define HAVE_STRDUP 1
| #define HAVE_STRERROR 1
| #define HAVE_STRCASECMP 1
| #define HAVE_STRNCASECMP 1
| /* end confdefs.h.  */
| 
| int
| main ()
| {
| #ifdef HAVE_NCURSES_TERMCAP_H
| #include <ncurses/termcap.h>
| #else
| #ifdef HAVE_TERMCAP_H
| #include <termcap.h>
| #else
| #undef PC
| char *BC;
| char **UP;
| char PC;
| short ospeed;
| #endif
| #endif
| /* Make sure all variables actually exist.  AIX 4.3 has ospeed but no BC.
|    --Andreas Ley <andy@rz.uni-karlsruhe.de> 24 Aug 2000.  */
| BC++;
| UP++;
| PC++;
| return ospeed != 0;
| 
|   ;
|   return 0;
| }
configure:6538: cc -o conftest -O -O2 -no-cpp-precomp   conftest.c  -lncurses -ltermcap >&5
In file included from conftest.c:64:
In file included from /Applications/Xcode.app/Contents/Developer/Platforms/MacOSX.platform/Developer/SDKs/MacOSX.sdk/usr/include/termcap.h:49:
In file included from /Applications/Xcode.app/Contents/Developer/Platforms/MacOSX.platform/Developer/SDKs/MacOSX.sdk/usr/include/sys/types.h:81:
In file included from /Applications/Xcode.app/Contents/Developer/Platforms/MacOSX.platform/Developer/SDKs/MacOSX.sdk/usr/include/machine/endian.h:35:
In file included from /Applications/Xcode.app/Contents/Developer/Platforms/MacOSX.platform/Developer/SDKs/MacOSX.sdk/usr/include/i386/endian.h:101:
In file included from /Applications/Xcode.app/Contents/Developer/Platforms/MacOSX.platform/Developer/SDKs/MacOSX.sdk/usr/include/sys/_endian.h:130:
In file included from /Applications/Xcode.app/Contents/Developer/Platforms/MacOSX.platform/Developer/SDKs/MacOSX.sdk/usr/include/libkern/_OSByteOrder.h:76:
/Applications/Xcode.app/Contents/Developer/Platforms/MacOSX.platform/Developer/SDKs/MacOSX.sdk/usr/include/libkern/i386/_OSByteOrder.h:49:1: error: function definition is not allowed here
{
^
/Applications/Xcode.app/Contents/Developer/Platforms/MacOSX.platform/Developer/SDKs/MacOSX.sdk/usr/include/libkern/i386/_OSByteOrder.h:58:1: error: function definition is not allowed here
{
^
/Applications/Xcode.app/Contents/Developer/Platforms/MacOSX.platform/Developer/SDKs/MacOSX.sdk/usr/include/libkern/i386/_OSByteOrder.h:73:1: error: function definition is not allowed here
{
^
In file included from conftest.c:64:
In file included from /Applications/Xcode.app/Contents/Developer/Platforms/MacOSX.platform/Developer/SDKs/MacOSX.sdk/usr/include/termcap.h:49:
In file included from /Applications/Xcode.app/Contents/Developer/Platforms/MacOSX.platform/Developer/SDKs/MacOSX.sdk/usr/include/sys/types.h:184:
/Applications/Xcode.app/Contents/Developer/Platforms/MacOSX.platform/Developer/SDKs/MacOSX.sdk/usr/include/sys/_types/_fd_def.h:59:1: error: function definition is not allowed here
{
^
/Applications/Xcode.app/Contents/Developer/Platforms/MacOSX.platform/Developer/SDKs/MacOSX.sdk/usr/include/sys/_types/_fd_def.h:81:1: error: function definition is not allowed here
{
^
/Applications/Xcode.app/Contents/Developer/Platforms/MacOSX.platform/Developer/SDKs/MacOSX.sdk/usr/include/sys/_types/_fd_def.h:91:1: error: function definition is not allowed here
{
^
/Applications/Xcode.app/Contents/Developer/Platforms/MacOSX.platform/Developer/SDKs/MacOSX.sdk/usr/include/sys/_types/_fd_def.h:99:1: error: function definition is not allowed here
{
^
7 errors generated.
configure:6544: $? = 1
configure: failed program was:
| /* confdefs.h.  */
| 
| #define PACKAGE_NAME "GNU Texinfo"
| #define PACKAGE_TARNAME "texinfo"
| #define PACKAGE_VERSION "4.8"
| #define PACKAGE_STRING "GNU Texinfo 4.8"
| #define PACKAGE_BUGREPORT ""
| #define PACKAGE "texinfo"
| #define VERSION "4.8"
| #define STDC_HEADERS 1
| #define HAVE_SYS_TYPES_H 1
| #define HAVE_SYS_STAT_H 1
| #define HAVE_STDLIB_H 1
| #define HAVE_STRING_H 1
| #define HAVE_MEMORY_H 1
| #define HAVE_STRINGS_H 1
| #define HAVE_INTTYPES_H 1
| #define HAVE_STDINT_H 1
| #define HAVE_UNISTD_H 1
| #define STDC_HEADERS 1
| #define HAVE_FCNTL_H 1
| #define HAVE_LIMITS_H 1
| #define HAVE_PWD_H 1
| #define HAVE_STRING_H 1
| #define HAVE_STRINGS_H 1
| #define HAVE_TERMCAP_H 1
| #define HAVE_TERMIOS_H 1
| #define HAVE_UNISTD_H 1
| #define HAVE_SYS_FCNTL_H 1
| #define HAVE_SYS_FILE_H 1
| #define HAVE_SYS_TIME_H 1
| #define HAVE_SYS_WAIT_H 1
| #define RETSIGTYPE void
| #define HAVE_DECL_MEMCHR 1
| #define HAVE_DECL_STRCOLL 1
| #define HAVE_DECL_STRERROR 1
| #define HAVE_ALLOCA_H 1
| #define HAVE_ALLOCA 1
| #define HAVE_STRCOLL 1
| #define HAVE_VPRINTF 1
| #define HAVE_BZERO 1
| #define HAVE_GETCWD 1
| #define HAVE_MEMSET 1
| #define HAVE_SETVBUF 1
| #define HAVE_SIGACTION 1
| #define HAVE_SIGPROCMASK 1
| #define HAVE_SIGSETMASK 1
| #define HAVE_STRCHR 1
| #define HAVE_MEMCPY 1
| #define HAVE_MEMMOVE 1
| #define HAVE_STRDUP 1
| #define HAVE_STRERROR 1
| #define HAVE_STRCASECMP 1
| #define HAVE_STRNCASECMP 1
| /* end confdefs.h.  */
| 
| int
| main ()
| {
| #ifdef HAVE_NCURSES_TERMCAP_H
| #include <ncurses/termcap.h>
| #else
| #ifdef HAVE_TERMCAP_H
| #include <termcap.h>
| #else
| #undef PC
| char *BC;
| char **UP;
| char PC;
| short ospeed;
| #endif
| #endif
| /* Make sure all variables actually exist.  AIX 4.3 has ospeed but no BC.
|    --Andreas Ley <andy@rz.uni-karlsruhe.de> 24 Aug 2000.  */
| BC++;
| UP++;
| PC++;
| return ospeed != 0;
| 
|   ;
|   return 0;
| }
configure:6538: cc -o conftest -O -O2 -no-cpp-precomp   conftest.c  -lncurses -lterminfo >&5
In file included from conftest.c:64:
In file included from /Applications/Xcode.app/Contents/Developer/Platforms/MacOSX.platform/Developer/SDKs/MacOSX.sdk/usr/include/termcap.h:49:
In file included from /Applications/Xcode.app/Contents/Developer/Platforms/MacOSX.platform/Developer/SDKs/MacOSX.sdk/usr/include/sys/types.h:81:
In file included from /Applications/Xcode.app/Contents/Developer/Platforms/MacOSX.platform/Developer/SDKs/MacOSX.sdk/usr/include/machine/endian.h:35:
In file included from /Applications/Xcode.app/Contents/Developer/Platforms/MacOSX.platform/Developer/SDKs/MacOSX.sdk/usr/include/i386/endian.h:101:
In file included from /Applications/Xcode.app/Contents/Developer/Platforms/MacOSX.platform/Developer/SDKs/MacOSX.sdk/usr/include/sys/_endian.h:130:
In file included from /Applications/Xcode.app/Contents/Developer/Platforms/MacOSX.platform/Developer/SDKs/MacOSX.sdk/usr/include/libkern/_OSByteOrder.h:76:
/Applications/Xcode.app/Contents/Developer/Platforms/MacOSX.platform/Developer/SDKs/MacOSX.sdk/usr/include/libkern/i386/_OSByteOrder.h:49:1: error: function definition is not allowed here
{
^
/Applications/Xcode.app/Contents/Developer/Platforms/MacOSX.platform/Developer/SDKs/MacOSX.sdk/usr/include/libkern/i386/_OSByteOrder.h:58:1: error: function definition is not allowed here
{
^
/Applications/Xcode.app/Contents/Developer/Platforms/MacOSX.platform/Developer/SDKs/MacOSX.sdk/usr/include/libkern/i386/_OSByteOrder.h:73:1: error: function definition is not allowed here
{
^
In file included from conftest.c:64:
In file included from /Applications/Xcode.app/Contents/Developer/Platforms/MacOSX.platform/Developer/SDKs/MacOSX.sdk/usr/include/termcap.h:49:
In file included from /Applications/Xcode.app/Contents/Developer/Platforms/MacOSX.platform/Developer/SDKs/MacOSX.sdk/usr/include/sys/types.h:184:
/Applications/Xcode.app/Contents/Developer/Platforms/MacOSX.platform/Developer/SDKs/MacOSX.sdk/usr/include/sys/_types/_fd_def.h:59:1: error: function definition is not allowed here
{
^
/Applications/Xcode.app/Contents/Developer/Platforms/MacOSX.platform/Developer/SDKs/MacOSX.sdk/usr/include/sys/_types/_fd_def.h:81:1: error: function definition is not allowed here
{
^
/Applications/Xcode.app/Contents/Developer/Platforms/MacOSX.platform/Developer/SDKs/MacOSX.sdk/usr/include/sys/_types/_fd_def.h:91:1: error: function definition is not allowed here
{
^
/Applications/Xcode.app/Contents/Developer/Platforms/MacOSX.platform/Developer/SDKs/MacOSX.sdk/usr/include/sys/_types/_fd_def.h:99:1: error: function definition is not allowed here
{
^
7 errors generated.
configure:6544: $? = 1
configure: failed program was:
| /* confdefs.h.  */
| 
| #define PACKAGE_NAME "GNU Texinfo"
| #define PACKAGE_TARNAME "texinfo"
| #define PACKAGE_VERSION "4.8"
| #define PACKAGE_STRING "GNU Texinfo 4.8"
| #define PACKAGE_BUGREPORT ""
| #define PACKAGE "texinfo"
| #define VERSION "4.8"
| #define STDC_HEADERS 1
| #define HAVE_SYS_TYPES_H 1
| #define HAVE_SYS_STAT_H 1
| #define HAVE_STDLIB_H 1
| #define HAVE_STRING_H 1
| #define HAVE_MEMORY_H 1
| #define HAVE_STRINGS_H 1
| #define HAVE_INTTYPES_H 1
| #define HAVE_STDINT_H 1
| #define HAVE_UNISTD_H 1
| #define STDC_HEADERS 1
| #define HAVE_FCNTL_H 1
| #define HAVE_LIMITS_H 1
| #define HAVE_PWD_H 1
| #define HAVE_STRING_H 1
| #define HAVE_STRINGS_H 1
| #define HAVE_TERMCAP_H 1
| #define HAVE_TERMIOS_H 1
| #define HAVE_UNISTD_H 1
| #define HAVE_SYS_FCNTL_H 1
| #define HAVE_SYS_FILE_H 1
| #define HAVE_SYS_TIME_H 1
| #define HAVE_SYS_WAIT_H 1
| #define RETSIGTYPE void
| #define HAVE_DECL_MEMCHR 1
| #define HAVE_DECL_STRCOLL 1
| #define HAVE_DECL_STRERROR 1
| #define HAVE_ALLOCA_H 1
| #define HAVE_ALLOCA 1
| #define HAVE_STRCOLL 1
| #define HAVE_VPRINTF 1
| #define HAVE_BZERO 1
| #define HAVE_GETCWD 1
| #define HAVE_MEMSET 1
| #define HAVE_SETVBUF 1
| #define HAVE_SIGACTION 1
| #define HAVE_SIGPROCMASK 1
| #define HAVE_SIGSETMASK 1
| #define HAVE_STRCHR 1
| #define HAVE_MEMCPY 1
| #define HAVE_MEMMOVE 1
| #define HAVE_STRDUP 1
| #define HAVE_STRERROR 1
| #define HAVE_STRCASECMP 1
| #define HAVE_STRNCASECMP 1
| /* end confdefs.h.  */
| 
| int
| main ()
| {
| #ifdef HAVE_NCURSES_TERMCAP_H
| #include <ncurses/termcap.h>
| #else
| #ifdef HAVE_TERMCAP_H
| #include <termcap.h>
| #else
| #undef PC
| char *BC;
| char **UP;
| char PC;
| short ospeed;
| #endif
| #endif
| /* Make sure all variables actually exist.  AIX 4.3 has ospeed but no BC.
|    --Andreas Ley <andy@rz.uni-karlsruhe.de> 24 Aug 2000.  */
| BC++;
| UP++;
| PC++;
| return ospeed != 0;
| 
|   ;
|   return 0;
| }
configure:6572: result: 
configure:6598: checking ncurses/termcap.h usability
configure:6610: cc -c -O -O2 -no-cpp-precomp  conftest.c >&5
conftest.c:90:10: fatal error: 'ncurses/termcap.h' file not found
#include <ncurses/termcap.h>
         ^~~~~~~~~~~~~~~~~~~
1 error generated.
configure:6616: $? = 1
configure: failed program was:
| /* confdefs.h.  */
| 
| #define PACKAGE_NAME "GNU Texinfo"
| #define PACKAGE_TARNAME "texinfo"
| #define PACKAGE_VERSION "4.8"
| #define PACKAGE_STRING "GNU Texinfo 4.8"
| #define PACKAGE_BUGREPORT ""
| #define PACKAGE "texinfo"
| #define VERSION "4.8"
| #define STDC_HEADERS 1
| #define HAVE_SYS_TYPES_H 1
| #define HAVE_SYS_STAT_H 1
| #define HAVE_STDLIB_H 1
| #define HAVE_STRING_H 1
| #define HAVE_MEMORY_H 1
| #define HAVE_STRINGS_H 1
| #define HAVE_INTTYPES_H 1
| #define HAVE_STDINT_H 1
| #define HAVE_UNISTD_H 1
| #define STDC_HEADERS 1
| #define HAVE_FCNTL_H 1
| #define HAVE_LIMITS_H 1
| #define HAVE_PWD_H 1
| #define HAVE_STRING_H 1
| #define HAVE_STRINGS_H 1
| #define HAVE_TERMCAP_H 1
| #define HAVE_TERMIOS_H 1
| #define HAVE_UNISTD_H 1
| #define HAVE_SYS_FCNTL_H 1
| #define HAVE_SYS_FILE_H 1
| #define HAVE_SYS_TIME_H 1
| #define HAVE_SYS_WAIT_H 1
| #define RETSIGTYPE void
| #define HAVE_DECL_MEMCHR 1
| #define HAVE_DECL_STRCOLL 1
| #define HAVE_DECL_STRERROR 1
| #define HAVE_ALLOCA_H 1
| #define HAVE_ALLOCA 1
| #define HAVE_STRCOLL 1
| #define HAVE_VPRINTF 1
| #define HAVE_BZERO 1
| #define HAVE_GETCWD 1
| #define HAVE_MEMSET 1
| #define HAVE_SETVBUF 1
| #define HAVE_SIGACTION 1
| #define HAVE_SIGPROCMASK 1
| #define HAVE_SIGSETMASK 1
| #define HAVE_STRCHR 1
| #define HAVE_MEMCPY 1
| #define HAVE_MEMMOVE 1
| #define HAVE_STRDUP 1
| #define HAVE_STRERROR 1
| #define HAVE_STRCASECMP 1
| #define HAVE_STRNCASECMP 1
| /* end confdefs.h.  */
| #include <stdio.h>
| #if HAVE_SYS_TYPES_H
| # include <sys/types.h>
| #endif
| #if HAVE_SYS_STAT_H
| # include <sys/stat.h>
| #endif
| #if STDC_HEADERS
| # include <stdlib.h>
| # include <stddef.h>
| #else
| # if HAVE_STDLIB_H
| #  include <stdlib.h>
| # endif
| #endif
| #if HAVE_STRING_H
| # if !STDC_HEADERS && HAVE_MEMORY_H
| #  include <memory.h>
| # endif
| # include <string.h>
| #endif
| #if HAVE_STRINGS_H
| # include <strings.h>
| #endif
| #if HAVE_INTTYPES_H
| # include <inttypes.h>
| #else
| # if HAVE_STDINT_H
| #  include <stdint.h>
| # endif
| #endif
| #if HAVE_UNISTD_H
| # include <unistd.h>
| #endif
| #include <ncurses/termcap.h>
configure:6639: result: no
configure:6643: checking ncurses/termcap.h presence
configure:6653: cc -E  conftest.c
conftest.c:56:10: fatal error: 'ncurses/termcap.h' file not found
#include <ncurses/termcap.h>
         ^~~~~~~~~~~~~~~~~~~
1 error generated.
configure:6659: $? = 1
configure: failed program was:
| /* confdefs.h.  */
| 
| #define PACKAGE_NAME "GNU Texinfo"
| #define PACKAGE_TARNAME "texinfo"
| #define PACKAGE_VERSION "4.8"
| #define PACKAGE_STRING "GNU Texinfo 4.8"
| #define PACKAGE_BUGREPORT ""
| #define PACKAGE "texinfo"
| #define VERSION "4.8"
| #define STDC_HEADERS 1
| #define HAVE_SYS_TYPES_H 1
| #define HAVE_SYS_STAT_H 1
| #define HAVE_STDLIB_H 1
| #define HAVE_STRING_H 1
| #define HAVE_MEMORY_H 1
| #define HAVE_STRINGS_H 1
| #define HAVE_INTTYPES_H 1
| #define HAVE_STDINT_H 1
| #define HAVE_UNISTD_H 1
| #define STDC_HEADERS 1
| #define HAVE_FCNTL_H 1
| #define HAVE_LIMITS_H 1
| #define HAVE_PWD_H 1
| #define HAVE_STRING_H 1
| #define HAVE_STRINGS_H 1
| #define HAVE_TERMCAP_H 1
| #define HAVE_TERMIOS_H 1
| #define HAVE_UNISTD_H 1
| #define HAVE_SYS_FCNTL_H 1
| #define HAVE_SYS_FILE_H 1
| #define HAVE_SYS_TIME_H 1
| #define HAVE_SYS_WAIT_H 1
| #define RETSIGTYPE void
| #define HAVE_DECL_MEMCHR 1
| #define HAVE_DECL_STRCOLL 1
| #define HAVE_DECL_STRERROR 1
| #define HAVE_ALLOCA_H 1
| #define HAVE_ALLOCA 1
| #define HAVE_STRCOLL 1
| #define HAVE_VPRINTF 1
| #define HAVE_BZERO 1
| #define HAVE_GETCWD 1
| #define HAVE_MEMSET 1
| #define HAVE_SETVBUF 1
| #define HAVE_SIGACTION 1
| #define HAVE_SIGPROCMASK 1
| #define HAVE_SIGSETMASK 1
| #define HAVE_STRCHR 1
| #define HAVE_MEMCPY 1
| #define HAVE_MEMMOVE 1
| #define HAVE_STRDUP 1
| #define HAVE_STRERROR 1
| #define HAVE_STRCASECMP 1
| #define HAVE_STRNCASECMP 1
| /* end confdefs.h.  */
| #include <ncurses/termcap.h>
configure:6679: result: no
configure:6714: checking for ncurses/termcap.h
configure:6721: result: no
configure:6746: checking for fcntl.h
configure:6751: result: yes
configure:6746: checking for sys/time.h
configure:6751: result: yes
configure:6746: checking for unistd.h
configure:6751: result: yes
configure:6909: checking whether getenv is declared
configure:6933: cc -c -O -O2 -no-cpp-precomp  conftest.c >&5
configure:6939: $? = 0
configure:6943: test -z 
			 || test ! -s conftest.err
configure:6946: $? = 0
configure:6949: test -s conftest.o
configure:6952: $? = 0
configure:6963: result: yes
configure:6983: checking for inttypes.h
configure:7005: cc -c -O -O2 -no-cpp-precomp  conftest.c >&5
configure:7011: $? = 0
configure:7015: test -z 
			 || test ! -s conftest.err
configure:7018: $? = 0
configure:7021: test -s conftest.o
configure:7024: $? = 0
configure:7035: result: yes
configure:7046: checking for stdint.h
configure:7068: cc -c -O -O2 -no-cpp-precomp  conftest.c >&5
configure:7074: $? = 0
configure:7078: test -z 
			 || test ! -s conftest.err
configure:7081: $? = 0
configure:7084: test -s conftest.o
configure:7087: $? = 0
configure:7098: result: yes
configure:7109: checking for unsigned long long
configure:7131: cc -o conftest -O -O2 -no-cpp-precomp   conftest.c  >&5
configure:7137: $? = 0
configure:7141: test -z 
			 || test ! -s conftest.err
configure:7144: $? = 0
configure:7147: test -s conftest
configure:7150: $? = 0
configure:7162: result: yes
configure:7197: checking for mkstemp
configure:7254: cc -o conftest -O -O2 -no-cpp-precomp   conftest.c  >&5
configure:7260: $? = 0
configure:7264: test -z 
			 || test ! -s conftest.err
configure:7267: $? = 0
configure:7270: test -s conftest
configure:7273: $? = 0
configure:7285: result: yes
configure:7308: checking for mkstemp limitations
configure:7342: cc -o conftest -O -O2 -no-cpp-precomp   conftest.c  >&5
conftest.c:76:3: error: call to undeclared function 'close'; ISO C99 and later do not support implicit function declarations [-Wimplicit-function-declaration]
                close (fd);
                ^
1 error generated.
configure:7345: $? = 1
configure: program exited with status 1
configure: failed program was:
| /* confdefs.h.  */
| 
| #define PACKAGE_NAME "GNU Texinfo"
| #define PACKAGE_TARNAME "texinfo"
| #define PACKAGE_VERSION "4.8"
| #define PACKAGE_STRING "GNU Texinfo 4.8"
| #define PACKAGE_BUGREPORT ""
| #define PACKAGE "texinfo"
| #define VERSION "4.8"
| #define STDC_HEADERS 1
| #define HAVE_SYS_TYPES_H 1
| #define HAVE_SYS_STAT_H 1
| #define HAVE_STDLIB_H 1
| #define HAVE_STRING_H 1
| #define HAVE_MEMORY_H 1
| #define HAVE_STRINGS_H 1
| #define HAVE_INTTYPES_H 1
| #define HAVE_STDINT_H 1
| #define HAVE_UNISTD_H 1
| #define STDC_HEADERS 1
| #define HAVE_FCNTL_H 1
| #define HAVE_LIMITS_H 1
| #define HAVE_PWD_H 1
| #define HAVE_STRING_H 1
| #define HAVE_STRINGS_H 1
| #define HAVE_TERMCAP_H 1
| #define HAVE_TERMIOS_H 1
| #define HAVE_UNISTD_H 1
| #define HAVE_SYS_FCNTL_H 1
| #define HAVE_SYS_FILE_H 1
| #define HAVE_SYS_TIME_H 1
| #define HAVE_SYS_WAIT_H 1
| #define RETSIGTYPE void
| #define HAVE_DECL_MEMCHR 1
| #define HAVE_DECL_STRCOLL 1
| #define HAVE_DECL_STRERROR 1
| #define HAVE_ALLOCA_H 1
| #define HAVE_ALLOCA 1
| #define HAVE_STRCOLL 1
| #define HAVE_VPRINTF 1
| #define HAVE_BZERO 1
| #define HAVE_GETCWD 1
| #define HAVE_MEMSET 1
| #define HAVE_SETVBUF 1
| #define HAVE_SIGACTION 1
| #define HAVE_SIGPROCMASK 1
| #define HAVE_SIGSETMASK 1
| #define HAVE_STRCHR 1
| #define HAVE_MEMCPY 1
| #define HAVE_MEMMOVE 1
| #define HAVE_STRDUP 1
| #define HAVE_STRERROR 1
| #define HAVE_STRCASECMP 1
| #define HAVE_STRNCASECMP 1
| #define HAVE_FCNTL_H 1
| #define HAVE_SYS_TIME_H 1
| #define HAVE_UNISTD_H 1
| #define HAVE_DECL_GETENV 1
| #define HAVE_INTTYPES_H_WITH_UINTMAX 1
| #define HAVE_STDINT_H_WITH_UINTMAX 1
| #define HAVE_UNSIGNED_LONG_LONG 1
| #define HAVE_UINTMAX_T 1
| #define HAVE_MKSTEMP 1
| /* end confdefs.h.  */
| 
| #         include <stdlib.h>
| 	  int main ()
| 	  {
| 	    int i;
| 	    for (i = 0; i < 70; i++)
| 	      {
| 		char template[] = "conftestXXXXXX";
| 		int fd = mkstemp (template);
| 		if (fd == -1)
| 		  exit (1);
| 		close (fd);
| 	      }
| 	    exit (0);
| 	  }
| 
configure:7366: result: yes
configure:7414: checking for stdint.h
configure:7419: result: yes
configure:7564: checking for __secure_getenv
configure:7621: cc -o conftest -O -O2 -no-cpp-precomp   conftest.c  >&5
Undefined symbols for architecture x86_64:
  "___secure_getenv", referenced from:
      _main in conftest-9c96a4.o
      _f in conftest-9c96a4.o
ld: symbol(s) not found for architecture x86_64
clang: error: linker command failed with exit code 1 (use -v to see invocation)
configure:7627: $? = 1
configure: failed program was:
| /* confdefs.h.  */
| 
| #define PACKAGE_NAME "GNU Texinfo"
| #define PACKAGE_TARNAME "texinfo"
| #define PACKAGE_VERSION "4.8"
| #define PACKAGE_STRING "GNU Texinfo 4.8"
| #define PACKAGE_BUGREPORT ""
| #define PACKAGE "texinfo"
| #define VERSION "4.8"
| #define STDC_HEADERS 1
| #define HAVE_SYS_TYPES_H 1
| #define HAVE_SYS_STAT_H 1
| #define HAVE_STDLIB_H 1
| #define HAVE_STRING_H 1
| #define HAVE_MEMORY_H 1
| #define HAVE_STRINGS_H 1
| #define HAVE_INTTYPES_H 1
| #define HAVE_STDINT_H 1
| #define HAVE_UNISTD_H 1
| #define STDC_HEADERS 1
| #define HAVE_FCNTL_H 1
| #define HAVE_LIMITS_H 1
| #define HAVE_PWD_H 1
| #define HAVE_STRING_H 1
| #define HAVE_STRINGS_H 1
| #define HAVE_TERMCAP_H 1
| #define HAVE_TERMIOS_H 1
| #define HAVE_UNISTD_H 1
| #define HAVE_SYS_FCNTL_H 1
| #define HAVE_SYS_FILE_H 1
| #define HAVE_SYS_TIME_H 1
| #define HAVE_SYS_WAIT_H 1
| #define RETSIGTYPE void
| #define HAVE_DECL_MEMCHR 1
| #define HAVE_DECL_STRCOLL 1
| #define HAVE_DECL_STRERROR 1
| #define HAVE_ALLOCA_H 1
| #define HAVE_ALLOCA 1
| #define HAVE_STRCOLL 1
| #define HAVE_VPRINTF 1
| #define HAVE_BZERO 1
| #define HAVE_GETCWD 1
| #define HAVE_MEMSET 1
| #define HAVE_SETVBUF 1
| #define HAVE_SIGACTION 1
| #define HAVE_SIGPROCMASK 1
| #define HAVE_SIGSETMASK 1
| #define HAVE_STRCHR 1
| #define HAVE_MEMCPY 1
| #define HAVE_MEMMOVE 1
| #define HAVE_STRDUP 1
| #define HAVE_STRERROR 1
| #define HAVE_STRCASECMP 1
| #define HAVE_STRNCASECMP 1
| #define HAVE_FCNTL_H 1
| #define HAVE_SYS_TIME_H 1
| #define HAVE_UNISTD_H 1
| #define HAVE_DECL_GETENV 1
| #define HAVE_INTTYPES_H_WITH_UINTMAX 1
| #define HAVE_STDINT_H_WITH_UINTMAX 1
| #define HAVE_UNSIGNED_LONG_LONG 1
| #define HAVE_UINTMAX_T 1
| #define HAVE_MKSTEMP 1
| #define mkstemp rpl_mkstemp
| #define HAVE_STDINT_H 1
| /* end confdefs.h.  */
| /* Define __secure_getenv to an innocuous variant, in case <limits.h> declares __secure_getenv.
|    For example, HP-UX 11i <limits.h> declares gettimeofday.  */
| #define __secure_getenv innocuous___secure_getenv
| 
| /* System header to define __stub macros and hopefully few prototypes,
|     which can conflict with char __secure_getenv (); below.
|     Prefer <limits.h> to <assert.h> if __STDC__ is defined, since
|     <limits.h> exists even on freestanding compilers.  */
| 
| #ifdef __STDC__
| # include <limits.h>
| #else
| # include <assert.h>
| #endif
| 
| #undef __secure_getenv
| 
| /* Override any gcc2 internal prototype to avoid an error.  */
| #ifdef __cplusplus
| extern "C"
| {
| #endif
| /* We use char because int might match the return type of a gcc2
|    builtin and then its argument prototype would still apply.  */
| char __secure_getenv ();
| /* The GNU C library defines this for functions which it implements
|     to always fail with ENOSYS.  Some functions are actually named
|     something starting with __ and the normal name is an alias.  */
| #if defined (__stub___secure_getenv) || defined (__stub_____secure_getenv)
| choke me
| #else
| char (*f) () = __secure_getenv;
| #endif
| #ifdef __cplusplus
| }
| #endif
| 
| int
| main ()
| {
| return f != __secure_getenv;
|   ;
|   return 0;
| }
configure:7652: result: no
configure:7564: checking for gettimeofday
configure:7621: cc -o conftest -O -O2 -no-cpp-precomp   conftest.c  >&5
configure:7627: $? = 0
configure:7631: test -z 
			 || test ! -s conftest.err
configure:7634: $? = 0
configure:7637: test -s conftest
configure:7640: $? = 0
configure:7652: result: yes
configure:7675: checking host system type
configure:7689: result: x86_64-apple-darwin22.1.0
configure:7750: checking whether NLS is requested
configure:7759: result: yes
configure:7797: checking for msgfmt
configure:7828: result: /usr/local/bin/msgfmt
configure:7837: checking for gmsgfmt
configure:7868: result: /usr/local/bin/msgfmt
configure:7907: checking for xgettext
configure:7938: result: /usr/local/bin/xgettext
configure:7978: checking for msgmerge
configure:8008: result: /usr/local/bin/msgmerge
configure:8044: checking for signed
configure:8065: cc -c -O -O2 -no-cpp-precomp  conftest.c >&5
configure:8071: $? = 0
configure:8075: test -z 
			 || test ! -s conftest.err
configure:8078: $? = 0
configure:8081: test -s conftest.o
configure:8084: $? = 0
configure:8095: result: yes
configure:8105: checking for inline
configure:8126: cc -c -O -O2 -no-cpp-precomp  conftest.c >&5
configure:8132: $? = 0
configure:8136: test -z 
			 || test ! -s conftest.err
configure:8139: $? = 0
configure:8142: test -s conftest.o
configure:8145: $? = 0
configure:8157: result: inline
configure:8176: checking for size_t
configure:8200: cc -c -O -O2 -no-cpp-precomp  conftest.c >&5
configure:8206: $? = 0
configure:8210: test -z 
			 || test ! -s conftest.err
configure:8213: $? = 0
configure:8216: test -s conftest.o
configure:8219: $? = 0
configure:8230: result: yes
configure:8243: checking for long long
configure:8265: cc -o conftest -O -O2 -no-cpp-precomp   conftest.c  >&5
configure:8271: $? = 0
configure:8275: test -z 
			 || test ! -s conftest.err
configure:8278: $? = 0
configure:8281: test -s conftest
configure:8284: $? = 0
configure:8296: result: yes
configure:8307: checking for long double
configure:8367: result: yes
configure:8378: checking for wchar_t
configure:8400: cc -c -O -O2 -no-cpp-precomp  conftest.c >&5
configure:8406: $? = 0
configure:8410: test -z 
			 || test ! -s conftest.err
configure:8413: $? = 0
configure:8416: test -s conftest.o
configure:8419: $? = 0
configure:8430: result: yes
configure:8441: checking for wint_t
configure:8463: cc -c -O -O2 -no-cpp-precomp  conftest.c >&5
configure:8469: $? = 0
configure:8473: test -z 
			 || test ! -s conftest.err
configure:8476: $? = 0
configure:8479: test -s conftest.o
configure:8482: $? = 0
configure:8493: result: yes
configure:8506: checking for intmax_t
configure:8536: cc -c -O -O2 -no-cpp-precomp  conftest.c >&5
configure:8542: $? = 0
configure:8546: test -z 
			 || test ! -s conftest.err
configure:8549: $? = 0
configure:8552: test -s conftest.o
configure:8555: $? = 0
configure:8566: result: yes
configure:8578: checking whether printf() supports POSIX/XSI format strings
configure:8628: cc -o conftest -O -O2 -no-cpp-precomp   conftest.c  >&5
configure:8631: $? = 0
configure:8633: ./conftest
configure:8636: $? = 0
configure:8651: result: yes
configure:8669: checking for stdlib.h
configure:8674: result: yes
configure:8669: checking for unistd.h
configure:8674: result: yes
configure:8818: checking for getpagesize
configure:8875: cc -o conftest -O -O2 -no-cpp-precomp   conftest.c  >&5
configure:8881: $? = 0
configure:8885: test -z 
			 || test ! -s conftest.err
configure:8888: $? = 0
configure:8891: test -s conftest
configure:8894: $? = 0
configure:8906: result: yes
configure:8916: checking for working mmap
configure:9058: cc -o conftest -O -O2 -no-cpp-precomp   conftest.c  >&5
configure:9061: $? = 0
configure:9063: ./conftest
configure:9066: $? = 0
configure:9080: result: yes
configure:9092: checking whether we are using the GNU C Library 2.1 or newer
conftest.c:79:10: fatal error: 'features.h' file not found
#include <features.h>
         ^~~~~~~~~~~~
1 error generated.
configure:9123: result: no
configure:9131: checking whether integer division by zero raises SIGFPE
configure:9193: cc -o conftest -O -O2 -no-cpp-precomp   conftest.c  >&5
conftest.c:86:1: warning: a function declaration without a prototype is deprecated in all versions of C and is not supported in C2x [-Wdeprecated-non-prototype]
sigfpe_handler (sig) int sig;
^
conftest.c:96:5: error: redefinition of 'nan' as different kind of symbol
int nan;
    ^
conftest.c:96:5: note: unguarded header; consider using #ifdef guards or #pragma once
conftest.c:96:5: note: previous definition is here
conftest.c:111:7: error: non-object type 'double (const char *)' is not assignable
  nan = y / y;
  ~~~ ^
1 warning and 2 errors generated.
configure:9196: $? = 1
configure: program exited with status 1
configure: failed program was:
| /* confdefs.h.  */
| 
| #define PACKAGE_NAME "GNU Texinfo"
| #define PACKAGE_TARNAME "texinfo"
| #define PACKAGE_VERSION "4.8"
| #define PACKAGE_STRING "GNU Texinfo 4.8"
| #define PACKAGE_BUGREPORT ""
| #define PACKAGE "texinfo"
| #define VERSION "4.8"
| #define STDC_HEADERS 1
| #define HAVE_SYS_TYPES_H 1
| #define HAVE_SYS_STAT_H 1
| #define HAVE_STDLIB_H 1
| #define HAVE_STRING_H 1
| #define HAVE_MEMORY_H 1
| #define HAVE_STRINGS_H 1
| #define HAVE_INTTYPES_H 1
| #define HAVE_STDINT_H 1
| #define HAVE_UNISTD_H 1
| #define STDC_HEADERS 1
| #define HAVE_FCNTL_H 1
| #define HAVE_LIMITS_H 1
| #define HAVE_PWD_H 1
| #define HAVE_STRING_H 1
| #define HAVE_STRINGS_H 1
| #define HAVE_TERMCAP_H 1
| #define HAVE_TERMIOS_H 1
| #define HAVE_UNISTD_H 1
| #define HAVE_SYS_FCNTL_H 1
| #define HAVE_SYS_FILE_H 1
| #define HAVE_SYS_TIME_H 1
| #define HAVE_SYS_WAIT_H 1
| #define RETSIGTYPE void
| #define HAVE_DECL_MEMCHR 1
| #define HAVE_DECL_STRCOLL 1
| #define HAVE_DECL_STRERROR 1
| #define HAVE_ALLOCA_H 1
| #define HAVE_ALLOCA 1
| #define HAVE_STRCOLL 1
| #define HAVE_VPRINTF 1
| #define HAVE_BZERO 1
| #define HAVE_GETCWD 1
| #define HAVE_MEMSET 1
| #define HAVE_SETVBUF 1
| #define HAVE_SIGACTION 1
| #define HAVE_SIGPROCMASK 1
| #define HAVE_SIGSETMASK 1
| #define HAVE_STRCHR 1
| #define HAVE_MEMCPY 1
| #define HAVE_MEMMOVE 1
| #define HAVE_STRDUP 1
| #define HAVE_STRERROR 1
| #define HAVE_STRCASECMP 1
| #define HAVE_STRNCASECMP 1
| #define HAVE_FCNTL_H 1
| #define HAVE_SYS_TIME_H 1
| #define HAVE_UNISTD_H 1
| #define HAVE_DECL_GETENV 1
| #define HAVE_INTTYPES_H_WITH_UINTMAX 1
| #define HAVE_STDINT_H_WITH_UINTMAX 1
| #define HAVE_UNSIGNED_LONG_LONG 1
| #define HAVE_UINTMAX_T 1
| #define HAVE_MKSTEMP 1
| #define mkstemp rpl_mkstemp
| #define HAVE_STDINT_H 1
| #define HAVE_GETTIMEOFDAY 1
| #define HAVE_LONG_LONG 1
| #define HAVE_LONG_DOUBLE 1
| #define HAVE_WCHAR_T 1
| #define HAVE_WINT_T 1
| #define HAVE_INTMAX_T 1
| #define HAVE_POSIX_PRINTF 1
| #define HAVE_STDLIB_H 1
| #define HAVE_UNISTD_H 1
| #define HAVE_GETPAGESIZE 1
| #define HAVE_MMAP 1
| /* end confdefs.h.  */
| 
| #include <stdlib.h>
| #include <signal.h>
| 
| static void
| #ifdef __cplusplus
| sigfpe_handler (int sig)
| #else
| sigfpe_handler (sig) int sig;
| #endif
| {
|   /* Exit with code 0 if SIGFPE, with code 1 if any other signal.  */
|   exit (sig != SIGFPE);
| }
| 
| int x = 1;
| int y = 0;
| int z;
| int nan;
| 
| int main ()
| {
|   signal (SIGFPE, sigfpe_handler);
| /* IRIX and AIX (when "xlc -qcheck" is used) yield signal SIGTRAP.  */
| #if (defined (__sgi) || defined (_AIX)) && defined (SIGTRAP)
|   signal (SIGTRAP, sigfpe_handler);
| #endif
| /* Linux/SPARC yields signal SIGILL.  */
| #if defined (__sparc__) && defined (__linux__)
|   signal (SIGILL, sigfpe_handler);
| #endif
| 
|   z = x / y;
|   nan = y / y;
|   exit (1);
| }
| 
configure:9216: result: no
configure:9229: checking for inttypes.h
configure:9252: cc -c -O -O2 -no-cpp-precomp  conftest.c >&5
configure:9258: $? = 0
configure:9262: test -z 
			 || test ! -s conftest.err
configure:9265: $? = 0
configure:9268: test -s conftest.o
configure:9271: $? = 0
configure:9283: result: yes
configure:9296: checking whether the inttypes.h PRIxNN macros are broken
configure:9322: cc -c -O -O2 -no-cpp-precomp  conftest.c >&5
configure:9328: $? = 0
configure:9332: test -z 
			 || test ! -s conftest.err
configure:9335: $? = 0
configure:9338: test -s conftest.o
configure:9341: $? = 0
configure:9353: result: no
configure:9370: checking for stdint.h
configure:9375: result: yes
configure:9515: checking for SIZE_MAX
configure:10584: result: yes
configure:10601: checking for stdint.h
configure:10606: result: yes
configure:10787: checking for ld used by GCC
configure:10851: result: /Applications/Xcode.app/Contents/Developer/Toolchains/XcodeDefault.xctoolchain/usr/bin/ld
configure:10860: checking if the linker (/Applications/Xcode.app/Contents/Developer/Toolchains/XcodeDefault.xctoolchain/usr/bin/ld) is GNU ld
configure:10873: result: no
configure:10879: checking for shared library run path origin
configure:10892: result: done
configure:11298: checking for ptrdiff_t
configure:11322: cc -c -O -O2 -no-cpp-precomp  conftest.c >&5
configure:11328: $? = 0
configure:11332: test -z 
			 || test ! -s conftest.err
configure:11335: $? = 0
configure:11338: test -s conftest.o
configure:11341: $? = 0
configure:11352: result: yes
configure:11389: checking argz.h usability
configure:11401: cc -c -O -O2 -no-cpp-precomp  conftest.c >&5
conftest.c:116:10: fatal error: 'argz.h' file not found
#include <argz.h>
         ^~~~~~~~
1 error generated.
configure:11407: $? = 1
configure: failed program was:
| /* confdefs.h.  */
| 
| #define PACKAGE_NAME "GNU Texinfo"
| #define PACKAGE_TARNAME "texinfo"
| #define PACKAGE_VERSION "4.8"
| #define PACKAGE_STRING "GNU Texinfo 4.8"
| #define PACKAGE_BUGREPORT ""
| #define PACKAGE "texinfo"
| #define VERSION "4.8"
| #define STDC_HEADERS 1
| #define HAVE_SYS_TYPES_H 1
| #define HAVE_SYS_STAT_H 1
| #define HAVE_STDLIB_H 1
| #define HAVE_STRING_H 1
| #define HAVE_MEMORY_H 1
| #define HAVE_STRINGS_H 1
| #define HAVE_INTTYPES_H 1
| #define HAVE_STDINT_H 1
| #define HAVE_UNISTD_H 1
| #define STDC_HEADERS 1
| #define HAVE_FCNTL_H 1
| #define HAVE_LIMITS_H 1
| #define HAVE_PWD_H 1
| #define HAVE_STRING_H 1
| #define HAVE_STRINGS_H 1
| #define HAVE_TERMCAP_H 1
| #define HAVE_TERMIOS_H 1
| #define HAVE_UNISTD_H 1
| #define HAVE_SYS_FCNTL_H 1
| #define HAVE_SYS_FILE_H 1
| #define HAVE_SYS_TIME_H 1
| #define HAVE_SYS_WAIT_H 1
| #define RETSIGTYPE void
| #define HAVE_DECL_MEMCHR 1
| #define HAVE_DECL_STRCOLL 1
| #define HAVE_DECL_STRERROR 1
| #define HAVE_ALLOCA_H 1
| #define HAVE_ALLOCA 1
| #define HAVE_STRCOLL 1
| #define HAVE_VPRINTF 1
| #define HAVE_BZERO 1
| #define HAVE_GETCWD 1
| #define HAVE_MEMSET 1
| #define HAVE_SETVBUF 1
| #define HAVE_SIGACTION 1
| #define HAVE_SIGPROCMASK 1
| #define HAVE_SIGSETMASK 1
| #define HAVE_STRCHR 1
| #define HAVE_MEMCPY 1
| #define HAVE_MEMMOVE 1
| #define HAVE_STRDUP 1
| #define HAVE_STRERROR 1
| #define HAVE_STRCASECMP 1
| #define HAVE_STRNCASECMP 1
| #define HAVE_FCNTL_H 1
| #define HAVE_SYS_TIME_H 1
| #define HAVE_UNISTD_H 1
| #define HAVE_DECL_GETENV 1
| #define HAVE_INTTYPES_H_WITH_UINTMAX 1
| #define HAVE_STDINT_H_WITH_UINTMAX 1
| #define HAVE_UNSIGNED_LONG_LONG 1
| #define HAVE_UINTMAX_T 1
| #define HAVE_MKSTEMP 1
| #define mkstemp rpl_mkstemp
| #define HAVE_STDINT_H 1
| #define HAVE_GETTIMEOFDAY 1
| #define HAVE_LONG_LONG 1
| #define HAVE_LONG_DOUBLE 1
| #define HAVE_WCHAR_T 1
| #define HAVE_WINT_T 1
| #define HAVE_INTMAX_T 1
| #define HAVE_POSIX_PRINTF 1
| #define HAVE_STDLIB_H 1
| #define HAVE_UNISTD_H 1
| #define HAVE_GETPAGESIZE 1
| #define HAVE_MMAP 1
| #define INTDIV0_RAISES_SIGFPE 0
| #define HAVE_INTTYPES_H 1
| #define HAVE_STDINT_H 1
| #define HAVE_STDINT_H 1
| /* end confdefs.h.  */
| #include <stdio.h>
| #if HAVE_SYS_TYPES_H
| # include <sys/types.h>
| #endif
| #if HAVE_SYS_STAT_H
| # include <sys/stat.h>
| #endif
| #if STDC_HEADERS
| # include <stdlib.h>
| # include <stddef.h>
| #else
| # if HAVE_STDLIB_H
| #  include <stdlib.h>
| # endif
| #endif
| #if HAVE_STRING_H
| # if !STDC_HEADERS && HAVE_MEMORY_H
| #  include <memory.h>
| # endif
| # include <string.h>
| #endif
| #if HAVE_STRINGS_H
| # include <strings.h>
| #endif
| #if HAVE_INTTYPES_H
| # include <inttypes.h>
| #else
| # if HAVE_STDINT_H
| #  include <stdint.h>
| # endif
| #endif
| #if HAVE_UNISTD_H
| # include <unistd.h>
| #endif
| #include <argz.h>
configure:11430: result: no
configure:11434: checking argz.h presence
configure:11444: cc -E  conftest.c
conftest.c:82:10: fatal error: 'argz.h' file not found
#include <argz.h>
         ^~~~~~~~
1 error generated.
configure:11450: $? = 1
configure: failed program was:
| /* confdefs.h.  */
| 
| #define PACKAGE_NAME "GNU Texinfo"
| #define PACKAGE_TARNAME "texinfo"
| #define PACKAGE_VERSION "4.8"
| #define PACKAGE_STRING "GNU Texinfo 4.8"
| #define PACKAGE_BUGREPORT ""
| #define PACKAGE "texinfo"
| #define VERSION "4.8"
| #define STDC_HEADERS 1
| #define HAVE_SYS_TYPES_H 1
| #define HAVE_SYS_STAT_H 1
| #define HAVE_STDLIB_H 1
| #define HAVE_STRING_H 1
| #define HAVE_MEMORY_H 1
| #define HAVE_STRINGS_H 1
| #define HAVE_INTTYPES_H 1
| #define HAVE_STDINT_H 1
| #define HAVE_UNISTD_H 1
| #define STDC_HEADERS 1
| #define HAVE_FCNTL_H 1
| #define HAVE_LIMITS_H 1
| #define HAVE_PWD_H 1
| #define HAVE_STRING_H 1
| #define HAVE_STRINGS_H 1
| #define HAVE_TERMCAP_H 1
| #define HAVE_TERMIOS_H 1
| #define HAVE_UNISTD_H 1
| #define HAVE_SYS_FCNTL_H 1
| #define HAVE_SYS_FILE_H 1
| #define HAVE_SYS_TIME_H 1
| #define HAVE_SYS_WAIT_H 1
| #define RETSIGTYPE void
| #define HAVE_DECL_MEMCHR 1
| #define HAVE_DECL_STRCOLL 1
| #define HAVE_DECL_STRERROR 1
| #define HAVE_ALLOCA_H 1
| #define HAVE_ALLOCA 1
| #define HAVE_STRCOLL 1
| #define HAVE_VPRINTF 1
| #define HAVE_BZERO 1
| #define HAVE_GETCWD 1
| #define HAVE_MEMSET 1
| #define HAVE_SETVBUF 1
| #define HAVE_SIGACTION 1
| #define HAVE_SIGPROCMASK 1
| #define HAVE_SIGSETMASK 1
| #define HAVE_STRCHR 1
| #define HAVE_MEMCPY 1
| #define HAVE_MEMMOVE 1
| #define HAVE_STRDUP 1
| #define HAVE_STRERROR 1
| #define HAVE_STRCASECMP 1
| #define HAVE_STRNCASECMP 1
| #define HAVE_FCNTL_H 1
| #define HAVE_SYS_TIME_H 1
| #define HAVE_UNISTD_H 1
| #define HAVE_DECL_GETENV 1
| #define HAVE_INTTYPES_H_WITH_UINTMAX 1
| #define HAVE_STDINT_H_WITH_UINTMAX 1
| #define HAVE_UNSIGNED_LONG_LONG 1
| #define HAVE_UINTMAX_T 1
| #define HAVE_MKSTEMP 1
| #define mkstemp rpl_mkstemp
| #define HAVE_STDINT_H 1
| #define HAVE_GETTIMEOFDAY 1
| #define HAVE_LONG_LONG 1
| #define HAVE_LONG_DOUBLE 1
| #define HAVE_WCHAR_T 1
| #define HAVE_WINT_T 1
| #define HAVE_INTMAX_T 1
| #define HAVE_POSIX_PRINTF 1
| #define HAVE_STDLIB_H 1
| #define HAVE_UNISTD_H 1
| #define HAVE_GETPAGESIZE 1
| #define HAVE_MMAP 1
| #define INTDIV0_RAISES_SIGFPE 0
| #define HAVE_INTTYPES_H 1
| #define HAVE_STDINT_H 1
| #define HAVE_STDINT_H 1
| /* end confdefs.h.  */
| #include <argz.h>
configure:11470: result: no
configure:11505: checking for argz.h
configure:11512: result: no
configure:11380: checking for limits.h
configure:11385: result: yes
configure:11389: checking locale.h usability
configure:11401: cc -c -O -O2 -no-cpp-precomp  conftest.c >&5
configure:11407: $? = 0
configure:11411: test -z 
			 || test ! -s conftest.err
configure:11414: $? = 0
configure:11417: test -s conftest.o
configure:11420: $? = 0
configure:11430: result: yes
configure:11434: checking locale.h presence
configure:11444: cc -E  conftest.c
configure:11450: $? = 0
configure:11470: result: yes
configure:11505: checking for locale.h
configure:11512: result: yes
configure:11389: checking nl_types.h usability
configure:11401: cc -c -O -O2 -no-cpp-precomp  conftest.c >&5
configure:11407: $? = 0
configure:11411: test -z 
			 || test ! -s conftest.err
configure:11414: $? = 0
configure:11417: test -s conftest.o
configure:11420: $? = 0
configure:11430: result: yes
configure:11434: checking nl_types.h presence
configure:11444: cc -E  conftest.c
configure:11450: $? = 0
configure:11470: result: yes
configure:11505: checking for nl_types.h
configure:11512: result: yes
configure:11389: checking malloc.h usability
configure:11401: cc -c -O -O2 -no-cpp-precomp  conftest.c >&5
conftest.c:119:10: fatal error: 'malloc.h' file not found
#include <malloc.h>
         ^~~~~~~~~~
1 error generated.
configure:11407: $? = 1
configure: failed program was:
| /* confdefs.h.  */
| 
| #define PACKAGE_NAME "GNU Texinfo"
| #define PACKAGE_TARNAME "texinfo"
| #define PACKAGE_VERSION "4.8"
| #define PACKAGE_STRING "GNU Texinfo 4.8"
| #define PACKAGE_BUGREPORT ""
| #define PACKAGE "texinfo"
| #define VERSION "4.8"
| #define STDC_HEADERS 1
| #define HAVE_SYS_TYPES_H 1
| #define HAVE_SYS_STAT_H 1
| #define HAVE_STDLIB_H 1
| #define HAVE_STRING_H 1
| #define HAVE_MEMORY_H 1
| #define HAVE_STRINGS_H 1
| #define HAVE_INTTYPES_H 1
| #define HAVE_STDINT_H 1
| #define HAVE_UNISTD_H 1
| #define STDC_HEADERS 1
| #define HAVE_FCNTL_H 1
| #define HAVE_LIMITS_H 1
| #define HAVE_PWD_H 1
| #define HAVE_STRING_H 1
| #define HAVE_STRINGS_H 1
| #define HAVE_TERMCAP_H 1
| #define HAVE_TERMIOS_H 1
| #define HAVE_UNISTD_H 1
| #define HAVE_SYS_FCNTL_H 1
| #define HAVE_SYS_FILE_H 1
| #define HAVE_SYS_TIME_H 1
| #define HAVE_SYS_WAIT_H 1
| #define RETSIGTYPE void
| #define HAVE_DECL_MEMCHR 1
| #define HAVE_DECL_STRCOLL 1
| #define HAVE_DECL_STRERROR 1
| #define HAVE_ALLOCA_H 1
| #define HAVE_ALLOCA 1
| #define HAVE_STRCOLL 1
| #define HAVE_VPRINTF 1
| #define HAVE_BZERO 1
| #define HAVE_GETCWD 1
| #define HAVE_MEMSET 1
| #define HAVE_SETVBUF 1
| #define HAVE_SIGACTION 1
| #define HAVE_SIGPROCMASK 1
| #define HAVE_SIGSETMASK 1
| #define HAVE_STRCHR 1
| #define HAVE_MEMCPY 1
| #define HAVE_MEMMOVE 1
| #define HAVE_STRDUP 1
| #define HAVE_STRERROR 1
| #define HAVE_STRCASECMP 1
| #define HAVE_STRNCASECMP 1
| #define HAVE_FCNTL_H 1
| #define HAVE_SYS_TIME_H 1
| #define HAVE_UNISTD_H 1
| #define HAVE_DECL_GETENV 1
| #define HAVE_INTTYPES_H_WITH_UINTMAX 1
| #define HAVE_STDINT_H_WITH_UINTMAX 1
| #define HAVE_UNSIGNED_LONG_LONG 1
| #define HAVE_UINTMAX_T 1
| #define HAVE_MKSTEMP 1
| #define mkstemp rpl_mkstemp
| #define HAVE_STDINT_H 1
| #define HAVE_GETTIMEOFDAY 1
| #define HAVE_LONG_LONG 1
| #define HAVE_LONG_DOUBLE 1
| #define HAVE_WCHAR_T 1
| #define HAVE_WINT_T 1
| #define HAVE_INTMAX_T 1
| #define HAVE_POSIX_PRINTF 1
| #define HAVE_STDLIB_H 1
| #define HAVE_UNISTD_H 1
| #define HAVE_GETPAGESIZE 1
| #define HAVE_MMAP 1
| #define INTDIV0_RAISES_SIGFPE 0
| #define HAVE_INTTYPES_H 1
| #define HAVE_STDINT_H 1
| #define HAVE_STDINT_H 1
| #define HAVE_LIMITS_H 1
| #define HAVE_LOCALE_H 1
| #define HAVE_NL_TYPES_H 1
| /* end confdefs.h.  */
| #include <stdio.h>
| #if HAVE_SYS_TYPES_H
| # include <sys/types.h>
| #endif
| #if HAVE_SYS_STAT_H
| # include <sys/stat.h>
| #endif
| #if STDC_HEADERS
| # include <stdlib.h>
| # include <stddef.h>
| #else
| # if HAVE_STDLIB_H
| #  include <stdlib.h>
| # endif
| #endif
| #if HAVE_STRING_H
| # if !STDC_HEADERS && HAVE_MEMORY_H
| #  include <memory.h>
| # endif
| # include <string.h>
| #endif
| #if HAVE_STRINGS_H
| # include <strings.h>
| #endif
| #if HAVE_INTTYPES_H
| # include <inttypes.h>
| #else
| # if HAVE_STDINT_H
| #  include <stdint.h>
| # endif
| #endif
| #if HAVE_UNISTD_H
| # include <unistd.h>
| #endif
| #include <malloc.h>
configure:11430: result: no
configure:11434: checking malloc.h presence
configure:11444: cc -E  conftest.c
conftest.c:85:10: fatal error: 'malloc.h' file not found
#include <malloc.h>
         ^~~~~~~~~~
1 error generated.
configure:11450: $? = 1
configure: failed program was:
| /* confdefs.h.  */
| 
| #define PACKAGE_NAME "GNU Texinfo"
| #define PACKAGE_TARNAME "texinfo"
| #define PACKAGE_VERSION "4.8"
| #define PACKAGE_STRING "GNU Texinfo 4.8"
| #define PACKAGE_BUGREPORT ""
| #define PACKAGE "texinfo"
| #define VERSION "4.8"
| #define STDC_HEADERS 1
| #define HAVE_SYS_TYPES_H 1
| #define HAVE_SYS_STAT_H 1
| #define HAVE_STDLIB_H 1
| #define HAVE_STRING_H 1
| #define HAVE_MEMORY_H 1
| #define HAVE_STRINGS_H 1
| #define HAVE_INTTYPES_H 1
| #define HAVE_STDINT_H 1
| #define HAVE_UNISTD_H 1
| #define STDC_HEADERS 1
| #define HAVE_FCNTL_H 1
| #define HAVE_LIMITS_H 1
| #define HAVE_PWD_H 1
| #define HAVE_STRING_H 1
| #define HAVE_STRINGS_H 1
| #define HAVE_TERMCAP_H 1
| #define HAVE_TERMIOS_H 1
| #define HAVE_UNISTD_H 1
| #define HAVE_SYS_FCNTL_H 1
| #define HAVE_SYS_FILE_H 1
| #define HAVE_SYS_TIME_H 1
| #define HAVE_SYS_WAIT_H 1
| #define RETSIGTYPE void
| #define HAVE_DECL_MEMCHR 1
| #define HAVE_DECL_STRCOLL 1
| #define HAVE_DECL_STRERROR 1
| #define HAVE_ALLOCA_H 1
| #define HAVE_ALLOCA 1
| #define HAVE_STRCOLL 1
| #define HAVE_VPRINTF 1
| #define HAVE_BZERO 1
| #define HAVE_GETCWD 1
| #define HAVE_MEMSET 1
| #define HAVE_SETVBUF 1
| #define HAVE_SIGACTION 1
| #define HAVE_SIGPROCMASK 1
| #define HAVE_SIGSETMASK 1
| #define HAVE_STRCHR 1
| #define HAVE_MEMCPY 1
| #define HAVE_MEMMOVE 1
| #define HAVE_STRDUP 1
| #define HAVE_STRERROR 1
| #define HAVE_STRCASECMP 1
| #define HAVE_STRNCASECMP 1
| #define HAVE_FCNTL_H 1
| #define HAVE_SYS_TIME_H 1
| #define HAVE_UNISTD_H 1
| #define HAVE_DECL_GETENV 1
| #define HAVE_INTTYPES_H_WITH_UINTMAX 1
| #define HAVE_STDINT_H_WITH_UINTMAX 1
| #define HAVE_UNSIGNED_LONG_LONG 1
| #define HAVE_UINTMAX_T 1
| #define HAVE_MKSTEMP 1
| #define mkstemp rpl_mkstemp
| #define HAVE_STDINT_H 1
| #define HAVE_GETTIMEOFDAY 1
| #define HAVE_LONG_LONG 1
| #define HAVE_LONG_DOUBLE 1
| #define HAVE_WCHAR_T 1
| #define HAVE_WINT_T 1
| #define HAVE_INTMAX_T 1
| #define HAVE_POSIX_PRINTF 1
| #define HAVE_STDLIB_H 1
| #define HAVE_UNISTD_H 1
| #define HAVE_GETPAGESIZE 1
| #define HAVE_MMAP 1
| #define INTDIV0_RAISES_SIGFPE 0
| #define HAVE_INTTYPES_H 1
| #define HAVE_STDINT_H 1
| #define HAVE_STDINT_H 1
| #define HAVE_LIMITS_H 1
| #define HAVE_LOCALE_H 1
| #define HAVE_NL_TYPES_H 1
| /* end confdefs.h.  */
| #include <malloc.h>
configure:11470: result: no
configure:11505: checking for malloc.h
configure:11512: result: no
configure:11389: checking stddef.h usability
configure:11401: cc -c -O -O2 -no-cpp-precomp  conftest.c >&5
configure:11407: $? = 0
configure:11411: test -z 
			 || test ! -s conftest.err
configure:11414: $? = 0
configure:11417: test -s conftest.o
configure:11420: $? = 0
configure:11430: result: yes
configure:11434: checking stddef.h presence
configure:11444: cc -E  conftest.c
configure:11450: $? = 0
configure:11470: result: yes
configure:11505: checking for stddef.h
configure:11512: result: yes
configure:11380: checking for stdlib.h
configure:11385: result: yes
configure:11380: checking for string.h
configure:11385: result: yes
configure:11380: checking for unistd.h
configure:11385: result: yes
configure:11389: checking sys/param.h usability
configure:11401: cc -c -O -O2 -no-cpp-precomp  conftest.c >&5
configure:11407: $? = 0
configure:11411: test -z 
			 || test ! -s conftest.err
configure:11414: $? = 0
configure:11417: test -s conftest.o
configure:11420: $? = 0
configure:11430: result: yes
configure:11434: checking sys/param.h presence
configure:11444: cc -E  conftest.c
configure:11450: $? = 0
configure:11470: result: yes
configure:11505: checking for sys/param.h
configure:11512: result: yes
configure:11554: checking for asprintf
configure:11611: cc -o conftest -O -O2 -no-cpp-precomp   conftest.c  >&5
configure:11617: $? = 0
configure:11621: test -z 
			 || test ! -s conftest.err
configure:11624: $? = 0
configure:11627: test -s conftest
configure:11630: $? = 0
configure:11642: result: yes
configure:11554: checking for fwprintf
configure:11611: cc -o conftest -O -O2 -no-cpp-precomp   conftest.c  >&5
configure:11617: $? = 0
configure:11621: test -z 
			 || test ! -s conftest.err
configure:11624: $? = 0
configure:11627: test -s conftest
configure:11630: $? = 0
configure:11642: result: yes
configure:11554: checking for getcwd
configure:11642: result: yes
configure:11554: checking for getegid
configure:11611: cc -o conftest -O -O2 -no-cpp-precomp   conftest.c  >&5
configure:11617: $? = 0
configure:11621: test -z 
			 || test ! -s conftest.err
configure:11624: $? = 0
configure:11627: test -s conftest
configure:11630: $? = 0
configure:11642: result: yes
configure:11554: checking for geteuid
configure:11611: cc -o conftest -O -O2 -no-cpp-precomp   conftest.c  >&5
configure:11617: $? = 0
configure:11621: test -z 
			 || test ! -s conftest.err
configure:11624: $? = 0
configure:11627: test -s conftest
configure:11630: $? = 0
configure:11642: result: yes
configure:11554: checking for getgid
configure:11611: cc -o conftest -O -O2 -no-cpp-precomp   conftest.c  >&5
configure:11617: $? = 0
configure:11621: test -z 
			 || test ! -s conftest.err
configure:11624: $? = 0
configure:11627: test -s conftest
configure:11630: $? = 0
configure:11642: result: yes
configure:11554: checking for getuid
configure:11611: cc -o conftest -O -O2 -no-cpp-precomp   conftest.c  >&5
configure:11617: $? = 0
configure:11621: test -z 
			 || test ! -s conftest.err
configure:11624: $? = 0
configure:11627: test -s conftest
configure:11630: $? = 0
configure:11642: result: yes
configure:11554: checking for mempcpy
configure:11611: cc -o conftest -O -O2 -no-cpp-precomp   conftest.c  >&5
conftest.c:121:6: warning: incompatible redeclaration of library function 'mempcpy' [-Wincompatible-library-redeclaration]
char mempcpy ();
     ^
conftest.c:121:6: note: 'mempcpy' is a builtin with type 'void *(void *, const void *, unsigned long)'
1 warning generated.
Undefined symbols for architecture x86_64:
  "_mempcpy", referenced from:
      _main in conftest-9dbcf5.o
      _f in conftest-9dbcf5.o
ld: symbol(s) not found for architecture x86_64
clang: error: linker command failed with exit code 1 (use -v to see invocation)
configure:11617: $? = 1
configure: failed program was:
| /* confdefs.h.  */
| 
| #define PACKAGE_NAME "GNU Texinfo"
| #define PACKAGE_TARNAME "texinfo"
| #define PACKAGE_VERSION "4.8"
| #define PACKAGE_STRING "GNU Texinfo 4.8"
| #define PACKAGE_BUGREPORT ""
| #define PACKAGE "texinfo"
| #define VERSION "4.8"
| #define STDC_HEADERS 1
| #define HAVE_SYS_TYPES_H 1
| #define HAVE_SYS_STAT_H 1
| #define HAVE_STDLIB_H 1
| #define HAVE_STRING_H 1
| #define HAVE_MEMORY_H 1
| #define HAVE_STRINGS_H 1
| #define HAVE_INTTYPES_H 1
| #define HAVE_STDINT_H 1
| #define HAVE_UNISTD_H 1
| #define STDC_HEADERS 1
| #define HAVE_FCNTL_H 1
| #define HAVE_LIMITS_H 1
| #define HAVE_PWD_H 1
| #define HAVE_STRING_H 1
| #define HAVE_STRINGS_H 1
| #define HAVE_TERMCAP_H 1
| #define HAVE_TERMIOS_H 1
| #define HAVE_UNISTD_H 1
| #define HAVE_SYS_FCNTL_H 1
| #define HAVE_SYS_FILE_H 1
| #define HAVE_SYS_TIME_H 1
| #define HAVE_SYS_WAIT_H 1
| #define RETSIGTYPE void
| #define HAVE_DECL_MEMCHR 1
| #define HAVE_DECL_STRCOLL 1
| #define HAVE_DECL_STRERROR 1
| #define HAVE_ALLOCA_H 1
| #define HAVE_ALLOCA 1
| #define HAVE_STRCOLL 1
| #define HAVE_VPRINTF 1
| #define HAVE_BZERO 1
| #define HAVE_GETCWD 1
| #define HAVE_MEMSET 1
| #define HAVE_SETVBUF 1
| #define HAVE_SIGACTION 1
| #define HAVE_SIGPROCMASK 1
| #define HAVE_SIGSETMASK 1
| #define HAVE_STRCHR 1
| #define HAVE_MEMCPY 1
| #define HAVE_MEMMOVE 1
| #define HAVE_STRDUP 1
| #define HAVE_STRERROR 1
| #define HAVE_STRCASECMP 1
| #define HAVE_STRNCASECMP 1
| #define HAVE_FCNTL_H 1
| #define HAVE_SYS_TIME_H 1
| #define HAVE_UNISTD_H 1
| #define HAVE_DECL_GETENV 1
| #define HAVE_INTTYPES_H_WITH_UINTMAX 1
| #define HAVE_STDINT_H_WITH_UINTMAX 1
| #define HAVE_UNSIGNED_LONG_LONG 1
| #define HAVE_UINTMAX_T 1
| #define HAVE_MKSTEMP 1
| #define mkstemp rpl_mkstemp
| #define HAVE_STDINT_H 1
| #define HAVE_GETTIMEOFDAY 1
| #define HAVE_LONG_LONG 1
| #define HAVE_LONG_DOUBLE 1
| #define HAVE_WCHAR_T 1
| #define HAVE_WINT_T 1
| #define HAVE_INTMAX_T 1
| #define HAVE_POSIX_PRINTF 1
| #define HAVE_STDLIB_H 1
| #define HAVE_UNISTD_H 1
| #define HAVE_GETPAGESIZE 1
| #define HAVE_MMAP 1
| #define INTDIV0_RAISES_SIGFPE 0
| #define HAVE_INTTYPES_H 1
| #define HAVE_STDINT_H 1
| #define HAVE_STDINT_H 1
| #define HAVE_LIMITS_H 1
| #define HAVE_LOCALE_H 1
| #define HAVE_NL_TYPES_H 1
| #define HAVE_STDDEF_H 1
| #define HAVE_STDLIB_H 1
| #define HAVE_STRING_H 1
| #define HAVE_UNISTD_H 1
| #define HAVE_SYS_PARAM_H 1
| #define HAVE_ASPRINTF 1
| #define HAVE_FWPRINTF 1
| #define HAVE_GETCWD 1
| #define HAVE_GETEGID 1
| #define HAVE_GETEUID 1
| #define HAVE_GETGID 1
| #define HAVE_GETUID 1
| /* end confdefs.h.  */
| /* Define mempcpy to an innocuous variant, in case <limits.h> declares mempcpy.
|    For example, HP-UX 11i <limits.h> declares gettimeofday.  */
| #define mempcpy innocuous_mempcpy
| 
| /* System header to define __stub macros and hopefully few prototypes,
|     which can conflict with char mempcpy (); below.
|     Prefer <limits.h> to <assert.h> if __STDC__ is defined, since
|     <limits.h> exists even on freestanding compilers.  */
| 
| #ifdef __STDC__
| # include <limits.h>
| #else
| # include <assert.h>
| #endif
| 
| #undef mempcpy
| 
| /* Override any gcc2 internal prototype to avoid an error.  */
| #ifdef __cplusplus
| extern "C"
| {
| #endif
| /* We use char because int might match the return type of a gcc2
|    builtin and then its argument prototype would still apply.  */
| char mempcpy ();
| /* The GNU C library defines this for functions which it implements
|     to always fail with ENOSYS.  Some functions are actually named
|     something starting with __ and the normal name is an alias.  */
| #if defined (__stub_mempcpy) || defined (__stub___mempcpy)
| choke me
| #else
| char (*f) () = mempcpy;
| #endif
| #ifdef __cplusplus
| }
| #endif
| 
| int
| main ()
| {
| return f != mempcpy;
|   ;
|   return 0;
| }
configure:11642: result: no
configure:11554: checking for munmap
configure:11611: cc -o conftest -O -O2 -no-cpp-precomp   conftest.c  >&5
configure:11617: $? = 0
configure:11621: test -z 
			 || test ! -s conftest.err
configure:11624: $? = 0
configure:11627: test -s conftest
configure:11630: $? = 0
configure:11642: result: yes
configure:11554: checking for putenv
configure:11611: cc -o conftest -O -O2 -no-cpp-precomp   conftest.c  >&5
configure:11617: $? = 0
configure:11621: test -z 
			 || test ! -s conftest.err
configure:11624: $? = 0
configure:11627: test -s conftest
configure:11630: $? = 0
configure:11642: result: yes
configure:11554: checking for setenv
configure:11611: cc -o conftest -O -O2 -no-cpp-precomp   conftest.c  >&5
configure:11617: $? = 0
configure:11621: test -z 
			 || test ! -s conftest.err
configure:11624: $? = 0
configure:11627: test -s conftest
configure:11630: $? = 0
configure:11642: result: yes
configure:11554: checking for setlocale
configure:11611: cc -o conftest -O -O2 -no-cpp-precomp   conftest.c  >&5
configure:11617: $? = 0
configure:11621: test -z 
			 || test ! -s conftest.err
configure:11624: $? = 0
configure:11627: test -s conftest
configure:11630: $? = 0
configure:11642: result: yes
configure:11554: checking for snprintf
configure:11611: cc -o conftest -O -O2 -no-cpp-precomp   conftest.c  >&5
conftest.c:125:6: warning: incompatible redeclaration of library function 'snprintf' [-Wincompatible-library-redeclaration]
char snprintf ();
     ^
conftest.c:125:6: note: 'snprintf' is a builtin with type 'int (char *, unsigned long, const char *, ...)'
1 warning generated.
configure:11617: $? = 0
configure:11621: test -z 
			 || test ! -s conftest.err
configure:11624: $? = 0
configure:11627: test -s conftest
configure:11630: $? = 0
configure:11642: result: yes
configure:11554: checking for stpcpy
configure:11611: cc -o conftest -O -O2 -no-cpp-precomp   conftest.c  >&5
conftest.c:126:6: warning: incompatible redeclaration of library function 'stpcpy' [-Wincompatible-library-redeclaration]
char stpcpy ();
     ^
conftest.c:126:6: note: 'stpcpy' is a builtin with type 'char *(char *, const char *)'
1 warning generated.
configure:11617: $? = 0
configure:11621: test -z 
			 || test ! -s conftest.err
configure:11624: $? = 0
configure:11627: test -s conftest
configure:11630: $? = 0
configure:11642: result: yes
configure:11554: checking for strcasecmp
configure:11642: result: yes
configure:11554: checking for strdup
configure:11642: result: yes
configure:11554: checking for strtoul
configure:11611: cc -o conftest -O -O2 -no-cpp-precomp   conftest.c  >&5
conftest.c:129:6: warning: incompatible redeclaration of library function 'strtoul' [-Wincompatible-library-redeclaration]
char strtoul ();
     ^
conftest.c:129:6: note: 'strtoul' is a builtin with type 'unsigned long (const char *, char **, int)'
1 warning generated.
configure:11617: $? = 0
configure:11621: test -z 
			 || test ! -s conftest.err
configure:11624: $? = 0
configure:11627: test -s conftest
configure:11630: $? = 0
configure:11642: result: yes
configure:11554: checking for tsearch
configure:11611: cc -o conftest -O -O2 -no-cpp-precomp   conftest.c  >&5
configure:11617: $? = 0
configure:11621: test -z 
			 || test ! -s conftest.err
configure:11624: $? = 0
configure:11627: test -s conftest
configure:11630: $? = 0
configure:11642: result: yes
configure:11554: checking for wcslen
configure:11611: cc -o conftest -O -O2 -no-cpp-precomp   conftest.c  >&5
conftest.c:131:6: warning: incompatible redeclaration of library function 'wcslen' [-Wincompatible-library-redeclaration]
char wcslen ();
     ^
conftest.c:131:6: note: 'wcslen' is a builtin with type 'unsigned long (const int *)'
1 warning generated.
configure:11617: $? = 0
configure:11621: test -z 
			 || test ! -s conftest.err
configure:11624: $? = 0
configure:11627: test -s conftest
configure:11630: $? = 0
configure:11642: result: yes
configure:11554: checking for __argz_count
configure:11611: cc -o conftest -O -O2 -no-cpp-precomp   conftest.c  >&5
Undefined symbols for architecture x86_64:
  "___argz_count", referenced from:
      _main in conftest-98dddb.o
      _f in conftest-98dddb.o
ld: symbol(s) not found for architecture x86_64
clang: error: linker command failed with exit code 1 (use -v to see invocation)
configure:11617: $? = 1
configure: failed program was:
| /* confdefs.h.  */
| 
| #define PACKAGE_NAME "GNU Texinfo"
| #define PACKAGE_TARNAME "texinfo"
| #define PACKAGE_VERSION "4.8"
| #define PACKAGE_STRING "GNU Texinfo 4.8"
| #define PACKAGE_BUGREPORT ""
| #define PACKAGE "texinfo"
| #define VERSION "4.8"
| #define STDC_HEADERS 1
| #define HAVE_SYS_TYPES_H 1
| #define HAVE_SYS_STAT_H 1
| #define HAVE_STDLIB_H 1
| #define HAVE_STRING_H 1
| #define HAVE_MEMORY_H 1
| #define HAVE_STRINGS_H 1
| #define HAVE_INTTYPES_H 1
| #define HAVE_STDINT_H 1
| #define HAVE_UNISTD_H 1
| #define STDC_HEADERS 1
| #define HAVE_FCNTL_H 1
| #define HAVE_LIMITS_H 1
| #define HAVE_PWD_H 1
| #define HAVE_STRING_H 1
| #define HAVE_STRINGS_H 1
| #define HAVE_TERMCAP_H 1
| #define HAVE_TERMIOS_H 1
| #define HAVE_UNISTD_H 1
| #define HAVE_SYS_FCNTL_H 1
| #define HAVE_SYS_FILE_H 1
| #define HAVE_SYS_TIME_H 1
| #define HAVE_SYS_WAIT_H 1
| #define RETSIGTYPE void
| #define HAVE_DECL_MEMCHR 1
| #define HAVE_DECL_STRCOLL 1
| #define HAVE_DECL_STRERROR 1
| #define HAVE_ALLOCA_H 1
| #define HAVE_ALLOCA 1
| #define HAVE_STRCOLL 1
| #define HAVE_VPRINTF 1
| #define HAVE_BZERO 1
| #define HAVE_GETCWD 1
| #define HAVE_MEMSET 1
| #define HAVE_SETVBUF 1
| #define HAVE_SIGACTION 1
| #define HAVE_SIGPROCMASK 1
| #define HAVE_SIGSETMASK 1
| #define HAVE_STRCHR 1
| #define HAVE_MEMCPY 1
| #define HAVE_MEMMOVE 1
| #define HAVE_STRDUP 1
| #define HAVE_STRERROR 1
| #define HAVE_STRCASECMP 1
| #define HAVE_STRNCASECMP 1
| #define HAVE_FCNTL_H 1
| #define HAVE_SYS_TIME_H 1
| #define HAVE_UNISTD_H 1
| #define HAVE_DECL_GETENV 1
| #define HAVE_INTTYPES_H_WITH_UINTMAX 1
| #define HAVE_STDINT_H_WITH_UINTMAX 1
| #define HAVE_UNSIGNED_LONG_LONG 1
| #define HAVE_UINTMAX_T 1
| #define HAVE_MKSTEMP 1
| #define mkstemp rpl_mkstemp
| #define HAVE_STDINT_H 1
| #define HAVE_GETTIMEOFDAY 1
| #define HAVE_LONG_LONG 1
| #define HAVE_LONG_DOUBLE 1
| #define HAVE_WCHAR_T 1
| #define HAVE_WINT_T 1
| #define HAVE_INTMAX_T 1
| #define HAVE_POSIX_PRINTF 1
| #define HAVE_STDLIB_H 1
| #define HAVE_UNISTD_H 1
| #define HAVE_GETPAGESIZE 1
| #define HAVE_MMAP 1
| #define INTDIV0_RAISES_SIGFPE 0
| #define HAVE_INTTYPES_H 1
| #define HAVE_STDINT_H 1
| #define HAVE_STDINT_H 1
| #define HAVE_LIMITS_H 1
| #define HAVE_LOCALE_H 1
| #define HAVE_NL_TYPES_H 1
| #define HAVE_STDDEF_H 1
| #define HAVE_STDLIB_H 1
| #define HAVE_STRING_H 1
| #define HAVE_UNISTD_H 1
| #define HAVE_SYS_PARAM_H 1
| #define HAVE_ASPRINTF 1
| #define HAVE_FWPRINTF 1
| #define HAVE_GETCWD 1
| #define HAVE_GETEGID 1
| #define HAVE_GETEUID 1
| #define HAVE_GETGID 1
| #define HAVE_GETUID 1
| #define HAVE_MUNMAP 1
| #define HAVE_PUTENV 1
| #define HAVE_SETENV 1
| #define HAVE_SETLOCALE 1
| #define HAVE_SNPRINTF 1
| #define HAVE_STPCPY 1
| #define HAVE_STRCASECMP 1
| #define HAVE_STRDUP 1
| #define HAVE_STRTOUL 1
| #define HAVE_TSEARCH 1
| #define HAVE_WCSLEN 1
| /* end confdefs.h.  */
| /* Define __argz_count to an innocuous variant, in case <limits.h> declares __argz_count.
|    For example, HP-UX 11i <limits.h> declares gettimeofday.  */
| #define __argz_count innocuous___argz_count
| 
| /* System header to define __stub macros and hopefully few prototypes,
|     which can conflict with char __argz_count (); below.
|     Prefer <limits.h> to <assert.h> if __STDC__ is defined, since
|     <limits.h> exists even on freestanding compilers.  */
| 
| #ifdef __STDC__
| # include <limits.h>
| #else
| # include <assert.h>
| #endif
| 
| #undef __argz_count
| 
| /* Override any gcc2 internal prototype to avoid an error.  */
| #ifdef __cplusplus
| extern "C"
| {
| #endif
| /* We use char because int might match the return type of a gcc2
|    builtin and then its argument prototype would still apply.  */
| char __argz_count ();
| /* The GNU C library defines this for functions which it implements
|     to always fail with ENOSYS.  Some functions are actually named
|     something starting with __ and the normal name is an alias.  */
| #if defined (__stub___argz_count) || defined (__stub_____argz_count)
| choke me
| #else
| char (*f) () = __argz_count;
| #endif
| #ifdef __cplusplus
| }
| #endif
| 
| int
| main ()
| {
| return f != __argz_count;
|   ;
|   return 0;
| }
configure:11642: result: no
configure:11554: checking for __argz_stringify
configure:11611: cc -o conftest -O -O2 -no-cpp-precomp   conftest.c  >&5
Undefined symbols for architecture x86_64:
  "___argz_stringify", referenced from:
      _main in conftest-b8b9e0.o
      _f in conftest-b8b9e0.o
ld: symbol(s) not found for architecture x86_64
clang: error: linker command failed with exit code 1 (use -v to see invocation)
configure:11617: $? = 1
configure: failed program was:
| /* confdefs.h.  */
| 
| #define PACKAGE_NAME "GNU Texinfo"
| #define PACKAGE_TARNAME "texinfo"
| #define PACKAGE_VERSION "4.8"
| #define PACKAGE_STRING "GNU Texinfo 4.8"
| #define PACKAGE_BUGREPORT ""
| #define PACKAGE "texinfo"
| #define VERSION "4.8"
| #define STDC_HEADERS 1
| #define HAVE_SYS_TYPES_H 1
| #define HAVE_SYS_STAT_H 1
| #define HAVE_STDLIB_H 1
| #define HAVE_STRING_H 1
| #define HAVE_MEMORY_H 1
| #define HAVE_STRINGS_H 1
| #define HAVE_INTTYPES_H 1
| #define HAVE_STDINT_H 1
| #define HAVE_UNISTD_H 1
| #define STDC_HEADERS 1
| #define HAVE_FCNTL_H 1
| #define HAVE_LIMITS_H 1
| #define HAVE_PWD_H 1
| #define HAVE_STRING_H 1
| #define HAVE_STRINGS_H 1
| #define HAVE_TERMCAP_H 1
| #define HAVE_TERMIOS_H 1
| #define HAVE_UNISTD_H 1
| #define HAVE_SYS_FCNTL_H 1
| #define HAVE_SYS_FILE_H 1
| #define HAVE_SYS_TIME_H 1
| #define HAVE_SYS_WAIT_H 1
| #define RETSIGTYPE void
| #define HAVE_DECL_MEMCHR 1
| #define HAVE_DECL_STRCOLL 1
| #define HAVE_DECL_STRERROR 1
| #define HAVE_ALLOCA_H 1
| #define HAVE_ALLOCA 1
| #define HAVE_STRCOLL 1
| #define HAVE_VPRINTF 1
| #define HAVE_BZERO 1
| #define HAVE_GETCWD 1
| #define HAVE_MEMSET 1
| #define HAVE_SETVBUF 1
| #define HAVE_SIGACTION 1
| #define HAVE_SIGPROCMASK 1
| #define HAVE_SIGSETMASK 1
| #define HAVE_STRCHR 1
| #define HAVE_MEMCPY 1
| #define HAVE_MEMMOVE 1
| #define HAVE_STRDUP 1
| #define HAVE_STRERROR 1
| #define HAVE_STRCASECMP 1
| #define HAVE_STRNCASECMP 1
| #define HAVE_FCNTL_H 1
| #define HAVE_SYS_TIME_H 1
| #define HAVE_UNISTD_H 1
| #define HAVE_DECL_GETENV 1
| #define HAVE_INTTYPES_H_WITH_UINTMAX 1
| #define HAVE_STDINT_H_WITH_UINTMAX 1
| #define HAVE_UNSIGNED_LONG_LONG 1
| #define HAVE_UINTMAX_T 1
| #define HAVE_MKSTEMP 1
| #define mkstemp rpl_mkstemp
| #define HAVE_STDINT_H 1
| #define HAVE_GETTIMEOFDAY 1
| #define HAVE_LONG_LONG 1
| #define HAVE_LONG_DOUBLE 1
| #define HAVE_WCHAR_T 1
| #define HAVE_WINT_T 1
| #define HAVE_INTMAX_T 1
| #define HAVE_POSIX_PRINTF 1
| #define HAVE_STDLIB_H 1
| #define HAVE_UNISTD_H 1
| #define HAVE_GETPAGESIZE 1
| #define HAVE_MMAP 1
| #define INTDIV0_RAISES_SIGFPE 0
| #define HAVE_INTTYPES_H 1
| #define HAVE_STDINT_H 1
| #define HAVE_STDINT_H 1
| #define HAVE_LIMITS_H 1
| #define HAVE_LOCALE_H 1
| #define HAVE_NL_TYPES_H 1
| #define HAVE_STDDEF_H 1
| #define HAVE_STDLIB_H 1
| #define HAVE_STRING_H 1
| #define HAVE_UNISTD_H 1
| #define HAVE_SYS_PARAM_H 1
| #define HAVE_ASPRINTF 1
| #define HAVE_FWPRINTF 1
| #define HAVE_GETCWD 1
| #define HAVE_GETEGID 1
| #define HAVE_GETEUID 1
| #define HAVE_GETGID 1
| #define HAVE_GETUID 1
| #define HAVE_MUNMAP 1
| #define HAVE_PUTENV 1
| #define HAVE_SETENV 1
| #define HAVE_SETLOCALE 1
| #define HAVE_SNPRINTF 1
| #define HAVE_STPCPY 1
| #define HAVE_STRCASECMP 1
| #define HAVE_STRDUP 1
| #define HAVE_STRTOUL 1
| #define HAVE_TSEARCH 1
| #define HAVE_WCSLEN 1
| /* end confdefs.h.  */
| /* Define __argz_stringify to an innocuous variant, in case <limits.h> declares __argz_stringify.
|    For example, HP-UX 11i <limits.h> declares gettimeofday.  */
| #define __argz_stringify innocuous___argz_stringify
| 
| /* System header to define __stub macros and hopefully few prototypes,
|     which can conflict with char __argz_stringify (); below.
|     Prefer <limits.h> to <assert.h> if __STDC__ is defined, since
|     <limits.h> exists even on freestanding compilers.  */
| 
| #ifdef __STDC__
| # include <limits.h>
| #else
| # include <assert.h>
| #endif
| 
| #undef __argz_stringify
| 
| /* Override any gcc2 internal prototype to avoid an error.  */
| #ifdef __cplusplus
| extern "C"
| {
| #endif
| /* We use char because int might match the return type of a gcc2
|    builtin and then its argument prototype would still apply.  */
| char __argz_stringify ();
| /* The GNU C library defines this for functions which it implements
|     to always fail with ENOSYS.  Some functions are actually named
|     something starting with __ and the normal name is an alias.  */
| #if defined (__stub___argz_stringify) || defined (__stub_____argz_stringify)
| choke me
| #else
| char (*f) () = __argz_stringify;
| #endif
| #ifdef __cplusplus
| }
| #endif
| 
| int
| main ()
| {
| return f != __argz_stringify;
|   ;
|   return 0;
| }
configure:11642: result: no
configure:11554: checking for __argz_next
configure:11611: cc -o conftest -O -O2 -no-cpp-precomp   conftest.c  >&5
Undefined symbols for architecture x86_64:
  "___argz_next", referenced from:
      _main in conftest-b34cee.o
      _f in conftest-b34cee.o
ld: symbol(s) not found for architecture x86_64
clang: error: linker command failed with exit code 1 (use -v to see invocation)
configure:11617: $? = 1
configure: failed program was:
| /* confdefs.h.  */
| 
| #define PACKAGE_NAME "GNU Texinfo"
| #define PACKAGE_TARNAME "texinfo"
| #define PACKAGE_VERSION "4.8"
| #define PACKAGE_STRING "GNU Texinfo 4.8"
| #define PACKAGE_BUGREPORT ""
| #define PACKAGE "texinfo"
| #define VERSION "4.8"
| #define STDC_HEADERS 1
| #define HAVE_SYS_TYPES_H 1
| #define HAVE_SYS_STAT_H 1
| #define HAVE_STDLIB_H 1
| #define HAVE_STRING_H 1
| #define HAVE_MEMORY_H 1
| #define HAVE_STRINGS_H 1
| #define HAVE_INTTYPES_H 1
| #define HAVE_STDINT_H 1
| #define HAVE_UNISTD_H 1
| #define STDC_HEADERS 1
| #define HAVE_FCNTL_H 1
| #define HAVE_LIMITS_H 1
| #define HAVE_PWD_H 1
| #define HAVE_STRING_H 1
| #define HAVE_STRINGS_H 1
| #define HAVE_TERMCAP_H 1
| #define HAVE_TERMIOS_H 1
| #define HAVE_UNISTD_H 1
| #define HAVE_SYS_FCNTL_H 1
| #define HAVE_SYS_FILE_H 1
| #define HAVE_SYS_TIME_H 1
| #define HAVE_SYS_WAIT_H 1
| #define RETSIGTYPE void
| #define HAVE_DECL_MEMCHR 1
| #define HAVE_DECL_STRCOLL 1
| #define HAVE_DECL_STRERROR 1
| #define HAVE_ALLOCA_H 1
| #define HAVE_ALLOCA 1
| #define HAVE_STRCOLL 1
| #define HAVE_VPRINTF 1
| #define HAVE_BZERO 1
| #define HAVE_GETCWD 1
| #define HAVE_MEMSET 1
| #define HAVE_SETVBUF 1
| #define HAVE_SIGACTION 1
| #define HAVE_SIGPROCMASK 1
| #define HAVE_SIGSETMASK 1
| #define HAVE_STRCHR 1
| #define HAVE_MEMCPY 1
| #define HAVE_MEMMOVE 1
| #define HAVE_STRDUP 1
| #define HAVE_STRERROR 1
| #define HAVE_STRCASECMP 1
| #define HAVE_STRNCASECMP 1
| #define HAVE_FCNTL_H 1
| #define HAVE_SYS_TIME_H 1
| #define HAVE_UNISTD_H 1
| #define HAVE_DECL_GETENV 1
| #define HAVE_INTTYPES_H_WITH_UINTMAX 1
| #define HAVE_STDINT_H_WITH_UINTMAX 1
| #define HAVE_UNSIGNED_LONG_LONG 1
| #define HAVE_UINTMAX_T 1
| #define HAVE_MKSTEMP 1
| #define mkstemp rpl_mkstemp
| #define HAVE_STDINT_H 1
| #define HAVE_GETTIMEOFDAY 1
| #define HAVE_LONG_LONG 1
| #define HAVE_LONG_DOUBLE 1
| #define HAVE_WCHAR_T 1
| #define HAVE_WINT_T 1
| #define HAVE_INTMAX_T 1
| #define HAVE_POSIX_PRINTF 1
| #define HAVE_STDLIB_H 1
| #define HAVE_UNISTD_H 1
| #define HAVE_GETPAGESIZE 1
| #define HAVE_MMAP 1
| #define INTDIV0_RAISES_SIGFPE 0
| #define HAVE_INTTYPES_H 1
| #define HAVE_STDINT_H 1
| #define HAVE_STDINT_H 1
| #define HAVE_LIMITS_H 1
| #define HAVE_LOCALE_H 1
| #define HAVE_NL_TYPES_H 1
| #define HAVE_STDDEF_H 1
| #define HAVE_STDLIB_H 1
| #define HAVE_STRING_H 1
| #define HAVE_UNISTD_H 1
| #define HAVE_SYS_PARAM_H 1
| #define HAVE_ASPRINTF 1
| #define HAVE_FWPRINTF 1
| #define HAVE_GETCWD 1
| #define HAVE_GETEGID 1
| #define HAVE_GETEUID 1
| #define HAVE_GETGID 1
| #define HAVE_GETUID 1
| #define HAVE_MUNMAP 1
| #define HAVE_PUTENV 1
| #define HAVE_SETENV 1
| #define HAVE_SETLOCALE 1
| #define HAVE_SNPRINTF 1
| #define HAVE_STPCPY 1
| #define HAVE_STRCASECMP 1
| #define HAVE_STRDUP 1
| #define HAVE_STRTOUL 1
| #define HAVE_TSEARCH 1
| #define HAVE_WCSLEN 1
| /* end confdefs.h.  */
| /* Define __argz_next to an innocuous variant, in case <limits.h> declares __argz_next.
|    For example, HP-UX 11i <limits.h> declares gettimeofday.  */
| #define __argz_next innocuous___argz_next
| 
| /* System header to define __stub macros and hopefully few prototypes,
|     which can conflict with char __argz_next (); below.
|     Prefer <limits.h> to <assert.h> if __STDC__ is defined, since
|     <limits.h> exists even on freestanding compilers.  */
| 
| #ifdef __STDC__
| # include <limits.h>
| #else
| # include <assert.h>
| #endif
| 
| #undef __argz_next
| 
| /* Override any gcc2 internal prototype to avoid an error.  */
| #ifdef __cplusplus
| extern "C"
| {
| #endif
| /* We use char because int might match the return type of a gcc2
|    builtin and then its argument prototype would still apply.  */
| char __argz_next ();
| /* The GNU C library defines this for functions which it implements
|     to always fail with ENOSYS.  Some functions are actually named
|     something starting with __ and the normal name is an alias.  */
| #if defined (__stub___argz_next) || defined (__stub_____argz_next)
| choke me
| #else
| char (*f) () = __argz_next;
| #endif
| #ifdef __cplusplus
| }
| #endif
| 
| int
| main ()
| {
| return f != __argz_next;
|   ;
|   return 0;
| }
configure:11642: result: no
configure:11554: checking for __fsetlocking
configure:11611: cc -o conftest -O -O2 -no-cpp-precomp   conftest.c  >&5
Undefined symbols for architecture x86_64:
  "___fsetlocking", referenced from:
      _main in conftest-4d4c5b.o
      _f in conftest-4d4c5b.o
ld: symbol(s) not found for architecture x86_64
clang: error: linker command failed with exit code 1 (use -v to see invocation)
configure:11617: $? = 1
configure: failed program was:
| /* confdefs.h.  */
| 
| #define PACKAGE_NAME "GNU Texinfo"
| #define PACKAGE_TARNAME "texinfo"
| #define PACKAGE_VERSION "4.8"
| #define PACKAGE_STRING "GNU Texinfo 4.8"
| #define PACKAGE_BUGREPORT ""
| #define PACKAGE "texinfo"
| #define VERSION "4.8"
| #define STDC_HEADERS 1
| #define HAVE_SYS_TYPES_H 1
| #define HAVE_SYS_STAT_H 1
| #define HAVE_STDLIB_H 1
| #define HAVE_STRING_H 1
| #define HAVE_MEMORY_H 1
| #define HAVE_STRINGS_H 1
| #define HAVE_INTTYPES_H 1
| #define HAVE_STDINT_H 1
| #define HAVE_UNISTD_H 1
| #define STDC_HEADERS 1
| #define HAVE_FCNTL_H 1
| #define HAVE_LIMITS_H 1
| #define HAVE_PWD_H 1
| #define HAVE_STRING_H 1
| #define HAVE_STRINGS_H 1
| #define HAVE_TERMCAP_H 1
| #define HAVE_TERMIOS_H 1
| #define HAVE_UNISTD_H 1
| #define HAVE_SYS_FCNTL_H 1
| #define HAVE_SYS_FILE_H 1
| #define HAVE_SYS_TIME_H 1
| #define HAVE_SYS_WAIT_H 1
| #define RETSIGTYPE void
| #define HAVE_DECL_MEMCHR 1
| #define HAVE_DECL_STRCOLL 1
| #define HAVE_DECL_STRERROR 1
| #define HAVE_ALLOCA_H 1
| #define HAVE_ALLOCA 1
| #define HAVE_STRCOLL 1
| #define HAVE_VPRINTF 1
| #define HAVE_BZERO 1
| #define HAVE_GETCWD 1
| #define HAVE_MEMSET 1
| #define HAVE_SETVBUF 1
| #define HAVE_SIGACTION 1
| #define HAVE_SIGPROCMASK 1
| #define HAVE_SIGSETMASK 1
| #define HAVE_STRCHR 1
| #define HAVE_MEMCPY 1
| #define HAVE_MEMMOVE 1
| #define HAVE_STRDUP 1
| #define HAVE_STRERROR 1
| #define HAVE_STRCASECMP 1
| #define HAVE_STRNCASECMP 1
| #define HAVE_FCNTL_H 1
| #define HAVE_SYS_TIME_H 1
| #define HAVE_UNISTD_H 1
| #define HAVE_DECL_GETENV 1
| #define HAVE_INTTYPES_H_WITH_UINTMAX 1
| #define HAVE_STDINT_H_WITH_UINTMAX 1
| #define HAVE_UNSIGNED_LONG_LONG 1
| #define HAVE_UINTMAX_T 1
| #define HAVE_MKSTEMP 1
| #define mkstemp rpl_mkstemp
| #define HAVE_STDINT_H 1
| #define HAVE_GETTIMEOFDAY 1
| #define HAVE_LONG_LONG 1
| #define HAVE_LONG_DOUBLE 1
| #define HAVE_WCHAR_T 1
| #define HAVE_WINT_T 1
| #define HAVE_INTMAX_T 1
| #define HAVE_POSIX_PRINTF 1
| #define HAVE_STDLIB_H 1
| #define HAVE_UNISTD_H 1
| #define HAVE_GETPAGESIZE 1
| #define HAVE_MMAP 1
| #define INTDIV0_RAISES_SIGFPE 0
| #define HAVE_INTTYPES_H 1
| #define HAVE_STDINT_H 1
| #define HAVE_STDINT_H 1
| #define HAVE_LIMITS_H 1
| #define HAVE_LOCALE_H 1
| #define HAVE_NL_TYPES_H 1
| #define HAVE_STDDEF_H 1
| #define HAVE_STDLIB_H 1
| #define HAVE_STRING_H 1
| #define HAVE_UNISTD_H 1
| #define HAVE_SYS_PARAM_H 1
| #define HAVE_ASPRINTF 1
| #define HAVE_FWPRINTF 1
| #define HAVE_GETCWD 1
| #define HAVE_GETEGID 1
| #define HAVE_GETEUID 1
| #define HAVE_GETGID 1
| #define HAVE_GETUID 1
| #define HAVE_MUNMAP 1
| #define HAVE_PUTENV 1
| #define HAVE_SETENV 1
| #define HAVE_SETLOCALE 1
| #define HAVE_SNPRINTF 1
| #define HAVE_STPCPY 1
| #define HAVE_STRCASECMP 1
| #define HAVE_STRDUP 1
| #define HAVE_STRTOUL 1
| #define HAVE_TSEARCH 1
| #define HAVE_WCSLEN 1
| /* end confdefs.h.  */
| /* Define __fsetlocking to an innocuous variant, in case <limits.h> declares __fsetlocking.
|    For example, HP-UX 11i <limits.h> declares gettimeofday.  */
| #define __fsetlocking innocuous___fsetlocking
| 
| /* System header to define __stub macros and hopefully few prototypes,
|     which can conflict with char __fsetlocking (); below.
|     Prefer <limits.h> to <assert.h> if __STDC__ is defined, since
|     <limits.h> exists even on freestanding compilers.  */
| 
| #ifdef __STDC__
| # include <limits.h>
| #else
| # include <assert.h>
| #endif
| 
| #undef __fsetlocking
| 
| /* Override any gcc2 internal prototype to avoid an error.  */
| #ifdef __cplusplus
| extern "C"
| {
| #endif
| /* We use char because int might match the return type of a gcc2
|    builtin and then its argument prototype would still apply.  */
| char __fsetlocking ();
| /* The GNU C library defines this for functions which it implements
|     to always fail with ENOSYS.  Some functions are actually named
|     something starting with __ and the normal name is an alias.  */
| #if defined (__stub___fsetlocking) || defined (__stub_____fsetlocking)
| choke me
| #else
| char (*f) () = __fsetlocking;
| #endif
| #ifdef __cplusplus
| }
| #endif
| 
| int
| main ()
| {
| return f != __fsetlocking;
|   ;
|   return 0;
| }
configure:11642: result: no
configure:11654: checking whether _snprintf is declared
configure:11679: cc -c -O -O2 -no-cpp-precomp  conftest.c >&5
conftest.c:114:22: error: use of undeclared identifier '_snprintf'
  char *p = (char *) _snprintf;
                     ^
1 error generated.
configure:11685: $? = 1
configure: failed program was:
| /* confdefs.h.  */
| 
| #define PACKAGE_NAME "GNU Texinfo"
| #define PACKAGE_TARNAME "texinfo"
| #define PACKAGE_VERSION "4.8"
| #define PACKAGE_STRING "GNU Texinfo 4.8"
| #define PACKAGE_BUGREPORT ""
| #define PACKAGE "texinfo"
| #define VERSION "4.8"
| #define STDC_HEADERS 1
| #define HAVE_SYS_TYPES_H 1
| #define HAVE_SYS_STAT_H 1
| #define HAVE_STDLIB_H 1
| #define HAVE_STRING_H 1
| #define HAVE_MEMORY_H 1
| #define HAVE_STRINGS_H 1
| #define HAVE_INTTYPES_H 1
| #define HAVE_STDINT_H 1
| #define HAVE_UNISTD_H 1
| #define STDC_HEADERS 1
| #define HAVE_FCNTL_H 1
| #define HAVE_LIMITS_H 1
| #define HAVE_PWD_H 1
| #define HAVE_STRING_H 1
| #define HAVE_STRINGS_H 1
| #define HAVE_TERMCAP_H 1
| #define HAVE_TERMIOS_H 1
| #define HAVE_UNISTD_H 1
| #define HAVE_SYS_FCNTL_H 1
| #define HAVE_SYS_FILE_H 1
| #define HAVE_SYS_TIME_H 1
| #define HAVE_SYS_WAIT_H 1
| #define RETSIGTYPE void
| #define HAVE_DECL_MEMCHR 1
| #define HAVE_DECL_STRCOLL 1
| #define HAVE_DECL_STRERROR 1
| #define HAVE_ALLOCA_H 1
| #define HAVE_ALLOCA 1
| #define HAVE_STRCOLL 1
| #define HAVE_VPRINTF 1
| #define HAVE_BZERO 1
| #define HAVE_GETCWD 1
| #define HAVE_MEMSET 1
| #define HAVE_SETVBUF 1
| #define HAVE_SIGACTION 1
| #define HAVE_SIGPROCMASK 1
| #define HAVE_SIGSETMASK 1
| #define HAVE_STRCHR 1
| #define HAVE_MEMCPY 1
| #define HAVE_MEMMOVE 1
| #define HAVE_STRDUP 1
| #define HAVE_STRERROR 1
| #define HAVE_STRCASECMP 1
| #define HAVE_STRNCASECMP 1
| #define HAVE_FCNTL_H 1
| #define HAVE_SYS_TIME_H 1
| #define HAVE_UNISTD_H 1
| #define HAVE_DECL_GETENV 1
| #define HAVE_INTTYPES_H_WITH_UINTMAX 1
| #define HAVE_STDINT_H_WITH_UINTMAX 1
| #define HAVE_UNSIGNED_LONG_LONG 1
| #define HAVE_UINTMAX_T 1
| #define HAVE_MKSTEMP 1
| #define mkstemp rpl_mkstemp
| #define HAVE_STDINT_H 1
| #define HAVE_GETTIMEOFDAY 1
| #define HAVE_LONG_LONG 1
| #define HAVE_LONG_DOUBLE 1
| #define HAVE_WCHAR_T 1
| #define HAVE_WINT_T 1
| #define HAVE_INTMAX_T 1
| #define HAVE_POSIX_PRINTF 1
| #define HAVE_STDLIB_H 1
| #define HAVE_UNISTD_H 1
| #define HAVE_GETPAGESIZE 1
| #define HAVE_MMAP 1
| #define INTDIV0_RAISES_SIGFPE 0
| #define HAVE_INTTYPES_H 1
| #define HAVE_STDINT_H 1
| #define HAVE_STDINT_H 1
| #define HAVE_LIMITS_H 1
| #define HAVE_LOCALE_H 1
| #define HAVE_NL_TYPES_H 1
| #define HAVE_STDDEF_H 1
| #define HAVE_STDLIB_H 1
| #define HAVE_STRING_H 1
| #define HAVE_UNISTD_H 1
| #define HAVE_SYS_PARAM_H 1
| #define HAVE_ASPRINTF 1
| #define HAVE_FWPRINTF 1
| #define HAVE_GETCWD 1
| #define HAVE_GETEGID 1
| #define HAVE_GETEUID 1
| #define HAVE_GETGID 1
| #define HAVE_GETUID 1
| #define HAVE_MUNMAP 1
| #define HAVE_PUTENV 1
| #define HAVE_SETENV 1
| #define HAVE_SETLOCALE 1
| #define HAVE_SNPRINTF 1
| #define HAVE_STPCPY 1
| #define HAVE_STRCASECMP 1
| #define HAVE_STRDUP 1
| #define HAVE_STRTOUL 1
| #define HAVE_TSEARCH 1
| #define HAVE_WCSLEN 1
| /* end confdefs.h.  */
| #include <stdio.h>
| int
| main ()
| {
| 
| #ifndef _snprintf
|   char *p = (char *) _snprintf;
| #endif
| 
|   ;
|   return 0;
| }
configure:11709: result: no
configure:11723: checking whether _snwprintf is declared
configure:11748: cc -c -O -O2 -no-cpp-precomp  conftest.c >&5
conftest.c:115:22: error: use of undeclared identifier '_snwprintf'
  char *p = (char *) _snwprintf;
                     ^
1 error generated.
configure:11754: $? = 1
configure: failed program was:
| /* confdefs.h.  */
| 
| #define PACKAGE_NAME "GNU Texinfo"
| #define PACKAGE_TARNAME "texinfo"
| #define PACKAGE_VERSION "4.8"
| #define PACKAGE_STRING "GNU Texinfo 4.8"
| #define PACKAGE_BUGREPORT ""
| #define PACKAGE "texinfo"
| #define VERSION "4.8"
| #define STDC_HEADERS 1
| #define HAVE_SYS_TYPES_H 1
| #define HAVE_SYS_STAT_H 1
| #define HAVE_STDLIB_H 1
| #define HAVE_STRING_H 1
| #define HAVE_MEMORY_H 1
| #define HAVE_STRINGS_H 1
| #define HAVE_INTTYPES_H 1
| #define HAVE_STDINT_H 1
| #define HAVE_UNISTD_H 1
| #define STDC_HEADERS 1
| #define HAVE_FCNTL_H 1
| #define HAVE_LIMITS_H 1
| #define HAVE_PWD_H 1
| #define HAVE_STRING_H 1
| #define HAVE_STRINGS_H 1
| #define HAVE_TERMCAP_H 1
| #define HAVE_TERMIOS_H 1
| #define HAVE_UNISTD_H 1
| #define HAVE_SYS_FCNTL_H 1
| #define HAVE_SYS_FILE_H 1
| #define HAVE_SYS_TIME_H 1
| #define HAVE_SYS_WAIT_H 1
| #define RETSIGTYPE void
| #define HAVE_DECL_MEMCHR 1
| #define HAVE_DECL_STRCOLL 1
| #define HAVE_DECL_STRERROR 1
| #define HAVE_ALLOCA_H 1
| #define HAVE_ALLOCA 1
| #define HAVE_STRCOLL 1
| #define HAVE_VPRINTF 1
| #define HAVE_BZERO 1
| #define HAVE_GETCWD 1
| #define HAVE_MEMSET 1
| #define HAVE_SETVBUF 1
| #define HAVE_SIGACTION 1
| #define HAVE_SIGPROCMASK 1
| #define HAVE_SIGSETMASK 1
| #define HAVE_STRCHR 1
| #define HAVE_MEMCPY 1
| #define HAVE_MEMMOVE 1
| #define HAVE_STRDUP 1
| #define HAVE_STRERROR 1
| #define HAVE_STRCASECMP 1
| #define HAVE_STRNCASECMP 1
| #define HAVE_FCNTL_H 1
| #define HAVE_SYS_TIME_H 1
| #define HAVE_UNISTD_H 1
| #define HAVE_DECL_GETENV 1
| #define HAVE_INTTYPES_H_WITH_UINTMAX 1
| #define HAVE_STDINT_H_WITH_UINTMAX 1
| #define HAVE_UNSIGNED_LONG_LONG 1
| #define HAVE_UINTMAX_T 1
| #define HAVE_MKSTEMP 1
| #define mkstemp rpl_mkstemp
| #define HAVE_STDINT_H 1
| #define HAVE_GETTIMEOFDAY 1
| #define HAVE_LONG_LONG 1
| #define HAVE_LONG_DOUBLE 1
| #define HAVE_WCHAR_T 1
| #define HAVE_WINT_T 1
| #define HAVE_INTMAX_T 1
| #define HAVE_POSIX_PRINTF 1
| #define HAVE_STDLIB_H 1
| #define HAVE_UNISTD_H 1
| #define HAVE_GETPAGESIZE 1
| #define HAVE_MMAP 1
| #define INTDIV0_RAISES_SIGFPE 0
| #define HAVE_INTTYPES_H 1
| #define HAVE_STDINT_H 1
| #define HAVE_STDINT_H 1
| #define HAVE_LIMITS_H 1
| #define HAVE_LOCALE_H 1
| #define HAVE_NL_TYPES_H 1
| #define HAVE_STDDEF_H 1
| #define HAVE_STDLIB_H 1
| #define HAVE_STRING_H 1
| #define HAVE_UNISTD_H 1
| #define HAVE_SYS_PARAM_H 1
| #define HAVE_ASPRINTF 1
| #define HAVE_FWPRINTF 1
| #define HAVE_GETCWD 1
| #define HAVE_GETEGID 1
| #define HAVE_GETEUID 1
| #define HAVE_GETGID 1
| #define HAVE_GETUID 1
| #define HAVE_MUNMAP 1
| #define HAVE_PUTENV 1
| #define HAVE_SETENV 1
| #define HAVE_SETLOCALE 1
| #define HAVE_SNPRINTF 1
| #define HAVE_STPCPY 1
| #define HAVE_STRCASECMP 1
| #define HAVE_STRDUP 1
| #define HAVE_STRTOUL 1
| #define HAVE_TSEARCH 1
| #define HAVE_WCSLEN 1
| #define HAVE_DECL__SNPRINTF 0
| /* end confdefs.h.  */
| #include <stdio.h>
| int
| main ()
| {
| 
| #ifndef _snwprintf
|   char *p = (char *) _snwprintf;
| #endif
| 
|   ;
|   return 0;
| }
configure:11778: result: no
configure:11793: checking whether feof_unlocked is declared
configure:11818: cc -c -O -O2 -no-cpp-precomp  conftest.c >&5
configure:11824: $? = 0
configure:11828: test -z 
			 || test ! -s conftest.err
configure:11831: $? = 0
configure:11834: test -s conftest.o
configure:11837: $? = 0
configure:11848: result: yes
configure:11862: checking whether fgets_unlocked is declared
configure:11887: cc -c -O -O2 -no-cpp-precomp  conftest.c >&5
conftest.c:117:22: error: use of undeclared identifier 'fgets_unlocked'
  char *p = (char *) fgets_unlocked;
                     ^
1 error generated.
configure:11893: $? = 1
configure: failed program was:
| /* confdefs.h.  */
| 
| #define PACKAGE_NAME "GNU Texinfo"
| #define PACKAGE_TARNAME "texinfo"
| #define PACKAGE_VERSION "4.8"
| #define PACKAGE_STRING "GNU Texinfo 4.8"
| #define PACKAGE_BUGREPORT ""
| #define PACKAGE "texinfo"
| #define VERSION "4.8"
| #define STDC_HEADERS 1
| #define HAVE_SYS_TYPES_H 1
| #define HAVE_SYS_STAT_H 1
| #define HAVE_STDLIB_H 1
| #define HAVE_STRING_H 1
| #define HAVE_MEMORY_H 1
| #define HAVE_STRINGS_H 1
| #define HAVE_INTTYPES_H 1
| #define HAVE_STDINT_H 1
| #define HAVE_UNISTD_H 1
| #define STDC_HEADERS 1
| #define HAVE_FCNTL_H 1
| #define HAVE_LIMITS_H 1
| #define HAVE_PWD_H 1
| #define HAVE_STRING_H 1
| #define HAVE_STRINGS_H 1
| #define HAVE_TERMCAP_H 1
| #define HAVE_TERMIOS_H 1
| #define HAVE_UNISTD_H 1
| #define HAVE_SYS_FCNTL_H 1
| #define HAVE_SYS_FILE_H 1
| #define HAVE_SYS_TIME_H 1
| #define HAVE_SYS_WAIT_H 1
| #define RETSIGTYPE void
| #define HAVE_DECL_MEMCHR 1
| #define HAVE_DECL_STRCOLL 1
| #define HAVE_DECL_STRERROR 1
| #define HAVE_ALLOCA_H 1
| #define HAVE_ALLOCA 1
| #define HAVE_STRCOLL 1
| #define HAVE_VPRINTF 1
| #define HAVE_BZERO 1
| #define HAVE_GETCWD 1
| #define HAVE_MEMSET 1
| #define HAVE_SETVBUF 1
| #define HAVE_SIGACTION 1
| #define HAVE_SIGPROCMASK 1
| #define HAVE_SIGSETMASK 1
| #define HAVE_STRCHR 1
| #define HAVE_MEMCPY 1
| #define HAVE_MEMMOVE 1
| #define HAVE_STRDUP 1
| #define HAVE_STRERROR 1
| #define HAVE_STRCASECMP 1
| #define HAVE_STRNCASECMP 1
| #define HAVE_FCNTL_H 1
| #define HAVE_SYS_TIME_H 1
| #define HAVE_UNISTD_H 1
| #define HAVE_DECL_GETENV 1
| #define HAVE_INTTYPES_H_WITH_UINTMAX 1
| #define HAVE_STDINT_H_WITH_UINTMAX 1
| #define HAVE_UNSIGNED_LONG_LONG 1
| #define HAVE_UINTMAX_T 1
| #define HAVE_MKSTEMP 1
| #define mkstemp rpl_mkstemp
| #define HAVE_STDINT_H 1
| #define HAVE_GETTIMEOFDAY 1
| #define HAVE_LONG_LONG 1
| #define HAVE_LONG_DOUBLE 1
| #define HAVE_WCHAR_T 1
| #define HAVE_WINT_T 1
| #define HAVE_INTMAX_T 1
| #define HAVE_POSIX_PRINTF 1
| #define HAVE_STDLIB_H 1
| #define HAVE_UNISTD_H 1
| #define HAVE_GETPAGESIZE 1
| #define HAVE_MMAP 1
| #define INTDIV0_RAISES_SIGFPE 0
| #define HAVE_INTTYPES_H 1
| #define HAVE_STDINT_H 1
| #define HAVE_STDINT_H 1
| #define HAVE_LIMITS_H 1
| #define HAVE_LOCALE_H 1
| #define HAVE_NL_TYPES_H 1
| #define HAVE_STDDEF_H 1
| #define HAVE_STDLIB_H 1
| #define HAVE_STRING_H 1
| #define HAVE_UNISTD_H 1
| #define HAVE_SYS_PARAM_H 1
| #define HAVE_ASPRINTF 1
| #define HAVE_FWPRINTF 1
| #define HAVE_GETCWD 1
| #define HAVE_GETEGID 1
| #define HAVE_GETEUID 1
| #define HAVE_GETGID 1
| #define HAVE_GETUID 1
| #define HAVE_MUNMAP 1
| #define HAVE_PUTENV 1
| #define HAVE_SETENV 1
| #define HAVE_SETLOCALE 1
| #define HAVE_SNPRINTF 1
| #define HAVE_STPCPY 1
| #define HAVE_STRCASECMP 1
| #define HAVE_STRDUP 1
| #define HAVE_STRTOUL 1
| #define HAVE_TSEARCH 1
| #define HAVE_WCSLEN 1
| #define HAVE_DECL__SNPRINTF 0
| #define HAVE_DECL__SNWPRINTF 0
| #define HAVE_DECL_FEOF_UNLOCKED 1
| /* end confdefs.h.  */
| #include <stdio.h>
| int
| main ()
| {
| 
| #ifndef fgets_unlocked
|   char *p = (char *) fgets_unlocked;
| #endif
| 
|   ;
|   return 0;
| }
configure:11917: result: no
configure:11931: checking whether getc_unlocked is declared
configure:11956: cc -c -O -O2 -no-cpp-precomp  conftest.c >&5
configure:11962: $? = 0
configure:11966: test -z 
			 || test ! -s conftest.err
configure:11969: $? = 0
configure:11972: test -s conftest.o
configure:11975: $? = 0
configure:11986: result: yes
configure:12054: checking for iconv
configure:12081: cc -o conftest -O -O2 -no-cpp-precomp   conftest.c  >&5
Undefined symbols for architecture x86_64:
  "_iconv", referenced from:
      _main in conftest-cebf56.o
  "_iconv_close", referenced from:
      _main in conftest-cebf56.o
  "_iconv_open", referenced from:
      _main in conftest-cebf56.o
ld: symbol(s) not found for architecture x86_64
clang: error: linker command failed with exit code 1 (use -v to see invocation)
configure:12087: $? = 1
configure: failed program was:
| /* confdefs.h.  */
| 
| #define PACKAGE_NAME "GNU Texinfo"
| #define PACKAGE_TARNAME "texinfo"
| #define PACKAGE_VERSION "4.8"
| #define PACKAGE_STRING "GNU Texinfo 4.8"
| #define PACKAGE_BUGREPORT ""
| #define PACKAGE "texinfo"
| #define VERSION "4.8"
| #define STDC_HEADERS 1
| #define HAVE_SYS_TYPES_H 1
| #define HAVE_SYS_STAT_H 1
| #define HAVE_STDLIB_H 1
| #define HAVE_STRING_H 1
| #define HAVE_MEMORY_H 1
| #define HAVE_STRINGS_H 1
| #define HAVE_INTTYPES_H 1
| #define HAVE_STDINT_H 1
| #define HAVE_UNISTD_H 1
| #define STDC_HEADERS 1
| #define HAVE_FCNTL_H 1
| #define HAVE_LIMITS_H 1
| #define HAVE_PWD_H 1
| #define HAVE_STRING_H 1
| #define HAVE_STRINGS_H 1
| #define HAVE_TERMCAP_H 1
| #define HAVE_TERMIOS_H 1
| #define HAVE_UNISTD_H 1
| #define HAVE_SYS_FCNTL_H 1
| #define HAVE_SYS_FILE_H 1
| #define HAVE_SYS_TIME_H 1
| #define HAVE_SYS_WAIT_H 1
| #define RETSIGTYPE void
| #define HAVE_DECL_MEMCHR 1
| #define HAVE_DECL_STRCOLL 1
| #define HAVE_DECL_STRERROR 1
| #define HAVE_ALLOCA_H 1
| #define HAVE_ALLOCA 1
| #define HAVE_STRCOLL 1
| #define HAVE_VPRINTF 1
| #define HAVE_BZERO 1
| #define HAVE_GETCWD 1
| #define HAVE_MEMSET 1
| #define HAVE_SETVBUF 1
| #define HAVE_SIGACTION 1
| #define HAVE_SIGPROCMASK 1
| #define HAVE_SIGSETMASK 1
| #define HAVE_STRCHR 1
| #define HAVE_MEMCPY 1
| #define HAVE_MEMMOVE 1
| #define HAVE_STRDUP 1
| #define HAVE_STRERROR 1
| #define HAVE_STRCASECMP 1
| #define HAVE_STRNCASECMP 1
| #define HAVE_FCNTL_H 1
| #define HAVE_SYS_TIME_H 1
| #define HAVE_UNISTD_H 1
| #define HAVE_DECL_GETENV 1
| #define HAVE_INTTYPES_H_WITH_UINTMAX 1
| #define HAVE_STDINT_H_WITH_UINTMAX 1
| #define HAVE_UNSIGNED_LONG_LONG 1
| #define HAVE_UINTMAX_T 1
| #define HAVE_MKSTEMP 1
| #define mkstemp rpl_mkstemp
| #define HAVE_STDINT_H 1
| #define HAVE_GETTIMEOFDAY 1
| #define HAVE_LONG_LONG 1
| #define HAVE_LONG_DOUBLE 1
| #define HAVE_WCHAR_T 1
| #define HAVE_WINT_T 1
| #define HAVE_INTMAX_T 1
| #define HAVE_POSIX_PRINTF 1
| #define HAVE_STDLIB_H 1
| #define HAVE_UNISTD_H 1
| #define HAVE_GETPAGESIZE 1
| #define HAVE_MMAP 1
| #define INTDIV0_RAISES_SIGFPE 0
| #define HAVE_INTTYPES_H 1
| #define HAVE_STDINT_H 1
| #define HAVE_STDINT_H 1
| #define HAVE_LIMITS_H 1
| #define HAVE_LOCALE_H 1
| #define HAVE_NL_TYPES_H 1
| #define HAVE_STDDEF_H 1
| #define HAVE_STDLIB_H 1
| #define HAVE_STRING_H 1
| #define HAVE_UNISTD_H 1
| #define HAVE_SYS_PARAM_H 1
| #define HAVE_ASPRINTF 1
| #define HAVE_FWPRINTF 1
| #define HAVE_GETCWD 1
| #define HAVE_GETEGID 1
| #define HAVE_GETEUID 1
| #define HAVE_GETGID 1
| #define HAVE_GETUID 1
| #define HAVE_MUNMAP 1
| #define HAVE_PUTENV 1
| #define HAVE_SETENV 1
| #define HAVE_SETLOCALE 1
| #define HAVE_SNPRINTF 1
| #define HAVE_STPCPY 1
| #define HAVE_STRCASECMP 1
| #define HAVE_STRDUP 1
| #define HAVE_STRTOUL 1
| #define HAVE_TSEARCH 1
| #define HAVE_WCSLEN 1
| #define HAVE_DECL__SNPRINTF 0
| #define HAVE_DECL__SNWPRINTF 0
| #define HAVE_DECL_FEOF_UNLOCKED 1
| #define HAVE_DECL_FGETS_UNLOCKED 0
| #define HAVE_DECL_GETC_UNLOCKED 1
| /* end confdefs.h.  */
| #include <stdlib.h>
| #include <iconv.h>
| int
| main ()
| {
| iconv_t cd = iconv_open("","");
|        iconv(cd,NULL,NULL,NULL,NULL);
|        iconv_close(cd);
|   ;
|   return 0;
| }
configure:12132: cc -o conftest -O -O2 -no-cpp-precomp   conftest.c  -liconv >&5
configure:12138: $? = 0
configure:12142: test -z 
			 || test ! -s conftest.err
configure:12145: $? = 0
configure:12148: test -s conftest
configure:12151: $? = 0
configure:12166: result: yes
configure:12176: checking how to link with libiconv
configure:12178: result: -liconv
configure:12189: checking for iconv declaration
configure:12223: cc -c -O -O2 -no-cpp-precomp  conftest.c >&5
configure:12229: $? = 0
configure:12233: test -z 
			 || test ! -s conftest.err
configure:12236: $? = 0
configure:12239: test -s conftest.o
configure:12242: $? = 0
configure:12257: result: 
         extern size_t iconv (iconv_t cd, char * *inbuf, size_t *inbytesleft, char * *outbuf, size_t *outbytesleft);
configure:12268: checking for nl_langinfo and CODESET
configure:12289: cc -o conftest -O -O2 -no-cpp-precomp   conftest.c  >&5
configure:12295: $? = 0
configure:12299: test -z 
			 || test ! -s conftest.err
configure:12302: $? = 0
configure:12305: test -s conftest
configure:12308: $? = 0
configure:12321: result: yes
configure:12333: checking for LC_MESSAGES
configure:12354: cc -o conftest -O -O2 -no-cpp-precomp   conftest.c  >&5
configure:12360: $? = 0
configure:12364: test -z 
			 || test ! -s conftest.err
configure:12367: $? = 0
configure:12370: test -s conftest
configure:12373: $? = 0
configure:12385: result: yes
configure:12401: checking for bison
configure:12417: found /usr/bin/bison
configure:12427: result: bison
configure:12440: checking version of bison
configure:12449: result: 2.3, ok
configure:12471: checking whether NLS is requested
configure:12480: result: yes
configure:12496: checking whether included gettext is requested
configure:12506: result: no
configure:12517: checking for GNU gettext in libc
configure:12541: cc -o conftest -O -O2 -no-cpp-precomp   conftest.c  >&5
conftest.c:124:8: warning: cast to smaller integer type 'int' from 'char *' [-Wpointer-to-int-cast]
return (int) gettext ("") + _nl_msg_cat_cntr + *_nl_domain_bindings
       ^~~~~~~~~~~~~~~~~~
1 warning generated.
Undefined symbols for architecture x86_64:
  "__nl_domain_bindings", referenced from:
      _main in conftest-077ac5.o
  "__nl_msg_cat_cntr", referenced from:
      _main in conftest-077ac5.o
  "_libintl_bindtextdomain", referenced from:
      _main in conftest-077ac5.o
  "_libintl_gettext", referenced from:
      _main in conftest-077ac5.o
ld: symbol(s) not found for architecture x86_64
clang: error: linker command failed with exit code 1 (use -v to see invocation)
configure:12547: $? = 1
configure: failed program was:
| /* confdefs.h.  */
| 
| #define PACKAGE_NAME "GNU Texinfo"
| #define PACKAGE_TARNAME "texinfo"
| #define PACKAGE_VERSION "4.8"
| #define PACKAGE_STRING "GNU Texinfo 4.8"
| #define PACKAGE_BUGREPORT ""
| #define PACKAGE "texinfo"
| #define VERSION "4.8"
| #define STDC_HEADERS 1
| #define HAVE_SYS_TYPES_H 1
| #define HAVE_SYS_STAT_H 1
| #define HAVE_STDLIB_H 1
| #define HAVE_STRING_H 1
| #define HAVE_MEMORY_H 1
| #define HAVE_STRINGS_H 1
| #define HAVE_INTTYPES_H 1
| #define HAVE_STDINT_H 1
| #define HAVE_UNISTD_H 1
| #define STDC_HEADERS 1
| #define HAVE_FCNTL_H 1
| #define HAVE_LIMITS_H 1
| #define HAVE_PWD_H 1
| #define HAVE_STRING_H 1
| #define HAVE_STRINGS_H 1
| #define HAVE_TERMCAP_H 1
| #define HAVE_TERMIOS_H 1
| #define HAVE_UNISTD_H 1
| #define HAVE_SYS_FCNTL_H 1
| #define HAVE_SYS_FILE_H 1
| #define HAVE_SYS_TIME_H 1
| #define HAVE_SYS_WAIT_H 1
| #define RETSIGTYPE void
| #define HAVE_DECL_MEMCHR 1
| #define HAVE_DECL_STRCOLL 1
| #define HAVE_DECL_STRERROR 1
| #define HAVE_ALLOCA_H 1
| #define HAVE_ALLOCA 1
| #define HAVE_STRCOLL 1
| #define HAVE_VPRINTF 1
| #define HAVE_BZERO 1
| #define HAVE_GETCWD 1
| #define HAVE_MEMSET 1
| #define HAVE_SETVBUF 1
| #define HAVE_SIGACTION 1
| #define HAVE_SIGPROCMASK 1
| #define HAVE_SIGSETMASK 1
| #define HAVE_STRCHR 1
| #define HAVE_MEMCPY 1
| #define HAVE_MEMMOVE 1
| #define HAVE_STRDUP 1
| #define HAVE_STRERROR 1
| #define HAVE_STRCASECMP 1
| #define HAVE_STRNCASECMP 1
| #define HAVE_FCNTL_H 1
| #define HAVE_SYS_TIME_H 1
| #define HAVE_UNISTD_H 1
| #define HAVE_DECL_GETENV 1
| #define HAVE_INTTYPES_H_WITH_UINTMAX 1
| #define HAVE_STDINT_H_WITH_UINTMAX 1
| #define HAVE_UNSIGNED_LONG_LONG 1
| #define HAVE_UINTMAX_T 1
| #define HAVE_MKSTEMP 1
| #define mkstemp rpl_mkstemp
| #define HAVE_STDINT_H 1
| #define HAVE_GETTIMEOFDAY 1
| #define HAVE_LONG_LONG 1
| #define HAVE_LONG_DOUBLE 1
| #define HAVE_WCHAR_T 1
| #define HAVE_WINT_T 1
| #define HAVE_INTMAX_T 1
| #define HAVE_POSIX_PRINTF 1
| #define HAVE_STDLIB_H 1
| #define HAVE_UNISTD_H 1
| #define HAVE_GETPAGESIZE 1
| #define HAVE_MMAP 1
| #define INTDIV0_RAISES_SIGFPE 0
| #define HAVE_INTTYPES_H 1
| #define HAVE_STDINT_H 1
| #define HAVE_STDINT_H 1
| #define HAVE_LIMITS_H 1
| #define HAVE_LOCALE_H 1
| #define HAVE_NL_TYPES_H 1
| #define HAVE_STDDEF_H 1
| #define HAVE_STDLIB_H 1
| #define HAVE_STRING_H 1
| #define HAVE_UNISTD_H 1
| #define HAVE_SYS_PARAM_H 1
| #define HAVE_ASPRINTF 1
| #define HAVE_FWPRINTF 1
| #define HAVE_GETCWD 1
| #define HAVE_GETEGID 1
| #define HAVE_GETEUID 1
| #define HAVE_GETGID 1
| #define HAVE_GETUID 1
| #define HAVE_MUNMAP 1
| #define HAVE_PUTENV 1
| #define HAVE_SETENV 1
| #define HAVE_SETLOCALE 1
| #define HAVE_SNPRINTF 1
| #define HAVE_STPCPY 1
| #define HAVE_STRCASECMP 1
| #define HAVE_STRDUP 1
| #define HAVE_STRTOUL 1
| #define HAVE_TSEARCH 1
| #define HAVE_WCSLEN 1
| #define HAVE_DECL__SNPRINTF 0
| #define HAVE_DECL__SNWPRINTF 0
| #define HAVE_DECL_FEOF_UNLOCKED 1
| #define HAVE_DECL_FGETS_UNLOCKED 0
| #define HAVE_DECL_GETC_UNLOCKED 1
| #define HAVE_ICONV 1
| #define ICONV_CONST 
| #define HAVE_LANGINFO_CODESET 1
| #define HAVE_LC_MESSAGES 1
| /* end confdefs.h.  */
| #include <libintl.h>
| extern int _nl_msg_cat_cntr;
| extern int *_nl_domain_bindings;
| int
| main ()
| {
| bindtextdomain ("", "");
| return (int) gettext ("") + _nl_msg_cat_cntr + *_nl_domain_bindings
|   ;
|   return 0;
| }
configure:12572: result: no
configure:12955: checking for GNU gettext in libintl
configure:12987: cc -o conftest -O -O2 -no-cpp-precomp    conftest.c  -lintl >&5
conftest.c:128:8: warning: cast to smaller integer type 'int' from 'char *' [-Wpointer-to-int-cast]
return (int) gettext ("") + _nl_msg_cat_cntr + *_nl_expand_alias (0)
       ^~~~~~~~~~~~~~~~~~
conftest.c:128:66: warning: passing arguments to '_nl_expand_alias' without a prototype is deprecated in all versions of C and is not supported in C2x [-Wdeprecated-non-prototype]
return (int) gettext ("") + _nl_msg_cat_cntr + *_nl_expand_alias (0)
                                                                 ^
2 warnings generated.
configure:12993: $? = 0
configure:12997: test -z 
			 || test ! -s conftest.err
configure:13000: $? = 0
configure:13003: test -s conftest
configure:13006: $? = 0
configure:13078: result: yes
configure:13125: checking whether to use NLS
configure:13127: result: yes
configure:13130: checking where the gettext function comes from
configure:13141: result: external libintl
configure:13149: checking how to link with libintl
configure:13151: result: -lintl
configure:13363: creating ./config.status

## ---------------------- ##
## Running config.status. ##
## ---------------------- ##

This file was extended by GNU Texinfo config.status 4.8, which was
generated by GNU Autoconf 2.59.  Invocation command line was

  CONFIG_FILES    = 
  CONFIG_HEADERS  = 
  CONFIG_LINKS    = 
  CONFIG_COMMANDS = 
  $ ./config.status 

on Sid-Qians-MacBook-Pro-2.local

config.status:753: creating Makefile
config.status:753: creating doc/Makefile
config.status:753: creating info/Makefile
config.status:753: creating intl/Makefile
config.status:753: creating lib/Makefile
config.status:753: creating m4/Makefile
config.status:753: creating makeinfo/Makefile
config.status:753: creating makeinfo/tests/Makefile
config.status:753: creating po/Makefile.in
config.status:753: creating util/Makefile
config.status:850: creating config.h
config.status:1386: executing depfiles commands
config.status:1386: executing default-1 commands

## ---------------- ##
## Cache variables. ##
## ---------------- ##

ac_cv_build=x86_64-apple-darwin22.1.0
ac_cv_build_alias=x86_64-apple-darwin22.1.0
ac_cv_c_compiler_gnu=yes
ac_cv_c_const=yes
ac_cv_c_inline=inline
ac_cv_env_CC_set=set
ac_cv_env_CC_value=cc
ac_cv_env_CFLAGS_set=set
ac_cv_env_CFLAGS_value='-O -O2 -no-cpp-precomp'
ac_cv_env_CPPFLAGS_set=set
ac_cv_env_CPPFLAGS_value=
ac_cv_env_CPP_set=
ac_cv_env_CPP_value=
ac_cv_env_LDFLAGS_set=set
ac_cv_env_LDFLAGS_value=
ac_cv_env_build_alias_set=
ac_cv_env_build_alias_value=
ac_cv_env_host_alias_set=
ac_cv_env_host_alias_value=
ac_cv_env_target_alias_set=
ac_cv_env_target_alias_value=
ac_cv_exeext=
ac_cv_func___argz_count=no
ac_cv_func___argz_next=no
ac_cv_func___argz_stringify=no
ac_cv_func___fsetlocking=no
ac_cv_func___secure_getenv=no
ac_cv_func__doprnt=no
ac_cv_func_alloca_works=yes
ac_cv_func_asprintf=yes
ac_cv_func_bzero=yes
ac_cv_func_fwprintf=yes
ac_cv_func_getcwd=yes
ac_cv_func_getegid=yes
ac_cv_func_geteuid=yes
ac_cv_func_getgid=yes
ac_cv_func_getpagesize=yes
ac_cv_func_gettimeofday=yes
ac_cv_func_getuid=yes
ac_cv_func_memcpy=yes
ac_cv_func_memmove=yes
ac_cv_func_mempcpy=no
ac_cv_func_memset=yes
ac_cv_func_mkstemp=yes
ac_cv_func_mmap_fixed_mapped=yes
ac_cv_func_munmap=yes
ac_cv_func_putenv=yes
ac_cv_func_setenv=yes
ac_cv_func_setlocale=yes
ac_cv_func_setvbuf=yes
ac_cv_func_sigaction=yes
ac_cv_func_sigblock=yes
ac_cv_func_sigprocmask=yes
ac_cv_func_sigsetmask=yes
ac_cv_func_snprintf=yes
ac_cv_func_stpcpy=yes
ac_cv_func_strcasecmp=yes
ac_cv_func_strchr=yes
ac_cv_func_strcoll_works=yes
ac_cv_func_strdup=yes
ac_cv_func_strerror=yes
ac_cv_func_strncasecmp=yes
ac_cv_func_strtoul=yes
ac_cv_func_tsearch=yes
ac_cv_func_vprintf=yes
ac_cv_func_wcslen=yes
ac_cv_gnu_library_2_1=no
ac_cv_have_decl__snprintf=no
ac_cv_have_decl__snwprintf=no
ac_cv_have_decl_feof_unlocked=yes
ac_cv_have_decl_fgets_unlocked=no
ac_cv_have_decl_getc_unlocked=yes
ac_cv_have_decl_getenv=yes
ac_cv_have_decl_memchr=yes
ac_cv_have_decl_strcoll=yes
ac_cv_have_decl_strerror=yes
ac_cv_header_argz_h=no
ac_cv_header_fcntl_h=yes
ac_cv_header_inttypes_h=yes
ac_cv_header_io_h=no
ac_cv_header_limits_h=yes
ac_cv_header_locale_h=yes
ac_cv_header_malloc_h=no
ac_cv_header_memory_h=yes
ac_cv_header_minix_config_h=no
ac_cv_header_ncurses_termcap_h=no
ac_cv_header_nl_types_h=yes
ac_cv_header_pwd_h=yes
ac_cv_header_stat_broken=no
ac_cv_header_stdc=yes
ac_cv_header_stddef_h=yes
ac_cv_header_stdint_h=yes
ac_cv_header_stdlib_h=yes
ac_cv_header_string_h=yes
ac_cv_header_strings_h=yes
ac_cv_header_sys_fcntl_h=yes
ac_cv_header_sys_file_h=yes
ac_cv_header_sys_param_h=yes
ac_cv_header_sys_ptem_h=no
ac_cv_header_sys_stat_h=yes
ac_cv_header_sys_stream_h=no
ac_cv_header_sys_time_h=yes
ac_cv_header_sys_ttold_h=no
ac_cv_header_sys_types_h=yes
ac_cv_header_sys_wait_h=yes
ac_cv_header_termcap_h=yes
ac_cv_header_termio_h=no
ac_cv_header_termios_h=yes
ac_cv_header_unistd_h=yes
ac_cv_host=x86_64-apple-darwin22.1.0
ac_cv_host_alias=x86_64-apple-darwin22.1.0
ac_cv_lib_ncurses___tgetent=yes
ac_cv_objext=o
ac_cv_path_GMSGFMT=/usr/local/bin/msgfmt
ac_cv_path_MSGFMT=/usr/local/bin/msgfmt
ac_cv_path_MSGMERGE=/usr/local/bin/msgmerge
ac_cv_path_XGETTEXT=/usr/local/bin/xgettext
ac_cv_prog_AWK=/Users/sidqian/Downloads/summer/L2S/netbsd-src/build/obj/tooldir.Darwin-22.1.0-x86_64/bin/nbawk
ac_cv_prog_CPP='cc -E'
ac_cv_prog_INTLBISON=bison
ac_cv_prog_ac_ct_CC=cc
ac_cv_prog_ac_ct_RANLIB=ranlib
ac_cv_prog_cc_g=yes
ac_cv_prog_cc_stdc=
ac_cv_prog_egrep='grep -E'
ac_cv_prog_gcc_traditional=no
ac_cv_prog_make__Users_sidqian_Downloads_summer_L2S_netbsd_src_build_obj_tooldir_Darwin_22_1_0_x86_64_bin_nbmake_set=yes
ac_cv_search_strerror='none required'
ac_cv_struct_tm=time.h
ac_cv_sys_posix_termios=yes
ac_cv_sys_tiocgwinsz_in_termios_h=yes
ac_cv_type_long_long=yes
ac_cv_type_off_t=yes
ac_cv_type_ptrdiff_t=yes
ac_cv_type_signal=void
ac_cv_type_size_t=yes
ac_cv_type_unsigned_long_long=yes
ac_cv_working_alloca_h=yes
acl_cv_hardcode_direct=no
acl_cv_hardcode_libdir_flag_spec=
acl_cv_hardcode_libdir_separator=
acl_cv_hardcode_minus_L=no
acl_cv_libext=a
acl_cv_path_LD=/Applications/Xcode.app/Contents/Developer/Toolchains/XcodeDefault.xctoolchain/usr/bin/ld
acl_cv_prog_gnu_ld=no
acl_cv_rpath=done
acl_cv_shlibext=dylib
acl_cv_wl=-Wl,
am_cv_CC_dependencies_compiler_type=gcc3
am_cv_func_iconv=yes
am_cv_langinfo_codeset=yes
am_cv_lib_iconv=yes
am_cv_proto_iconv='extern size_t iconv (iconv_t cd, char * *inbuf, size_t *inbytesleft, char * *outbuf, size_t *outbytesleft);'
am_cv_proto_iconv_arg1=
am_cv_val_LC_MESSAGES=yes
bh_cv_c_signed=yes
gl_cv_func_mkstemp_limitations=yes
gl_cv_header_inttypes_h=yes
gl_cv_header_stdint_h=yes
gt_cv_c_intmax_t=yes
gt_cv_c_long_double=yes
gt_cv_c_wchar_t=yes
gt_cv_c_wint_t=yes
gt_cv_func_gnugettext1_libc=no
gt_cv_func_gnugettext1_libintl=yes
gt_cv_func_printf_posix=yes
gt_cv_header_inttypes_h=yes
gt_cv_int_divbyzero_sigfpe=no
gt_cv_inttypes_pri_broken=no
nls_cv_force_use_gnu_gettext=no
nls_cv_header_intl=
nls_cv_header_libgt=
nls_cv_use_gnu_gettext=no

## ----------------- ##
## Output variables. ##
## ----------------- ##

ACLOCAL='${SHELL} /Users/sidqian/Downloads/summer/L2S/netbsd-src/external/gpl2/texinfo/dist/missing --run aclocal-1.9'
ALLOCA=''
AMDEPBACKSLASH='\'
AMDEP_FALSE='#'
AMDEP_TRUE=''
AMTAR='${SHELL} /Users/sidqian/Downloads/summer/L2S/netbsd-src/external/gpl2/texinfo/dist/missing --run tar'
AUTOCONF='${SHELL} /Users/sidqian/Downloads/summer/L2S/netbsd-src/external/gpl2/texinfo/dist/missing --run autoconf'
AUTOHEADER='${SHELL} /Users/sidqian/Downloads/summer/L2S/netbsd-src/external/gpl2/texinfo/dist/missing --run autoheader'
AUTOMAKE='${SHELL} /Users/sidqian/Downloads/summer/L2S/netbsd-src/external/gpl2/texinfo/dist/missing --run automake-1.9'
AWK='/Users/sidqian/Downloads/summer/L2S/netbsd-src/build/obj/tooldir.Darwin-22.1.0-x86_64/bin/nbawk'
BUILD_INCLUDED_LIBINTL='no'
CATOBJEXT='.gmo'
CC='cc'
CCDEPMODE='depmode=gcc3'
CFLAGS='-O -O2 -no-cpp-precomp'
CPP='cc -E'
CPPFLAGS=''
CYGPATH_W='echo'
DATADIRNAME='share'
DEFS='-DHAVE_CONFIG_H'
DEPDIR='.deps'
ECHO_C='ECHO_N=''
ECHO_T=''
EGREP='grep -E'
EXEEXT=''
GENCAT='gencat'
GLIBC21='no'
GMSGFMT='/usr/local/bin/msgfmt'
HAVE_ASPRINTF='1'
HAVE_POSIX_PRINTF='1'
HAVE_SNPRINTF='1'
HAVE_WPRINTF='0'
HELP2MAN='${SHELL} /Users/sidqian/Downloads/summer/L2S/netbsd-src/external/gpl2/texinfo/dist/missing --run help2man'
INSTALL_DATA='${INSTALL} -m 644'
INSTALL_PROGRAM='${INSTALL}'
INSTALL_SCRIPT='${INSTALL}'
INSTALL_STRIP_PROGRAM='${SHELL} $(install_sh) -c -s'
INSTALL_WARNINGS_FALSE='#'
INSTALL_WARNINGS_TRUE=''
INSTOBJEXT='.mo'
INTLBISON='bison'
INTLLIBS='-lintl'
INTLOBJS=''
INTL_LIBTOOL_SUFFIX_PREFIX=''
LDFLAGS=''
LIBICONV='-liconv'
LIBINTL='-lintl'
LIBOBJS=' mkstemp$U.o tempname$U.o'
LIBS=''
LTLIBICONV='-liconv'
LTLIBINTL='-lintl'
LTLIBOBJS=' mkstemp$U.lo tempname$U.lo'
MAINT='#'
MAINTAINER_MODE_FALSE=''
MAINTAINER_MODE_TRUE='#'
MAKEINFO='${SHELL} /Users/sidqian/Downloads/summer/L2S/netbsd-src/external/gpl2/texinfo/dist/missing --run makeinfo'
MKINSTALLDIRS='/Users/sidqian/Downloads/summer/L2S/netbsd-src/tools/texinfo/../../external/gpl2/texinfo/dist/mkinstalldirs'
MSGFMT='/usr/local/bin/msgfmt'
MSGMERGE='/usr/local/bin/msgmerge'
OBJEXT='o'
PACKAGE='texinfo'
PACKAGE_BUGREPORT=''
PACKAGE_NAME='GNU Texinfo'
PACKAGE_STRING='GNU Texinfo 4.8'
PACKAGE_TARNAME='texinfo'
PACKAGE_VERSION='4.8'
PATH_SEPARATOR=':'
POSUB='po'
RANLIB='ranlib'
SET_MAKE=''
SHELL='/bin/sh'
STRIP=''
TERMLIBS=' -lncurses'
TOOLS_ONLY_FALSE=''
TOOLS_ONLY_TRUE='#'
USE_INCLUDED_LIBINTL='no'
USE_NLS='yes'
VERSION='4.8'
XGETTEXT='/usr/local/bin/xgettext'
ac_ct_CC='cc'
ac_ct_RANLIB='ranlib'
ac_ct_STRIP=''
am__fastdepCC_FALSE='#'
am__fastdepCC_TRUE=''
am__include='include'
am__leading_dot='.'
am__quote=''
am__tar='${AMTAR} chof - "$$tardir"'
am__untar='${AMTAR} xf -'
bindir='${exec_prefix}/bin'
build='x86_64-apple-darwin22.1.0'
build_alias=''
build_cpu='x86_64'
build_os='darwin22.1.0'
build_vendor='apple'
datadir='${prefix}/share'
exec_prefix='${prefix}'
host='x86_64-apple-darwin22.1.0'
host_alias=''
host_cpu='x86_64'
host_os='darwin22.1.0'
host_vendor='apple'
includedir='${prefix}/include'
infodir='${prefix}/info'
install_sh='/Users/sidqian/Downloads/summer/L2S/netbsd-src/external/gpl2/texinfo/dist/install-sh'
libdir='${exec_prefix}/lib'
libexecdir='${exec_prefix}/libexec'
localstatedir='${prefix}/var'
mandir='${prefix}/man'
mkdir_p='$(mkinstalldirs)'
native_tools=''
oldincludedir='/usr/include'
prefix='/Users/sidqian/Downloads/summer/L2S/netbsd-src/build/obj/tooldir.Darwin-22.1.0-x86_64'
program_transform_name='s,^,nb,'
sbindir='${exec_prefix}/sbin'
sharedstatedir='${prefix}/com'
sysconfdir='${prefix}/etc'
target_alias=''

## ----------- ##
## confdefs.h. ##
## ----------- ##

#define ENABLE_NLS 1
#define HAVE_ALLOCA 1
#define HAVE_ALLOCA_H 1
#define HAVE_ASPRINTF 1
#define HAVE_BZERO 1
#define HAVE_DCGETTEXT 1
#define HAVE_DECL_FEOF_UNLOCKED 1
#define HAVE_DECL_FGETS_UNLOCKED 0
#define HAVE_DECL_GETC_UNLOCKED 1
#define HAVE_DECL_GETENV 1
#define HAVE_DECL_MEMCHR 1
#define HAVE_DECL_STRCOLL 1
#define HAVE_DECL_STRERROR 1
#define HAVE_DECL__SNPRINTF 0
#define HAVE_DECL__SNWPRINTF 0
#define HAVE_FCNTL_H 1
#define HAVE_FCNTL_H 1
#define HAVE_FWPRINTF 1
#define HAVE_GETCWD 1
#define HAVE_GETCWD 1
#define HAVE_GETEGID 1
#define HAVE_GETEUID 1
#define HAVE_GETGID 1
#define HAVE_GETPAGESIZE 1
#define HAVE_GETTEXT 1
#define HAVE_GETTIMEOFDAY 1
#define HAVE_GETUID 1
#define HAVE_ICONV 1
#define HAVE_INTMAX_T 1
#define HAVE_INTTYPES_H 1
#define HAVE_INTTYPES_H 1
#define HAVE_INTTYPES_H_WITH_UINTMAX 1
#define HAVE_LANGINFO_CODESET 1
#define HAVE_LC_MESSAGES 1
#define HAVE_LIMITS_H 1
#define HAVE_LIMITS_H 1
#define HAVE_LOCALE_H 1
#define HAVE_LONG_DOUBLE 1
#define HAVE_LONG_LONG 1
#define HAVE_MEMCPY 1
#define HAVE_MEMMOVE 1
#define HAVE_MEMORY_H 1
#define HAVE_MEMSET 1
#define HAVE_MKSTEMP 1
#define HAVE_MMAP 1
#define HAVE_MUNMAP 1
#define HAVE_NL_TYPES_H 1
#define HAVE_POSIX_PRINTF 1
#define HAVE_PUTENV 1
#define HAVE_PWD_H 1
#define HAVE_SETENV 1
#define HAVE_SETLOCALE 1
#define HAVE_SETVBUF 1
#define HAVE_SIGACTION 1
#define HAVE_SIGPROCMASK 1
#define HAVE_SIGSETMASK 1
#define HAVE_SNPRINTF 1
#define HAVE_STDDEF_H 1
#define HAVE_STDINT_H 1
#define HAVE_STDINT_H 1
#define HAVE_STDINT_H 1
#define HAVE_STDINT_H 1
#define HAVE_STDINT_H_WITH_UINTMAX 1
#define HAVE_STDLIB_H 1
#define HAVE_STDLIB_H 1
#define HAVE_STDLIB_H 1
#define HAVE_STPCPY 1
#define HAVE_STRCASECMP 1
#define HAVE_STRCASECMP 1
#define HAVE_STRCHR 1
#define HAVE_STRCOLL 1
#define HAVE_STRDUP 1
#define HAVE_STRDUP 1
#define HAVE_STRERROR 1
#define HAVE_STRINGS_H 1
#define HAVE_STRINGS_H 1
#define HAVE_STRING_H 1
#define HAVE_STRING_H 1
#define HAVE_STRING_H 1
#define HAVE_STRNCASECMP 1
#define HAVE_STRTOUL 1
#define HAVE_SYS_FCNTL_H 1
#define HAVE_SYS_FILE_H 1
#define HAVE_SYS_PARAM_H 1
#define HAVE_SYS_STAT_H 1
#define HAVE_SYS_TIME_H 1
#define HAVE_SYS_TIME_H 1
#define HAVE_SYS_TYPES_H 1
#define HAVE_SYS_WAIT_H 1
#define HAVE_TERMCAP_H 1
#define HAVE_TERMIOS_H 1
#define HAVE_TSEARCH 1
#define HAVE_UINTMAX_T 1
#define HAVE_UNISTD_H 1
#define HAVE_UNISTD_H 1
#define HAVE_UNISTD_H 1
#define HAVE_UNISTD_H 1
#define HAVE_UNISTD_H 1
#define HAVE_UNSIGNED_LONG_LONG 1
#define HAVE_VPRINTF 1
#define HAVE_WCHAR_T 1
#define HAVE_WCSLEN 1
#define HAVE_WINT_T 1
#define ICONV_CONST 
#define INTDIV0_RAISES_SIGFPE 0
#define PACKAGE "texinfo"
#define PACKAGE_BUGREPORT ""
#define PACKAGE_NAME "GNU Texinfo"
#define PACKAGE_STRING "GNU Texinfo 4.8"
#define PACKAGE_TARNAME "texinfo"
#define PACKAGE_VERSION "4.8"
#define RETSIGTYPE void
#define STDC_HEADERS 1
#define STDC_HEADERS 1
#define VERSION "4.8"
#define mkstemp rpl_mkstemp

configure: exit 0
